2024-10-31 17:51:54,554 - INFO - Trial 558 finished with value: 2.327684300286429 and parameters: {'hidden_layers': 3, 'hidden_units': 1024, 'dropout_rate': 0.7140961260712115, 'learning_rate': 0.0013148861212304375, 'weight_decay': 0.0002885920618592007, 'batch_size': 512, 'tree_depth': 12}. Best is trial 104 with value: 2.1955713714872087.
2024-10-31 17:52:49,712 - INFO - Parameters: {'hidden_layers': 1, 'hidden_units': 256, 'dropout_rate': 0.7763321306990351, 'learning_rate': 0.0012046431036897107, 'weight_decay': 0.000553922494480299, 'batch_size': 256, 'tree_depth': 11}
2024-10-31 17:52:49,712 - INFO - Trial 559: Train MSE=1.893171685082572, Train R²=0.6826427280902863
2024-10-31 17:52:49,713 - INFO - Trial 559: Test MSE=2.259702571800777, Test R²=0.6298526525497437
2024-10-31 17:52:49,713 - INFO - ============================================================================================================================================================================================================================================================================================================
2024-10-31 17:52:49,714 - INFO - Trial 559 finished with value: 2.259702571800777 and parameters: {'hidden_layers': 1, 'hidden_units': 256, 'dropout_rate': 0.7763321306990351, 'learning_rate': 0.0012046431036897107, 'weight_decay': 0.000553922494480299, 'batch_size': 256, 'tree_depth': 11}. Best is trial 104 with value: 2.1955713714872087.
2024-10-31 17:53:33,958 - INFO - Parameters: {'hidden_layers': 1, 'hidden_units': 256, 'dropout_rate': 0.7862914624732036, 'learning_rate': 0.0011125546411817557, 'weight_decay': 0.0003715825017527128, 'batch_size': 512, 'tree_depth': 10}
2024-10-31 17:53:33,959 - INFO - Trial 560: Train MSE=2.4488272156034196, Train R²=0.5929661478315081
2024-10-31 17:53:33,959 - INFO - Trial 560: Test MSE=2.2281907285962785, Test R²=0.6373365180832999
2024-10-31 17:53:33,959 - INFO - ============================================================================================================================================================================================================================================================================================================
2024-10-31 17:53:33,960 - INFO - Trial 560 finished with value: 2.2281907285962785 and parameters: {'hidden_layers': 1, 'hidden_units': 256, 'dropout_rate': 0.7862914624732036, 'learning_rate': 0.0011125546411817557, 'weight_decay': 0.0003715825017527128, 'batch_size': 512, 'tree_depth': 10}. Best is trial 104 with value: 2.1955713714872087.
2024-10-31 17:54:18,543 - INFO - Parameters: {'hidden_layers': 1, 'hidden_units': 256, 'dropout_rate': 0.791043484136284, 'learning_rate': 0.0009090092459757865, 'weight_decay': 0.0002657778202943565, 'batch_size': 512, 'tree_depth': 11}
2024-10-31 17:54:18,544 - INFO - Trial 561: Train MSE=2.4764838985034396, Train R²=0.5867776636566434
2024-10-31 17:54:18,544 - INFO - Trial 561: Test MSE=2.2468272106988088, Test R²=0.6343302300998143
2024-10-31 17:54:18,544 - INFO - ============================================================================================================================================================================================================================================================================================================
2024-10-31 17:54:18,545 - INFO - Trial 561 finished with value: 2.2468272106988088 and parameters: {'hidden_layers': 1, 'hidden_units': 256, 'dropout_rate': 0.791043484136284, 'learning_rate': 0.0009090092459757865, 'weight_decay': 0.0002657778202943565, 'batch_size': 512, 'tree_depth': 11}. Best is trial 104 with value: 2.1955713714872087.
2024-10-31 17:55:03,278 - INFO - Parameters: {'hidden_layers': 1, 'hidden_units': 256, 'dropout_rate': 0.7497793591305955, 'learning_rate': 0.0010803697185536552, 'weight_decay': 0.0002933763307548023, 'batch_size': 512, 'tree_depth': 12}
2024-10-31 17:55:03,278 - INFO - Trial 562: Train MSE=2.082957399742944, Train R²=0.6536548946584974
2024-10-31 17:55:03,279 - INFO - Trial 562: Test MSE=2.245193805013384, Test R²=0.6345370837620327
2024-10-31 17:55:03,279 - INFO - ============================================================================================================================================================================================================================================================================================================
2024-10-31 17:55:03,279 - INFO - Trial 562 finished with value: 2.245193805013384 and parameters: {'hidden_layers': 1, 'hidden_units': 256, 'dropout_rate': 0.7497793591305955, 'learning_rate': 0.0010803697185536552, 'weight_decay': 0.0002933763307548023, 'batch_size': 512, 'tree_depth': 12}. Best is trial 104 with value: 2.1955713714872087.
2024-10-31 17:55:48,498 - INFO - Parameters: {'hidden_layers': 1, 'hidden_units': 256, 'dropout_rate': 0.7709495174724899, 'learning_rate': 0.0009789650491064692, 'weight_decay': 0.0002780068044848251, 'batch_size': 512, 'tree_depth': 11}
2024-10-31 17:55:48,498 - INFO - Trial 563: Train MSE=2.2902036564690724, Train R²=0.6194932503359658
2024-10-31 17:55:48,498 - INFO - Trial 563: Test MSE=2.2486990690231323, Test R²=0.6340233683586121
2024-10-31 17:55:48,498 - INFO - ============================================================================================================================================================================================================================================================================================================
2024-10-31 17:55:48,499 - INFO - Trial 563 finished with value: 2.2486990690231323 and parameters: {'hidden_layers': 1, 'hidden_units': 256, 'dropout_rate': 0.7709495174724899, 'learning_rate': 0.0009789650491064692, 'weight_decay': 0.0002780068044848251, 'batch_size': 512, 'tree_depth': 11}. Best is trial 104 with value: 2.1955713714872087.
2024-10-31 17:56:33,652 - INFO - Parameters: {'hidden_layers': 1, 'hidden_units': 256, 'dropout_rate': 0.7832223053737228, 'learning_rate': 0.001351123225292103, 'weight_decay': 0.00020043603156801146, 'batch_size': 512, 'tree_depth': 12}
2024-10-31 17:56:33,652 - INFO - Trial 564: Train MSE=2.180861238922392, Train R²=0.6372267241988864
2024-10-31 17:56:33,652 - INFO - Trial 564: Test MSE=2.258773054395403, Test R²=0.6322607398033142
2024-10-31 17:56:33,652 - INFO - ============================================================================================================================================================================================================================================================================================================
2024-10-31 17:56:33,654 - INFO - Trial 564 finished with value: 2.258773054395403 and parameters: {'hidden_layers': 1, 'hidden_units': 256, 'dropout_rate': 0.7832223053737228, 'learning_rate': 0.001351123225292103, 'weight_decay': 0.00020043603156801146, 'batch_size': 512, 'tree_depth': 12}. Best is trial 104 with value: 2.1955713714872087.
2024-10-31 17:57:18,691 - INFO - Parameters: {'hidden_layers': 1, 'hidden_units': 256, 'dropout_rate': 0.34989457519741707, 'learning_rate': 0.001232203782314719, 'weight_decay': 0.00038935964318291956, 'batch_size': 512, 'tree_depth': 11}
2024-10-31 17:57:18,691 - INFO - Trial 565: Train MSE=0.5751552166683334, Train R²=0.9040470272302628
2024-10-31 17:57:18,691 - INFO - Trial 565: Test MSE=2.4650419780186246, Test R²=0.5987568242209298
2024-10-31 17:57:18,691 - INFO - ============================================================================================================================================================================================================================================================================================================
2024-10-31 17:57:18,693 - INFO - Trial 565 finished with value: 2.4650419780186246 and parameters: {'hidden_layers': 1, 'hidden_units': 256, 'dropout_rate': 0.34989457519741707, 'learning_rate': 0.001232203782314719, 'weight_decay': 0.00038935964318291956, 'batch_size': 512, 'tree_depth': 11}. Best is trial 104 with value: 2.1955713714872087.
2024-10-31 17:58:04,128 - INFO - Parameters: {'hidden_layers': 1, 'hidden_units': 256, 'dropout_rate': 0.7601182123395602, 'learning_rate': 0.0010092188934256185, 'weight_decay': 0.00024158997722997005, 'batch_size': 512, 'tree_depth': 11}
2024-10-31 17:58:04,128 - INFO - Trial 566: Train MSE=2.1933724795069014, Train R²=0.6350892271314349
2024-10-31 17:58:04,128 - INFO - Trial 566: Test MSE=2.257126501628331, Test R²=0.6325356875147138
2024-10-31 17:58:04,129 - INFO - ============================================================================================================================================================================================================================================================================================================
2024-10-31 17:58:04,130 - INFO - Trial 566 finished with value: 2.257126501628331 and parameters: {'hidden_layers': 1, 'hidden_units': 256, 'dropout_rate': 0.7601182123395602, 'learning_rate': 0.0010092188934256185, 'weight_decay': 0.00024158997722997005, 'batch_size': 512, 'tree_depth': 11}. Best is trial 104 with value: 2.1955713714872087.
2024-10-31 17:59:29,095 - INFO - Parameters: {'hidden_layers': 1, 'hidden_units': 512, 'dropout_rate': 0.799848891077011, 'learning_rate': 0.0008604413639511695, 'weight_decay': 0.0004317474161768082, 'batch_size': 128, 'tree_depth': 12}
2024-10-31 17:59:29,095 - INFO - Trial 567: Train MSE=1.8447202018329076, Train R²=0.6890009822590011
2024-10-31 17:59:29,095 - INFO - Trial 567: Test MSE=2.3082221065248762, Test R²=0.6184740790299007
2024-10-31 17:59:29,095 - INFO - ============================================================================================================================================================================================================================================================================================================
2024-10-31 17:59:29,097 - INFO - Trial 567 finished with value: 2.3082221065248762 and parameters: {'hidden_layers': 1, 'hidden_units': 512, 'dropout_rate': 0.799848891077011, 'learning_rate': 0.0008604413639511695, 'weight_decay': 0.0004317474161768082, 'batch_size': 128, 'tree_depth': 12}. Best is trial 104 with value: 2.1955713714872087.
2024-10-31 18:00:13,959 - INFO - Parameters: {'hidden_layers': 1, 'hidden_units': 256, 'dropout_rate': 0.7757283618936832, 'learning_rate': 0.0007778348907956799, 'weight_decay': 0.0002952084249529652, 'batch_size': 512, 'tree_depth': 11}
2024-10-31 18:00:13,959 - INFO - Trial 568: Train MSE=2.469280336584364, Train R²=0.5898349668298449
2024-10-31 18:00:13,959 - INFO - Trial 568: Test MSE=2.2585887568337575, Test R²=0.6323190842356
2024-10-31 18:00:13,959 - INFO - ============================================================================================================================================================================================================================================================================================================
2024-10-31 18:00:13,961 - INFO - Trial 568 finished with value: 2.2585887568337575 and parameters: {'hidden_layers': 1, 'hidden_units': 256, 'dropout_rate': 0.7757283618936832, 'learning_rate': 0.0007778348907956799, 'weight_decay': 0.0002952084249529652, 'batch_size': 512, 'tree_depth': 11}. Best is trial 104 with value: 2.1955713714872087.
2024-10-31 18:00:59,680 - INFO - Parameters: {'hidden_layers': 1, 'hidden_units': 256, 'dropout_rate': 0.7919110288385361, 'learning_rate': 0.0011486292721977868, 'weight_decay': 0.00021540562255106466, 'batch_size': 512, 'tree_depth': 11}
2024-10-31 18:00:59,680 - INFO - Trial 569: Train MSE=2.3985213892800465, Train R²=0.6008132100105286
2024-10-31 18:00:59,680 - INFO - Trial 569: Test MSE=2.2422894409724643, Test R²=0.6350770933287484
2024-10-31 18:00:59,680 - INFO - ============================================================================================================================================================================================================================================================================================================
2024-10-31 18:00:59,681 - INFO - Trial 569 finished with value: 2.2422894409724643 and parameters: {'hidden_layers': 1, 'hidden_units': 256, 'dropout_rate': 0.7919110288385361, 'learning_rate': 0.0011486292721977868, 'weight_decay': 0.00021540562255106466, 'batch_size': 512, 'tree_depth': 11}. Best is trial 104 with value: 2.1955713714872087.
2024-10-31 18:01:44,783 - INFO - Parameters: {'hidden_layers': 1, 'hidden_units': 256, 'dropout_rate': 0.7821538363131604, 'learning_rate': 0.0013386623260381247, 'weight_decay': 0.0003441573313154133, 'batch_size': 512, 'tree_depth': 11}
2024-10-31 18:01:44,783 - INFO - Trial 570: Train MSE=2.1644480526447296, Train R²=0.6393496223858425
2024-10-31 18:01:44,783 - INFO - Trial 570: Test MSE=2.243706464767456, Test R²=0.6348396709987095
2024-10-31 18:01:44,783 - INFO - ============================================================================================================================================================================================================================================================================================================
2024-10-31 18:01:44,785 - INFO - Trial 570 finished with value: 2.243706464767456 and parameters: {'hidden_layers': 1, 'hidden_units': 256, 'dropout_rate': 0.7821538363131604, 'learning_rate': 0.0013386623260381247, 'weight_decay': 0.0003441573313154133, 'batch_size': 512, 'tree_depth': 11}. Best is trial 104 with value: 2.1955713714872087.
2024-10-31 18:02:27,222 - INFO - Parameters: {'hidden_layers': 1, 'hidden_units': 128, 'dropout_rate': 0.79992055386632, 'learning_rate': 0.0010873682341590685, 'weight_decay': 0.00027907623490470805, 'batch_size': 512, 'tree_depth': 12}
2024-10-31 18:02:27,222 - INFO - Trial 571: Train MSE=3.092619299888611, Train R²=0.4858506768941879
2024-10-31 18:02:27,222 - INFO - Trial 571: Test MSE=2.231602770941598, Test R²=0.6368281841278076
2024-10-31 18:02:27,222 - INFO - ============================================================================================================================================================================================================================================================================================================
2024-10-31 18:02:27,223 - INFO - Trial 571 finished with value: 2.231602770941598 and parameters: {'hidden_layers': 1, 'hidden_units': 128, 'dropout_rate': 0.79992055386632, 'learning_rate': 0.0010873682341590685, 'weight_decay': 0.00027907623490470805, 'batch_size': 512, 'tree_depth': 12}. Best is trial 104 with value: 2.1955713714872087.
2024-10-31 18:03:11,147 - INFO - Parameters: {'hidden_layers': 1, 'hidden_units': 256, 'dropout_rate': 0.7702755968005848, 'learning_rate': 0.00092556691948543, 'weight_decay': 0.0003554167977006, 'batch_size': 512, 'tree_depth': 11}
2024-10-31 18:03:11,147 - INFO - Trial 572: Train MSE=2.315279041017805, Train R²=0.6138112800461906
2024-10-31 18:03:11,147 - INFO - Trial 572: Test MSE=2.237350736345564, Test R²=0.6359542012214661
2024-10-31 18:03:11,147 - INFO - ============================================================================================================================================================================================================================================================================================================
2024-10-31 18:03:11,149 - INFO - Trial 572 finished with value: 2.237350736345564 and parameters: {'hidden_layers': 1, 'hidden_units': 256, 'dropout_rate': 0.7702755968005848, 'learning_rate': 0.00092556691948543, 'weight_decay': 0.0003554167977006, 'batch_size': 512, 'tree_depth': 11}. Best is trial 104 with value: 2.1955713714872087.
2024-10-31 18:03:53,332 - INFO - Parameters: {'hidden_layers': 2, 'hidden_units': 256, 'dropout_rate': 0.785116546310854, 'learning_rate': 0.0012652477818858405, 'weight_decay': 0.0003063554436440973, 'batch_size': 512, 'tree_depth': 12}
2024-10-31 18:03:53,332 - INFO - Trial 573: Train MSE=2.4953273875372752, Train R²=0.5847972546304975
2024-10-31 18:03:53,332 - INFO - Trial 573: Test MSE=2.255292126110622, Test R²=0.6329559598650251
2024-10-31 18:03:53,332 - INFO - ============================================================================================================================================================================================================================================================================================================
2024-10-31 18:03:53,334 - INFO - Trial 573 finished with value: 2.255292126110622 and parameters: {'hidden_layers': 2, 'hidden_units': 256, 'dropout_rate': 0.785116546310854, 'learning_rate': 0.0012652477818858405, 'weight_decay': 0.0003063554436440973, 'batch_size': 512, 'tree_depth': 12}. Best is trial 104 with value: 2.1955713714872087.
2024-10-31 18:04:31,266 - INFO - Parameters: {'hidden_layers': 1, 'hidden_units': 256, 'dropout_rate': 0.7919526535453282, 'learning_rate': 0.001456361825658632, 'weight_decay': 0.0002501011410545004, 'batch_size': 512, 'tree_depth': 11}
2024-10-31 18:04:31,266 - INFO - Trial 574: Train MSE=2.2291019601481303, Train R²=0.6281308063438961
2024-10-31 18:04:31,266 - INFO - Trial 574: Test MSE=2.222062792096819, Test R²=0.6382853388786316
2024-10-31 18:04:31,266 - INFO - ============================================================================================================================================================================================================================================================================================================
2024-10-31 18:04:31,267 - INFO - Trial 574 finished with value: 2.222062792096819 and parameters: {'hidden_layers': 1, 'hidden_units': 256, 'dropout_rate': 0.7919526535453282, 'learning_rate': 0.001456361825658632, 'weight_decay': 0.0002501011410545004, 'batch_size': 512, 'tree_depth': 11}. Best is trial 104 with value: 2.1955713714872087.
2024-10-31 18:05:16,565 - INFO - Parameters: {'hidden_layers': 1, 'hidden_units': 256, 'dropout_rate': 0.7657926244090766, 'learning_rate': 0.0010089106065019108, 'weight_decay': 0.0002954966403347148, 'batch_size': 512, 'tree_depth': 11}
2024-10-31 18:05:16,565 - INFO - Trial 575: Train MSE=2.1754196030753, Train R²=0.6375386204038348
2024-10-31 18:05:16,565 - INFO - Trial 575: Test MSE=2.253797343799046, Test R²=0.6330704689025879
2024-10-31 18:05:16,565 - INFO - ============================================================================================================================================================================================================================================================================================================
2024-10-31 18:05:16,566 - INFO - Trial 575 finished with value: 2.253797343799046 and parameters: {'hidden_layers': 1, 'hidden_units': 256, 'dropout_rate': 0.7657926244090766, 'learning_rate': 0.0010089106065019108, 'weight_decay': 0.0002954966403347148, 'batch_size': 512, 'tree_depth': 11}. Best is trial 104 with value: 2.1955713714872087.
2024-10-31 18:06:02,087 - INFO - Parameters: {'hidden_layers': 1, 'hidden_units': 256, 'dropout_rate': 0.7776405481155911, 'learning_rate': 0.0008634292558611786, 'weight_decay': 0.0002602169969927889, 'batch_size': 512, 'tree_depth': 12}
2024-10-31 18:06:02,088 - INFO - Trial 576: Train MSE=2.4257541511740004, Train R²=0.595981736268316
2024-10-31 18:06:02,088 - INFO - Trial 576: Test MSE=2.239049162183489, Test R²=0.6354785731860569
2024-10-31 18:06:02,088 - INFO - ============================================================================================================================================================================================================================================================================================================
2024-10-31 18:06:02,089 - INFO - Trial 576 finished with value: 2.239049162183489 and parameters: {'hidden_layers': 1, 'hidden_units': 256, 'dropout_rate': 0.7776405481155911, 'learning_rate': 0.0008634292558611786, 'weight_decay': 0.0002602169969927889, 'batch_size': 512, 'tree_depth': 12}. Best is trial 104 with value: 2.1955713714872087.
2024-10-31 18:06:46,837 - INFO - Parameters: {'hidden_layers': 1, 'hidden_units': 256, 'dropout_rate': 0.7911560161534773, 'learning_rate': 0.0011971011468474187, 'weight_decay': 0.0003279513677298441, 'batch_size': 512, 'tree_depth': 11}
2024-10-31 18:06:46,837 - INFO - Trial 577: Train MSE=2.3489386779921397, Train R²=0.6083455766950335
2024-10-31 18:06:46,837 - INFO - Trial 577: Test MSE=2.241988045828683, Test R²=0.6351822699819293
2024-10-31 18:06:46,837 - INFO - ============================================================================================================================================================================================================================================================================================================
