2024-10-31 17:23:19,645 - INFO - Trial 520 finished with value: 2.249064121927534 and parameters: {'hidden_layers': 1, 'hidden_units': 256, 'dropout_rate': 0.7836293444685742, 'learning_rate': 0.001865190449027864, 'weight_decay': 0.00021340156032958264, 'batch_size': 512, 'tree_depth': 11}. Best is trial 104 with value: 2.1955713714872087.
2024-10-31 17:24:01,460 - INFO - Parameters: {'hidden_layers': 1, 'hidden_units': 256, 'dropout_rate': 0.7890390338732158, 'learning_rate': 0.001276804886283001, 'weight_decay': 0.0002996247107775063, 'batch_size': 512, 'tree_depth': 11}
2024-10-31 17:24:01,460 - INFO - Trial 521: Train MSE=2.2635612274919237, Train R²=0.623814025095531
2024-10-31 17:24:01,460 - INFO - Trial 521: Test MSE=2.235499007361276, Test R²=0.6361672026770455
2024-10-31 17:24:01,460 - INFO - ============================================================================================================================================================================================================================================================================================================
2024-10-31 17:24:01,461 - INFO - Trial 521 finished with value: 2.235499007361276 and parameters: {'hidden_layers': 1, 'hidden_units': 256, 'dropout_rate': 0.7890390338732158, 'learning_rate': 0.001276804886283001, 'weight_decay': 0.0002996247107775063, 'batch_size': 512, 'tree_depth': 11}. Best is trial 104 with value: 2.1955713714872087.
2024-10-31 17:24:49,882 - INFO - Parameters: {'hidden_layers': 2, 'hidden_units': 256, 'dropout_rate': 0.7749219042668068, 'learning_rate': 0.0014793979410244779, 'weight_decay': 0.00037920231011119815, 'batch_size': 512, 'tree_depth': 12}
2024-10-31 17:24:49,882 - INFO - Trial 522: Train MSE=2.3047464660235812, Train R²=0.6162478072302682
2024-10-31 17:24:49,882 - INFO - Trial 522: Test MSE=2.24590493951525, Test R²=0.6343514493533543
2024-10-31 17:24:49,882 - INFO - ============================================================================================================================================================================================================================================================================================================
2024-10-31 17:24:49,884 - INFO - Trial 522 finished with value: 2.24590493951525 and parameters: {'hidden_layers': 2, 'hidden_units': 256, 'dropout_rate': 0.7749219042668068, 'learning_rate': 0.0014793979410244779, 'weight_decay': 0.00037920231011119815, 'batch_size': 512, 'tree_depth': 12}. Best is trial 104 with value: 2.1955713714872087.
2024-10-31 17:25:34,763 - INFO - Parameters: {'hidden_layers': 1, 'hidden_units': 256, 'dropout_rate': 0.7915362477723367, 'learning_rate': 0.0007527381150611882, 'weight_decay': 0.000319786443755868, 'batch_size': 512, 'tree_depth': 12}
2024-10-31 17:25:34,763 - INFO - Trial 523: Train MSE=2.666458555630275, Train R²=0.5568753927946091
2024-10-31 17:25:34,763 - INFO - Trial 523: Test MSE=2.2261692115238736, Test R²=0.6376051817621503
2024-10-31 17:25:34,763 - INFO - ============================================================================================================================================================================================================================================================================================================
2024-10-31 17:25:34,764 - INFO - Trial 523 finished with value: 2.2261692115238736 and parameters: {'hidden_layers': 1, 'hidden_units': 256, 'dropout_rate': 0.7915362477723367, 'learning_rate': 0.0007527381150611882, 'weight_decay': 0.000319786443755868, 'batch_size': 512, 'tree_depth': 12}. Best is trial 104 with value: 2.1955713714872087.
2024-10-31 17:26:19,706 - INFO - Parameters: {'hidden_layers': 1, 'hidden_units': 256, 'dropout_rate': 0.764055565839438, 'learning_rate': 0.001151080778441469, 'weight_decay': 0.00034600686359963873, 'batch_size': 512, 'tree_depth': 11}
2024-10-31 17:26:19,706 - INFO - Trial 524: Train MSE=2.144165060349873, Train R²=0.6422983131238392
2024-10-31 17:26:19,706 - INFO - Trial 524: Test MSE=2.2614941596984863, Test R²=0.6317156382969448
2024-10-31 17:26:19,706 - INFO - ============================================================================================================================================================================================================================================================================================================
2024-10-31 17:26:19,707 - INFO - Trial 524 finished with value: 2.2614941596984863 and parameters: {'hidden_layers': 1, 'hidden_units': 256, 'dropout_rate': 0.764055565839438, 'learning_rate': 0.001151080778441469, 'weight_decay': 0.00034600686359963873, 'batch_size': 512, 'tree_depth': 11}. Best is trial 104 with value: 2.1955713714872087.
2024-10-31 17:27:04,838 - INFO - Parameters: {'hidden_layers': 1, 'hidden_units': 256, 'dropout_rate': 0.784348622359443, 'learning_rate': 0.0009369529509638711, 'weight_decay': 0.0002839232229112775, 'batch_size': 512, 'tree_depth': 11}
2024-10-31 17:27:04,838 - INFO - Trial 525: Train MSE=2.407285681792668, Train R²=0.5984374902078083
2024-10-31 17:27:04,838 - INFO - Trial 525: Test MSE=2.2297555037907193, Test R²=0.6370452301842826
2024-10-31 17:27:04,838 - INFO - ============================================================================================================================================================================================================================================================================================================
2024-10-31 17:27:04,839 - INFO - Trial 525 finished with value: 2.2297555037907193 and parameters: {'hidden_layers': 1, 'hidden_units': 256, 'dropout_rate': 0.784348622359443, 'learning_rate': 0.0009369529509638711, 'weight_decay': 0.0002839232229112775, 'batch_size': 512, 'tree_depth': 11}. Best is trial 104 with value: 2.1955713714872087.
2024-10-31 17:27:50,185 - INFO - Parameters: {'hidden_layers': 1, 'hidden_units': 256, 'dropout_rate': 0.7761149210175226, 'learning_rate': 0.0016515398303767305, 'weight_decay': 0.0005669068959025961, 'batch_size': 512, 'tree_depth': 11}
2024-10-31 17:27:50,185 - INFO - Trial 526: Train MSE=2.0575558713504245, Train R²=0.6565756031445095
2024-10-31 17:27:50,185 - INFO - Trial 526: Test MSE=2.28460122857775, Test R²=0.6281133379255023
2024-10-31 17:27:50,185 - INFO - ============================================================================================================================================================================================================================================================================================================
2024-10-31 17:27:50,187 - INFO - Trial 526 finished with value: 2.28460122857775 and parameters: {'hidden_layers': 1, 'hidden_units': 256, 'dropout_rate': 0.7761149210175226, 'learning_rate': 0.0016515398303767305, 'weight_decay': 0.0005669068959025961, 'batch_size': 512, 'tree_depth': 11}. Best is trial 104 with value: 2.1955713714872087.
2024-10-31 17:28:34,993 - INFO - Parameters: {'hidden_layers': 1, 'hidden_units': 256, 'dropout_rate': 0.7932505225904573, 'learning_rate': 0.0010664486623433865, 'weight_decay': 0.0003077884167804457, 'batch_size': 512, 'tree_depth': 12}
2024-10-31 17:28:34,993 - INFO - Trial 527: Train MSE=2.4588653360094344, Train R²=0.5899088361433574
2024-10-31 17:28:34,993 - INFO - Trial 527: Test MSE=2.24639207976205, Test R²=0.6344947985240391
2024-10-31 17:28:34,993 - INFO - ============================================================================================================================================================================================================================================================================================================
2024-10-31 17:28:34,993 - INFO - Trial 527 finished with value: 2.24639207976205 and parameters: {'hidden_layers': 1, 'hidden_units': 256, 'dropout_rate': 0.7932505225904573, 'learning_rate': 0.0010664486623433865, 'weight_decay': 0.0003077884167804457, 'batch_size': 512, 'tree_depth': 12}. Best is trial 104 with value: 2.1955713714872087.
2024-10-31 17:29:18,426 - INFO - Parameters: {'hidden_layers': 1, 'hidden_units': 256, 'dropout_rate': 0.7824002855420866, 'learning_rate': 0.001351988203799544, 'weight_decay': 0.0006158620245448757, 'batch_size': 512, 'tree_depth': 10}
2024-10-31 17:29:18,426 - INFO - Trial 528: Train MSE=2.253336591379983, Train R²=0.6248341969081334
2024-10-31 17:29:18,427 - INFO - Trial 528: Test MSE=2.2335470744541714, Test R²=0.6364419630595616
2024-10-31 17:29:18,427 - INFO - ============================================================================================================================================================================================================================================================================================================
2024-10-31 17:29:18,428 - INFO - Trial 528 finished with value: 2.2335470744541714 and parameters: {'hidden_layers': 1, 'hidden_units': 256, 'dropout_rate': 0.7824002855420866, 'learning_rate': 0.001351988203799544, 'weight_decay': 0.0006158620245448757, 'batch_size': 512, 'tree_depth': 10}. Best is trial 104 with value: 2.1955713714872087.
2024-10-31 17:30:03,894 - INFO - Parameters: {'hidden_layers': 1, 'hidden_units': 256, 'dropout_rate': 0.7704480989717998, 'learning_rate': 0.0012171335883167421, 'weight_decay': 0.0003284417694587574, 'batch_size': 512, 'tree_depth': 11}
2024-10-31 17:30:03,894 - INFO - Trial 529: Train MSE=2.141449532338551, Train R²=0.6426062903233937
2024-10-31 17:30:03,894 - INFO - Trial 529: Test MSE=2.249871628625052, Test R²=0.6337176050458636
2024-10-31 17:30:03,895 - INFO - ============================================================================================================================================================================================================================================================================================================
2024-10-31 17:30:03,896 - INFO - Trial 529 finished with value: 2.249871628625052 and parameters: {'hidden_layers': 1, 'hidden_units': 256, 'dropout_rate': 0.7704480989717998, 'learning_rate': 0.0012171335883167421, 'weight_decay': 0.0003284417694587574, 'batch_size': 512, 'tree_depth': 11}. Best is trial 104 with value: 2.1955713714872087.
2024-10-31 17:30:42,958 - INFO - Parameters: {'hidden_layers': 1, 'hidden_units': 256, 'dropout_rate': 0.6769235943329726, 'learning_rate': 0.001012862811240171, 'weight_decay': 0.0003555967163973747, 'batch_size': 1024, 'tree_depth': 11}
2024-10-31 17:30:42,958 - INFO - Trial 530: Train MSE=2.0740604400634766, Train R²=0.6551648037774223
2024-10-31 17:30:42,958 - INFO - Trial 530: Test MSE=2.2825525999069214, Test R²=0.6255958378314972
2024-10-31 17:30:42,958 - INFO - ============================================================================================================================================================================================================================================================================================================
2024-10-31 17:30:42,959 - INFO - Trial 530 finished with value: 2.2825525999069214 and parameters: {'hidden_layers': 1, 'hidden_units': 256, 'dropout_rate': 0.6769235943329726, 'learning_rate': 0.001012862811240171, 'weight_decay': 0.0003555967163973747, 'batch_size': 1024, 'tree_depth': 11}. Best is trial 104 with value: 2.1955713714872087.
2024-10-31 17:31:28,084 - INFO - Parameters: {'hidden_layers': 1, 'hidden_units': 256, 'dropout_rate': 0.7997746822082525, 'learning_rate': 0.0021048971365832322, 'weight_decay': 0.00029281210737583613, 'batch_size': 512, 'tree_depth': 12}
2024-10-31 17:31:28,084 - INFO - Trial 531: Train MSE=2.1694994483675276, Train R²=0.6387553257601601
2024-10-31 17:31:28,084 - INFO - Trial 531: Test MSE=2.2405814102717807, Test R²=0.6352625659533909
2024-10-31 17:31:28,084 - INFO - ============================================================================================================================================================================================================================================================================================================
2024-10-31 17:31:28,085 - INFO - Trial 531 finished with value: 2.2405814102717807 and parameters: {'hidden_layers': 1, 'hidden_units': 256, 'dropout_rate': 0.7997746822082525, 'learning_rate': 0.0021048971365832322, 'weight_decay': 0.00029281210737583613, 'batch_size': 512, 'tree_depth': 12}. Best is trial 104 with value: 2.1955713714872087.
2024-10-31 17:32:13,672 - INFO - Parameters: {'hidden_layers': 1, 'hidden_units': 1024, 'dropout_rate': 0.7491489004280071, 'learning_rate': 0.0008067924506471189, 'weight_decay': 0.00031417832397060775, 'batch_size': 512, 'tree_depth': 11}
2024-10-31 17:32:13,672 - INFO - Trial 532: Train MSE=1.871648643698011, Train R²=0.6888493661369596
2024-10-31 17:32:13,672 - INFO - Trial 532: Test MSE=2.280043227331979, Test R²=0.6288968324661255
2024-10-31 17:32:13,672 - INFO - ============================================================================================================================================================================================================================================================================================================
2024-10-31 17:32:13,672 - INFO - Trial 532 finished with value: 2.280043227331979 and parameters: {'hidden_layers': 1, 'hidden_units': 1024, 'dropout_rate': 0.7491489004280071, 'learning_rate': 0.0008067924506471189, 'weight_decay': 0.00031417832397060775, 'batch_size': 512, 'tree_depth': 11}. Best is trial 104 with value: 2.1955713714872087.
2024-10-31 17:32:57,362 - INFO - Parameters: {'hidden_layers': 1, 'hidden_units': 256, 'dropout_rate': 0.7857798295732817, 'learning_rate': 0.0014740204577805254, 'weight_decay': 0.00026958114065704815, 'batch_size': 512, 'tree_depth': 12}
2024-10-31 17:32:57,362 - INFO - Trial 533: Train MSE=2.195416569709778, Train R²=0.6341243130820138
2024-10-31 17:32:57,362 - INFO - Trial 533: Test MSE=2.2363381385803223, Test R²=0.6360862851142883
2024-10-31 17:32:57,362 - INFO - ============================================================================================================================================================================================================================================================================================================
2024-10-31 17:32:57,364 - INFO - Trial 533 finished with value: 2.2363381385803223 and parameters: {'hidden_layers': 1, 'hidden_units': 256, 'dropout_rate': 0.7857798295732817, 'learning_rate': 0.0014740204577805254, 'weight_decay': 0.00026958114065704815, 'batch_size': 512, 'tree_depth': 12}. Best is trial 104 with value: 2.1955713714872087.
2024-10-31 17:33:58,956 - INFO - Parameters: {'hidden_layers': 1, 'hidden_units': 256, 'dropout_rate': 0.7913876119023631, 'learning_rate': 0.0009280116483761145, 'weight_decay': 0.0003314853449374378, 'batch_size': 256, 'tree_depth': 11}
2024-10-31 17:33:58,957 - INFO - Trial 534: Train MSE=2.096243856208665, Train R²=0.6485081591776439
2024-10-31 17:33:58,957 - INFO - Trial 534: Test MSE=2.2354972192219327, Test R²=0.6340056317193168
2024-10-31 17:33:58,957 - INFO - ============================================================================================================================================================================================================================================================================================================
2024-10-31 17:33:58,958 - INFO - Trial 534 finished with value: 2.2354972192219327 and parameters: {'hidden_layers': 1, 'hidden_units': 256, 'dropout_rate': 0.7913876119023631, 'learning_rate': 0.0009280116483761145, 'weight_decay': 0.0003314853449374378, 'batch_size': 256, 'tree_depth': 11}. Best is trial 104 with value: 2.1955713714872087.
2024-10-31 17:34:44,024 - INFO - Parameters: {'hidden_layers': 1, 'hidden_units': 256, 'dropout_rate': 0.7580218632608681, 'learning_rate': 0.0018706650866115865, 'weight_decay': 0.00023033829929930828, 'batch_size': 512, 'tree_depth': 11}
2024-10-31 17:34:44,024 - INFO - Trial 535: Train MSE=1.8897088425500053, Train R²=0.6853725484439305
2024-10-31 17:34:44,024 - INFO - Trial 535: Test MSE=2.2328592027936662, Test R²=0.6365283216748919
2024-10-31 17:34:44,024 - INFO - ============================================================================================================================================================================================================================================================================================================
2024-10-31 17:34:44,025 - INFO - Trial 535 finished with value: 2.2328592027936662 and parameters: {'hidden_layers': 1, 'hidden_units': 256, 'dropout_rate': 0.7580218632608681, 'learning_rate': 0.0018706650866115865, 'weight_decay': 0.00023033829929930828, 'batch_size': 512, 'tree_depth': 11}. Best is trial 104 with value: 2.1955713714872087.
2024-10-31 17:35:29,154 - INFO - Parameters: {'hidden_layers': 1, 'hidden_units': 256, 'dropout_rate': 0.775280079610694, 'learning_rate': 0.0011225174758656723, 'weight_decay': 0.0002541261490882528, 'batch_size': 512, 'tree_depth': 12}
2024-10-31 17:35:29,155 - INFO - Trial 536: Train MSE=2.2622871143477306, Train R²=0.6229303670780999
2024-10-31 17:35:29,155 - INFO - Trial 536: Test MSE=2.2114382471357072, Test R²=0.6399830750056675
2024-10-31 17:35:29,155 - INFO - ============================================================================================================================================================================================================================================================================================================
2024-10-31 17:35:29,156 - INFO - Trial 536 finished with value: 2.2114382471357072 and parameters: {'hidden_layers': 1, 'hidden_units': 256, 'dropout_rate': 0.775280079610694, 'learning_rate': 0.0011225174758656723, 'weight_decay': 0.0002541261490882528, 'batch_size': 512, 'tree_depth': 12}. Best is trial 104 with value: 2.1955713714872087.
2024-10-31 17:36:14,288 - INFO - Parameters: {'hidden_layers': 1, 'hidden_units': 256, 'dropout_rate': 0.7685599041643965, 'learning_rate': 0.001054564665984185, 'weight_decay': 0.00024524377279096183, 'batch_size': 512, 'tree_depth': 11}
2024-10-31 17:36:14,288 - INFO - Trial 537: Train MSE=2.2202343940734863, Train R²=0.630160527569907
2024-10-31 17:36:14,288 - INFO - Trial 537: Test MSE=2.232121229171753, Test R²=0.6366673367364066
2024-10-31 17:36:14,288 - INFO - ============================================================================================================================================================================================================================================================================================================
2024-10-31 17:36:14,289 - INFO - Trial 537 finished with value: 2.232121229171753 and parameters: {'hidden_layers': 1, 'hidden_units': 256, 'dropout_rate': 0.7685599041643965, 'learning_rate': 0.001054564665984185, 'weight_decay': 0.00024524377279096183, 'batch_size': 512, 'tree_depth': 11}. Best is trial 104 with value: 2.1955713714872087.
2024-10-31 17:36:59,447 - INFO - Parameters: {'hidden_layers': 1, 'hidden_units': 256, 'dropout_rate': 0.7810168408115573, 'learning_rate': 0.0011866330772402113, 'weight_decay': 0.00024933559355812447, 'batch_size': 512, 'tree_depth': 12}
2024-10-31 17:36:59,448 - INFO - Trial 538: Train MSE=2.225332587957382, Train R²=0.6297640736613955
2024-10-31 17:36:59,448 - INFO - Trial 538: Test MSE=2.2311453308377946, Test R²=0.6367869036538261
2024-10-31 17:36:59,448 - INFO - ============================================================================================================================================================================================================================================================================================================
2024-10-31 17:36:59,449 - INFO - Trial 538 finished with value: 2.2311453308377946 and parameters: {'hidden_layers': 1, 'hidden_units': 256, 'dropout_rate': 0.7810168408115573, 'learning_rate': 0.0011866330772402113, 'weight_decay': 0.00024933559355812447, 'batch_size': 512, 'tree_depth': 12}. Best is trial 104 with value: 2.1955713714872087.
2024-10-31 17:37:38,947 - INFO - Parameters: {'hidden_layers': 1, 'hidden_units': 256, 'dropout_rate': 0.7908367828660794, 'learning_rate': 0.003390730837973425, 'weight_decay': 0.0002583324260514996, 'batch_size': 512, 'tree_depth': 7}
2024-10-31 17:37:38,947 - INFO - Trial 539: Train MSE=2.6312266332762584, Train R²=0.5620752743312291
2024-10-31 17:37:38,947 - INFO - Trial 539: Test MSE=2.3547534261431013, Test R²=0.6167506064687457
2024-10-31 17:37:38,947 - INFO - ============================================================================================================================================================================================================================================================================================================
