2024-10-31 20:30:13,363 - INFO - Trial 805 finished with value: 2.24133962392807 and parameters: {'hidden_layers': 1, 'hidden_units': 256, 'dropout_rate': 0.7606479559956297, 'learning_rate': 0.0016206380561387995, 'weight_decay': 0.0008963411185306167, 'batch_size': 1024, 'tree_depth': 11}. Best is trial 601 with value: 2.1809195450374057.
2024-10-31 20:30:48,062 - INFO - Parameters: {'hidden_layers': 1, 'hidden_units': 1024, 'dropout_rate': 0.7906334650184597, 'learning_rate': 0.0013233935913740586, 'weight_decay': 0.0009262062912819987, 'batch_size': 512, 'tree_depth': 11}
2024-10-31 20:30:48,062 - INFO - Trial 806: Train MSE=1.7653228342533112, Train R²=0.7062168398073742
2024-10-31 20:30:48,062 - INFO - Trial 806: Test MSE=2.29670136315482, Test R²=0.6263493044035775
2024-10-31 20:30:48,063 - INFO - ============================================================================================================================================================================================================================================================================================================
2024-10-31 20:30:48,063 - INFO - Trial 806 finished with value: 2.29670136315482 and parameters: {'hidden_layers': 1, 'hidden_units': 1024, 'dropout_rate': 0.7906334650184597, 'learning_rate': 0.0013233935913740586, 'weight_decay': 0.0009262062912819987, 'batch_size': 512, 'tree_depth': 11}. Best is trial 601 with value: 2.1809195450374057.
2024-10-31 20:31:18,787 - INFO - Parameters: {'hidden_layers': 1, 'hidden_units': 256, 'dropout_rate': 0.799615645400659, 'learning_rate': 0.0014242347847814563, 'weight_decay': 0.0009887418566793674, 'batch_size': 512, 'tree_depth': 11}
2024-10-31 20:31:18,787 - INFO - Trial 807: Train MSE=2.366895088127681, Train R²=0.6070281841925212
2024-10-31 20:31:18,787 - INFO - Trial 807: Test MSE=2.223362752369472, Test R²=0.6382583720343453
2024-10-31 20:31:18,787 - INFO - ============================================================================================================================================================================================================================================================================================================
2024-10-31 20:31:18,789 - INFO - Trial 807 finished with value: 2.223362752369472 and parameters: {'hidden_layers': 1, 'hidden_units': 256, 'dropout_rate': 0.799615645400659, 'learning_rate': 0.0014242347847814563, 'weight_decay': 0.0009887418566793674, 'batch_size': 512, 'tree_depth': 11}. Best is trial 601 with value: 2.1809195450374057.
2024-10-31 20:32:20,919 - INFO - Parameters: {'hidden_layers': 1, 'hidden_units': 256, 'dropout_rate': 0.7746383425804545, 'learning_rate': 0.001004602888432517, 'weight_decay': 0.0009528115685187048, 'batch_size': 256, 'tree_depth': 11}
2024-10-31 20:32:20,920 - INFO - Trial 808: Train MSE=1.988619280712945, Train R²=0.6675807897533689
2024-10-31 20:32:20,920 - INFO - Trial 808: Test MSE=2.2479604993547713, Test R²=0.6321262972695487
2024-10-31 20:32:20,920 - INFO - ============================================================================================================================================================================================================================================================================================================
2024-10-31 20:32:20,921 - INFO - Trial 808 finished with value: 2.2479604993547713 and parameters: {'hidden_layers': 1, 'hidden_units': 256, 'dropout_rate': 0.7746383425804545, 'learning_rate': 0.001004602888432517, 'weight_decay': 0.0009528115685187048, 'batch_size': 256, 'tree_depth': 11}. Best is trial 601 with value: 2.1809195450374057.
2024-10-31 20:33:04,334 - INFO - Parameters: {'hidden_layers': 1, 'hidden_units': 256, 'dropout_rate': 0.781623912989449, 'learning_rate': 0.0011213620182797639, 'weight_decay': 0.000762748788675932, 'batch_size': 512, 'tree_depth': 11}
2024-10-31 20:33:04,334 - INFO - Trial 809: Train MSE=2.303186970097678, Train R²=0.6172672935894558
2024-10-31 20:33:04,334 - INFO - Trial 809: Test MSE=2.2695511068616594, Test R²=0.6305573838097709
2024-10-31 20:33:04,334 - INFO - ============================================================================================================================================================================================================================================================================================================
2024-10-31 20:33:04,335 - INFO - Trial 809 finished with value: 2.2695511068616594 and parameters: {'hidden_layers': 1, 'hidden_units': 256, 'dropout_rate': 0.781623912989449, 'learning_rate': 0.0011213620182797639, 'weight_decay': 0.000762748788675932, 'batch_size': 512, 'tree_depth': 11}. Best is trial 601 with value: 2.1809195450374057.
2024-10-31 20:33:47,555 - INFO - Parameters: {'hidden_layers': 1, 'hidden_units': 256, 'dropout_rate': 0.7999167224175815, 'learning_rate': 0.0012309928532362965, 'weight_decay': 0.0009031011125542216, 'batch_size': 512, 'tree_depth': 11}
2024-10-31 20:33:47,555 - INFO - Trial 810: Train MSE=2.3878156627927507, Train R²=0.6019211624349866
2024-10-31 20:33:47,555 - INFO - Trial 810: Test MSE=2.2316338334764754, Test R²=0.636766791343689
2024-10-31 20:33:47,555 - INFO - ============================================================================================================================================================================================================================================================================================================
2024-10-31 20:33:47,557 - INFO - Trial 810 finished with value: 2.2316338334764754 and parameters: {'hidden_layers': 1, 'hidden_units': 256, 'dropout_rate': 0.7999167224175815, 'learning_rate': 0.0012309928532362965, 'weight_decay': 0.0009031011125542216, 'batch_size': 512, 'tree_depth': 11}. Best is trial 601 with value: 2.1809195450374057.
2024-10-31 20:34:22,980 - INFO - Parameters: {'hidden_layers': 2, 'hidden_units': 256, 'dropout_rate': 0.7684496309919092, 'learning_rate': 0.001510503888276031, 'weight_decay': 0.0009971507915247048, 'batch_size': 512, 'tree_depth': 11}
2024-10-31 20:34:22,980 - INFO - Trial 811: Train MSE=2.244704621178763, Train R²=0.6266802889960152
2024-10-31 20:34:22,980 - INFO - Trial 811: Test MSE=2.278127295630319, Test R²=0.628997232232775
2024-10-31 20:34:22,980 - INFO - ============================================================================================================================================================================================================================================================================================================
2024-10-31 20:34:22,982 - INFO - Trial 811 finished with value: 2.278127295630319 and parameters: {'hidden_layers': 2, 'hidden_units': 256, 'dropout_rate': 0.7684496309919092, 'learning_rate': 0.001510503888276031, 'weight_decay': 0.0009971507915247048, 'batch_size': 512, 'tree_depth': 11}. Best is trial 601 with value: 2.1809195450374057.
2024-10-31 20:34:56,973 - INFO - Parameters: {'hidden_layers': 1, 'hidden_units': 256, 'dropout_rate': 0.7877928213519847, 'learning_rate': 0.001127382261752844, 'weight_decay': 0.0006449625450594739, 'batch_size': 512, 'tree_depth': 11}
2024-10-31 20:34:56,974 - INFO - Trial 812: Train MSE=2.3073267936706543, Train R²=0.6161764072520393
2024-10-31 20:34:56,974 - INFO - Trial 812: Test MSE=2.227531671524048, Test R²=0.6375445468085152
2024-10-31 20:34:56,974 - INFO - ============================================================================================================================================================================================================================================================================================================
2024-10-31 20:34:56,975 - INFO - Trial 812 finished with value: 2.227531671524048 and parameters: {'hidden_layers': 1, 'hidden_units': 256, 'dropout_rate': 0.7877928213519847, 'learning_rate': 0.001127382261752844, 'weight_decay': 0.0006449625450594739, 'batch_size': 512, 'tree_depth': 11}. Best is trial 601 with value: 2.1809195450374057.
2024-10-31 20:35:41,114 - INFO - Parameters: {'hidden_layers': 1, 'hidden_units': 256, 'dropout_rate': 0.7998208096350995, 'learning_rate': 0.0018312809277980316, 'weight_decay': 0.0008631091581550964, 'batch_size': 512, 'tree_depth': 10}
2024-10-31 20:35:41,114 - INFO - Trial 813: Train MSE=2.3069926542895183, Train R²=0.6165469948734555
2024-10-31 20:35:41,114 - INFO - Trial 813: Test MSE=2.2420318126678467, Test R²=0.6350115367344448
2024-10-31 20:35:41,114 - INFO - ============================================================================================================================================================================================================================================================================================================
2024-10-31 20:35:41,115 - INFO - Trial 813 finished with value: 2.2420318126678467 and parameters: {'hidden_layers': 1, 'hidden_units': 256, 'dropout_rate': 0.7998208096350995, 'learning_rate': 0.0018312809277980316, 'weight_decay': 0.0008631091581550964, 'batch_size': 512, 'tree_depth': 10}. Best is trial 601 with value: 2.1809195450374057.
2024-10-31 20:36:24,650 - INFO - Parameters: {'hidden_layers': 1, 'hidden_units': 256, 'dropout_rate': 0.7453853949119513, 'learning_rate': 0.0013248783573115914, 'weight_decay': 0.0008486287605998806, 'batch_size': 512, 'tree_depth': 11}
2024-10-31 20:36:24,650 - INFO - Trial 814: Train MSE=1.9004461467266083, Train R²=0.6834536726985659
2024-10-31 20:36:24,650 - INFO - Trial 814: Test MSE=2.2550338166100636, Test R²=0.633067752633776
2024-10-31 20:36:24,650 - INFO - ============================================================================================================================================================================================================================================================================================================
2024-10-31 20:36:24,651 - INFO - Trial 814 finished with value: 2.2550338166100636 and parameters: {'hidden_layers': 1, 'hidden_units': 256, 'dropout_rate': 0.7453853949119513, 'learning_rate': 0.0013248783573115914, 'weight_decay': 0.0008486287605998806, 'batch_size': 512, 'tree_depth': 11}. Best is trial 601 with value: 2.1809195450374057.
2024-10-31 20:37:36,288 - INFO - Parameters: {'hidden_layers': 1, 'hidden_units': 512, 'dropout_rate': 0.7817650276353201, 'learning_rate': 0.0010130927088951827, 'weight_decay': 0.0008063244768089433, 'batch_size': 128, 'tree_depth': 11}
2024-10-31 20:37:36,288 - INFO - Trial 815: Train MSE=1.8200019534145082, Train R²=0.6922055589301246
2024-10-31 20:37:36,289 - INFO - Trial 815: Test MSE=2.2750910903726305, Test R²=0.6236113799469811
2024-10-31 20:37:36,289 - INFO - ============================================================================================================================================================================================================================================================================================================
2024-10-31 20:37:36,290 - INFO - Trial 815 finished with value: 2.2750910903726305 and parameters: {'hidden_layers': 1, 'hidden_units': 512, 'dropout_rate': 0.7817650276353201, 'learning_rate': 0.0010130927088951827, 'weight_decay': 0.0008063244768089433, 'batch_size': 128, 'tree_depth': 11}. Best is trial 601 with value: 2.1809195450374057.
2024-10-31 20:38:09,201 - INFO - Parameters: {'hidden_layers': 1, 'hidden_units': 256, 'dropout_rate': 0.7902841279199739, 'learning_rate': 0.0016500739189105674, 'weight_decay': 0.0008239032550822103, 'batch_size': 512, 'tree_depth': 11}
2024-10-31 20:38:09,201 - INFO - Trial 816: Train MSE=2.2044883114951, Train R²=0.63340896155153
2024-10-31 20:38:09,201 - INFO - Trial 816: Test MSE=2.2658671821866716, Test R²=0.6311655555452619
2024-10-31 20:38:09,202 - INFO - ============================================================================================================================================================================================================================================================================================================
2024-10-31 20:38:09,203 - INFO - Trial 816 finished with value: 2.2658671821866716 and parameters: {'hidden_layers': 1, 'hidden_units': 256, 'dropout_rate': 0.7902841279199739, 'learning_rate': 0.0016500739189105674, 'weight_decay': 0.0008239032550822103, 'batch_size': 512, 'tree_depth': 11}. Best is trial 601 with value: 2.1809195450374057.
2024-10-31 20:38:54,740 - INFO - Parameters: {'hidden_layers': 1, 'hidden_units': 256, 'dropout_rate': 0.7582214724652298, 'learning_rate': 0.0011879581317841604, 'weight_decay': 0.0008956841853835508, 'batch_size': 512, 'tree_depth': 11}
2024-10-31 20:38:54,741 - INFO - Trial 817: Train MSE=2.093750544956752, Train R²=0.6512369981833867
2024-10-31 20:38:54,741 - INFO - Trial 817: Test MSE=2.2171894311904907, Test R²=0.6392125572477069
2024-10-31 20:38:54,741 - INFO - ============================================================================================================================================================================================================================================================================================================
2024-10-31 20:38:54,742 - INFO - Trial 817 finished with value: 2.2171894311904907 and parameters: {'hidden_layers': 1, 'hidden_units': 256, 'dropout_rate': 0.7582214724652298, 'learning_rate': 0.0011879581317841604, 'weight_decay': 0.0008956841853835508, 'batch_size': 512, 'tree_depth': 11}. Best is trial 601 with value: 2.1809195450374057.
2024-10-31 20:39:39,229 - INFO - Parameters: {'hidden_layers': 1, 'hidden_units': 256, 'dropout_rate': 0.7730795659584979, 'learning_rate': 0.0010631200690576408, 'weight_decay': 0.0004029297468224199, 'batch_size': 512, 'tree_depth': 11}
2024-10-31 20:39:39,229 - INFO - Trial 818: Train MSE=2.211470808301653, Train R²=0.6315827135528836
2024-10-31 20:39:39,230 - INFO - Trial 818: Test MSE=2.2473874943596974, Test R²=0.634152352809906
2024-10-31 20:39:39,230 - INFO - ============================================================================================================================================================================================================================================================================================================
2024-10-31 20:39:39,231 - INFO - Trial 818 finished with value: 2.2473874943596974 and parameters: {'hidden_layers': 1, 'hidden_units': 256, 'dropout_rate': 0.7730795659584979, 'learning_rate': 0.0010631200690576408, 'weight_decay': 0.0004029297468224199, 'batch_size': 512, 'tree_depth': 11}. Best is trial 601 with value: 2.1809195450374057.
2024-10-31 20:40:22,875 - INFO - Parameters: {'hidden_layers': 1, 'hidden_units': 128, 'dropout_rate': 0.444809185305413, 'learning_rate': 0.005694599328163522, 'weight_decay': 0.0009076072525670615, 'batch_size': 512, 'tree_depth': 11}
2024-10-31 20:40:22,875 - INFO - Trial 819: Train MSE=1.321773886680603, Train R²=0.7796643546649388
2024-10-31 20:40:22,875 - INFO - Trial 819: Test MSE=2.4591562747955322, Test R²=0.5995465176446098
2024-10-31 20:40:22,875 - INFO - ============================================================================================================================================================================================================================================================================================================
2024-10-31 20:40:22,877 - INFO - Trial 819 finished with value: 2.4591562747955322 and parameters: {'hidden_layers': 1, 'hidden_units': 128, 'dropout_rate': 0.444809185305413, 'learning_rate': 0.005694599328163522, 'weight_decay': 0.0009076072525670615, 'batch_size': 512, 'tree_depth': 11}. Best is trial 601 with value: 2.1809195450374057.
2024-10-31 20:41:07,453 - INFO - Parameters: {'hidden_layers': 1, 'hidden_units': 256, 'dropout_rate': 0.48102012871905064, 'learning_rate': 0.0009464248360770022, 'weight_decay': 0.0004481048273410606, 'batch_size': 512, 'tree_depth': 10}
2024-10-31 20:41:07,453 - INFO - Trial 820: Train MSE=0.9601738452911377, Train R²=0.8401044458150864
2024-10-31 20:41:07,454 - INFO - Trial 820: Test MSE=2.3947462694985524, Test R²=0.610059414591108
2024-10-31 20:41:07,454 - INFO - ============================================================================================================================================================================================================================================================================================================
2024-10-31 20:41:07,455 - INFO - Trial 820 finished with value: 2.3947462694985524 and parameters: {'hidden_layers': 1, 'hidden_units': 256, 'dropout_rate': 0.48102012871905064, 'learning_rate': 0.0009464248360770022, 'weight_decay': 0.0004481048273410606, 'batch_size': 512, 'tree_depth': 10}. Best is trial 601 with value: 2.1809195450374057.
2024-10-31 20:41:51,510 - INFO - Parameters: {'hidden_layers': 1, 'hidden_units': 256, 'dropout_rate': 0.7907189005585423, 'learning_rate': 0.004222207461210054, 'weight_decay': 0.0008273719801261736, 'batch_size': 512, 'tree_depth': 11}
2024-10-31 20:41:51,510 - INFO - Trial 821: Train MSE=2.110664631639208, Train R²=0.6492719288383212
2024-10-31 20:41:51,510 - INFO - Trial 821: Test MSE=2.215219395501273, Test R²=0.6394057273864746
2024-10-31 20:41:51,510 - INFO - ============================================================================================================================================================================================================================================================================================================
2024-10-31 20:41:51,512 - INFO - Trial 821 finished with value: 2.215219395501273 and parameters: {'hidden_layers': 1, 'hidden_units': 256, 'dropout_rate': 0.7907189005585423, 'learning_rate': 0.004222207461210054, 'weight_decay': 0.0008273719801261736, 'batch_size': 512, 'tree_depth': 11}. Best is trial 601 with value: 2.1809195450374057.
2024-10-31 20:42:34,850 - INFO - Parameters: {'hidden_layers': 1, 'hidden_units': 256, 'dropout_rate': 0.7783429808618184, 'learning_rate': 0.0012791018315434605, 'weight_decay': 0.0004882902669260476, 'batch_size': 512, 'tree_depth': 11}
2024-10-31 20:42:34,850 - INFO - Trial 822: Train MSE=2.1800598246710643, Train R²=0.6365586625678199
2024-10-31 20:42:34,850 - INFO - Trial 822: Test MSE=2.2681915760040283, Test R²=0.6307705215045384
2024-10-31 20:42:34,850 - INFO - ============================================================================================================================================================================================================================================================================================================
2024-10-31 20:42:34,852 - INFO - Trial 822 finished with value: 2.2681915760040283 and parameters: {'hidden_layers': 1, 'hidden_units': 256, 'dropout_rate': 0.7783429808618184, 'learning_rate': 0.0012791018315434605, 'weight_decay': 0.0004882902669260476, 'batch_size': 512, 'tree_depth': 11}. Best is trial 601 with value: 2.1809195450374057.
2024-10-31 20:43:19,051 - INFO - Parameters: {'hidden_layers': 1, 'hidden_units': 256, 'dropout_rate': 0.7680600809597995, 'learning_rate': 0.001395848258722905, 'weight_decay': 0.00012446605388902836, 'batch_size': 512, 'tree_depth': 11}
2024-10-31 20:43:19,051 - INFO - Trial 823: Train MSE=2.0495417586394717, Train R²=0.6586001536675862
2024-10-31 20:43:19,051 - INFO - Trial 823: Test MSE=2.2097722121647427, Test R²=0.6403105684689113
2024-10-31 20:43:19,051 - INFO - ============================================================================================================================================================================================================================================================================================================
2024-10-31 20:43:19,052 - INFO - Trial 823 finished with value: 2.2097722121647427 and parameters: {'hidden_layers': 1, 'hidden_units': 256, 'dropout_rate': 0.7680600809597995, 'learning_rate': 0.001395848258722905, 'weight_decay': 0.00012446605388902836, 'batch_size': 512, 'tree_depth': 11}. Best is trial 601 with value: 2.1809195450374057.
2024-10-31 20:44:02,498 - INFO - Parameters: {'hidden_layers': 1, 'hidden_units': 256, 'dropout_rate': 0.7541355325810455, 'learning_rate': 0.0011832488749264885, 'weight_decay': 0.000701501963889321, 'batch_size': 512, 'tree_depth': 11}
2024-10-31 20:44:02,498 - INFO - Trial 824: Train MSE=1.991433552333287, Train R²=0.6686070774282727
2024-10-31 20:44:02,498 - INFO - Trial 824: Test MSE=2.2439049993242537, Test R²=0.6347564288548061
2024-10-31 20:44:02,498 - INFO - ============================================================================================================================================================================================================================================================================================================
