2024-10-31 13:11:47,393 - INFO - Trial 140 finished with value: 2.3667677470615933 and parameters: {'hidden_layers': 2, 'hidden_units': 256, 'dropout_rate': 0.7874540654375772, 'learning_rate': 0.0004308431485320132, 'weight_decay': 0.00018170039073403166, 'batch_size': 512, 'tree_depth': 12}. Best is trial 104 with value: 2.1955713714872087.
2024-10-31 13:12:19,307 - INFO - Parameters: {'hidden_layers': 1, 'hidden_units': 256, 'dropout_rate': 0.7834213317678868, 'learning_rate': 0.00139919216610213, 'weight_decay': 0.0002932220014653225, 'batch_size': 512, 'tree_depth': 12}
2024-10-31 13:12:19,307 - INFO - Trial 141: Train MSE=2.1909216174057553, Train R²=0.6345745921134949
2024-10-31 13:12:19,308 - INFO - Trial 141: Test MSE=2.2544559751238142, Test R²=0.6332124556813922
2024-10-31 13:12:19,308 - INFO - ============================================================================================================================================================================================================================================================================================================
2024-10-31 13:12:19,309 - INFO - Trial 141 finished with value: 2.2544559751238142 and parameters: {'hidden_layers': 1, 'hidden_units': 256, 'dropout_rate': 0.7834213317678868, 'learning_rate': 0.00139919216610213, 'weight_decay': 0.0002932220014653225, 'batch_size': 512, 'tree_depth': 12}. Best is trial 104 with value: 2.1955713714872087.
2024-10-31 13:12:51,172 - INFO - Parameters: {'hidden_layers': 1, 'hidden_units': 256, 'dropout_rate': 0.7724808123735252, 'learning_rate': 0.008677714177874014, 'weight_decay': 0.00011169564950629451, 'batch_size': 512, 'tree_depth': 12}
2024-10-31 13:12:51,172 - INFO - Trial 142: Train MSE=1.732084755386625, Train R²=0.7122034834963935
2024-10-31 13:12:51,172 - INFO - Trial 142: Test MSE=2.2477473531450545, Test R²=0.6340740323066711
2024-10-31 13:12:51,172 - INFO - ============================================================================================================================================================================================================================================================================================================
2024-10-31 13:12:51,174 - INFO - Trial 142 finished with value: 2.2477473531450545 and parameters: {'hidden_layers': 1, 'hidden_units': 256, 'dropout_rate': 0.7724808123735252, 'learning_rate': 0.008677714177874014, 'weight_decay': 0.00011169564950629451, 'batch_size': 512, 'tree_depth': 12}. Best is trial 104 with value: 2.1955713714872087.
2024-10-31 13:13:23,788 - INFO - Parameters: {'hidden_layers': 1, 'hidden_units': 256, 'dropout_rate': 0.7537571588562723, 'learning_rate': 0.001561683619597805, 'weight_decay': 0.0002583297098923996, 'batch_size': 512, 'tree_depth': 12}
2024-10-31 13:13:23,788 - INFO - Trial 143: Train MSE=1.9034440176827567, Train R²=0.6834240960223334
2024-10-31 13:13:23,788 - INFO - Trial 143: Test MSE=2.268850701195853, Test R²=0.6305079204695565
2024-10-31 13:13:23,788 - INFO - ============================================================================================================================================================================================================================================================================================================
2024-10-31 13:13:23,789 - INFO - Trial 143 finished with value: 2.268850701195853 and parameters: {'hidden_layers': 1, 'hidden_units': 256, 'dropout_rate': 0.7537571588562723, 'learning_rate': 0.001561683619597805, 'weight_decay': 0.0002583297098923996, 'batch_size': 512, 'tree_depth': 12}. Best is trial 104 with value: 2.1955713714872087.
2024-10-31 13:13:55,553 - INFO - Parameters: {'hidden_layers': 1, 'hidden_units': 256, 'dropout_rate': 0.7911453810195509, 'learning_rate': 0.00197469669152225, 'weight_decay': 0.0002998323994707933, 'batch_size': 512, 'tree_depth': 12}
2024-10-31 13:13:55,553 - INFO - Trial 144: Train MSE=2.152810275554657, Train R²=0.6416688369853156
2024-10-31 13:13:55,553 - INFO - Trial 144: Test MSE=2.237187623977661, Test R²=0.6357393435069493
2024-10-31 13:13:55,553 - INFO - ============================================================================================================================================================================================================================================================================================================
2024-10-31 13:13:55,555 - INFO - Trial 144 finished with value: 2.237187623977661 and parameters: {'hidden_layers': 1, 'hidden_units': 256, 'dropout_rate': 0.7911453810195509, 'learning_rate': 0.00197469669152225, 'weight_decay': 0.0002998323994707933, 'batch_size': 512, 'tree_depth': 12}. Best is trial 104 with value: 2.1955713714872087.
2024-10-31 13:14:26,617 - INFO - Parameters: {'hidden_layers': 1, 'hidden_units': 256, 'dropout_rate': 0.7790352649389781, 'learning_rate': 0.007417679158295383, 'weight_decay': 0.0002803522106921987, 'batch_size': 512, 'tree_depth': 9}
2024-10-31 13:14:26,617 - INFO - Trial 145: Train MSE=2.1989010529858724, Train R²=0.6343423468726022
2024-10-31 13:14:26,617 - INFO - Trial 145: Test MSE=2.2286152499062672, Test R²=0.6372271350451878
2024-10-31 13:14:26,618 - INFO - ============================================================================================================================================================================================================================================================================================================
2024-10-31 13:14:26,618 - INFO - Trial 145 finished with value: 2.2286152499062672 and parameters: {'hidden_layers': 1, 'hidden_units': 256, 'dropout_rate': 0.7790352649389781, 'learning_rate': 0.007417679158295383, 'weight_decay': 0.0002803522106921987, 'batch_size': 512, 'tree_depth': 9}. Best is trial 104 with value: 2.1955713714872087.
2024-10-31 13:14:57,843 - INFO - Parameters: {'hidden_layers': 1, 'hidden_units': 256, 'dropout_rate': 0.7365345867253893, 'learning_rate': 0.0011263687199730302, 'weight_decay': 0.00033535872925104536, 'batch_size': 512, 'tree_depth': 7}
2024-10-31 13:14:57,843 - INFO - Trial 146: Train MSE=2.623101685728346, Train R²=0.5630803150790078
2024-10-31 13:14:57,843 - INFO - Trial 146: Test MSE=2.340689182281494, Test R²=0.6190090520041329
2024-10-31 13:14:57,843 - INFO - ============================================================================================================================================================================================================================================================================================================
2024-10-31 13:14:57,844 - INFO - Trial 146 finished with value: 2.340689182281494 and parameters: {'hidden_layers': 1, 'hidden_units': 256, 'dropout_rate': 0.7365345867253893, 'learning_rate': 0.0011263687199730302, 'weight_decay': 0.00033535872925104536, 'batch_size': 512, 'tree_depth': 7}. Best is trial 104 with value: 2.1955713714872087.
2024-10-31 13:15:29,897 - INFO - Parameters: {'hidden_layers': 1, 'hidden_units': 256, 'dropout_rate': 0.7669967109572472, 'learning_rate': 0.0017121690234476196, 'weight_decay': 0.0003171747586561619, 'batch_size': 512, 'tree_depth': 12}
2024-10-31 13:15:29,897 - INFO - Trial 147: Train MSE=2.016118884086609, Train R²=0.6642966164009911
2024-10-31 13:15:29,897 - INFO - Trial 147: Test MSE=2.266331604548863, Test R²=0.631141722202301
2024-10-31 13:15:29,897 - INFO - ============================================================================================================================================================================================================================================================================================================
2024-10-31 13:15:29,898 - INFO - Trial 147 finished with value: 2.266331604548863 and parameters: {'hidden_layers': 1, 'hidden_units': 256, 'dropout_rate': 0.7669967109572472, 'learning_rate': 0.0017121690234476196, 'weight_decay': 0.0003171747586561619, 'batch_size': 512, 'tree_depth': 12}. Best is trial 104 with value: 2.1955713714872087.
2024-10-31 13:15:56,120 - INFO - Parameters: {'hidden_layers': 1, 'hidden_units': 256, 'dropout_rate': 0.7997438178918272, 'learning_rate': 0.000998775120032745, 'weight_decay': 0.0002474663094431545, 'batch_size': 1024, 'tree_depth': 12}
2024-10-31 13:15:56,121 - INFO - Trial 148: Train MSE=3.07223904132843, Train R²=0.4905721204621451
2024-10-31 13:15:56,121 - INFO - Trial 148: Test MSE=2.251884937286377, Test R²=0.6309898197650909
2024-10-31 13:15:56,121 - INFO - ============================================================================================================================================================================================================================================================================================================
2024-10-31 13:15:56,122 - INFO - Trial 148 finished with value: 2.251884937286377 and parameters: {'hidden_layers': 1, 'hidden_units': 256, 'dropout_rate': 0.7997438178918272, 'learning_rate': 0.000998775120032745, 'weight_decay': 0.0002474663094431545, 'batch_size': 1024, 'tree_depth': 12}. Best is trial 104 with value: 2.1955713714872087.
2024-10-31 13:16:28,473 - INFO - Parameters: {'hidden_layers': 1, 'hidden_units': 256, 'dropout_rate': 0.7785050060107833, 'learning_rate': 0.0013148968858659445, 'weight_decay': 0.0002629641476437325, 'batch_size': 512, 'tree_depth': 12}
2024-10-31 13:16:28,473 - INFO - Trial 149: Train MSE=2.131516788687025, Train R²=0.6455673894711903
2024-10-31 13:16:28,473 - INFO - Trial 149: Test MSE=2.2553547280175343, Test R²=0.6328298960413251
2024-10-31 13:16:28,474 - INFO - ============================================================================================================================================================================================================================================================================================================
2024-10-31 13:16:28,475 - INFO - Trial 149 finished with value: 2.2553547280175343 and parameters: {'hidden_layers': 1, 'hidden_units': 256, 'dropout_rate': 0.7785050060107833, 'learning_rate': 0.0013148968858659445, 'weight_decay': 0.0002629641476437325, 'batch_size': 512, 'tree_depth': 12}. Best is trial 104 with value: 2.1955713714872087.
2024-10-31 13:17:04,356 - INFO - Parameters: {'hidden_layers': 1, 'hidden_units': 1024, 'dropout_rate': 0.6340690391094567, 'learning_rate': 0.0008947267685486787, 'weight_decay': 0.0002778117912292508, 'batch_size': 512, 'tree_depth': 12}
2024-10-31 13:17:04,357 - INFO - Trial 150: Train MSE=1.2046639791556768, Train R²=0.7994616329669952
2024-10-31 13:17:04,357 - INFO - Trial 150: Test MSE=2.3786325454711914, Test R²=0.6126310399600438
2024-10-31 13:17:04,357 - INFO - ============================================================================================================================================================================================================================================================================================================
2024-10-31 13:17:04,358 - INFO - Trial 150 finished with value: 2.3786325454711914 and parameters: {'hidden_layers': 1, 'hidden_units': 1024, 'dropout_rate': 0.6340690391094567, 'learning_rate': 0.0008947267685486787, 'weight_decay': 0.0002778117912292508, 'batch_size': 512, 'tree_depth': 12}. Best is trial 104 with value: 2.1955713714872087.
2024-10-31 13:17:34,831 - INFO - Parameters: {'hidden_layers': 1, 'hidden_units': 256, 'dropout_rate': 0.7794044820016195, 'learning_rate': 0.006894699846924142, 'weight_decay': 0.0002788824640448321, 'batch_size': 512, 'tree_depth': 9}
2024-10-31 13:17:34,831 - INFO - Trial 151: Train MSE=2.1503777418817793, Train R²=0.6419318616390228
2024-10-31 13:17:34,832 - INFO - Trial 151: Test MSE=2.249605417251587, Test R²=0.6338279673031398
2024-10-31 13:17:34,832 - INFO - ============================================================================================================================================================================================================================================================================================================
2024-10-31 13:17:34,832 - INFO - Trial 151 finished with value: 2.249605417251587 and parameters: {'hidden_layers': 1, 'hidden_units': 256, 'dropout_rate': 0.7794044820016195, 'learning_rate': 0.006894699846924142, 'weight_decay': 0.0002788824640448321, 'batch_size': 512, 'tree_depth': 9}. Best is trial 104 with value: 2.1955713714872087.
2024-10-31 13:18:05,567 - INFO - Parameters: {'hidden_layers': 1, 'hidden_units': 256, 'dropout_rate': 0.790977005195582, 'learning_rate': 0.007722672112871971, 'weight_decay': 0.0002964814857111828, 'batch_size': 512, 'tree_depth': 9}
2024-10-31 13:18:05,568 - INFO - Trial 152: Train MSE=2.2659129415239607, Train R²=0.6236977108887264
2024-10-31 13:18:05,568 - INFO - Trial 152: Test MSE=2.229471138545445, Test R²=0.637090265750885
2024-10-31 13:18:05,568 - INFO - ============================================================================================================================================================================================================================================================================================================
2024-10-31 13:18:05,569 - INFO - Trial 152 finished with value: 2.229471138545445 and parameters: {'hidden_layers': 1, 'hidden_units': 256, 'dropout_rate': 0.790977005195582, 'learning_rate': 0.007722672112871971, 'weight_decay': 0.0002964814857111828, 'batch_size': 512, 'tree_depth': 9}. Best is trial 104 with value: 2.1955713714872087.
2024-10-31 13:18:36,705 - INFO - Parameters: {'hidden_layers': 1, 'hidden_units': 256, 'dropout_rate': 0.7723637585770556, 'learning_rate': 0.0073327622527718, 'weight_decay': 0.0003174694862211488, 'batch_size': 512, 'tree_depth': 9}
2024-10-31 13:18:36,705 - INFO - Trial 153: Train MSE=2.1976301074028015, Train R²=0.6348341767277036
2024-10-31 13:18:36,706 - INFO - Trial 153: Test MSE=2.233969177518572, Test R²=0.6361661383083889
2024-10-31 13:18:36,706 - INFO - ============================================================================================================================================================================================================================================================================================================
2024-10-31 13:18:36,707 - INFO - Trial 153 finished with value: 2.233969177518572 and parameters: {'hidden_layers': 1, 'hidden_units': 256, 'dropout_rate': 0.7723637585770556, 'learning_rate': 0.0073327622527718, 'weight_decay': 0.0003174694862211488, 'batch_size': 512, 'tree_depth': 9}. Best is trial 104 with value: 2.1955713714872087.
2024-10-31 13:19:07,665 - INFO - Parameters: {'hidden_layers': 1, 'hidden_units': 256, 'dropout_rate': 0.7838535919753087, 'learning_rate': 0.008531668339826076, 'weight_decay': 0.0002678002052200714, 'batch_size': 512, 'tree_depth': 9}
2024-10-31 13:19:07,666 - INFO - Trial 154: Train MSE=2.266880993332182, Train R²=0.6228681994335992
2024-10-31 13:19:07,666 - INFO - Trial 154: Test MSE=2.2692429338182722, Test R²=0.6306601337024144
2024-10-31 13:19:07,666 - INFO - ============================================================================================================================================================================================================================================================================================================
2024-10-31 13:19:07,667 - INFO - Trial 154 finished with value: 2.2692429338182722 and parameters: {'hidden_layers': 1, 'hidden_units': 256, 'dropout_rate': 0.7838535919753087, 'learning_rate': 0.008531668339826076, 'weight_decay': 0.0002678002052200714, 'batch_size': 512, 'tree_depth': 9}. Best is trial 104 with value: 2.1955713714872087.
2024-10-31 13:19:38,629 - INFO - Parameters: {'hidden_layers': 1, 'hidden_units': 256, 'dropout_rate': 0.759698195836632, 'learning_rate': 0.0022766076818867714, 'weight_decay': 0.0003047608294868312, 'batch_size': 512, 'tree_depth': 9}
2024-10-31 13:19:38,629 - INFO - Trial 155: Train MSE=2.154580648456301, Train R²=0.6412520344768252
2024-10-31 13:19:38,629 - INFO - Trial 155: Test MSE=2.237518991742815, Test R²=0.6357880064419338
2024-10-31 13:19:38,629 - INFO - ============================================================================================================================================================================================================================================================================================================
2024-10-31 13:19:38,630 - INFO - Trial 155 finished with value: 2.237518991742815 and parameters: {'hidden_layers': 1, 'hidden_units': 256, 'dropout_rate': 0.759698195836632, 'learning_rate': 0.0022766076818867714, 'weight_decay': 0.0003047608294868312, 'batch_size': 512, 'tree_depth': 9}. Best is trial 104 with value: 2.1955713714872087.
2024-10-31 13:20:15,439 - INFO - Parameters: {'hidden_layers': 1, 'hidden_units': 256, 'dropout_rate': 0.7463710826639864, 'learning_rate': 0.005595022431533179, 'weight_decay': 0.00023337737328766445, 'batch_size': 512, 'tree_depth': 12}
2024-10-31 13:20:15,439 - INFO - Trial 156: Train MSE=1.750654697418213, Train R²=0.7076364606618881
2024-10-31 13:20:15,439 - INFO - Trial 156: Test MSE=2.326348304748535, Test R²=0.6211306623050145
2024-10-31 13:20:15,439 - INFO - ============================================================================================================================================================================================================================================================================================================
2024-10-31 13:20:15,440 - INFO - Trial 156 finished with value: 2.326348304748535 and parameters: {'hidden_layers': 1, 'hidden_units': 256, 'dropout_rate': 0.7463710826639864, 'learning_rate': 0.005595022431533179, 'weight_decay': 0.00023337737328766445, 'batch_size': 512, 'tree_depth': 12}. Best is trial 104 with value: 2.1955713714872087.
2024-10-31 13:20:49,058 - INFO - Parameters: {'hidden_layers': 1, 'hidden_units': 256, 'dropout_rate': 0.7912359966531028, 'learning_rate': 0.009170971379558655, 'weight_decay': 0.00032825990288526635, 'batch_size': 512, 'tree_depth': 12}
2024-10-31 13:20:49,058 - INFO - Trial 157: Train MSE=2.06876534649304, Train R²=0.6558846916471209
2024-10-31 13:20:49,058 - INFO - Trial 157: Test MSE=2.2400806631360735, Test R²=0.6352090580122811
2024-10-31 13:20:49,058 - INFO - ============================================================================================================================================================================================================================================================================================================
2024-10-31 13:20:49,060 - INFO - Trial 157 finished with value: 2.2400806631360735 and parameters: {'hidden_layers': 1, 'hidden_units': 256, 'dropout_rate': 0.7912359966531028, 'learning_rate': 0.009170971379558655, 'weight_decay': 0.00032825990288526635, 'batch_size': 512, 'tree_depth': 12}. Best is trial 104 with value: 2.1955713714872087.
2024-10-31 13:21:17,921 - INFO - Parameters: {'hidden_layers': 1, 'hidden_units': 256, 'dropout_rate': 0.7762926214274811, 'learning_rate': 0.001842682831206392, 'weight_decay': 0.0002831223281902638, 'batch_size': 512, 'tree_depth': 12}
2024-10-31 13:21:17,921 - INFO - Trial 158: Train MSE=2.0008158556052615, Train R²=0.6668702108519418
2024-10-31 13:21:17,921 - INFO - Trial 158: Test MSE=2.2771290710994174, Test R²=0.6294064947537014
2024-10-31 13:21:17,921 - INFO - ============================================================================================================================================================================================================================================================================================================
2024-10-31 13:21:17,922 - INFO - Trial 158 finished with value: 2.2771290710994174 and parameters: {'hidden_layers': 1, 'hidden_units': 256, 'dropout_rate': 0.7762926214274811, 'learning_rate': 0.001842682831206392, 'weight_decay': 0.0002831223281902638, 'batch_size': 512, 'tree_depth': 12}. Best is trial 104 with value: 2.1955713714872087.
2024-10-31 13:22:00,475 - INFO - Parameters: {'hidden_layers': 1, 'hidden_units': 512, 'dropout_rate': 0.799615722779274, 'learning_rate': 0.00034072305245182367, 'weight_decay': 0.00034750995084196514, 'batch_size': 512, 'tree_depth': 10}
2024-10-31 13:22:00,476 - INFO - Trial 159: Train MSE=3.526329525879451, Train R²=0.41307171966348377
2024-10-31 13:22:00,476 - INFO - Trial 159: Test MSE=2.5994598184313094, Test R²=0.576927832194737
2024-10-31 13:22:00,476 - INFO - ============================================================================================================================================================================================================================================================================================================
