2024-10-31 20:44:02,499 - INFO - Trial 824 finished with value: 2.2439049993242537 and parameters: {'hidden_layers': 1, 'hidden_units': 256, 'dropout_rate': 0.7541355325810455, 'learning_rate': 0.0011832488749264885, 'weight_decay': 0.000701501963889321, 'batch_size': 512, 'tree_depth': 11}. Best is trial 601 with value: 2.1809195450374057.
2024-10-31 20:44:46,355 - INFO - Parameters: {'hidden_layers': 1, 'hidden_units': 256, 'dropout_rate': 0.7610970087156966, 'learning_rate': 0.005030532985618391, 'weight_decay': 0.00036045672874033077, 'batch_size': 512, 'tree_depth': 11}
2024-10-31 20:44:46,356 - INFO - Trial 825: Train MSE=1.913568607398442, Train R²=0.6811189076730183
2024-10-31 20:44:46,356 - INFO - Trial 825: Test MSE=2.231686234474182, Test R²=0.636765113898686
2024-10-31 20:44:46,356 - INFO - ============================================================================================================================================================================================================================================================================================================
2024-10-31 20:44:46,357 - INFO - Trial 825 finished with value: 2.231686234474182 and parameters: {'hidden_layers': 1, 'hidden_units': 256, 'dropout_rate': 0.7610970087156966, 'learning_rate': 0.005030532985618391, 'weight_decay': 0.00036045672874033077, 'batch_size': 512, 'tree_depth': 11}. Best is trial 601 with value: 2.1809195450374057.
2024-10-31 20:45:30,484 - INFO - Parameters: {'hidden_layers': 1, 'hidden_units': 256, 'dropout_rate': 0.7457051881641779, 'learning_rate': 0.0015234833725601019, 'weight_decay': 0.00011086325990319175, 'batch_size': 512, 'tree_depth': 11}
2024-10-31 20:45:30,484 - INFO - Trial 826: Train MSE=1.8238776241030012, Train R²=0.6963240333965847
2024-10-31 20:45:30,484 - INFO - Trial 826: Test MSE=2.2671514408929005, Test R²=0.6309439199311393
2024-10-31 20:45:30,484 - INFO - ============================================================================================================================================================================================================================================================================================================
2024-10-31 20:45:30,486 - INFO - Trial 826 finished with value: 2.2671514408929005 and parameters: {'hidden_layers': 1, 'hidden_units': 256, 'dropout_rate': 0.7457051881641779, 'learning_rate': 0.0015234833725601019, 'weight_decay': 0.00011086325990319175, 'batch_size': 512, 'tree_depth': 11}. Best is trial 601 with value: 2.1809195450374057.
2024-10-31 20:46:14,139 - INFO - Parameters: {'hidden_layers': 1, 'hidden_units': 256, 'dropout_rate': 0.762918617244661, 'learning_rate': 0.0010947100824398209, 'weight_decay': 0.00034972136592663236, 'batch_size': 512, 'tree_depth': 11}
2024-10-31 20:46:14,139 - INFO - Trial 827: Train MSE=2.1222632144178664, Train R²=0.6471041845423835
2024-10-31 20:46:14,139 - INFO - Trial 827: Test MSE=2.284093448093959, Test R²=0.6282387971878052
2024-10-31 20:46:14,139 - INFO - ============================================================================================================================================================================================================================================================================================================
2024-10-31 20:46:14,141 - INFO - Trial 827 finished with value: 2.284093448093959 and parameters: {'hidden_layers': 1, 'hidden_units': 256, 'dropout_rate': 0.762918617244661, 'learning_rate': 0.0010947100824398209, 'weight_decay': 0.00034972136592663236, 'batch_size': 512, 'tree_depth': 11}. Best is trial 601 with value: 2.1809195450374057.
2024-10-31 20:46:50,392 - INFO - Parameters: {'hidden_layers': 1, 'hidden_units': 256, 'dropout_rate': 0.7668594842951779, 'learning_rate': 0.0009800440425552666, 'weight_decay': 0.0009270881365476854, 'batch_size': 1024, 'tree_depth': 11}
2024-10-31 20:46:50,392 - INFO - Trial 828: Train MSE=2.856444699423654, Train R²=0.5254192011696952
2024-10-31 20:46:50,392 - INFO - Trial 828: Test MSE=2.235950529575348, Test R²=0.6335131078958511
2024-10-31 20:46:50,392 - INFO - ============================================================================================================================================================================================================================================================================================================
2024-10-31 20:46:50,394 - INFO - Trial 828 finished with value: 2.235950529575348 and parameters: {'hidden_layers': 1, 'hidden_units': 256, 'dropout_rate': 0.7668594842951779, 'learning_rate': 0.0009800440425552666, 'weight_decay': 0.0009270881365476854, 'batch_size': 1024, 'tree_depth': 11}. Best is trial 601 with value: 2.1809195450374057.
2024-10-31 20:47:33,085 - INFO - Parameters: {'hidden_layers': 1, 'hidden_units': 256, 'dropout_rate': 0.7685376045803828, 'learning_rate': 0.0013823428968267092, 'weight_decay': 0.00012392646210757324, 'batch_size': 512, 'tree_depth': 11}
2024-10-31 20:47:33,085 - INFO - Trial 829: Train MSE=2.038366049528122, Train R²=0.66105517745018
2024-10-31 20:47:33,085 - INFO - Trial 829: Test MSE=2.249816349574498, Test R²=0.6338439328329903
2024-10-31 20:47:33,085 - INFO - ============================================================================================================================================================================================================================================================================================================
2024-10-31 20:47:33,087 - INFO - Trial 829 finished with value: 2.249816349574498 and parameters: {'hidden_layers': 1, 'hidden_units': 256, 'dropout_rate': 0.7685376045803828, 'learning_rate': 0.0013823428968267092, 'weight_decay': 0.00012392646210757324, 'batch_size': 512, 'tree_depth': 11}. Best is trial 601 with value: 2.1809195450374057.
2024-10-31 20:48:07,017 - INFO - Parameters: {'hidden_layers': 3, 'hidden_units': 256, 'dropout_rate': 0.7524820676385832, 'learning_rate': 0.0012311314697611654, 'weight_decay': 0.00016831246770746745, 'batch_size': 512, 'tree_depth': 11}
2024-10-31 20:48:07,017 - INFO - Trial 830: Train MSE=2.3679833582469394, Train R²=0.606446236371994
2024-10-31 20:48:07,017 - INFO - Trial 830: Test MSE=2.281987258366176, Test R²=0.6286197134426662
2024-10-31 20:48:07,017 - INFO - ============================================================================================================================================================================================================================================================================================================
2024-10-31 20:48:07,019 - INFO - Trial 830 finished with value: 2.281987258366176 and parameters: {'hidden_layers': 3, 'hidden_units': 256, 'dropout_rate': 0.7524820676385832, 'learning_rate': 0.0012311314697611654, 'weight_decay': 0.00016831246770746745, 'batch_size': 512, 'tree_depth': 11}. Best is trial 601 with value: 2.1809195450374057.
2024-10-31 20:48:55,188 - INFO - Parameters: {'hidden_layers': 1, 'hidden_units': 1024, 'dropout_rate': 0.7732069958924266, 'learning_rate': 0.000895531140745241, 'weight_decay': 0.0007328834663029508, 'batch_size': 256, 'tree_depth': 11}
2024-10-31 20:48:55,188 - INFO - Trial 831: Train MSE=1.5178571598870414, Train R²=0.7459701917001179
2024-10-31 20:48:55,188 - INFO - Trial 831: Test MSE=2.2627513578959872, Test R²=0.6293439226491111
2024-10-31 20:48:55,188 - INFO - ============================================================================================================================================================================================================================================================================================================
2024-10-31 20:48:55,189 - INFO - Trial 831 finished with value: 2.2627513578959872 and parameters: {'hidden_layers': 1, 'hidden_units': 1024, 'dropout_rate': 0.7732069958924266, 'learning_rate': 0.000895531140745241, 'weight_decay': 0.0007328834663029508, 'batch_size': 256, 'tree_depth': 11}. Best is trial 601 with value: 2.1809195450374057.
2024-10-31 20:49:32,474 - INFO - Parameters: {'hidden_layers': 1, 'hidden_units': 256, 'dropout_rate': 0.7710320338225778, 'learning_rate': 0.006798402109639612, 'weight_decay': 0.00028027309004139116, 'batch_size': 512, 'tree_depth': 11}
2024-10-31 20:49:32,474 - INFO - Trial 832: Train MSE=1.9559787256377084, Train R²=0.6750227468354362
2024-10-31 20:49:32,474 - INFO - Trial 832: Test MSE=2.2673187937055315, Test R²=0.6309263961655753
2024-10-31 20:49:32,474 - INFO - ============================================================================================================================================================================================================================================================================================================
2024-10-31 20:49:32,476 - INFO - Trial 832 finished with value: 2.2673187937055315 and parameters: {'hidden_layers': 1, 'hidden_units': 256, 'dropout_rate': 0.7710320338225778, 'learning_rate': 0.006798402109639612, 'weight_decay': 0.00028027309004139116, 'batch_size': 512, 'tree_depth': 11}. Best is trial 601 with value: 2.1809195450374057.
2024-10-31 20:50:12,434 - INFO - Parameters: {'hidden_layers': 1, 'hidden_units': 256, 'dropout_rate': 0.7596072659720373, 'learning_rate': 0.0010762569493666353, 'weight_decay': 0.00029214082218465963, 'batch_size': 512, 'tree_depth': 6}
2024-10-31 20:50:12,434 - INFO - Trial 833: Train MSE=3.0610782333782742, Train R²=0.49027799708502634
2024-10-31 20:50:12,434 - INFO - Trial 833: Test MSE=2.4262210641588484, Test R²=0.60505553654262
2024-10-31 20:50:12,434 - INFO - ============================================================================================================================================================================================================================================================================================================
2024-10-31 20:50:12,435 - INFO - Trial 833 finished with value: 2.4262210641588484 and parameters: {'hidden_layers': 1, 'hidden_units': 256, 'dropout_rate': 0.7596072659720373, 'learning_rate': 0.0010762569493666353, 'weight_decay': 0.00029214082218465963, 'batch_size': 512, 'tree_depth': 6}. Best is trial 601 with value: 2.1809195450374057.
2024-10-31 20:50:46,836 - INFO - Parameters: {'hidden_layers': 2, 'hidden_units': 256, 'dropout_rate': 0.7797404353057971, 'learning_rate': 0.0012967799895742015, 'weight_decay': 0.0001093691926867579, 'batch_size': 512, 'tree_depth': 11}
2024-10-31 20:50:46,836 - INFO - Trial 834: Train MSE=2.385638100760324, Train R²=0.6020488334553582
2024-10-31 20:50:46,836 - INFO - Trial 834: Test MSE=2.2296643938337053, Test R²=0.6371127196720668
2024-10-31 20:50:46,836 - INFO - ============================================================================================================================================================================================================================================================================================================
2024-10-31 20:50:46,838 - INFO - Trial 834 finished with value: 2.2296643938337053 and parameters: {'hidden_layers': 2, 'hidden_units': 256, 'dropout_rate': 0.7797404353057971, 'learning_rate': 0.0012967799895742015, 'weight_decay': 0.0001093691926867579, 'batch_size': 512, 'tree_depth': 11}. Best is trial 601 with value: 2.1809195450374057.
2024-10-31 20:51:26,057 - INFO - Parameters: {'hidden_layers': 1, 'hidden_units': 256, 'dropout_rate': 0.7768302635197575, 'learning_rate': 0.0016016254017024586, 'weight_decay': 0.00010122812552103221, 'batch_size': 512, 'tree_depth': 9}
2024-10-31 20:51:26,058 - INFO - Trial 835: Train MSE=2.3341131848948344, Train R²=0.6121455090386527
2024-10-31 20:51:26,058 - INFO - Trial 835: Test MSE=2.243772029876709, Test R²=0.6346030575888497
2024-10-31 20:51:26,058 - INFO - ============================================================================================================================================================================================================================================================================================================
2024-10-31 20:51:26,059 - INFO - Trial 835 finished with value: 2.243772029876709 and parameters: {'hidden_layers': 1, 'hidden_units': 256, 'dropout_rate': 0.7768302635197575, 'learning_rate': 0.0016016254017024586, 'weight_decay': 0.00010122812552103221, 'batch_size': 512, 'tree_depth': 9}. Best is trial 601 with value: 2.1809195450374057.
2024-10-31 20:52:10,666 - INFO - Parameters: {'hidden_layers': 1, 'hidden_units': 256, 'dropout_rate': 0.768135944132692, 'learning_rate': 0.0018049373708964678, 'weight_decay': 0.00013236901973726813, 'batch_size': 512, 'tree_depth': 12}
2024-10-31 20:52:10,667 - INFO - Trial 836: Train MSE=2.0089433193206787, Train R²=0.6648366536412921
2024-10-31 20:52:10,667 - INFO - Trial 836: Test MSE=2.2733393737248013, Test R²=0.6299297213554382
2024-10-31 20:52:10,667 - INFO - ============================================================================================================================================================================================================================================================================================================
2024-10-31 20:52:10,668 - INFO - Trial 836 finished with value: 2.2733393737248013 and parameters: {'hidden_layers': 1, 'hidden_units': 256, 'dropout_rate': 0.768135944132692, 'learning_rate': 0.0018049373708964678, 'weight_decay': 0.00013236901973726813, 'batch_size': 512, 'tree_depth': 12}. Best is trial 601 with value: 2.1809195450374057.
2024-10-31 20:52:55,376 - INFO - Parameters: {'hidden_layers': 1, 'hidden_units': 256, 'dropout_rate': 0.7390146498755159, 'learning_rate': 0.0009923267150839423, 'weight_decay': 0.0008495360287262411, 'batch_size': 512, 'tree_depth': 11}
2024-10-31 20:52:55,376 - INFO - Trial 837: Train MSE=1.9808774122170039, Train R²=0.6691780345780509
2024-10-31 20:52:55,376 - INFO - Trial 837: Test MSE=2.274510553904942, Test R²=0.6297849757330758
2024-10-31 20:52:55,376 - INFO - ============================================================================================================================================================================================================================================================================================================
2024-10-31 20:52:55,378 - INFO - Trial 837 finished with value: 2.274510553904942 and parameters: {'hidden_layers': 1, 'hidden_units': 256, 'dropout_rate': 0.7390146498755159, 'learning_rate': 0.0009923267150839423, 'weight_decay': 0.0008495360287262411, 'batch_size': 512, 'tree_depth': 11}. Best is trial 601 with value: 2.1809195450374057.
2024-10-31 20:53:39,956 - INFO - Parameters: {'hidden_layers': 1, 'hidden_units': 256, 'dropout_rate': 0.7814529058788695, 'learning_rate': 0.001199176316111718, 'weight_decay': 0.0003349474551011089, 'batch_size': 512, 'tree_depth': 12}
2024-10-31 20:53:39,956 - INFO - Trial 838: Train MSE=2.274837442806789, Train R²=0.6209410620587212
2024-10-31 20:53:39,956 - INFO - Trial 838: Test MSE=2.257290210042681, Test R²=0.6326402085168021
2024-10-31 20:53:39,956 - INFO - ============================================================================================================================================================================================================================================================================================================
2024-10-31 20:53:39,958 - INFO - Trial 838 finished with value: 2.257290210042681 and parameters: {'hidden_layers': 1, 'hidden_units': 256, 'dropout_rate': 0.7814529058788695, 'learning_rate': 0.001199176316111718, 'weight_decay': 0.0003349474551011089, 'batch_size': 512, 'tree_depth': 12}. Best is trial 601 with value: 2.1809195450374057.
2024-10-31 20:54:12,822 - INFO - Parameters: {'hidden_layers': 1, 'hidden_units': 512, 'dropout_rate': 0.7845661987831778, 'learning_rate': 0.0014293761789910256, 'weight_decay': 0.0001488236911099174, 'batch_size': 512, 'tree_depth': 11}
2024-10-31 20:54:12,823 - INFO - Trial 839: Train MSE=1.895431011915207, Train R²=0.6851675638130733
2024-10-31 20:54:12,823 - INFO - Trial 839: Test MSE=2.2623913628714427, Test R²=0.6315673845154899
2024-10-31 20:54:12,823 - INFO - ============================================================================================================================================================================================================================================================================================================
2024-10-31 20:54:12,824 - INFO - Trial 839 finished with value: 2.2623913628714427 and parameters: {'hidden_layers': 1, 'hidden_units': 512, 'dropout_rate': 0.7845661987831778, 'learning_rate': 0.0014293761789910256, 'weight_decay': 0.0001488236911099174, 'batch_size': 512, 'tree_depth': 11}. Best is trial 601 with value: 2.1809195450374057.
2024-10-31 20:55:49,997 - INFO - Parameters: {'hidden_layers': 1, 'hidden_units': 256, 'dropout_rate': 0.7598909804730122, 'learning_rate': 0.0011020851125483216, 'weight_decay': 0.0003022790669925922, 'batch_size': 128, 'tree_depth': 11}
2024-10-31 20:55:49,998 - INFO - Trial 840: Train MSE=1.671265643622194, Train R²=0.7174137883952686
2024-10-31 20:55:49,998 - INFO - Trial 840: Test MSE=2.2853824198246, Test R²=0.6217793162379947
2024-10-31 20:55:49,998 - INFO - ============================================================================================================================================================================================================================================================================================================
2024-10-31 20:55:50,000 - INFO - Trial 840 finished with value: 2.2853824198246 and parameters: {'hidden_layers': 1, 'hidden_units': 256, 'dropout_rate': 0.7598909804730122, 'learning_rate': 0.0011020851125483216, 'weight_decay': 0.0003022790669925922, 'batch_size': 128, 'tree_depth': 11}. Best is trial 601 with value: 2.1809195450374057.
2024-10-31 20:56:33,258 - INFO - Parameters: {'hidden_layers': 1, 'hidden_units': 256, 'dropout_rate': 0.7738720712385772, 'learning_rate': 0.0009215666171486694, 'weight_decay': 0.000159979688190308, 'batch_size': 512, 'tree_depth': 11}
2024-10-31 20:56:33,258 - INFO - Trial 841: Train MSE=2.295748846871512, Train R²=0.618653233562197
2024-10-31 20:56:33,258 - INFO - Trial 841: Test MSE=2.244982957839966, Test R²=0.6346838474273682
2024-10-31 20:56:33,258 - INFO - ============================================================================================================================================================================================================================================================================================================
2024-10-31 20:56:33,260 - INFO - Trial 841 finished with value: 2.244982957839966 and parameters: {'hidden_layers': 1, 'hidden_units': 256, 'dropout_rate': 0.7738720712385772, 'learning_rate': 0.0009215666171486694, 'weight_decay': 0.000159979688190308, 'batch_size': 512, 'tree_depth': 11}. Best is trial 601 with value: 2.1809195450374057.
2024-10-31 20:57:16,441 - INFO - Parameters: {'hidden_layers': 1, 'hidden_units': 128, 'dropout_rate': 0.7836765962550652, 'learning_rate': 0.0008454205972010983, 'weight_decay': 0.0006086650670880674, 'batch_size': 512, 'tree_depth': 12}
2024-10-31 20:57:16,441 - INFO - Trial 842: Train MSE=2.9860439470836093, Train R²=0.5015778158392225
2024-10-31 20:57:16,441 - INFO - Trial 842: Test MSE=2.2315781457083568, Test R²=0.6368541717529297
2024-10-31 20:57:16,442 - INFO - ============================================================================================================================================================================================================================================================================================================
2024-10-31 20:57:16,442 - INFO - Trial 842 finished with value: 2.2315781457083568 and parameters: {'hidden_layers': 1, 'hidden_units': 128, 'dropout_rate': 0.7836765962550652, 'learning_rate': 0.0008454205972010983, 'weight_decay': 0.0006086650670880674, 'batch_size': 512, 'tree_depth': 12}. Best is trial 601 with value: 2.1809195450374057.
2024-10-31 20:57:59,988 - INFO - Parameters: {'hidden_layers': 1, 'hidden_units': 256, 'dropout_rate': 0.750441226147553, 'learning_rate': 0.001985228526544114, 'weight_decay': 0.0001185044377648376, 'batch_size': 512, 'tree_depth': 11}
2024-10-31 20:57:59,988 - INFO - Trial 843: Train MSE=1.8157477251120977, Train R²=0.6987286869968686
2024-10-31 20:57:59,988 - INFO - Trial 843: Test MSE=2.2613760914121355, Test R²=0.6319554022380284
2024-10-31 20:57:59,988 - INFO - ============================================================================================================================================================================================================================================================================================================
