2024-10-31 14:48:19,451 - INFO - Trial 292 finished with value: 2.26219494002206 and parameters: {'hidden_layers': 1, 'hidden_units': 512, 'dropout_rate': 0.7451827464337323, 'learning_rate': 0.0022371725061753073, 'weight_decay': 0.0003419697879918518, 'batch_size': 512, 'tree_depth': 11}. Best is trial 104 with value: 2.1955713714872087.
2024-10-31 14:48:55,765 - INFO - Parameters: {'hidden_layers': 1, 'hidden_units': 256, 'dropout_rate': 0.7702833791181103, 'learning_rate': 0.002036117071123203, 'weight_decay': 0.00013094885018123139, 'batch_size': 512, 'tree_depth': 11}
2024-10-31 14:48:55,765 - INFO - Trial 293: Train MSE=1.970639271395547, Train R²=0.6704668317522321
2024-10-31 14:48:55,765 - INFO - Trial 293: Test MSE=2.276818803378514, Test R²=0.6292273572513035
2024-10-31 14:48:55,765 - INFO - ============================================================================================================================================================================================================================================================================================================
2024-10-31 14:48:55,767 - INFO - Trial 293 finished with value: 2.276818803378514 and parameters: {'hidden_layers': 1, 'hidden_units': 256, 'dropout_rate': 0.7702833791181103, 'learning_rate': 0.002036117071123203, 'weight_decay': 0.00013094885018123139, 'batch_size': 512, 'tree_depth': 11}. Best is trial 104 with value: 2.1955713714872087.
2024-10-31 14:49:30,810 - INFO - Parameters: {'hidden_layers': 1, 'hidden_units': 256, 'dropout_rate': 0.7846786520513244, 'learning_rate': 0.000762953448420325, 'weight_decay': 0.000360424900340677, 'batch_size': 512, 'tree_depth': 11}
2024-10-31 14:49:30,810 - INFO - Trial 294: Train MSE=2.5819922855922153, Train R²=0.569907580103193
2024-10-31 14:49:30,810 - INFO - Trial 294: Test MSE=2.237565806933812, Test R²=0.6358422296387809
2024-10-31 14:49:30,810 - INFO - ============================================================================================================================================================================================================================================================================================================
2024-10-31 14:49:30,811 - INFO - Trial 294 finished with value: 2.237565806933812 and parameters: {'hidden_layers': 1, 'hidden_units': 256, 'dropout_rate': 0.7846786520513244, 'learning_rate': 0.000762953448420325, 'weight_decay': 0.000360424900340677, 'batch_size': 512, 'tree_depth': 11}. Best is trial 104 with value: 2.1955713714872087.
2024-10-31 14:50:06,164 - INFO - Parameters: {'hidden_layers': 1, 'hidden_units': 256, 'dropout_rate': 0.7804551726802365, 'learning_rate': 0.0019459117373883806, 'weight_decay': 0.0001900818735259794, 'batch_size': 512, 'tree_depth': 11}
2024-10-31 14:50:06,164 - INFO - Trial 295: Train MSE=2.049704985959189, Train R²=0.658069201878139
2024-10-31 14:50:06,164 - INFO - Trial 295: Test MSE=2.2211368083953857, Test R²=0.6384285518101284
2024-10-31 14:50:06,165 - INFO - ============================================================================================================================================================================================================================================================================================================
2024-10-31 14:50:06,166 - INFO - Trial 295 finished with value: 2.2211368083953857 and parameters: {'hidden_layers': 1, 'hidden_units': 256, 'dropout_rate': 0.7804551726802365, 'learning_rate': 0.0019459117373883806, 'weight_decay': 0.0001900818735259794, 'batch_size': 512, 'tree_depth': 11}. Best is trial 104 with value: 2.1955713714872087.
2024-10-31 14:50:42,534 - INFO - Parameters: {'hidden_layers': 1, 'hidden_units': 256, 'dropout_rate': 0.7599762674432128, 'learning_rate': 0.001836539519553, 'weight_decay': 0.00018449420522947027, 'batch_size': 512, 'tree_depth': 11}
2024-10-31 14:50:42,534 - INFO - Trial 296: Train MSE=1.8949447572231293, Train R²=0.6850445866584778
2024-10-31 14:50:42,534 - INFO - Trial 296: Test MSE=2.2534898349217007, Test R²=0.6330956476075309
2024-10-31 14:50:42,534 - INFO - ============================================================================================================================================================================================================================================================================================================
2024-10-31 14:50:42,536 - INFO - Trial 296 finished with value: 2.2534898349217007 and parameters: {'hidden_layers': 1, 'hidden_units': 256, 'dropout_rate': 0.7599762674432128, 'learning_rate': 0.001836539519553, 'weight_decay': 0.00018449420522947027, 'batch_size': 512, 'tree_depth': 11}. Best is trial 104 with value: 2.1955713714872087.
2024-10-31 14:52:04,108 - INFO - Parameters: {'hidden_layers': 1, 'hidden_units': 256, 'dropout_rate': 0.7772716017690793, 'learning_rate': 0.001953354402612553, 'weight_decay': 0.000194874952502525, 'batch_size': 128, 'tree_depth': 11}
2024-10-31 14:52:04,108 - INFO - Trial 297: Train MSE=1.7839722824948174, Train R²=0.7001694078956332
2024-10-31 14:52:04,108 - INFO - Trial 297: Test MSE=2.265631688492639, Test R²=0.6251342871359417
2024-10-31 14:52:04,108 - INFO - ============================================================================================================================================================================================================================================================================================================
2024-10-31 14:52:04,109 - INFO - Trial 297 finished with value: 2.265631688492639 and parameters: {'hidden_layers': 1, 'hidden_units': 256, 'dropout_rate': 0.7772716017690793, 'learning_rate': 0.001953354402612553, 'weight_decay': 0.000194874952502525, 'batch_size': 128, 'tree_depth': 11}. Best is trial 104 with value: 2.1955713714872087.
2024-10-31 14:52:39,260 - INFO - Parameters: {'hidden_layers': 1, 'hidden_units': 256, 'dropout_rate': 0.7684710775198348, 'learning_rate': 0.0021963673237968386, 'weight_decay': 0.00017938163609642453, 'batch_size': 512, 'tree_depth': 11}
2024-10-31 14:52:39,260 - INFO - Trial 298: Train MSE=1.9625396515641893, Train R²=0.6726727187633514
2024-10-31 14:52:39,260 - INFO - Trial 298: Test MSE=2.263255766459874, Test R²=0.6314642344202314
2024-10-31 14:52:39,260 - INFO - ============================================================================================================================================================================================================================================================================================================
2024-10-31 14:52:39,262 - INFO - Trial 298 finished with value: 2.263255766459874 and parameters: {'hidden_layers': 1, 'hidden_units': 256, 'dropout_rate': 0.7684710775198348, 'learning_rate': 0.0021963673237968386, 'weight_decay': 0.00017938163609642453, 'batch_size': 512, 'tree_depth': 11}. Best is trial 104 with value: 2.1955713714872087.
2024-10-31 14:53:14,299 - INFO - Parameters: {'hidden_layers': 1, 'hidden_units': 256, 'dropout_rate': 0.780878233230344, 'learning_rate': 0.002892476064925624, 'weight_decay': 0.00014289085313307285, 'batch_size': 512, 'tree_depth': 11}
2024-10-31 14:53:14,299 - INFO - Trial 299: Train MSE=2.0101898355143413, Train R²=0.66478288599423
2024-10-31 14:53:14,300 - INFO - Trial 299: Test MSE=2.2432235990251814, Test R²=0.6346819741385323
2024-10-31 14:53:14,300 - INFO - ============================================================================================================================================================================================================================================================================================================
2024-10-31 14:53:14,301 - INFO - Trial 299 finished with value: 2.2432235990251814 and parameters: {'hidden_layers': 1, 'hidden_units': 256, 'dropout_rate': 0.780878233230344, 'learning_rate': 0.002892476064925624, 'weight_decay': 0.00014289085313307285, 'batch_size': 512, 'tree_depth': 11}. Best is trial 104 with value: 2.1955713714872087.
2024-10-31 14:53:50,236 - INFO - Parameters: {'hidden_layers': 1, 'hidden_units': 256, 'dropout_rate': 0.7902868166187041, 'learning_rate': 0.0017879690697374018, 'weight_decay': 0.00015991140236560483, 'batch_size': 512, 'tree_depth': 10}
2024-10-31 14:53:50,236 - INFO - Trial 300: Train MSE=2.2466758702482497, Train R²=0.6262990555592945
2024-10-31 14:53:50,236 - INFO - Trial 300: Test MSE=2.2657629251480103, Test R²=0.6313471879277911
2024-10-31 14:53:50,236 - INFO - ============================================================================================================================================================================================================================================================================================================
2024-10-31 14:53:50,237 - INFO - Trial 300 finished with value: 2.2657629251480103 and parameters: {'hidden_layers': 1, 'hidden_units': 256, 'dropout_rate': 0.7902868166187041, 'learning_rate': 0.0017879690697374018, 'weight_decay': 0.00015991140236560483, 'batch_size': 512, 'tree_depth': 10}. Best is trial 104 with value: 2.1955713714872087.
2024-10-31 14:54:27,209 - INFO - Parameters: {'hidden_layers': 1, 'hidden_units': 256, 'dropout_rate': 0.756660343749663, 'learning_rate': 0.001635313236222575, 'weight_decay': 0.00020681273519135477, 'batch_size': 512, 'tree_depth': 11}
2024-10-31 14:54:27,209 - INFO - Trial 301: Train MSE=1.8803363229547227, Train R²=0.6873016847031457
2024-10-31 14:54:27,209 - INFO - Trial 301: Test MSE=2.2626734461103166, Test R²=0.6317713686398098
2024-10-31 14:54:27,210 - INFO - ============================================================================================================================================================================================================================================================================================================
2024-10-31 14:54:27,212 - INFO - Trial 301 finished with value: 2.2626734461103166 and parameters: {'hidden_layers': 1, 'hidden_units': 256, 'dropout_rate': 0.756660343749663, 'learning_rate': 0.001635313236222575, 'weight_decay': 0.00020681273519135477, 'batch_size': 512, 'tree_depth': 11}. Best is trial 104 with value: 2.1955713714872087.
2024-10-31 14:55:02,395 - INFO - Parameters: {'hidden_layers': 1, 'hidden_units': 256, 'dropout_rate': 0.7813846270793073, 'learning_rate': 0.001665031739166429, 'weight_decay': 0.0003096939933226339, 'batch_size': 512, 'tree_depth': 11}
2024-10-31 14:55:02,395 - INFO - Trial 302: Train MSE=2.0896613129547665, Train R²=0.6526225975581578
2024-10-31 14:55:02,395 - INFO - Trial 302: Test MSE=2.215348550251552, Test R²=0.639419708933149
2024-10-31 14:55:02,395 - INFO - ============================================================================================================================================================================================================================================================================================================
2024-10-31 14:55:02,397 - INFO - Trial 302 finished with value: 2.215348550251552 and parameters: {'hidden_layers': 1, 'hidden_units': 256, 'dropout_rate': 0.7813846270793073, 'learning_rate': 0.001665031739166429, 'weight_decay': 0.0003096939933226339, 'batch_size': 512, 'tree_depth': 11}. Best is trial 104 with value: 2.1955713714872087.
2024-10-31 14:55:37,413 - INFO - Parameters: {'hidden_layers': 1, 'hidden_units': 256, 'dropout_rate': 0.7706922771088563, 'learning_rate': 0.0019856384269517475, 'weight_decay': 0.00019267619596894934, 'batch_size': 512, 'tree_depth': 11}
2024-10-31 14:55:37,413 - INFO - Trial 303: Train MSE=1.951871054513114, Train R²=0.6747430562973022
2024-10-31 14:55:37,413 - INFO - Trial 303: Test MSE=2.2743218626294817, Test R²=0.6296886035374233
2024-10-31 14:55:37,413 - INFO - ============================================================================================================================================================================================================================================================================================================
2024-10-31 14:55:37,415 - INFO - Trial 303 finished with value: 2.2743218626294817 and parameters: {'hidden_layers': 1, 'hidden_units': 256, 'dropout_rate': 0.7706922771088563, 'learning_rate': 0.0019856384269517475, 'weight_decay': 0.00019267619596894934, 'batch_size': 512, 'tree_depth': 11}. Best is trial 104 with value: 2.1955713714872087.
2024-10-31 14:56:12,940 - INFO - Parameters: {'hidden_layers': 1, 'hidden_units': 256, 'dropout_rate': 0.7810820678531947, 'learning_rate': 0.00036334219171275267, 'weight_decay': 0.000576802323730633, 'batch_size': 512, 'tree_depth': 11}
2024-10-31 14:56:12,940 - INFO - Trial 304: Train MSE=3.6504986030714854, Train R²=0.39136016581739697
2024-10-31 14:56:12,940 - INFO - Trial 304: Test MSE=2.331144230706351, Test R²=0.6205646395683289
2024-10-31 14:56:12,941 - INFO - ============================================================================================================================================================================================================================================================================================================
2024-10-31 14:56:12,941 - INFO - Trial 304 finished with value: 2.331144230706351 and parameters: {'hidden_layers': 1, 'hidden_units': 256, 'dropout_rate': 0.7810820678531947, 'learning_rate': 0.00036334219171275267, 'weight_decay': 0.000576802323730633, 'batch_size': 512, 'tree_depth': 11}. Best is trial 104 with value: 2.1955713714872087.
2024-10-31 14:56:47,220 - INFO - Parameters: {'hidden_layers': 1, 'hidden_units': 256, 'dropout_rate': 0.7381333862412761, 'learning_rate': 0.0017325515998664082, 'weight_decay': 0.00030542310294009393, 'batch_size': 512, 'tree_depth': 11}
2024-10-31 14:56:47,220 - INFO - Trial 305: Train MSE=1.7302497923374176, Train R²=0.7117474653891155
2024-10-31 14:56:47,220 - INFO - Trial 305: Test MSE=2.2541933059692383, Test R²=0.6329193200383868
2024-10-31 14:56:47,220 - INFO - ============================================================================================================================================================================================================================================================================================================
2024-10-31 14:56:47,222 - INFO - Trial 305 finished with value: 2.2541933059692383 and parameters: {'hidden_layers': 1, 'hidden_units': 256, 'dropout_rate': 0.7381333862412761, 'learning_rate': 0.0017325515998664082, 'weight_decay': 0.00030542310294009393, 'batch_size': 512, 'tree_depth': 11}. Best is trial 104 with value: 2.1955713714872087.
2024-10-31 14:57:25,087 - INFO - Parameters: {'hidden_layers': 1, 'hidden_units': 1024, 'dropout_rate': 0.5520004819376748, 'learning_rate': 0.002170769786167899, 'weight_decay': 0.00017227622296580263, 'batch_size': 512, 'tree_depth': 11}
2024-10-31 14:57:25,087 - INFO - Trial 306: Train MSE=0.8039975421769279, Train R²=0.8656996786594391
2024-10-31 14:57:25,087 - INFO - Trial 306: Test MSE=2.506347111293248, Test R²=0.59163156577519
2024-10-31 14:57:25,087 - INFO - ============================================================================================================================================================================================================================================================================================================
2024-10-31 14:57:25,088 - INFO - Trial 306 finished with value: 2.506347111293248 and parameters: {'hidden_layers': 1, 'hidden_units': 1024, 'dropout_rate': 0.5520004819376748, 'learning_rate': 0.002170769786167899, 'weight_decay': 0.00017227622296580263, 'batch_size': 512, 'tree_depth': 11}. Best is trial 104 with value: 2.1955713714872087.
2024-10-31 14:57:59,825 - INFO - Parameters: {'hidden_layers': 1, 'hidden_units': 256, 'dropout_rate': 0.763428812846829, 'learning_rate': 0.001874771478480956, 'weight_decay': 0.0003443772688514309, 'batch_size': 512, 'tree_depth': 11}
2024-10-31 14:57:59,825 - INFO - Trial 307: Train MSE=1.8686578486646925, Train R²=0.6889734693935939
2024-10-31 14:57:59,825 - INFO - Trial 307: Test MSE=2.2406857694898332, Test R²=0.6352412360055106
2024-10-31 14:57:59,825 - INFO - ============================================================================================================================================================================================================================================================================================================
2024-10-31 14:57:59,827 - INFO - Trial 307 finished with value: 2.2406857694898332 and parameters: {'hidden_layers': 1, 'hidden_units': 256, 'dropout_rate': 0.763428812846829, 'learning_rate': 0.001874771478480956, 'weight_decay': 0.0003443772688514309, 'batch_size': 512, 'tree_depth': 11}. Best is trial 104 with value: 2.1955713714872087.
2024-10-31 14:58:34,969 - INFO - Parameters: {'hidden_layers': 1, 'hidden_units': 256, 'dropout_rate': 0.7755226583719302, 'learning_rate': 0.0016192814744963634, 'weight_decay': 0.0001653361529095966, 'batch_size': 512, 'tree_depth': 11}
2024-10-31 14:58:34,969 - INFO - Trial 308: Train MSE=2.0952050941331044, Train R²=0.6504472089665276
2024-10-31 14:58:34,969 - INFO - Trial 308: Test MSE=2.244945696422032, Test R²=0.6347253833498273
2024-10-31 14:58:34,969 - INFO - ============================================================================================================================================================================================================================================================================================================
2024-10-31 14:58:34,970 - INFO - Trial 308 finished with value: 2.244945696422032 and parameters: {'hidden_layers': 1, 'hidden_units': 256, 'dropout_rate': 0.7755226583719302, 'learning_rate': 0.0016192814744963634, 'weight_decay': 0.0001653361529095966, 'batch_size': 512, 'tree_depth': 11}. Best is trial 104 with value: 2.1955713714872087.
2024-10-31 14:59:12,495 - INFO - Parameters: {'hidden_layers': 1, 'hidden_units': 256, 'dropout_rate': 0.7852880438837107, 'learning_rate': 0.006163652463537492, 'weight_decay': 0.0003273865403640704, 'batch_size': 512, 'tree_depth': 11}
2024-10-31 14:59:12,495 - INFO - Trial 309: Train MSE=2.031993533883776, Train R²=0.6617821731737682
2024-10-31 14:59:12,496 - INFO - Trial 309: Test MSE=2.2953629153115407, Test R²=0.6264039022581918
2024-10-31 14:59:12,496 - INFO - ============================================================================================================================================================================================================================================================================================================
2024-10-31 14:59:12,498 - INFO - Trial 309 finished with value: 2.2953629153115407 and parameters: {'hidden_layers': 1, 'hidden_units': 256, 'dropout_rate': 0.7852880438837107, 'learning_rate': 0.006163652463537492, 'weight_decay': 0.0003273865403640704, 'batch_size': 512, 'tree_depth': 11}. Best is trial 104 with value: 2.1955713714872087.
2024-10-31 14:59:42,476 - INFO - Parameters: {'hidden_layers': 1, 'hidden_units': 256, 'dropout_rate': 0.7518302110481703, 'learning_rate': 0.007107565966205014, 'weight_decay': 0.00030494189799640335, 'batch_size': 1024, 'tree_depth': 11}
2024-10-31 14:59:42,476 - INFO - Trial 310: Train MSE=1.8057881423405238, Train R²=0.699681716305869
2024-10-31 14:59:42,476 - INFO - Trial 310: Test MSE=2.2802171111106873, Test R²=0.6262310147285461
2024-10-31 14:59:42,476 - INFO - ============================================================================================================================================================================================================================================================================================================
2024-10-31 14:59:42,477 - INFO - Trial 310 finished with value: 2.2802171111106873 and parameters: {'hidden_layers': 1, 'hidden_units': 256, 'dropout_rate': 0.7518302110481703, 'learning_rate': 0.007107565966205014, 'weight_decay': 0.00030494189799640335, 'batch_size': 1024, 'tree_depth': 11}. Best is trial 104 with value: 2.1955713714872087.
2024-10-31 15:00:17,111 - INFO - Parameters: {'hidden_layers': 1, 'hidden_units': 256, 'dropout_rate': 0.7668643429782007, 'learning_rate': 0.0004667623155987225, 'weight_decay': 0.0003734956399203295, 'batch_size': 512, 'tree_depth': 11}
2024-10-31 15:00:17,111 - INFO - Trial 311: Train MSE=3.09432167666299, Train R²=0.48402600841862814
2024-10-31 15:00:17,111 - INFO - Trial 311: Test MSE=2.2749753849846974, Test R²=0.6298018523624965
2024-10-31 15:00:17,111 - INFO - ============================================================================================================================================================================================================================================================================================================
