2024-10-31 16:39:34,208 - INFO - Trial 463 finished with value: 2.2482741389955794 and parameters: {'hidden_layers': 1, 'hidden_units': 256, 'dropout_rate': 0.7559964506437205, 'learning_rate': 0.0009891031360512736, 'weight_decay': 0.00040574966982487185, 'batch_size': 512, 'tree_depth': 11}. Best is trial 104 with value: 2.1955713714872087.
2024-10-31 16:40:19,349 - INFO - Parameters: {'hidden_layers': 1, 'hidden_units': 256, 'dropout_rate': 0.7894991808989392, 'learning_rate': 0.0008363079846631432, 'weight_decay': 0.0005913769802781549, 'batch_size': 512, 'tree_depth': 11}
2024-10-31 16:40:19,350 - INFO - Trial 464: Train MSE=2.535955880369459, Train R²=0.5779150277376175
2024-10-31 16:40:19,350 - INFO - Trial 464: Test MSE=2.2420584644590105, Test R²=0.6351952297346932
2024-10-31 16:40:19,350 - INFO - ============================================================================================================================================================================================================================================================================================================
2024-10-31 16:40:19,351 - INFO - Trial 464 finished with value: 2.2420584644590105 and parameters: {'hidden_layers': 1, 'hidden_units': 256, 'dropout_rate': 0.7894991808989392, 'learning_rate': 0.0008363079846631432, 'weight_decay': 0.0005913769802781549, 'batch_size': 512, 'tree_depth': 11}. Best is trial 104 with value: 2.1955713714872087.
2024-10-31 16:41:04,869 - INFO - Parameters: {'hidden_layers': 1, 'hidden_units': 256, 'dropout_rate': 0.778117622740604, 'learning_rate': 0.0006630849513835206, 'weight_decay': 0.0003067068104765066, 'batch_size': 512, 'tree_depth': 12}
2024-10-31 16:41:04,869 - INFO - Trial 465: Train MSE=2.7506766489573886, Train R²=0.5421512084347861
2024-10-31 16:41:04,870 - INFO - Trial 465: Test MSE=2.242756349699838, Test R²=0.6349308746201652
2024-10-31 16:41:04,870 - INFO - ============================================================================================================================================================================================================================================================================================================
2024-10-31 16:41:04,871 - INFO - Trial 465 finished with value: 2.242756349699838 and parameters: {'hidden_layers': 1, 'hidden_units': 256, 'dropout_rate': 0.778117622740604, 'learning_rate': 0.0006630849513835206, 'weight_decay': 0.0003067068104765066, 'batch_size': 512, 'tree_depth': 12}. Best is trial 104 with value: 2.1955713714872087.
2024-10-31 16:41:49,978 - INFO - Parameters: {'hidden_layers': 1, 'hidden_units': 256, 'dropout_rate': 0.7905140956215517, 'learning_rate': 0.0012738157577543874, 'weight_decay': 0.00036213280267000526, 'batch_size': 512, 'tree_depth': 11}
2024-10-31 16:41:49,978 - INFO - Trial 466: Train MSE=2.2810607041631425, Train R²=0.6204465010336467
2024-10-31 16:41:49,978 - INFO - Trial 466: Test MSE=2.2325181450162614, Test R²=0.6365861126354763
2024-10-31 16:41:49,978 - INFO - ============================================================================================================================================================================================================================================================================================================
2024-10-31 16:41:49,979 - INFO - Trial 466 finished with value: 2.2325181450162614 and parameters: {'hidden_layers': 1, 'hidden_units': 256, 'dropout_rate': 0.7905140956215517, 'learning_rate': 0.0012738157577543874, 'weight_decay': 0.00036213280267000526, 'batch_size': 512, 'tree_depth': 11}. Best is trial 104 with value: 2.1955713714872087.
2024-10-31 16:43:30,664 - INFO - Parameters: {'hidden_layers': 1, 'hidden_units': 256, 'dropout_rate': 0.769562557308019, 'learning_rate': 0.0010619677708509107, 'weight_decay': 0.0003180579900763947, 'batch_size': 128, 'tree_depth': 11}
2024-10-31 16:43:30,664 - INFO - Trial 467: Train MSE=1.7664886808821134, Train R²=0.701086451964719
2024-10-31 16:43:30,664 - INFO - Trial 467: Test MSE=2.2776810824871063, Test R²=0.622828768832343
2024-10-31 16:43:30,664 - INFO - ============================================================================================================================================================================================================================================================================================================
2024-10-31 16:43:30,665 - INFO - Trial 467 finished with value: 2.2776810824871063 and parameters: {'hidden_layers': 1, 'hidden_units': 256, 'dropout_rate': 0.769562557308019, 'learning_rate': 0.0010619677708509107, 'weight_decay': 0.0003180579900763947, 'batch_size': 128, 'tree_depth': 11}. Best is trial 104 with value: 2.1955713714872087.
2024-10-31 16:44:06,264 - INFO - Parameters: {'hidden_layers': 1, 'hidden_units': 256, 'dropout_rate': 0.7827245482071866, 'learning_rate': 0.0015939540144736294, 'weight_decay': 0.00026386937775872064, 'batch_size': 512, 'tree_depth': 12}
2024-10-31 16:44:06,264 - INFO - Trial 468: Train MSE=2.100930311850139, Train R²=0.650671763079507
2024-10-31 16:44:06,264 - INFO - Trial 468: Test MSE=2.252826145717076, Test R²=0.6332359824861798
2024-10-31 16:44:06,264 - INFO - ============================================================================================================================================================================================================================================================================================================
2024-10-31 16:44:06,265 - INFO - Trial 468 finished with value: 2.252826145717076 and parameters: {'hidden_layers': 1, 'hidden_units': 256, 'dropout_rate': 0.7827245482071866, 'learning_rate': 0.0015939540144736294, 'weight_decay': 0.00026386937775872064, 'batch_size': 512, 'tree_depth': 12}. Best is trial 104 with value: 2.1955713714872087.
2024-10-31 16:44:49,011 - INFO - Parameters: {'hidden_layers': 1, 'hidden_units': 256, 'dropout_rate': 0.7917889100512066, 'learning_rate': 0.00826810429375644, 'weight_decay': 0.00029699078757326297, 'batch_size': 512, 'tree_depth': 11}
2024-10-31 16:44:49,011 - INFO - Trial 469: Train MSE=2.0806101816041127, Train R²=0.6540148066622871
2024-10-31 16:44:49,011 - INFO - Trial 469: Test MSE=2.2223496437072754, Test R²=0.6382711614881244
2024-10-31 16:44:49,011 - INFO - ============================================================================================================================================================================================================================================================================================================
2024-10-31 16:44:49,012 - INFO - Trial 469 finished with value: 2.2223496437072754 and parameters: {'hidden_layers': 1, 'hidden_units': 256, 'dropout_rate': 0.7917889100512066, 'learning_rate': 0.00826810429375644, 'weight_decay': 0.00029699078757326297, 'batch_size': 512, 'tree_depth': 11}. Best is trial 104 with value: 2.1955713714872087.
2024-10-31 16:45:26,609 - INFO - Parameters: {'hidden_layers': 1, 'hidden_units': 512, 'dropout_rate': 0.7633980198747565, 'learning_rate': 0.0008837731169115154, 'weight_decay': 0.000274243851694502, 'batch_size': 512, 'tree_depth': 11}
2024-10-31 16:45:26,609 - INFO - Trial 470: Train MSE=2.025430445160185, Train R²=0.6634559822934014
2024-10-31 16:45:26,609 - INFO - Trial 470: Test MSE=2.237715312412807, Test R²=0.6357851283890861
2024-10-31 16:45:26,609 - INFO - ============================================================================================================================================================================================================================================================================================================
2024-10-31 16:45:26,610 - INFO - Trial 470 finished with value: 2.237715312412807 and parameters: {'hidden_layers': 1, 'hidden_units': 512, 'dropout_rate': 0.7633980198747565, 'learning_rate': 0.0008837731169115154, 'weight_decay': 0.000274243851694502, 'batch_size': 512, 'tree_depth': 11}. Best is trial 104 with value: 2.1955713714872087.
2024-10-31 16:46:05,670 - INFO - Parameters: {'hidden_layers': 1, 'hidden_units': 256, 'dropout_rate': 0.5881646789388866, 'learning_rate': 0.001192990319294881, 'weight_decay': 0.00049347445475761, 'batch_size': 512, 'tree_depth': 12}
2024-10-31 16:46:05,670 - INFO - Trial 471: Train MSE=1.1309175193309784, Train R²=0.8114391373736518
2024-10-31 16:46:05,670 - INFO - Trial 471: Test MSE=2.4097084317888533, Test R²=0.6078955275671822
2024-10-31 16:46:05,671 - INFO - ============================================================================================================================================================================================================================================================================================================
2024-10-31 16:46:05,672 - INFO - Trial 471 finished with value: 2.4097084317888533 and parameters: {'hidden_layers': 1, 'hidden_units': 256, 'dropout_rate': 0.5881646789388866, 'learning_rate': 0.001192990319294881, 'weight_decay': 0.00049347445475761, 'batch_size': 512, 'tree_depth': 12}. Best is trial 104 with value: 2.1955713714872087.
2024-10-31 16:46:50,808 - INFO - Parameters: {'hidden_layers': 1, 'hidden_units': 256, 'dropout_rate': 0.7765034625744462, 'learning_rate': 0.001742279441135839, 'weight_decay': 0.00034057966987857544, 'batch_size': 512, 'tree_depth': 11}
2024-10-31 16:46:50,808 - INFO - Trial 472: Train MSE=2.0486819573811124, Train R²=0.6581785018954959
2024-10-31 16:46:50,808 - INFO - Trial 472: Test MSE=2.2387508153915405, Test R²=0.6355229531015668
2024-10-31 16:46:50,809 - INFO - ============================================================================================================================================================================================================================================================================================================
2024-10-31 16:46:50,810 - INFO - Trial 472 finished with value: 2.2387508153915405 and parameters: {'hidden_layers': 1, 'hidden_units': 256, 'dropout_rate': 0.7765034625744462, 'learning_rate': 0.001742279441135839, 'weight_decay': 0.00034057966987857544, 'batch_size': 512, 'tree_depth': 11}. Best is trial 104 with value: 2.1955713714872087.
2024-10-31 16:47:36,157 - INFO - Parameters: {'hidden_layers': 1, 'hidden_units': 256, 'dropout_rate': 0.7919381235811219, 'learning_rate': 0.0009753604204959504, 'weight_decay': 0.00029087691275267533, 'batch_size': 512, 'tree_depth': 11}
2024-10-31 16:47:36,157 - INFO - Trial 473: Train MSE=2.406566483633859, Train R²=0.5999467607055392
2024-10-31 16:47:36,157 - INFO - Trial 473: Test MSE=2.2326403004782542, Test R²=0.6365575620106289
2024-10-31 16:47:36,157 - INFO - ============================================================================================================================================================================================================================================================================================================
2024-10-31 16:47:36,159 - INFO - Trial 473 finished with value: 2.2326403004782542 and parameters: {'hidden_layers': 1, 'hidden_units': 256, 'dropout_rate': 0.7919381235811219, 'learning_rate': 0.0009753604204959504, 'weight_decay': 0.00029087691275267533, 'batch_size': 512, 'tree_depth': 11}. Best is trial 104 with value: 2.1955713714872087.
2024-10-31 16:48:20,893 - INFO - Parameters: {'hidden_layers': 1, 'hidden_units': 256, 'dropout_rate': 0.7830176880756335, 'learning_rate': 0.001428318145016142, 'weight_decay': 0.0003245207789681772, 'batch_size': 512, 'tree_depth': 12}
2024-10-31 16:48:20,893 - INFO - Trial 474: Train MSE=2.2207491057259694, Train R²=0.6294122551168714
2024-10-31 16:48:20,894 - INFO - Trial 474: Test MSE=2.251095771789551, Test R²=0.6334325415747506
2024-10-31 16:48:20,894 - INFO - ============================================================================================================================================================================================================================================================================================================
2024-10-31 16:48:20,895 - INFO - Trial 474 finished with value: 2.251095771789551 and parameters: {'hidden_layers': 1, 'hidden_units': 256, 'dropout_rate': 0.7830176880756335, 'learning_rate': 0.001428318145016142, 'weight_decay': 0.0003245207789681772, 'batch_size': 512, 'tree_depth': 12}. Best is trial 104 with value: 2.1955713714872087.
2024-10-31 16:49:04,998 - INFO - Parameters: {'hidden_layers': 1, 'hidden_units': 256, 'dropout_rate': 0.7997728413526374, 'learning_rate': 0.0010936127069224135, 'weight_decay': 0.0005243365535827773, 'batch_size': 512, 'tree_depth': 11}
2024-10-31 16:49:04,999 - INFO - Trial 475: Train MSE=2.453381257397788, Train R²=0.5922893541199821
2024-10-31 16:49:04,999 - INFO - Trial 475: Test MSE=2.237402285848345, Test R²=0.6359315429415021
2024-10-31 16:49:04,999 - INFO - ============================================================================================================================================================================================================================================================================================================
2024-10-31 16:49:05,001 - INFO - Trial 475 finished with value: 2.237402285848345 and parameters: {'hidden_layers': 1, 'hidden_units': 256, 'dropout_rate': 0.7997728413526374, 'learning_rate': 0.0010936127069224135, 'weight_decay': 0.0005243365535827773, 'batch_size': 512, 'tree_depth': 11}. Best is trial 104 with value: 2.1955713714872087.
2024-10-31 16:49:50,410 - INFO - Parameters: {'hidden_layers': 1, 'hidden_units': 256, 'dropout_rate': 0.7746916049592849, 'learning_rate': 0.006499710200120644, 'weight_decay': 0.00030767759195191795, 'batch_size': 512, 'tree_depth': 11}
2024-10-31 16:49:50,410 - INFO - Trial 476: Train MSE=1.9685841713632857, Train R²=0.6719280396189008
2024-10-31 16:49:50,410 - INFO - Trial 476: Test MSE=2.246307066508702, Test R²=0.6342116679464068
2024-10-31 16:49:50,410 - INFO - ============================================================================================================================================================================================================================================================================================================
2024-10-31 16:49:50,411 - INFO - Trial 476 finished with value: 2.246307066508702 and parameters: {'hidden_layers': 1, 'hidden_units': 256, 'dropout_rate': 0.7746916049592849, 'learning_rate': 0.006499710200120644, 'weight_decay': 0.00030767759195191795, 'batch_size': 512, 'tree_depth': 11}. Best is trial 104 with value: 2.1955713714872087.
2024-10-31 16:50:35,367 - INFO - Parameters: {'hidden_layers': 1, 'hidden_units': 256, 'dropout_rate': 0.561536221448853, 'learning_rate': 0.0008072107868490999, 'weight_decay': 0.0003723914545227512, 'batch_size': 512, 'tree_depth': 11}
2024-10-31 16:50:35,367 - INFO - Trial 477: Train MSE=1.2068383267947607, Train R²=0.7990442642143795
2024-10-31 16:50:35,367 - INFO - Trial 477: Test MSE=2.3766814299992154, Test R²=0.6130349040031433
2024-10-31 16:50:35,367 - INFO - ============================================================================================================================================================================================================================================================================================================
2024-10-31 16:50:35,369 - INFO - Trial 477 finished with value: 2.3766814299992154 and parameters: {'hidden_layers': 1, 'hidden_units': 256, 'dropout_rate': 0.561536221448853, 'learning_rate': 0.0008072107868490999, 'weight_decay': 0.0003723914545227512, 'batch_size': 512, 'tree_depth': 11}. Best is trial 104 with value: 2.1955713714872087.
2024-10-31 16:51:20,597 - INFO - Parameters: {'hidden_layers': 1, 'hidden_units': 256, 'dropout_rate': 0.7658791915158597, 'learning_rate': 0.0013421006832586113, 'weight_decay': 0.0004282359885940613, 'batch_size': 512, 'tree_depth': 12}
2024-10-31 16:51:20,597 - INFO - Trial 478: Train MSE=2.083389265196664, Train R²=0.6521698768649783
2024-10-31 16:51:20,597 - INFO - Trial 478: Test MSE=2.2882790906088695, Test R²=0.6274772371564593
2024-10-31 16:51:20,597 - INFO - ============================================================================================================================================================================================================================================================================================================
2024-10-31 16:51:20,597 - INFO - Trial 478 finished with value: 2.2882790906088695 and parameters: {'hidden_layers': 1, 'hidden_units': 256, 'dropout_rate': 0.7658791915158597, 'learning_rate': 0.0013421006832586113, 'weight_decay': 0.0004282359885940613, 'batch_size': 512, 'tree_depth': 12}. Best is trial 104 with value: 2.1955713714872087.
2024-10-31 16:52:05,311 - INFO - Parameters: {'hidden_layers': 1, 'hidden_units': 256, 'dropout_rate': 0.7497399037788265, 'learning_rate': 0.009379759538778265, 'weight_decay': 0.00034112150463256344, 'batch_size': 512, 'tree_depth': 11}
2024-10-31 16:52:05,311 - INFO - Trial 479: Train MSE=1.991895752293723, Train R²=0.668191196663039
2024-10-31 16:52:05,311 - INFO - Trial 479: Test MSE=2.2288352761949812, Test R²=0.6372904777526855
2024-10-31 16:52:05,311 - INFO - ============================================================================================================================================================================================================================================================================================================
2024-10-31 16:52:05,312 - INFO - Trial 479 finished with value: 2.2288352761949812 and parameters: {'hidden_layers': 1, 'hidden_units': 256, 'dropout_rate': 0.7497399037788265, 'learning_rate': 0.009379759538778265, 'weight_decay': 0.00034112150463256344, 'batch_size': 512, 'tree_depth': 11}. Best is trial 104 with value: 2.1955713714872087.
2024-10-31 16:52:50,901 - INFO - Parameters: {'hidden_layers': 1, 'hidden_units': 256, 'dropout_rate': 0.7859471072818363, 'learning_rate': 0.000978422089414978, 'weight_decay': 0.00045295471461247693, 'batch_size': 512, 'tree_depth': 11}
2024-10-31 16:52:50,901 - INFO - Trial 480: Train MSE=2.3993934903826033, Train R²=0.6003485258136477
2024-10-31 16:52:50,902 - INFO - Trial 480: Test MSE=2.252889462879726, Test R²=0.6332268970353263
2024-10-31 16:52:50,902 - INFO - ============================================================================================================================================================================================================================================================================================================
2024-10-31 16:52:50,903 - INFO - Trial 480 finished with value: 2.252889462879726 and parameters: {'hidden_layers': 1, 'hidden_units': 256, 'dropout_rate': 0.7859471072818363, 'learning_rate': 0.000978422089414978, 'weight_decay': 0.00045295471461247693, 'batch_size': 512, 'tree_depth': 11}. Best is trial 104 with value: 2.1955713714872087.
2024-10-31 16:53:28,828 - INFO - Parameters: {'hidden_layers': 1, 'hidden_units': 256, 'dropout_rate': 0.7927328187973118, 'learning_rate': 0.0012216009943181642, 'weight_decay': 0.00027744250568895076, 'batch_size': 1024, 'tree_depth': 10}
2024-10-31 16:53:28,829 - INFO - Trial 481: Train MSE=2.898148741040911, Train R²=0.5190610246998923
2024-10-31 16:53:28,829 - INFO - Trial 481: Test MSE=2.273642122745514, Test R²=0.6274463683366776
2024-10-31 16:53:28,829 - INFO - ============================================================================================================================================================================================================================================================================================================
2024-10-31 16:53:28,830 - INFO - Trial 481 finished with value: 2.273642122745514 and parameters: {'hidden_layers': 1, 'hidden_units': 256, 'dropout_rate': 0.7927328187973118, 'learning_rate': 0.0012216009943181642, 'weight_decay': 0.00027744250568895076, 'batch_size': 1024, 'tree_depth': 10}. Best is trial 104 with value: 2.1955713714872087.
2024-10-31 16:54:13,379 - INFO - Parameters: {'hidden_layers': 1, 'hidden_units': 256, 'dropout_rate': 0.7769806615756489, 'learning_rate': 0.003971223774117568, 'weight_decay': 0.0003141613277964958, 'batch_size': 512, 'tree_depth': 12}
2024-10-31 16:54:13,379 - INFO - Trial 482: Train MSE=1.9150168257100242, Train R²=0.6817861859287534
2024-10-31 16:54:13,380 - INFO - Trial 482: Test MSE=2.235680103302002, Test R²=0.6362185137612479
2024-10-31 16:54:13,380 - INFO - ============================================================================================================================================================================================================================================================================================================
