2024-10-31 17:37:38,948 - INFO - Trial 539 finished with value: 2.3547534261431013 and parameters: {'hidden_layers': 1, 'hidden_units': 256, 'dropout_rate': 0.7908367828660794, 'learning_rate': 0.003390730837973425, 'weight_decay': 0.0002583324260514996, 'batch_size': 512, 'tree_depth': 7}. Best is trial 104 with value: 2.1955713714872087.
2024-10-31 17:38:24,260 - INFO - Parameters: {'hidden_layers': 1, 'hidden_units': 256, 'dropout_rate': 0.7748387980385533, 'learning_rate': 0.0011456384493527512, 'weight_decay': 0.00025879813029427653, 'batch_size': 512, 'tree_depth': 11}
2024-10-31 17:38:24,261 - INFO - Trial 540: Train MSE=2.21411840404783, Train R²=0.6312159725597927
2024-10-31 17:38:24,261 - INFO - Trial 540: Test MSE=2.210411718913487, Test R²=0.6402810386248997
2024-10-31 17:38:24,261 - INFO - ============================================================================================================================================================================================================================================================================================================
2024-10-31 17:38:24,261 - INFO - Trial 540 finished with value: 2.210411718913487 and parameters: {'hidden_layers': 1, 'hidden_units': 256, 'dropout_rate': 0.7748387980385533, 'learning_rate': 0.0011456384493527512, 'weight_decay': 0.00025879813029427653, 'batch_size': 512, 'tree_depth': 11}. Best is trial 104 with value: 2.1955713714872087.
2024-10-31 17:39:08,633 - INFO - Parameters: {'hidden_layers': 1, 'hidden_units': 256, 'dropout_rate': 0.766269911732286, 'learning_rate': 0.0010998621010916726, 'weight_decay': 0.0002565314716818778, 'batch_size': 512, 'tree_depth': 11}
2024-10-31 17:39:08,633 - INFO - Trial 541: Train MSE=2.1995763778686523, Train R²=0.6338014453649521
2024-10-31 17:39:08,633 - INFO - Trial 541: Test MSE=2.2285988671439037, Test R²=0.6371824315616063
2024-10-31 17:39:08,633 - INFO - ============================================================================================================================================================================================================================================================================================================
2024-10-31 17:39:08,634 - INFO - Trial 541 finished with value: 2.2285988671439037 and parameters: {'hidden_layers': 1, 'hidden_units': 256, 'dropout_rate': 0.766269911732286, 'learning_rate': 0.0010998621010916726, 'weight_decay': 0.0002565314716818778, 'batch_size': 512, 'tree_depth': 11}. Best is trial 104 with value: 2.1955713714872087.
2024-10-31 17:39:53,471 - INFO - Parameters: {'hidden_layers': 1, 'hidden_units': 256, 'dropout_rate': 0.44805490979764473, 'learning_rate': 0.001135493190326402, 'weight_decay': 0.00023584984662511425, 'batch_size': 512, 'tree_depth': 11}
2024-10-31 17:39:53,471 - INFO - Trial 542: Train MSE=0.7930293487651008, Train R²=0.8679184743336269
2024-10-31 17:39:53,471 - INFO - Trial 542: Test MSE=2.4194496359143938, Test R²=0.6062414305550712
2024-10-31 17:39:53,471 - INFO - ============================================================================================================================================================================================================================================================================================================
2024-10-31 17:39:53,472 - INFO - Trial 542 finished with value: 2.4194496359143938 and parameters: {'hidden_layers': 1, 'hidden_units': 256, 'dropout_rate': 0.44805490979764473, 'learning_rate': 0.001135493190326402, 'weight_decay': 0.00023584984662511425, 'batch_size': 512, 'tree_depth': 11}. Best is trial 104 with value: 2.1955713714872087.
2024-10-31 17:41:18,548 - INFO - Parameters: {'hidden_layers': 1, 'hidden_units': 512, 'dropout_rate': 0.6431933892796307, 'learning_rate': 0.0012416729285853222, 'weight_decay': 0.00023904063220563497, 'batch_size': 128, 'tree_depth': 12}
2024-10-31 17:41:18,548 - INFO - Trial 543: Train MSE=1.1608800691153323, Train R²=0.8045305162668228
2024-10-31 17:41:18,548 - INFO - Trial 543: Test MSE=2.33083604489054, Test R²=0.614287257194519
2024-10-31 17:41:18,548 - INFO - ============================================================================================================================================================================================================================================================================================================
2024-10-31 17:41:18,549 - INFO - Trial 543 finished with value: 2.33083604489054 and parameters: {'hidden_layers': 1, 'hidden_units': 512, 'dropout_rate': 0.6431933892796307, 'learning_rate': 0.0012416729285853222, 'weight_decay': 0.00023904063220563497, 'batch_size': 128, 'tree_depth': 12}. Best is trial 104 with value: 2.1955713714872087.
2024-10-31 17:41:58,557 - INFO - Parameters: {'hidden_layers': 4, 'hidden_units': 256, 'dropout_rate': 0.7573206242303512, 'learning_rate': 0.0009544358581857532, 'weight_decay': 0.00022457208356309278, 'batch_size': 512, 'tree_depth': 11}
2024-10-31 17:41:58,558 - INFO - Trial 544: Train MSE=2.954462775162288, Train R²=0.5087620956557137
2024-10-31 17:41:58,558 - INFO - Trial 544: Test MSE=2.614865847996303, Test R²=0.5745874387877328
2024-10-31 17:41:58,558 - INFO - ============================================================================================================================================================================================================================================================================================================
2024-10-31 17:41:58,559 - INFO - Trial 544 finished with value: 2.614865847996303 and parameters: {'hidden_layers': 4, 'hidden_units': 256, 'dropout_rate': 0.7573206242303512, 'learning_rate': 0.0009544358581857532, 'weight_decay': 0.00022457208356309278, 'batch_size': 512, 'tree_depth': 11}. Best is trial 104 with value: 2.1955713714872087.
2024-10-31 17:42:42,744 - INFO - Parameters: {'hidden_layers': 1, 'hidden_units': 256, 'dropout_rate': 0.7750460783234432, 'learning_rate': 0.0010385760717357916, 'weight_decay': 0.0002531135089309153, 'batch_size': 512, 'tree_depth': 11}
2024-10-31 17:42:42,744 - INFO - Trial 545: Train MSE=2.3076620953423634, Train R²=0.6160832388060433
2024-10-31 17:42:42,744 - INFO - Trial 545: Test MSE=2.238334519522531, Test R²=0.6357140626226153
2024-10-31 17:42:42,745 - INFO - ============================================================================================================================================================================================================================================================================================================
2024-10-31 17:42:42,746 - INFO - Trial 545 finished with value: 2.238334519522531 and parameters: {'hidden_layers': 1, 'hidden_units': 256, 'dropout_rate': 0.7750460783234432, 'learning_rate': 0.0010385760717357916, 'weight_decay': 0.0002531135089309153, 'batch_size': 512, 'tree_depth': 11}. Best is trial 104 with value: 2.1955713714872087.
2024-10-31 17:43:27,083 - INFO - Parameters: {'hidden_layers': 1, 'hidden_units': 256, 'dropout_rate': 0.7442061423490053, 'learning_rate': 0.0011507644841819245, 'weight_decay': 0.00026062687755461515, 'batch_size': 512, 'tree_depth': 12}
2024-10-31 17:43:27,083 - INFO - Trial 546: Train MSE=1.9822582517351424, Train R²=0.6696304551192692
2024-10-31 17:43:27,083 - INFO - Trial 546: Test MSE=2.222651617867606, Test R²=0.6381913593837193
2024-10-31 17:43:27,083 - INFO - ============================================================================================================================================================================================================================================================================================================
2024-10-31 17:43:27,084 - INFO - Trial 546 finished with value: 2.222651617867606 and parameters: {'hidden_layers': 1, 'hidden_units': 256, 'dropout_rate': 0.7442061423490053, 'learning_rate': 0.0011507644841819245, 'weight_decay': 0.00026062687755461515, 'batch_size': 512, 'tree_depth': 12}. Best is trial 104 with value: 2.1955713714872087.
2024-10-31 17:44:05,973 - INFO - Parameters: {'hidden_layers': 1, 'hidden_units': 256, 'dropout_rate': 0.799690908071316, 'learning_rate': 0.001254646984833507, 'weight_decay': 0.0002689427503589699, 'batch_size': 512, 'tree_depth': 11}
2024-10-31 17:44:05,974 - INFO - Trial 547: Train MSE=2.3713642188480923, Train R²=0.6058929136821202
2024-10-31 17:44:05,974 - INFO - Trial 547: Test MSE=2.2501271622521535, Test R²=0.6338555046490261
2024-10-31 17:44:05,974 - INFO - ============================================================================================================================================================================================================================================================================================================
2024-10-31 17:44:05,975 - INFO - Trial 547 finished with value: 2.2501271622521535 and parameters: {'hidden_layers': 1, 'hidden_units': 256, 'dropout_rate': 0.799690908071316, 'learning_rate': 0.001254646984833507, 'weight_decay': 0.0002689427503589699, 'batch_size': 512, 'tree_depth': 11}. Best is trial 104 with value: 2.1955713714872087.
2024-10-31 17:44:47,918 - INFO - Parameters: {'hidden_layers': 1, 'hidden_units': 128, 'dropout_rate': 0.776530067411478, 'learning_rate': 0.0009294924939441491, 'weight_decay': 0.0002729612907914058, 'batch_size': 512, 'tree_depth': 11}
2024-10-31 17:44:47,919 - INFO - Trial 548: Train MSE=2.8595371501786366, Train R²=0.5245519067559924
2024-10-31 17:44:47,919 - INFO - Trial 548: Test MSE=2.2434448344366893, Test R²=0.6350063341004508
2024-10-31 17:44:47,919 - INFO - ============================================================================================================================================================================================================================================================================================================
2024-10-31 17:44:47,920 - INFO - Trial 548 finished with value: 2.2434448344366893 and parameters: {'hidden_layers': 1, 'hidden_units': 128, 'dropout_rate': 0.776530067411478, 'learning_rate': 0.0009294924939441491, 'weight_decay': 0.0002729612907914058, 'batch_size': 512, 'tree_depth': 11}. Best is trial 104 with value: 2.1955713714872087.
2024-10-31 17:45:33,092 - INFO - Parameters: {'hidden_layers': 1, 'hidden_units': 256, 'dropout_rate': 0.7842151715616111, 'learning_rate': 0.0010917377722675986, 'weight_decay': 0.00025631029546072304, 'batch_size': 512, 'tree_depth': 12}
2024-10-31 17:45:33,092 - INFO - Trial 549: Train MSE=2.3176535197666714, Train R²=0.6144608067614692
2024-10-31 17:45:33,092 - INFO - Trial 549: Test MSE=2.2575962713786533, Test R²=0.6325806209019252
2024-10-31 17:45:33,093 - INFO - ============================================================================================================================================================================================================================================================================================================
2024-10-31 17:45:33,094 - INFO - Trial 549 finished with value: 2.2575962713786533 and parameters: {'hidden_layers': 1, 'hidden_units': 256, 'dropout_rate': 0.7842151715616111, 'learning_rate': 0.0010917377722675986, 'weight_decay': 0.00025631029546072304, 'batch_size': 512, 'tree_depth': 12}. Best is trial 104 with value: 2.1955713714872087.
2024-10-31 17:46:14,471 - INFO - Parameters: {'hidden_layers': 2, 'hidden_units': 256, 'dropout_rate': 0.759695369106853, 'learning_rate': 0.0008810709129299848, 'weight_decay': 0.0002673701584253272, 'batch_size': 512, 'tree_depth': 11}
2024-10-31 17:46:14,472 - INFO - Trial 550: Train MSE=2.5381848556654796, Train R²=0.5769432442528861
2024-10-31 17:46:14,472 - INFO - Trial 550: Test MSE=2.237486873354231, Test R²=0.6357858606747219
2024-10-31 17:46:14,472 - INFO - ============================================================================================================================================================================================================================================================================================================
2024-10-31 17:46:14,473 - INFO - Trial 550 finished with value: 2.237486873354231 and parameters: {'hidden_layers': 2, 'hidden_units': 256, 'dropout_rate': 0.759695369106853, 'learning_rate': 0.0008810709129299848, 'weight_decay': 0.0002673701584253272, 'batch_size': 512, 'tree_depth': 11}. Best is trial 104 with value: 2.1955713714872087.
2024-10-31 17:46:51,309 - INFO - Parameters: {'hidden_layers': 1, 'hidden_units': 256, 'dropout_rate': 0.7686323866194655, 'learning_rate': 0.0013126277268752753, 'weight_decay': 0.0002810196385488795, 'batch_size': 512, 'tree_depth': 6}
2024-10-31 17:46:51,309 - INFO - Trial 551: Train MSE=3.0237544775009155, Train R²=0.4970608651638031
2024-10-31 17:46:51,310 - INFO - Trial 551: Test MSE=2.4259598595755443, Test R²=0.6050865139280047
2024-10-31 17:46:51,310 - INFO - ============================================================================================================================================================================================================================================================================================================
2024-10-31 17:46:51,310 - INFO - Trial 551 finished with value: 2.4259598595755443 and parameters: {'hidden_layers': 1, 'hidden_units': 256, 'dropout_rate': 0.7686323866194655, 'learning_rate': 0.0013126277268752753, 'weight_decay': 0.0002810196385488795, 'batch_size': 512, 'tree_depth': 6}. Best is trial 104 with value: 2.1955713714872087.
2024-10-31 17:47:36,546 - INFO - Parameters: {'hidden_layers': 1, 'hidden_units': 256, 'dropout_rate': 0.7908387078704261, 'learning_rate': 0.0010116351934353132, 'weight_decay': 0.0002808401498855579, 'batch_size': 512, 'tree_depth': 11}
2024-10-31 17:47:36,546 - INFO - Trial 552: Train MSE=2.3873216594968523, Train R²=0.6022855703319822
2024-10-31 17:47:36,546 - INFO - Trial 552: Test MSE=2.240452562059675, Test R²=0.6353511384555272
2024-10-31 17:47:36,546 - INFO - ============================================================================================================================================================================================================================================================================================================
2024-10-31 17:47:36,547 - INFO - Trial 552 finished with value: 2.240452562059675 and parameters: {'hidden_layers': 1, 'hidden_units': 256, 'dropout_rate': 0.7908387078704261, 'learning_rate': 0.0010116351934353132, 'weight_decay': 0.0002808401498855579, 'batch_size': 512, 'tree_depth': 11}. Best is trial 104 with value: 2.1955713714872087.
2024-10-31 17:48:21,805 - INFO - Parameters: {'hidden_layers': 1, 'hidden_units': 256, 'dropout_rate': 0.7779382456967934, 'learning_rate': 0.0011591151480837877, 'weight_decay': 0.0002431160150034154, 'batch_size': 512, 'tree_depth': 12}
2024-10-31 17:48:21,805 - INFO - Trial 553: Train MSE=2.190595124449049, Train R²=0.6358499441828046
2024-10-31 17:48:21,805 - INFO - Trial 553: Test MSE=2.2436793191092357, Test R²=0.634737457547869
2024-10-31 17:48:21,805 - INFO - ============================================================================================================================================================================================================================================================================================================
2024-10-31 17:48:21,807 - INFO - Trial 553 finished with value: 2.2436793191092357 and parameters: {'hidden_layers': 1, 'hidden_units': 256, 'dropout_rate': 0.7779382456967934, 'learning_rate': 0.0011591151480837877, 'weight_decay': 0.0002431160150034154, 'batch_size': 512, 'tree_depth': 12}. Best is trial 104 with value: 2.1955713714872087.
2024-10-31 17:49:06,753 - INFO - Parameters: {'hidden_layers': 1, 'hidden_units': 256, 'dropout_rate': 0.7912760991607739, 'learning_rate': 0.0006979353245473511, 'weight_decay': 0.00022443884616741804, 'batch_size': 512, 'tree_depth': 11}
2024-10-31 17:49:06,753 - INFO - Trial 554: Train MSE=2.740280704838889, Train R²=0.5439275588308062
2024-10-31 17:49:06,754 - INFO - Trial 554: Test MSE=2.2251816477094377, Test R²=0.6378361923354012
2024-10-31 17:49:06,754 - INFO - ============================================================================================================================================================================================================================================================================================================
2024-10-31 17:49:06,755 - INFO - Trial 554 finished with value: 2.2251816477094377 and parameters: {'hidden_layers': 1, 'hidden_units': 256, 'dropout_rate': 0.7912760991607739, 'learning_rate': 0.0006979353245473511, 'weight_decay': 0.00022443884616741804, 'batch_size': 512, 'tree_depth': 11}. Best is trial 104 with value: 2.1955713714872087.
2024-10-31 17:49:50,355 - INFO - Parameters: {'hidden_layers': 1, 'hidden_units': 256, 'dropout_rate': 0.7996834157271736, 'learning_rate': 0.0008230278277633446, 'weight_decay': 0.00025274629202033276, 'batch_size': 512, 'tree_depth': 11}
2024-10-31 17:49:50,355 - INFO - Trial 555: Train MSE=2.6725209525653293, Train R²=0.556436572756086
2024-10-31 17:49:50,355 - INFO - Trial 555: Test MSE=2.250084332057408, Test R²=0.6338804023606437
2024-10-31 17:49:50,355 - INFO - ============================================================================================================================================================================================================================================================================================================
2024-10-31 17:49:50,356 - INFO - Trial 555 finished with value: 2.250084332057408 and parameters: {'hidden_layers': 1, 'hidden_units': 256, 'dropout_rate': 0.7996834157271736, 'learning_rate': 0.0008230278277633446, 'weight_decay': 0.00025274629202033276, 'batch_size': 512, 'tree_depth': 11}. Best is trial 104 with value: 2.1955713714872087.
2024-10-31 17:50:29,483 - INFO - Parameters: {'hidden_layers': 1, 'hidden_units': 256, 'dropout_rate': 0.7829046415611791, 'learning_rate': 0.0010052861433467286, 'weight_decay': 0.00041300012281280215, 'batch_size': 1024, 'tree_depth': 12}
2024-10-31 17:50:29,483 - INFO - Trial 556: Train MSE=2.9141108308519637, Train R²=0.5160197743347713
2024-10-31 17:50:29,483 - INFO - Trial 556: Test MSE=2.2809959650039673, Test R²=0.626141294836998
2024-10-31 17:50:29,483 - INFO - ============================================================================================================================================================================================================================================================================================================
2024-10-31 17:50:29,485 - INFO - Trial 556 finished with value: 2.2809959650039673 and parameters: {'hidden_layers': 1, 'hidden_units': 256, 'dropout_rate': 0.7829046415611791, 'learning_rate': 0.0010052861433467286, 'weight_decay': 0.00041300012281280215, 'batch_size': 1024, 'tree_depth': 12}. Best is trial 104 with value: 2.1955713714872087.
2024-10-31 17:51:14,722 - INFO - Parameters: {'hidden_layers': 1, 'hidden_units': 256, 'dropout_rate': 0.7665392881955946, 'learning_rate': 0.002692114002658795, 'weight_decay': 0.00027114016207003806, 'batch_size': 512, 'tree_depth': 11}
2024-10-31 17:51:14,723 - INFO - Trial 557: Train MSE=1.9048367823873247, Train R²=0.6829052035297666
2024-10-31 17:51:14,723 - INFO - Trial 557: Test MSE=2.2333747489111766, Test R²=0.636496228831155
2024-10-31 17:51:14,723 - INFO - ============================================================================================================================================================================================================================================================================================================
2024-10-31 17:51:14,724 - INFO - Trial 557 finished with value: 2.2333747489111766 and parameters: {'hidden_layers': 1, 'hidden_units': 256, 'dropout_rate': 0.7665392881955946, 'learning_rate': 0.002692114002658795, 'weight_decay': 0.00027114016207003806, 'batch_size': 512, 'tree_depth': 11}. Best is trial 104 with value: 2.1955713714872087.
2024-10-31 17:51:54,552 - INFO - Parameters: {'hidden_layers': 3, 'hidden_units': 1024, 'dropout_rate': 0.7140961260712115, 'learning_rate': 0.0013148861212304375, 'weight_decay': 0.0002885920618592007, 'batch_size': 512, 'tree_depth': 12}
2024-10-31 17:51:54,552 - INFO - Trial 558: Train MSE=1.4888555748122079, Train R²=0.7522702259676797
2024-10-31 17:51:54,552 - INFO - Trial 558: Test MSE=2.327684300286429, Test R²=0.6208530238696507
2024-10-31 17:51:54,552 - INFO - ============================================================================================================================================================================================================================================================================================================
