2024-10-31 22:10:34,757 - INFO - Trial 957 finished with value: 2.2651523181370328 and parameters: {'hidden_layers': 1, 'hidden_units': 256, 'dropout_rate': 0.7166609919765755, 'learning_rate': 0.003239160216210038, 'weight_decay': 0.0003410378101130224, 'batch_size': 512, 'tree_depth': 11}. Best is trial 601 with value: 2.1809195450374057.
2024-10-31 22:11:04,354 - INFO - Parameters: {'hidden_layers': 1, 'hidden_units': 256, 'dropout_rate': 0.767508459133409, 'learning_rate': 0.002022070353534799, 'weight_decay': 0.00028909696592438347, 'batch_size': 512, 'tree_depth': 11}
2024-10-31 22:11:04,355 - INFO - Trial 958: Train MSE=1.9926561287471227, Train R²=0.6682613470724651
2024-10-31 22:11:04,355 - INFO - Trial 958: Test MSE=2.2699573721204485, Test R²=0.6302998406546456
2024-10-31 22:11:04,355 - INFO - ============================================================================================================================================================================================================================================================================================================
2024-10-31 22:11:04,356 - INFO - Trial 958 finished with value: 2.2699573721204485 and parameters: {'hidden_layers': 1, 'hidden_units': 256, 'dropout_rate': 0.767508459133409, 'learning_rate': 0.002022070353534799, 'weight_decay': 0.00028909696592438347, 'batch_size': 512, 'tree_depth': 11}. Best is trial 601 with value: 2.1809195450374057.
2024-10-31 22:11:34,264 - INFO - Parameters: {'hidden_layers': 2, 'hidden_units': 256, 'dropout_rate': 0.7707657453149679, 'learning_rate': 0.0028731460724713076, 'weight_decay': 0.0004876649457069326, 'batch_size': 512, 'tree_depth': 11}
2024-10-31 22:11:34,264 - INFO - Trial 959: Train MSE=2.1046750290053233, Train R²=0.6494067971195493
2024-10-31 22:11:34,265 - INFO - Trial 959: Test MSE=2.2436529908861433, Test R²=0.6346643652234759
2024-10-31 22:11:34,265 - INFO - ============================================================================================================================================================================================================================================================================================================
2024-10-31 22:11:34,266 - INFO - Trial 959 finished with value: 2.2436529908861433 and parameters: {'hidden_layers': 2, 'hidden_units': 256, 'dropout_rate': 0.7707657453149679, 'learning_rate': 0.0028731460724713076, 'weight_decay': 0.0004876649457069326, 'batch_size': 512, 'tree_depth': 11}. Best is trial 601 with value: 2.1809195450374057.
2024-10-31 22:12:06,264 - INFO - Parameters: {'hidden_layers': 1, 'hidden_units': 256, 'dropout_rate': 0.7819712992834343, 'learning_rate': 0.005648949455768657, 'weight_decay': 0.00011437940405136886, 'batch_size': 512, 'tree_depth': 9}
2024-10-31 22:12:06,264 - INFO - Trial 960: Train MSE=2.163293195622308, Train R²=0.6400751982416425
2024-10-31 22:12:06,264 - INFO - Trial 960: Test MSE=2.214860098702567, Test R²=0.6395658850669861
2024-10-31 22:12:06,264 - INFO - ============================================================================================================================================================================================================================================================================================================
2024-10-31 22:12:06,266 - INFO - Trial 960 finished with value: 2.214860098702567 and parameters: {'hidden_layers': 1, 'hidden_units': 256, 'dropout_rate': 0.7819712992834343, 'learning_rate': 0.005648949455768657, 'weight_decay': 0.00011437940405136886, 'batch_size': 512, 'tree_depth': 9}. Best is trial 601 with value: 2.1809195450374057.
2024-10-31 22:12:36,030 - INFO - Parameters: {'hidden_layers': 1, 'hidden_units': 256, 'dropout_rate': 0.749842302458492, 'learning_rate': 0.0015868631741620058, 'weight_decay': 0.00026760025079647994, 'batch_size': 512, 'tree_depth': 11}
2024-10-31 22:12:36,030 - INFO - Trial 961: Train MSE=1.8621742512498582, Train R²=0.6896608471870422
2024-10-31 22:12:36,030 - INFO - Trial 961: Test MSE=2.252388289996556, Test R²=0.6334196584565299
2024-10-31 22:12:36,030 - INFO - ============================================================================================================================================================================================================================================================================================================
2024-10-31 22:12:36,031 - INFO - Trial 961 finished with value: 2.252388289996556 and parameters: {'hidden_layers': 1, 'hidden_units': 256, 'dropout_rate': 0.749842302458492, 'learning_rate': 0.0015868631741620058, 'weight_decay': 0.00026760025079647994, 'batch_size': 512, 'tree_depth': 11}. Best is trial 601 with value: 2.1809195450374057.
2024-10-31 22:13:39,331 - INFO - Parameters: {'hidden_layers': 1, 'hidden_units': 256, 'dropout_rate': 0.6652148012634232, 'learning_rate': 0.0013928860638994776, 'weight_decay': 0.0005121453509034131, 'batch_size': 128, 'tree_depth': 11}
2024-10-31 22:13:39,331 - INFO - Trial 962: Train MSE=1.471099839146648, Train R²=0.7511052452027798
2024-10-31 22:13:39,331 - INFO - Trial 962: Test MSE=2.353690045220511, Test R²=0.6096676204885755
2024-10-31 22:13:39,331 - INFO - ============================================================================================================================================================================================================================================================================================================
2024-10-31 22:13:39,332 - INFO - Trial 962 finished with value: 2.353690045220511 and parameters: {'hidden_layers': 1, 'hidden_units': 256, 'dropout_rate': 0.6652148012634232, 'learning_rate': 0.0013928860638994776, 'weight_decay': 0.0005121453509034131, 'batch_size': 128, 'tree_depth': 11}. Best is trial 601 with value: 2.1809195450374057.
2024-10-31 22:14:09,543 - INFO - Parameters: {'hidden_layers': 1, 'hidden_units': 512, 'dropout_rate': 0.7920215770965885, 'learning_rate': 0.0011916965120025336, 'weight_decay': 0.00031464030895790037, 'batch_size': 512, 'tree_depth': 11}
2024-10-31 22:14:09,543 - INFO - Trial 963: Train MSE=2.018622270652226, Train R²=0.6632536692278725
2024-10-31 22:14:09,543 - INFO - Trial 963: Test MSE=2.240097556795393, Test R²=0.6353696584701538
2024-10-31 22:14:09,543 - INFO - ============================================================================================================================================================================================================================================================================================================
2024-10-31 22:14:09,544 - INFO - Trial 963 finished with value: 2.240097556795393 and parameters: {'hidden_layers': 1, 'hidden_units': 512, 'dropout_rate': 0.7920215770965885, 'learning_rate': 0.0011916965120025336, 'weight_decay': 0.00031464030895790037, 'batch_size': 512, 'tree_depth': 11}. Best is trial 601 with value: 2.1809195450374057.
2024-10-31 22:14:37,914 - INFO - Parameters: {'hidden_layers': 1, 'hidden_units': 256, 'dropout_rate': 0.7999035309031955, 'learning_rate': 0.0012956499896963427, 'weight_decay': 0.000560582823629913, 'batch_size': 512, 'tree_depth': 11}
2024-10-31 22:14:37,914 - INFO - Trial 964: Train MSE=2.318552723952702, Train R²=0.6149906686374119
2024-10-31 22:14:37,914 - INFO - Trial 964: Test MSE=2.2591404063361034, Test R²=0.6323293788092477
2024-10-31 22:14:37,914 - INFO - ============================================================================================================================================================================================================================================================================================================
2024-10-31 22:14:37,916 - INFO - Trial 964 finished with value: 2.2591404063361034 and parameters: {'hidden_layers': 1, 'hidden_units': 256, 'dropout_rate': 0.7999035309031955, 'learning_rate': 0.0012956499896963427, 'weight_decay': 0.000560582823629913, 'batch_size': 512, 'tree_depth': 11}. Best is trial 601 with value: 2.1809195450374057.
2024-10-31 22:15:07,735 - INFO - Parameters: {'hidden_layers': 1, 'hidden_units': 256, 'dropout_rate': 0.7707817722565804, 'learning_rate': 0.0016965493773888618, 'weight_decay': 0.00025975605825677705, 'batch_size': 512, 'tree_depth': 11}
2024-10-31 22:15:07,735 - INFO - Trial 965: Train MSE=2.004064163991383, Train R²=0.6662526918309075
2024-10-31 22:15:07,735 - INFO - Trial 965: Test MSE=2.2547879900251115, Test R²=0.6329271197319031
2024-10-31 22:15:07,735 - INFO - ============================================================================================================================================================================================================================================================================================================
2024-10-31 22:15:07,737 - INFO - Trial 965 finished with value: 2.2547879900251115 and parameters: {'hidden_layers': 1, 'hidden_units': 256, 'dropout_rate': 0.7707817722565804, 'learning_rate': 0.0016965493773888618, 'weight_decay': 0.00025975605825677705, 'batch_size': 512, 'tree_depth': 11}. Best is trial 601 with value: 2.1809195450374057.
2024-10-31 22:15:38,015 - INFO - Parameters: {'hidden_layers': 1, 'hidden_units': 128, 'dropout_rate': 0.7814268288032868, 'learning_rate': 0.0011398734173498496, 'weight_decay': 0.00027676231139789836, 'batch_size': 512, 'tree_depth': 11}
2024-10-31 22:15:38,015 - INFO - Trial 966: Train MSE=2.7448765209742954, Train R²=0.5433687418699265
2024-10-31 22:15:38,015 - INFO - Trial 966: Test MSE=2.2298885583877563, Test R²=0.6370676670755658
2024-10-31 22:15:38,016 - INFO - ============================================================================================================================================================================================================================================================================================================
2024-10-31 22:15:38,017 - INFO - Trial 966 finished with value: 2.2298885583877563 and parameters: {'hidden_layers': 1, 'hidden_units': 128, 'dropout_rate': 0.7814268288032868, 'learning_rate': 0.0011398734173498496, 'weight_decay': 0.00027676231139789836, 'batch_size': 512, 'tree_depth': 11}. Best is trial 601 with value: 2.1809195450374057.
2024-10-31 22:16:06,727 - INFO - Parameters: {'hidden_layers': 1, 'hidden_units': 256, 'dropout_rate': 0.7667513566899354, 'learning_rate': 0.00011946921652936034, 'weight_decay': 0.0004322500882397067, 'batch_size': 512, 'tree_depth': 11}
2024-10-31 22:16:06,728 - INFO - Trial 967: Train MSE=7.237776739256723, Train R²=-0.20516058802604675
2024-10-31 22:16:06,728 - INFO - Trial 967: Test MSE=3.0685880524771556, Test R²=0.5007755841527667
2024-10-31 22:16:06,728 - INFO - ============================================================================================================================================================================================================================================================================================================
2024-10-31 22:16:06,729 - INFO - Trial 967 finished with value: 3.0685880524771556 and parameters: {'hidden_layers': 1, 'hidden_units': 256, 'dropout_rate': 0.7667513566899354, 'learning_rate': 0.00011946921652936034, 'weight_decay': 0.0004322500882397067, 'batch_size': 512, 'tree_depth': 11}. Best is trial 601 with value: 2.1809195450374057.
2024-10-31 22:16:35,018 - INFO - Parameters: {'hidden_layers': 1, 'hidden_units': 256, 'dropout_rate': 0.7570977181804656, 'learning_rate': 0.0010278695595707528, 'weight_decay': 0.00037543085161703487, 'batch_size': 512, 'tree_depth': 11}
2024-10-31 22:16:35,018 - INFO - Trial 968: Train MSE=2.140433426414217, Train R²=0.6439585579293114
2024-10-31 22:16:35,018 - INFO - Trial 968: Test MSE=2.2521094254084995, Test R²=0.6334289397512164
2024-10-31 22:16:35,018 - INFO - ============================================================================================================================================================================================================================================================================================================
2024-10-31 22:16:35,020 - INFO - Trial 968 finished with value: 2.2521094254084995 and parameters: {'hidden_layers': 1, 'hidden_units': 256, 'dropout_rate': 0.7570977181804656, 'learning_rate': 0.0010278695595707528, 'weight_decay': 0.00037543085161703487, 'batch_size': 512, 'tree_depth': 11}. Best is trial 601 with value: 2.1809195450374057.
2024-10-31 22:17:02,940 - INFO - Parameters: {'hidden_layers': 1, 'hidden_units': 256, 'dropout_rate': 0.7912236239423277, 'learning_rate': 0.004688292252484051, 'weight_decay': 0.0002898266428784212, 'batch_size': 512, 'tree_depth': 10}
2024-10-31 22:17:02,940 - INFO - Trial 969: Train MSE=2.118408794913973, Train R²=0.647826897246497
2024-10-31 22:17:02,940 - INFO - Trial 969: Test MSE=2.2444395508084978, Test R²=0.634676456451416
2024-10-31 22:17:02,940 - INFO - ============================================================================================================================================================================================================================================================================================================
2024-10-31 22:17:02,941 - INFO - Trial 969 finished with value: 2.2444395508084978 and parameters: {'hidden_layers': 1, 'hidden_units': 256, 'dropout_rate': 0.7912236239423277, 'learning_rate': 0.004688292252484051, 'weight_decay': 0.0002898266428784212, 'batch_size': 512, 'tree_depth': 10}. Best is trial 601 with value: 2.1809195450374057.
2024-10-31 22:17:32,236 - INFO - Parameters: {'hidden_layers': 1, 'hidden_units': 256, 'dropout_rate': 0.7767588677912232, 'learning_rate': 0.007772295094553447, 'weight_decay': 0.00030674800541618684, 'batch_size': 512, 'tree_depth': 11}
2024-10-31 22:17:32,237 - INFO - Trial 970: Train MSE=2.062762681927, Train R²=0.6558719830853599
2024-10-31 22:17:32,237 - INFO - Trial 970: Test MSE=2.223459039415632, Test R²=0.6380749259676252
2024-10-31 22:17:32,237 - INFO - ============================================================================================================================================================================================================================================================================================================
2024-10-31 22:17:32,239 - INFO - Trial 970 finished with value: 2.223459039415632 and parameters: {'hidden_layers': 1, 'hidden_units': 256, 'dropout_rate': 0.7767588677912232, 'learning_rate': 0.007772295094553447, 'weight_decay': 0.00030674800541618684, 'batch_size': 512, 'tree_depth': 11}. Best is trial 601 with value: 2.1809195450374057.
2024-10-31 22:18:01,676 - INFO - Parameters: {'hidden_layers': 1, 'hidden_units': 256, 'dropout_rate': 0.7842410292962849, 'learning_rate': 0.0014944992277557414, 'weight_decay': 0.00017591864462360474, 'batch_size': 512, 'tree_depth': 11}
2024-10-31 22:18:01,676 - INFO - Trial 971: Train MSE=2.176123538187572, Train R²=0.6380781552621296
2024-10-31 22:18:01,676 - INFO - Trial 971: Test MSE=2.2462148666381836, Test R²=0.6343897836548942
2024-10-31 22:18:01,676 - INFO - ============================================================================================================================================================================================================================================================================================================
2024-10-31 22:18:01,677 - INFO - Trial 971 finished with value: 2.2462148666381836 and parameters: {'hidden_layers': 1, 'hidden_units': 256, 'dropout_rate': 0.7842410292962849, 'learning_rate': 0.0014944992277557414, 'weight_decay': 0.00017591864462360474, 'batch_size': 512, 'tree_depth': 11}. Best is trial 601 with value: 2.1809195450374057.
2024-10-31 22:18:29,256 - INFO - Parameters: {'hidden_layers': 1, 'hidden_units': 256, 'dropout_rate': 0.7920756932022877, 'learning_rate': 0.0012362114090025771, 'weight_decay': 0.0008964628464091786, 'batch_size': 512, 'tree_depth': 11}
2024-10-31 22:18:29,256 - INFO - Trial 972: Train MSE=2.2776940039225986, Train R²=0.6203905876193728
2024-10-31 22:18:29,256 - INFO - Trial 972: Test MSE=2.2307372093200684, Test R²=0.6368848936898368
2024-10-31 22:18:29,256 - INFO - ============================================================================================================================================================================================================================================================================================================
2024-10-31 22:18:29,258 - INFO - Trial 972 finished with value: 2.2307372093200684 and parameters: {'hidden_layers': 1, 'hidden_units': 256, 'dropout_rate': 0.7920756932022877, 'learning_rate': 0.0012362114090025771, 'weight_decay': 0.0008964628464091786, 'batch_size': 512, 'tree_depth': 11}. Best is trial 601 with value: 2.1809195450374057.
2024-10-31 22:18:58,727 - INFO - Parameters: {'hidden_layers': 1, 'hidden_units': 256, 'dropout_rate': 0.7723185747880542, 'learning_rate': 0.0023065964735164922, 'weight_decay': 0.0002578424915355685, 'batch_size': 512, 'tree_depth': 11}
2024-10-31 22:18:58,727 - INFO - Trial 973: Train MSE=1.9570910590035575, Train R²=0.6741986210857119
2024-10-31 22:18:58,727 - INFO - Trial 973: Test MSE=2.253227949142456, Test R²=0.6333023054259164
2024-10-31 22:18:58,727 - INFO - ============================================================================================================================================================================================================================================================================================================
2024-10-31 22:18:58,728 - INFO - Trial 973 finished with value: 2.253227949142456 and parameters: {'hidden_layers': 1, 'hidden_units': 256, 'dropout_rate': 0.7723185747880542, 'learning_rate': 0.0023065964735164922, 'weight_decay': 0.0002578424915355685, 'batch_size': 512, 'tree_depth': 11}. Best is trial 601 with value: 2.1809195450374057.
2024-10-31 22:19:27,404 - INFO - Parameters: {'hidden_layers': 1, 'hidden_units': 256, 'dropout_rate': 0.7360107963375154, 'learning_rate': 0.001349470104608296, 'weight_decay': 0.0002993093521980022, 'batch_size': 512, 'tree_depth': 12}
2024-10-31 22:19:27,404 - INFO - Trial 974: Train MSE=1.853694600718362, Train R²=0.6914723813533783
2024-10-31 22:19:27,404 - INFO - Trial 974: Test MSE=2.2520177023751393, Test R²=0.6332006284168789
2024-10-31 22:19:27,404 - INFO - ============================================================================================================================================================================================================================================================================================================
2024-10-31 22:19:27,405 - INFO - Trial 974 finished with value: 2.2520177023751393 and parameters: {'hidden_layers': 1, 'hidden_units': 256, 'dropout_rate': 0.7360107963375154, 'learning_rate': 0.001349470104608296, 'weight_decay': 0.0002993093521980022, 'batch_size': 512, 'tree_depth': 12}. Best is trial 601 with value: 2.1809195450374057.
2024-10-31 22:19:50,454 - INFO - Parameters: {'hidden_layers': 1, 'hidden_units': 256, 'dropout_rate': 0.7825805174912839, 'learning_rate': 0.0011252922136345033, 'weight_decay': 0.0003278634272117124, 'batch_size': 1024, 'tree_depth': 9}
2024-10-31 22:19:50,454 - INFO - Trial 975: Train MSE=2.9708143642970493, Train R²=0.5063865823405129
2024-10-31 22:19:50,454 - INFO - Trial 975: Test MSE=2.267633080482483, Test R²=0.6282691210508347
2024-10-31 22:19:50,455 - INFO - ============================================================================================================================================================================================================================================================================================================
2024-10-31 22:19:50,455 - INFO - Trial 975 finished with value: 2.267633080482483 and parameters: {'hidden_layers': 1, 'hidden_units': 256, 'dropout_rate': 0.7825805174912839, 'learning_rate': 0.0011252922136345033, 'weight_decay': 0.0003278634272117124, 'batch_size': 1024, 'tree_depth': 9}. Best is trial 601 with value: 2.1809195450374057.
2024-10-31 22:20:20,154 - INFO - Parameters: {'hidden_layers': 1, 'hidden_units': 256, 'dropout_rate': 0.7653600521360104, 'learning_rate': 0.0026934584915628097, 'weight_decay': 0.00041546000173370566, 'batch_size': 512, 'tree_depth': 11}
2024-10-31 22:20:20,154 - INFO - Trial 976: Train MSE=1.8889449025903429, Train R²=0.6852405795029232
2024-10-31 22:20:20,154 - INFO - Trial 976: Test MSE=2.2283405576433455, Test R²=0.6370874813624791
2024-10-31 22:20:20,154 - INFO - ============================================================================================================================================================================================================================================================================================================
