2024-10-31 18:32:47,866 - INFO - Trial 615 finished with value: 2.3171491622924805 and parameters: {'hidden_layers': 4, 'hidden_units': 256, 'dropout_rate': 0.7768082196097421, 'learning_rate': 0.0048589325114015685, 'weight_decay': 0.00027424479286998173, 'batch_size': 512, 'tree_depth': 11}. Best is trial 601 with value: 2.1809195450374057.
2024-10-31 18:33:22,385 - INFO - Parameters: {'hidden_layers': 1, 'hidden_units': 256, 'dropout_rate': 0.5145781338711937, 'learning_rate': 0.001053647778911092, 'weight_decay': 0.0005391937764857229, 'batch_size': 512, 'tree_depth': 11}
2024-10-31 18:33:22,385 - INFO - Trial 616: Train MSE=0.9506736653191703, Train R²=0.8416262503181186
2024-10-31 18:33:22,385 - INFO - Trial 616: Test MSE=2.3794590064457486, Test R²=0.6125337736947196
2024-10-31 18:33:22,385 - INFO - ============================================================================================================================================================================================================================================================================================================
2024-10-31 18:33:22,387 - INFO - Trial 616 finished with value: 2.3794590064457486 and parameters: {'hidden_layers': 1, 'hidden_units': 256, 'dropout_rate': 0.5145781338711937, 'learning_rate': 0.001053647778911092, 'weight_decay': 0.0005391937764857229, 'batch_size': 512, 'tree_depth': 11}. Best is trial 601 with value: 2.1809195450374057.
2024-10-31 18:33:54,286 - INFO - Parameters: {'hidden_layers': 1, 'hidden_units': 512, 'dropout_rate': 0.7888834012501486, 'learning_rate': 0.005913346202500983, 'weight_decay': 0.00021671073643638418, 'batch_size': 512, 'tree_depth': 12}
2024-10-31 18:33:54,286 - INFO - Trial 617: Train MSE=1.8325048770223344, Train R²=0.6940523875611169
2024-10-31 18:33:54,286 - INFO - Trial 617: Test MSE=2.2487422738756453, Test R²=0.6339485389845712
2024-10-31 18:33:54,286 - INFO - ============================================================================================================================================================================================================================================================================================================
2024-10-31 18:33:54,287 - INFO - Trial 617 finished with value: 2.2487422738756453 and parameters: {'hidden_layers': 1, 'hidden_units': 512, 'dropout_rate': 0.7888834012501486, 'learning_rate': 0.005913346202500983, 'weight_decay': 0.00021671073643638418, 'batch_size': 512, 'tree_depth': 12}. Best is trial 601 with value: 2.1809195450374057.
2024-10-31 18:35:21,053 - INFO - Parameters: {'hidden_layers': 1, 'hidden_units': 256, 'dropout_rate': 0.769649273664298, 'learning_rate': 0.0011579016441128499, 'weight_decay': 0.0002809732487265475, 'batch_size': 128, 'tree_depth': 11}
2024-10-31 18:35:21,054 - INFO - Trial 618: Train MSE=1.7662114703229495, Train R²=0.7015750301735741
2024-10-31 18:35:21,054 - INFO - Trial 618: Test MSE=2.258091006960188, Test R²=0.6255262451512473
2024-10-31 18:35:21,054 - INFO - ============================================================================================================================================================================================================================================================================================================
2024-10-31 18:35:21,055 - INFO - Trial 618 finished with value: 2.258091006960188 and parameters: {'hidden_layers': 1, 'hidden_units': 256, 'dropout_rate': 0.769649273664298, 'learning_rate': 0.0011579016441128499, 'weight_decay': 0.0002809732487265475, 'batch_size': 128, 'tree_depth': 11}. Best is trial 601 with value: 2.1809195450374057.
2024-10-31 18:35:56,634 - INFO - Parameters: {'hidden_layers': 1, 'hidden_units': 256, 'dropout_rate': 0.6151232363083776, 'learning_rate': 0.0026116753692444084, 'weight_decay': 0.0002641425863091307, 'batch_size': 512, 'tree_depth': 12}
2024-10-31 18:35:56,635 - INFO - Trial 619: Train MSE=1.1701864387307848, Train R²=0.8050213839326587
2024-10-31 18:35:56,635 - INFO - Trial 619: Test MSE=2.3535633087158203, Test R²=0.6168192625045776
2024-10-31 18:35:56,635 - INFO - ============================================================================================================================================================================================================================================================================================================
2024-10-31 18:35:56,636 - INFO - Trial 619 finished with value: 2.3535633087158203 and parameters: {'hidden_layers': 1, 'hidden_units': 256, 'dropout_rate': 0.6151232363083776, 'learning_rate': 0.0026116753692444084, 'weight_decay': 0.0002641425863091307, 'batch_size': 512, 'tree_depth': 12}. Best is trial 601 with value: 2.1809195450374057.
2024-10-31 18:36:34,516 - INFO - Parameters: {'hidden_layers': 1, 'hidden_units': 128, 'dropout_rate': 0.7997016126070557, 'learning_rate': 0.0013020421699065988, 'weight_decay': 0.0005774762719538302, 'batch_size': 512, 'tree_depth': 11}
2024-10-31 18:36:34,516 - INFO - Trial 620: Train MSE=2.965761457170759, Train R²=0.5051095251526151
2024-10-31 18:36:34,516 - INFO - Trial 620: Test MSE=2.2388399498803273, Test R²=0.6356802242142814
2024-10-31 18:36:34,516 - INFO - ============================================================================================================================================================================================================================================================================================================
2024-10-31 18:36:34,518 - INFO - Trial 620 finished with value: 2.2388399498803273 and parameters: {'hidden_layers': 1, 'hidden_units': 128, 'dropout_rate': 0.7997016126070557, 'learning_rate': 0.0013020421699065988, 'weight_decay': 0.0005774762719538302, 'batch_size': 512, 'tree_depth': 11}. Best is trial 601 with value: 2.1809195450374057.
2024-10-31 18:37:11,050 - INFO - Parameters: {'hidden_layers': 1, 'hidden_units': 256, 'dropout_rate': 0.7836686399526829, 'learning_rate': 0.006803637032320394, 'weight_decay': 0.0002380333212252502, 'batch_size': 512, 'tree_depth': 10}
2024-10-31 18:37:11,050 - INFO - Trial 621: Train MSE=2.0480502801282063, Train R²=0.6591427028179169
2024-10-31 18:37:11,050 - INFO - Trial 621: Test MSE=2.2538930007389615, Test R²=0.6329398580959865
2024-10-31 18:37:11,050 - INFO - ============================================================================================================================================================================================================================================================================================================
2024-10-31 18:37:11,052 - INFO - Trial 621 finished with value: 2.2538930007389615 and parameters: {'hidden_layers': 1, 'hidden_units': 256, 'dropout_rate': 0.7836686399526829, 'learning_rate': 0.006803637032320394, 'weight_decay': 0.0002380333212252502, 'batch_size': 512, 'tree_depth': 10}. Best is trial 601 with value: 2.1809195450374057.
2024-10-31 18:37:47,627 - INFO - Parameters: {'hidden_layers': 1, 'hidden_units': 256, 'dropout_rate': 0.7902765685562033, 'learning_rate': 0.0010047431370814159, 'weight_decay': 0.00028098609632070027, 'batch_size': 512, 'tree_depth': 11}
2024-10-31 18:37:47,627 - INFO - Trial 622: Train MSE=2.4566204377583096, Train R²=0.5916381308010646
2024-10-31 18:37:47,627 - INFO - Trial 622: Test MSE=2.3089084965842113, Test R²=0.6243165135383606
2024-10-31 18:37:47,627 - INFO - ============================================================================================================================================================================================================================================================================================================
2024-10-31 18:37:47,629 - INFO - Trial 622 finished with value: 2.3089084965842113 and parameters: {'hidden_layers': 1, 'hidden_units': 256, 'dropout_rate': 0.7902765685562033, 'learning_rate': 0.0010047431370814159, 'weight_decay': 0.00028098609632070027, 'batch_size': 512, 'tree_depth': 11}. Best is trial 601 with value: 2.1809195450374057.
2024-10-31 18:38:24,660 - INFO - Parameters: {'hidden_layers': 1, 'hidden_units': 256, 'dropout_rate': 0.7761160050263031, 'learning_rate': 0.0011418592626742286, 'weight_decay': 0.00029201498456642817, 'batch_size': 512, 'tree_depth': 12}
2024-10-31 18:38:24,661 - INFO - Trial 623: Train MSE=2.1869603225163052, Train R²=0.6358895365680967
2024-10-31 18:38:24,661 - INFO - Trial 623: Test MSE=2.24203998701913, Test R²=0.6350831730025155
2024-10-31 18:38:24,661 - INFO - ============================================================================================================================================================================================================================================================================================================
2024-10-31 18:38:24,662 - INFO - Trial 623 finished with value: 2.24203998701913 and parameters: {'hidden_layers': 1, 'hidden_units': 256, 'dropout_rate': 0.7761160050263031, 'learning_rate': 0.0011418592626742286, 'weight_decay': 0.00029201498456642817, 'batch_size': 512, 'tree_depth': 12}. Best is trial 601 with value: 2.1809195450374057.
2024-10-31 18:39:01,498 - INFO - Parameters: {'hidden_layers': 1, 'hidden_units': 256, 'dropout_rate': 0.7593200088154016, 'learning_rate': 0.0013784279018056813, 'weight_decay': 0.0002694675101060301, 'batch_size': 512, 'tree_depth': 11}
2024-10-31 18:39:01,498 - INFO - Trial 624: Train MSE=2.047741021428789, Train R²=0.6588534925665174
2024-10-31 18:39:01,498 - INFO - Trial 624: Test MSE=2.2355285372052873, Test R²=0.6362430708748954
2024-10-31 18:39:01,498 - INFO - ============================================================================================================================================================================================================================================================================================================
2024-10-31 18:39:01,499 - INFO - Trial 624 finished with value: 2.2355285372052873 and parameters: {'hidden_layers': 1, 'hidden_units': 256, 'dropout_rate': 0.7593200088154016, 'learning_rate': 0.0013784279018056813, 'weight_decay': 0.0002694675101060301, 'batch_size': 512, 'tree_depth': 11}. Best is trial 601 with value: 2.1809195450374057.
2024-10-31 18:39:36,113 - INFO - Parameters: {'hidden_layers': 1, 'hidden_units': 256, 'dropout_rate': 0.7891853946813483, 'learning_rate': 0.0010738955804973972, 'weight_decay': 0.0003187846044777238, 'batch_size': 512, 'tree_depth': 11}
2024-10-31 18:39:36,113 - INFO - Trial 625: Train MSE=2.367561170033046, Train R²=0.605783720101629
2024-10-31 18:39:36,113 - INFO - Trial 625: Test MSE=2.2364092213766917, Test R²=0.6358950989586967
2024-10-31 18:39:36,113 - INFO - ============================================================================================================================================================================================================================================================================================================
2024-10-31 18:39:36,115 - INFO - Trial 625 finished with value: 2.2364092213766917 and parameters: {'hidden_layers': 1, 'hidden_units': 256, 'dropout_rate': 0.7891853946813483, 'learning_rate': 0.0010738955804973972, 'weight_decay': 0.0003187846044777238, 'batch_size': 512, 'tree_depth': 11}. Best is trial 601 with value: 2.1809195450374057.
2024-10-31 18:40:13,047 - INFO - Parameters: {'hidden_layers': 1, 'hidden_units': 256, 'dropout_rate': 0.7803723981198907, 'learning_rate': 0.001267362417941127, 'weight_decay': 0.00024710920090864353, 'batch_size': 512, 'tree_depth': 12}
2024-10-31 18:40:13,047 - INFO - Trial 626: Train MSE=2.2311313918658664, Train R²=0.6281234707151141
2024-10-31 18:40:13,047 - INFO - Trial 626: Test MSE=2.241182327270508, Test R²=0.6352645839963641
2024-10-31 18:40:13,047 - INFO - ============================================================================================================================================================================================================================================================================================================
2024-10-31 18:40:13,049 - INFO - Trial 626 finished with value: 2.241182327270508 and parameters: {'hidden_layers': 1, 'hidden_units': 256, 'dropout_rate': 0.7803723981198907, 'learning_rate': 0.001267362417941127, 'weight_decay': 0.00024710920090864353, 'batch_size': 512, 'tree_depth': 12}. Best is trial 601 with value: 2.1809195450374057.
2024-10-31 18:40:52,034 - INFO - Parameters: {'hidden_layers': 2, 'hidden_units': 256, 'dropout_rate': 0.7675906085605704, 'learning_rate': 0.0034927823480057495, 'weight_decay': 0.0002037479165959463, 'batch_size': 512, 'tree_depth': 11}
2024-10-31 18:40:52,034 - INFO - Trial 627: Train MSE=1.9615691602230072, Train R²=0.6737073915345329
2024-10-31 18:40:52,035 - INFO - Trial 627: Test MSE=2.2983730861118863, Test R²=0.6258050288472857
2024-10-31 18:40:52,035 - INFO - ============================================================================================================================================================================================================================================================================================================
2024-10-31 18:40:52,036 - INFO - Trial 627 finished with value: 2.2983730861118863 and parameters: {'hidden_layers': 2, 'hidden_units': 256, 'dropout_rate': 0.7675906085605704, 'learning_rate': 0.0034927823480057495, 'weight_decay': 0.0002037479165959463, 'batch_size': 512, 'tree_depth': 11}. Best is trial 601 with value: 2.1809195450374057.
2024-10-31 18:41:29,043 - INFO - Parameters: {'hidden_layers': 1, 'hidden_units': 256, 'dropout_rate': 0.7914066170309744, 'learning_rate': 0.0014753865218601725, 'weight_decay': 0.000295175101499451, 'batch_size': 512, 'tree_depth': 11}
2024-10-31 18:41:29,043 - INFO - Trial 628: Train MSE=2.2518813695226396, Train R²=0.6246767001492637
2024-10-31 18:41:29,043 - INFO - Trial 628: Test MSE=2.247838224683489, Test R²=0.6342430455344064
2024-10-31 18:41:29,043 - INFO - ============================================================================================================================================================================================================================================================================================================
2024-10-31 18:41:29,044 - INFO - Trial 628 finished with value: 2.247838224683489 and parameters: {'hidden_layers': 1, 'hidden_units': 256, 'dropout_rate': 0.7914066170309744, 'learning_rate': 0.0014753865218601725, 'weight_decay': 0.000295175101499451, 'batch_size': 512, 'tree_depth': 11}. Best is trial 601 with value: 2.1809195450374057.
2024-10-31 18:42:09,185 - INFO - Parameters: {'hidden_layers': 1, 'hidden_units': 256, 'dropout_rate': 0.7778595942927212, 'learning_rate': 0.0010324042862036573, 'weight_decay': 0.0003287612300793818, 'batch_size': 512, 'tree_depth': 7}
2024-10-31 18:42:09,186 - INFO - Trial 629: Train MSE=2.9792434913771495, Train R²=0.503899233681815
2024-10-31 18:42:09,186 - INFO - Trial 629: Test MSE=2.344116108758109, Test R²=0.6184660622051784
2024-10-31 18:42:09,186 - INFO - ============================================================================================================================================================================================================================================================================================================
2024-10-31 18:42:09,187 - INFO - Trial 629 finished with value: 2.344116108758109 and parameters: {'hidden_layers': 1, 'hidden_units': 256, 'dropout_rate': 0.7778595942927212, 'learning_rate': 0.0010324042862036573, 'weight_decay': 0.0003287612300793818, 'batch_size': 512, 'tree_depth': 7}. Best is trial 601 with value: 2.1809195450374057.
2024-10-31 18:42:46,665 - INFO - Parameters: {'hidden_layers': 1, 'hidden_units': 256, 'dropout_rate': 0.7997972388190034, 'learning_rate': 0.0011890657857432168, 'weight_decay': 0.0002520614722911125, 'batch_size': 512, 'tree_depth': 12}
2024-10-31 18:42:46,665 - INFO - Trial 630: Train MSE=2.4473310794149126, Train R²=0.5935619686331067
2024-10-31 18:42:46,665 - INFO - Trial 630: Test MSE=2.233237079211644, Test R²=0.6365357552255902
2024-10-31 18:42:46,665 - INFO - ============================================================================================================================================================================================================================================================================================================
2024-10-31 18:42:46,666 - INFO - Trial 630 finished with value: 2.233237079211644 and parameters: {'hidden_layers': 1, 'hidden_units': 256, 'dropout_rate': 0.7997972388190034, 'learning_rate': 0.0011890657857432168, 'weight_decay': 0.0002520614722911125, 'batch_size': 512, 'tree_depth': 12}. Best is trial 601 with value: 2.1809195450374057.
2024-10-31 18:43:23,377 - INFO - Parameters: {'hidden_layers': 1, 'hidden_units': 256, 'dropout_rate': 0.783911294383375, 'learning_rate': 0.0038991885181904255, 'weight_decay': 0.0002840752715320913, 'batch_size': 512, 'tree_depth': 11}
2024-10-31 18:43:23,377 - INFO - Trial 631: Train MSE=1.9966280971254622, Train R²=0.6673060187271663
2024-10-31 18:43:23,377 - INFO - Trial 631: Test MSE=2.330379213605608, Test R²=0.6204996875354222
2024-10-31 18:43:23,377 - INFO - ============================================================================================================================================================================================================================================================================================================
2024-10-31 18:43:23,378 - INFO - Trial 631 finished with value: 2.330379213605608 and parameters: {'hidden_layers': 1, 'hidden_units': 256, 'dropout_rate': 0.783911294383375, 'learning_rate': 0.0038991885181904255, 'weight_decay': 0.0002840752715320913, 'batch_size': 512, 'tree_depth': 11}. Best is trial 601 with value: 2.1809195450374057.
2024-10-31 18:43:55,352 - INFO - Parameters: {'hidden_layers': 1, 'hidden_units': 256, 'dropout_rate': 0.7694933044644735, 'learning_rate': 0.0012639484834422213, 'weight_decay': 0.0006625206279663993, 'batch_size': 1024, 'tree_depth': 11}
2024-10-31 18:43:55,352 - INFO - Trial 632: Train MSE=2.510219250406538, Train R²=0.5826600406851087
2024-10-31 18:43:55,352 - INFO - Trial 632: Test MSE=2.260888934135437, Test R²=0.6294669359922409
2024-10-31 18:43:55,352 - INFO - ============================================================================================================================================================================================================================================================================================================
2024-10-31 18:43:55,353 - INFO - Trial 632 finished with value: 2.260888934135437 and parameters: {'hidden_layers': 1, 'hidden_units': 256, 'dropout_rate': 0.7694933044644735, 'learning_rate': 0.0012639484834422213, 'weight_decay': 0.0006625206279663993, 'batch_size': 1024, 'tree_depth': 11}. Best is trial 601 with value: 2.1809195450374057.
2024-10-31 18:44:32,407 - INFO - Parameters: {'hidden_layers': 1, 'hidden_units': 256, 'dropout_rate': 0.5736625498939826, 'learning_rate': 0.001109560859352026, 'weight_decay': 0.0003046583514947731, 'batch_size': 512, 'tree_depth': 12}
2024-10-31 18:44:32,407 - INFO - Trial 633: Train MSE=1.0927044876984187, Train R²=0.8182366213628224
2024-10-31 18:44:32,407 - INFO - Trial 633: Test MSE=2.365936756134033, Test R²=0.6151316080774579
2024-10-31 18:44:32,407 - INFO - ============================================================================================================================================================================================================================================================================================================
2024-10-31 18:44:32,408 - INFO - Trial 633 finished with value: 2.365936756134033 and parameters: {'hidden_layers': 1, 'hidden_units': 256, 'dropout_rate': 0.5736625498939826, 'learning_rate': 0.001109560859352026, 'weight_decay': 0.0003046583514947731, 'batch_size': 512, 'tree_depth': 12}. Best is trial 601 with value: 2.1809195450374057.
2024-10-31 18:45:17,133 - INFO - Parameters: {'hidden_layers': 1, 'hidden_units': 1024, 'dropout_rate': 0.7882478380699686, 'learning_rate': 0.0009841029953808148, 'weight_decay': 0.00026479384503711237, 'batch_size': 256, 'tree_depth': 9}
2024-10-31 18:45:17,133 - INFO - Trial 634: Train MSE=1.9692014796393258, Train R²=0.6703647949865886
2024-10-31 18:45:17,133 - INFO - Trial 634: Test MSE=2.278516181877681, Test R²=0.6269409911973136
2024-10-31 18:45:17,133 - INFO - ============================================================================================================================================================================================================================================================================================================
