2024-10-31 15:24:28,562 - INFO - Trial 349 finished with value: 2.228482348578317 and parameters: {'hidden_layers': 1, 'hidden_units': 256, 'dropout_rate': 0.7911401315879018, 'learning_rate': 0.002267300900726031, 'weight_decay': 0.00030529674861542197, 'batch_size': 512, 'tree_depth': 11}. Best is trial 104 with value: 2.1955713714872087.
2024-10-31 15:25:04,073 - INFO - Parameters: {'hidden_layers': 1, 'hidden_units': 256, 'dropout_rate': 0.7747379814875547, 'learning_rate': 0.0019815073843000306, 'weight_decay': 0.0002748142266365208, 'batch_size': 512, 'tree_depth': 11}
2024-10-31 15:25:04,073 - INFO - Trial 350: Train MSE=1.995669811964035, Train R²=0.6678850735936847
2024-10-31 15:25:04,074 - INFO - Trial 350: Test MSE=2.219775881086077, Test R²=0.6388169612203326
2024-10-31 15:25:04,074 - INFO - ============================================================================================================================================================================================================================================================================================================
2024-10-31 15:25:04,076 - INFO - Trial 350 finished with value: 2.219775881086077 and parameters: {'hidden_layers': 1, 'hidden_units': 256, 'dropout_rate': 0.7747379814875547, 'learning_rate': 0.0019815073843000306, 'weight_decay': 0.0002748142266365208, 'batch_size': 512, 'tree_depth': 11}. Best is trial 104 with value: 2.1955713714872087.
2024-10-31 15:25:39,201 - INFO - Parameters: {'hidden_layers': 1, 'hidden_units': 256, 'dropout_rate': 0.7644934513429658, 'learning_rate': 0.001948399748673526, 'weight_decay': 0.0002711956030669965, 'batch_size': 512, 'tree_depth': 11}
2024-10-31 15:25:39,201 - INFO - Trial 351: Train MSE=1.9129455430167062, Train R²=0.6817335528986794
2024-10-31 15:25:39,201 - INFO - Trial 351: Test MSE=2.2848250014441356, Test R²=0.6279853752681187
2024-10-31 15:25:39,201 - INFO - ============================================================================================================================================================================================================================================================================================================
2024-10-31 15:25:39,202 - INFO - Trial 351 finished with value: 2.2848250014441356 and parameters: {'hidden_layers': 1, 'hidden_units': 256, 'dropout_rate': 0.7644934513429658, 'learning_rate': 0.001948399748673526, 'weight_decay': 0.0002711956030669965, 'batch_size': 512, 'tree_depth': 11}. Best is trial 104 with value: 2.1955713714872087.
2024-10-31 15:26:14,825 - INFO - Parameters: {'hidden_layers': 1, 'hidden_units': 256, 'dropout_rate': 0.7808638121603468, 'learning_rate': 0.0021702519397332107, 'weight_decay': 0.00024586603730916413, 'batch_size': 512, 'tree_depth': 11}
2024-10-31 15:26:14,825 - INFO - Trial 352: Train MSE=2.07574662566185, Train R²=0.6549440899065563
2024-10-31 15:26:14,826 - INFO - Trial 352: Test MSE=2.2524941308157787, Test R²=0.6333332402365548
2024-10-31 15:26:14,826 - INFO - ============================================================================================================================================================================================================================================================================================================
2024-10-31 15:26:14,829 - INFO - Trial 352 finished with value: 2.2524941308157787 and parameters: {'hidden_layers': 1, 'hidden_units': 256, 'dropout_rate': 0.7808638121603468, 'learning_rate': 0.0021702519397332107, 'weight_decay': 0.00024586603730916413, 'batch_size': 512, 'tree_depth': 11}. Best is trial 104 with value: 2.1955713714872087.
2024-10-31 15:26:50,210 - INFO - Parameters: {'hidden_layers': 1, 'hidden_units': 256, 'dropout_rate': 0.7733607010961231, 'learning_rate': 0.0018661157845657902, 'weight_decay': 0.0002358591370462018, 'batch_size': 512, 'tree_depth': 11}
2024-10-31 15:26:50,211 - INFO - Trial 353: Train MSE=2.02207881637982, Train R²=0.6629362383059093
2024-10-31 15:26:50,211 - INFO - Trial 353: Test MSE=2.2331630843026296, Test R²=0.6364996433258057
2024-10-31 15:26:50,211 - INFO - ============================================================================================================================================================================================================================================================================================================
2024-10-31 15:26:50,212 - INFO - Trial 353 finished with value: 2.2331630843026296 and parameters: {'hidden_layers': 1, 'hidden_units': 256, 'dropout_rate': 0.7733607010961231, 'learning_rate': 0.0018661157845657902, 'weight_decay': 0.0002358591370462018, 'batch_size': 512, 'tree_depth': 11}. Best is trial 104 with value: 2.1955713714872087.
2024-10-31 15:27:24,426 - INFO - Parameters: {'hidden_layers': 1, 'hidden_units': 256, 'dropout_rate': 0.7930583937664785, 'learning_rate': 0.0026404353279076394, 'weight_decay': 0.0002666346340469055, 'batch_size': 512, 'tree_depth': 11}
2024-10-31 15:27:24,426 - INFO - Trial 354: Train MSE=2.107599058321544, Train R²=0.6495285694088254
2024-10-31 15:27:24,426 - INFO - Trial 354: Test MSE=2.2218718017850603, Test R²=0.6382670657975333
2024-10-31 15:27:24,426 - INFO - ============================================================================================================================================================================================================================================================================================================
2024-10-31 15:27:24,428 - INFO - Trial 354 finished with value: 2.2218718017850603 and parameters: {'hidden_layers': 1, 'hidden_units': 256, 'dropout_rate': 0.7930583937664785, 'learning_rate': 0.0026404353279076394, 'weight_decay': 0.0002666346340469055, 'batch_size': 512, 'tree_depth': 11}. Best is trial 104 with value: 2.1955713714872087.
2024-10-31 15:27:59,354 - INFO - Parameters: {'hidden_layers': 1, 'hidden_units': 256, 'dropout_rate': 0.7985237107026119, 'learning_rate': 0.0024393927727216613, 'weight_decay': 0.0005493681749774136, 'batch_size': 512, 'tree_depth': 11}
2024-10-31 15:27:59,354 - INFO - Trial 355: Train MSE=2.228292235306331, Train R²=0.6276601340089526
2024-10-31 15:27:59,354 - INFO - Trial 355: Test MSE=2.2085209574018205, Test R²=0.64051525081907
2024-10-31 15:27:59,354 - INFO - ============================================================================================================================================================================================================================================================================================================
2024-10-31 15:27:59,356 - INFO - Trial 355 finished with value: 2.2085209574018205 and parameters: {'hidden_layers': 1, 'hidden_units': 256, 'dropout_rate': 0.7985237107026119, 'learning_rate': 0.0024393927727216613, 'weight_decay': 0.0005493681749774136, 'batch_size': 512, 'tree_depth': 11}. Best is trial 104 with value: 2.1955713714872087.
2024-10-31 15:28:35,677 - INFO - Parameters: {'hidden_layers': 1, 'hidden_units': 256, 'dropout_rate': 0.7928140803084672, 'learning_rate': 0.0032113454784736197, 'weight_decay': 0.0004934773383274759, 'batch_size': 512, 'tree_depth': 11}
2024-10-31 15:28:35,677 - INFO - Trial 356: Train MSE=2.140424417597907, Train R²=0.6441053684268679
2024-10-31 15:28:35,677 - INFO - Trial 356: Test MSE=2.250700984682356, Test R²=0.6335037180355617
2024-10-31 15:28:35,677 - INFO - ============================================================================================================================================================================================================================================================================================================
2024-10-31 15:28:35,679 - INFO - Trial 356 finished with value: 2.250700984682356 and parameters: {'hidden_layers': 1, 'hidden_units': 256, 'dropout_rate': 0.7928140803084672, 'learning_rate': 0.0032113454784736197, 'weight_decay': 0.0004934773383274759, 'batch_size': 512, 'tree_depth': 11}. Best is trial 104 with value: 2.1955713714872087.
2024-10-31 15:29:10,764 - INFO - Parameters: {'hidden_layers': 1, 'hidden_units': 256, 'dropout_rate': 0.7993196927663786, 'learning_rate': 0.0020575283530379334, 'weight_decay': 0.00054015846707249, 'batch_size': 512, 'tree_depth': 11}
2024-10-31 15:29:10,764 - INFO - Trial 357: Train MSE=2.2301831245422363, Train R²=0.6293641328811646
2024-10-31 15:29:10,764 - INFO - Trial 357: Test MSE=2.2949310030256, Test R²=0.6264887963022504
2024-10-31 15:29:10,765 - INFO - ============================================================================================================================================================================================================================================================================================================
2024-10-31 15:29:10,766 - INFO - Trial 357 finished with value: 2.2949310030256 and parameters: {'hidden_layers': 1, 'hidden_units': 256, 'dropout_rate': 0.7993196927663786, 'learning_rate': 0.0020575283530379334, 'weight_decay': 0.00054015846707249, 'batch_size': 512, 'tree_depth': 11}. Best is trial 104 with value: 2.1955713714872087.
2024-10-31 15:29:47,723 - INFO - Parameters: {'hidden_layers': 1, 'hidden_units': 256, 'dropout_rate': 0.7986363372037022, 'learning_rate': 0.0022415664840773563, 'weight_decay': 0.000686582875932205, 'batch_size': 512, 'tree_depth': 11}
2024-10-31 15:29:47,723 - INFO - Trial 358: Train MSE=2.245400939668928, Train R²=0.6271212377718517
2024-10-31 15:29:47,723 - INFO - Trial 358: Test MSE=2.2585882459368025, Test R²=0.6322902355875287
2024-10-31 15:29:47,723 - INFO - ============================================================================================================================================================================================================================================================================================================
2024-10-31 15:29:47,725 - INFO - Trial 358 finished with value: 2.2585882459368025 and parameters: {'hidden_layers': 1, 'hidden_units': 256, 'dropout_rate': 0.7986363372037022, 'learning_rate': 0.0022415664840773563, 'weight_decay': 0.000686582875932205, 'batch_size': 512, 'tree_depth': 11}. Best is trial 104 with value: 2.1955713714872087.
2024-10-31 15:30:23,671 - INFO - Parameters: {'hidden_layers': 1, 'hidden_units': 256, 'dropout_rate': 0.7878354253562941, 'learning_rate': 0.0021120153546608073, 'weight_decay': 0.0004736887924513113, 'batch_size': 512, 'tree_depth': 11}
2024-10-31 15:30:23,671 - INFO - Trial 359: Train MSE=2.076184515442167, Train R²=0.6535346720899854
2024-10-31 15:30:23,671 - INFO - Trial 359: Test MSE=2.223376444407872, Test R²=0.6382663590567452
2024-10-31 15:30:23,671 - INFO - ============================================================================================================================================================================================================================================================================================================
2024-10-31 15:30:23,673 - INFO - Trial 359 finished with value: 2.223376444407872 and parameters: {'hidden_layers': 1, 'hidden_units': 256, 'dropout_rate': 0.7878354253562941, 'learning_rate': 0.0021120153546608073, 'weight_decay': 0.0004736887924513113, 'batch_size': 512, 'tree_depth': 11}. Best is trial 104 with value: 2.1955713714872087.
2024-10-31 15:30:52,997 - INFO - Parameters: {'hidden_layers': 1, 'hidden_units': 256, 'dropout_rate': 0.7751561807665448, 'learning_rate': 0.0024803548772027624, 'weight_decay': 0.0006163796986434591, 'batch_size': 1024, 'tree_depth': 12}
2024-10-31 15:30:52,997 - INFO - Trial 360: Train MSE=2.1543568883623396, Train R²=0.6420921129839761
2024-10-31 15:30:52,997 - INFO - Trial 360: Test MSE=2.250946342945099, Test R²=0.631117582321167
2024-10-31 15:30:52,997 - INFO - ============================================================================================================================================================================================================================================================================================================
2024-10-31 15:30:52,998 - INFO - Trial 360 finished with value: 2.250946342945099 and parameters: {'hidden_layers': 1, 'hidden_units': 256, 'dropout_rate': 0.7751561807665448, 'learning_rate': 0.0024803548772027624, 'weight_decay': 0.0006163796986434591, 'batch_size': 1024, 'tree_depth': 12}. Best is trial 104 with value: 2.1955713714872087.
2024-10-31 15:31:28,741 - INFO - Parameters: {'hidden_layers': 1, 'hidden_units': 256, 'dropout_rate': 0.7592221576069778, 'learning_rate': 0.0009652576504227578, 'weight_decay': 0.0002880174565392892, 'batch_size': 512, 'tree_depth': 11}
2024-10-31 15:31:28,741 - INFO - Trial 361: Train MSE=2.1557181690420424, Train R²=0.6411269392286029
2024-10-31 15:31:28,741 - INFO - Trial 361: Test MSE=2.2220589092799594, Test R²=0.6382444500923157
2024-10-31 15:31:28,742 - INFO - ============================================================================================================================================================================================================================================================================================================
2024-10-31 15:31:28,743 - INFO - Trial 361 finished with value: 2.2220589092799594 and parameters: {'hidden_layers': 1, 'hidden_units': 256, 'dropout_rate': 0.7592221576069778, 'learning_rate': 0.0009652576504227578, 'weight_decay': 0.0002880174565392892, 'batch_size': 512, 'tree_depth': 11}. Best is trial 104 with value: 2.1955713714872087.
2024-10-31 15:32:05,995 - INFO - Parameters: {'hidden_layers': 1, 'hidden_units': 256, 'dropout_rate': 0.7846881799648973, 'learning_rate': 0.001888316917078822, 'weight_decay': 0.00022308549347483316, 'batch_size': 512, 'tree_depth': 10}
2024-10-31 15:32:05,995 - INFO - Trial 362: Train MSE=2.218300619295665, Train R²=0.6308071528162275
2024-10-31 15:32:05,995 - INFO - Trial 362: Test MSE=2.231129135404314, Test R²=0.6369799971580505
2024-10-31 15:32:05,995 - INFO - ============================================================================================================================================================================================================================================================================================================
2024-10-31 15:32:05,996 - INFO - Trial 362 finished with value: 2.231129135404314 and parameters: {'hidden_layers': 1, 'hidden_units': 256, 'dropout_rate': 0.7846881799648973, 'learning_rate': 0.001888316917078822, 'weight_decay': 0.00022308549347483316, 'batch_size': 512, 'tree_depth': 10}. Best is trial 104 with value: 2.1955713714872087.
2024-10-31 15:32:44,236 - INFO - Parameters: {'hidden_layers': 1, 'hidden_units': 256, 'dropout_rate': 0.7901814290763041, 'learning_rate': 0.001706429941489942, 'weight_decay': 0.0005242956443158954, 'batch_size': 512, 'tree_depth': 11}
2024-10-31 15:32:44,236 - INFO - Trial 363: Train MSE=2.2055072699274336, Train R²=0.6326205134391785
2024-10-31 15:32:44,237 - INFO - Trial 363: Test MSE=2.2829552718571255, Test R²=0.62851539679936
2024-10-31 15:32:44,237 - INFO - ============================================================================================================================================================================================================================================================================================================
2024-10-31 15:32:44,238 - INFO - Trial 363 finished with value: 2.2829552718571255 and parameters: {'hidden_layers': 1, 'hidden_units': 256, 'dropout_rate': 0.7901814290763041, 'learning_rate': 0.001706429941489942, 'weight_decay': 0.0005242956443158954, 'batch_size': 512, 'tree_depth': 11}. Best is trial 104 with value: 2.1955713714872087.
2024-10-31 15:33:17,082 - INFO - Parameters: {'hidden_layers': 1, 'hidden_units': 256, 'dropout_rate': 0.7719855714849672, 'learning_rate': 0.00010967706176049209, 'weight_decay': 0.0003136471271469932, 'batch_size': 512, 'tree_depth': 12}
2024-10-31 15:33:17,082 - INFO - Trial 364: Train MSE=7.922784975596836, Train R²=-0.32353125725473675
2024-10-31 15:33:17,082 - INFO - Trial 364: Test MSE=4.32830149786813, Test R²=0.29558922563280376
2024-10-31 15:33:17,083 - INFO - ============================================================================================================================================================================================================================================================================================================
2024-10-31 15:33:17,084 - INFO - Trial 364 finished with value: 4.32830149786813 and parameters: {'hidden_layers': 1, 'hidden_units': 256, 'dropout_rate': 0.7719855714849672, 'learning_rate': 0.00010967706176049209, 'weight_decay': 0.0003136471271469932, 'batch_size': 512, 'tree_depth': 12}. Best is trial 104 with value: 2.1955713714872087.
2024-10-31 15:33:48,410 - INFO - Parameters: {'hidden_layers': 1, 'hidden_units': 256, 'dropout_rate': 0.7999064258771906, 'learning_rate': 0.0023803301074706833, 'weight_decay': 0.0002962375356954884, 'batch_size': 512, 'tree_depth': 11}
2024-10-31 15:33:48,411 - INFO - Trial 365: Train MSE=2.1611338428088596, Train R²=0.6388971762997764
2024-10-31 15:33:48,411 - INFO - Trial 365: Test MSE=2.2416495255061557, Test R²=0.6351533106395176
2024-10-31 15:33:48,411 - INFO - ============================================================================================================================================================================================================================================================================================================
2024-10-31 15:33:48,412 - INFO - Trial 365 finished with value: 2.2416495255061557 and parameters: {'hidden_layers': 1, 'hidden_units': 256, 'dropout_rate': 0.7999064258771906, 'learning_rate': 0.0023803301074706833, 'weight_decay': 0.0002962375356954884, 'batch_size': 512, 'tree_depth': 11}. Best is trial 104 with value: 2.1955713714872087.
2024-10-31 15:34:22,923 - INFO - Parameters: {'hidden_layers': 1, 'hidden_units': 1024, 'dropout_rate': 0.7822776922657445, 'learning_rate': 0.0010655831788406222, 'weight_decay': 0.000591932014138713, 'batch_size': 512, 'tree_depth': 11}
2024-10-31 15:34:22,923 - INFO - Trial 366: Train MSE=1.874358662537166, Train R²=0.6869036214692252
2024-10-31 15:34:22,923 - INFO - Trial 366: Test MSE=2.2648272854941234, Test R²=0.6312355739729745
2024-10-31 15:34:22,923 - INFO - ============================================================================================================================================================================================================================================================================================================
2024-10-31 15:34:22,924 - INFO - Trial 366 finished with value: 2.2648272854941234 and parameters: {'hidden_layers': 1, 'hidden_units': 1024, 'dropout_rate': 0.7822776922657445, 'learning_rate': 0.0010655831788406222, 'weight_decay': 0.000591932014138713, 'batch_size': 512, 'tree_depth': 11}. Best is trial 104 with value: 2.1955713714872087.
2024-10-31 15:34:53,732 - INFO - Parameters: {'hidden_layers': 1, 'hidden_units': 256, 'dropout_rate': 0.7650911325312962, 'learning_rate': 0.0008919164703372046, 'weight_decay': 0.0003150432871426635, 'batch_size': 512, 'tree_depth': 12}
2024-10-31 15:34:53,732 - INFO - Trial 367: Train MSE=2.271893552371434, Train R²=0.6221413505928857
2024-10-31 15:34:53,732 - INFO - Trial 367: Test MSE=2.2432654244559154, Test R²=0.6348879167011806
2024-10-31 15:34:53,732 - INFO - ============================================================================================================================================================================================================================================================================================================
2024-10-31 15:34:53,734 - INFO - Trial 367 finished with value: 2.2432654244559154 and parameters: {'hidden_layers': 1, 'hidden_units': 256, 'dropout_rate': 0.7650911325312962, 'learning_rate': 0.0008919164703372046, 'weight_decay': 0.0003150432871426635, 'batch_size': 512, 'tree_depth': 12}. Best is trial 104 with value: 2.1955713714872087.
2024-10-31 15:35:23,985 - INFO - Parameters: {'hidden_layers': 1, 'hidden_units': 256, 'dropout_rate': 0.7895278148007142, 'learning_rate': 0.0019440211012825865, 'weight_decay': 0.0004424269379227047, 'batch_size': 512, 'tree_depth': 10}
2024-10-31 15:35:23,985 - INFO - Trial 368: Train MSE=2.232711447136743, Train R²=0.6277587073189872
2024-10-31 15:35:23,986 - INFO - Trial 368: Test MSE=2.2353449889591763, Test R²=0.6361062015805926
2024-10-31 15:35:23,986 - INFO - ============================================================================================================================================================================================================================================================================================================
