2024-10-31 13:01:18,236 - INFO - Trial 121 finished with value: 2.242235933031355 and parameters: {'hidden_layers': 1, 'hidden_units': 128, 'dropout_rate': 0.7814164931090185, 'learning_rate': 0.007746106868087547, 'weight_decay': 0.0003542162773782494, 'batch_size': 512, 'tree_depth': 11}. Best is trial 104 with value: 2.1955713714872087.
2024-10-31 13:01:53,221 - INFO - Parameters: {'hidden_layers': 1, 'hidden_units': 128, 'dropout_rate': 0.7697233625486483, 'learning_rate': 0.0080030280444143, 'weight_decay': 0.0003458388525487768, 'batch_size': 512, 'tree_depth': 11}
2024-10-31 13:01:53,221 - INFO - Trial 122: Train MSE=2.0415627360343933, Train R²=0.6606235823460987
2024-10-31 13:01:53,221 - INFO - Trial 122: Test MSE=2.294417585645403, Test R²=0.6264382771083287
2024-10-31 13:01:53,221 - INFO - ============================================================================================================================================================================================================================================================================================================
2024-10-31 13:01:53,222 - INFO - Trial 122 finished with value: 2.294417585645403 and parameters: {'hidden_layers': 1, 'hidden_units': 128, 'dropout_rate': 0.7697233625486483, 'learning_rate': 0.0080030280444143, 'weight_decay': 0.0003458388525487768, 'batch_size': 512, 'tree_depth': 11}. Best is trial 104 with value: 2.1955713714872087.
2024-10-31 13:02:25,102 - INFO - Parameters: {'hidden_layers': 1, 'hidden_units': 128, 'dropout_rate': 0.799518903961071, 'learning_rate': 0.006880376292735146, 'weight_decay': 0.0002419867783961952, 'batch_size': 512, 'tree_depth': 11}
2024-10-31 13:02:25,102 - INFO - Trial 123: Train MSE=2.1014622918197086, Train R²=0.6498421515737262
2024-10-31 13:02:25,102 - INFO - Trial 123: Test MSE=2.245457649230957, Test R²=0.6343173044068473
2024-10-31 13:02:25,102 - INFO - ============================================================================================================================================================================================================================================================================================================
2024-10-31 13:02:25,103 - INFO - Trial 123 finished with value: 2.245457649230957 and parameters: {'hidden_layers': 1, 'hidden_units': 128, 'dropout_rate': 0.799518903961071, 'learning_rate': 0.006880376292735146, 'weight_decay': 0.0002419867783961952, 'batch_size': 512, 'tree_depth': 11}. Best is trial 104 with value: 2.1955713714872087.
2024-10-31 13:02:56,804 - INFO - Parameters: {'hidden_layers': 1, 'hidden_units': 128, 'dropout_rate': 0.7870326151985101, 'learning_rate': 0.009663986712612056, 'weight_decay': 0.0003300233967728466, 'batch_size': 512, 'tree_depth': 11}
2024-10-31 13:02:56,804 - INFO - Trial 124: Train MSE=2.214871270315988, Train R²=0.6317119193928582
2024-10-31 13:02:56,804 - INFO - Trial 124: Test MSE=2.2453127929142545, Test R²=0.634613173348563
2024-10-31 13:02:56,804 - INFO - ============================================================================================================================================================================================================================================================================================================
2024-10-31 13:02:56,805 - INFO - Trial 124 finished with value: 2.2453127929142545 and parameters: {'hidden_layers': 1, 'hidden_units': 128, 'dropout_rate': 0.7870326151985101, 'learning_rate': 0.009663986712612056, 'weight_decay': 0.0003300233967728466, 'batch_size': 512, 'tree_depth': 11}. Best is trial 104 with value: 2.1955713714872087.
2024-10-31 13:03:31,290 - INFO - Parameters: {'hidden_layers': 1, 'hidden_units': 1024, 'dropout_rate': 0.7788721659299244, 'learning_rate': 0.009165834363357408, 'weight_decay': 0.00027186924923657576, 'batch_size': 512, 'tree_depth': 11}
2024-10-31 13:03:31,290 - INFO - Trial 125: Train MSE=1.8963612190314703, Train R²=0.6843899531023843
2024-10-31 13:03:31,290 - INFO - Trial 125: Test MSE=2.2781186444418773, Test R²=0.6290004423686436
2024-10-31 13:03:31,290 - INFO - ============================================================================================================================================================================================================================================================================================================
2024-10-31 13:03:31,291 - INFO - Trial 125 finished with value: 2.2781186444418773 and parameters: {'hidden_layers': 1, 'hidden_units': 1024, 'dropout_rate': 0.7788721659299244, 'learning_rate': 0.009165834363357408, 'weight_decay': 0.00027186924923657576, 'batch_size': 512, 'tree_depth': 11}. Best is trial 104 with value: 2.1955713714872087.
2024-10-31 13:04:02,637 - INFO - Parameters: {'hidden_layers': 1, 'hidden_units': 128, 'dropout_rate': 0.7495279920120382, 'learning_rate': 0.007450193565443567, 'weight_decay': 0.0004063845594199321, 'batch_size': 512, 'tree_depth': 12}
2024-10-31 13:04:02,637 - INFO - Trial 126: Train MSE=2.0783186682632993, Train R²=0.65422323346138
2024-10-31 13:04:02,637 - INFO - Trial 126: Test MSE=2.261284215109689, Test R²=0.6319215638296944
2024-10-31 13:04:02,637 - INFO - ============================================================================================================================================================================================================================================================================================================
2024-10-31 13:04:02,639 - INFO - Trial 126 finished with value: 2.261284215109689 and parameters: {'hidden_layers': 1, 'hidden_units': 128, 'dropout_rate': 0.7495279920120382, 'learning_rate': 0.007450193565443567, 'weight_decay': 0.0004063845594199321, 'batch_size': 512, 'tree_depth': 12}. Best is trial 104 with value: 2.1955713714872087.
2024-10-31 13:04:35,641 - INFO - Parameters: {'hidden_layers': 1, 'hidden_units': 512, 'dropout_rate': 0.7648745713062586, 'learning_rate': 0.003294196611388931, 'weight_decay': 0.0004384799621188928, 'batch_size': 512, 'tree_depth': 11}
2024-10-31 13:04:35,641 - INFO - Trial 127: Train MSE=1.6943064842905318, Train R²=0.7178254957709994
2024-10-31 13:04:35,641 - INFO - Trial 127: Test MSE=2.331763676234654, Test R²=0.6205176285334996
2024-10-31 13:04:35,641 - INFO - ============================================================================================================================================================================================================================================================================================================
2024-10-31 13:04:35,642 - INFO - Trial 127 finished with value: 2.331763676234654 and parameters: {'hidden_layers': 1, 'hidden_units': 512, 'dropout_rate': 0.7648745713062586, 'learning_rate': 0.003294196611388931, 'weight_decay': 0.0004384799621188928, 'batch_size': 512, 'tree_depth': 11}. Best is trial 104 with value: 2.1955713714872087.
2024-10-31 13:05:07,173 - INFO - Parameters: {'hidden_layers': 1, 'hidden_units': 256, 'dropout_rate': 0.7827303610643047, 'learning_rate': 0.0016421215805943413, 'weight_decay': 0.0002273145604320658, 'batch_size': 512, 'tree_depth': 12}
2024-10-31 13:05:07,173 - INFO - Trial 128: Train MSE=2.1481619008949826, Train R²=0.6426552555390767
2024-10-31 13:05:07,173 - INFO - Trial 128: Test MSE=2.248482312474932, Test R²=0.634118744305202
2024-10-31 13:05:07,173 - INFO - ============================================================================================================================================================================================================================================================================================================
2024-10-31 13:05:07,174 - INFO - Trial 128 finished with value: 2.248482312474932 and parameters: {'hidden_layers': 1, 'hidden_units': 256, 'dropout_rate': 0.7827303610643047, 'learning_rate': 0.0016421215805943413, 'weight_decay': 0.0002273145604320658, 'batch_size': 512, 'tree_depth': 12}. Best is trial 104 with value: 2.1955713714872087.
2024-10-31 13:05:39,080 - INFO - Parameters: {'hidden_layers': 1, 'hidden_units': 256, 'dropout_rate': 0.7991286299530309, 'learning_rate': 0.005239387810851871, 'weight_decay': 0.0003713635110457824, 'batch_size': 512, 'tree_depth': 11}
2024-10-31 13:05:39,080 - INFO - Trial 129: Train MSE=2.139783948659897, Train R²=0.6437999989305224
2024-10-31 13:05:39,080 - INFO - Trial 129: Test MSE=2.233109337942941, Test R²=0.6363608496529716
2024-10-31 13:05:39,081 - INFO - ============================================================================================================================================================================================================================================================================================================
2024-10-31 13:05:39,082 - INFO - Trial 129 finished with value: 2.233109337942941 and parameters: {'hidden_layers': 1, 'hidden_units': 256, 'dropout_rate': 0.7991286299530309, 'learning_rate': 0.005239387810851871, 'weight_decay': 0.0003713635110457824, 'batch_size': 512, 'tree_depth': 11}. Best is trial 104 with value: 2.1955713714872087.
2024-10-31 13:06:10,750 - INFO - Parameters: {'hidden_layers': 1, 'hidden_units': 128, 'dropout_rate': 0.5205282859767496, 'learning_rate': 0.002660260419310541, 'weight_decay': 0.00025828026298468416, 'batch_size': 512, 'tree_depth': 12}
2024-10-31 13:06:10,750 - INFO - Trial 130: Train MSE=1.0616853897060667, Train R²=0.8232960743563515
2024-10-31 13:06:10,751 - INFO - Trial 130: Test MSE=2.3798268181937083, Test R²=0.6128596493176052
2024-10-31 13:06:10,751 - INFO - ============================================================================================================================================================================================================================================================================================================
2024-10-31 13:06:10,752 - INFO - Trial 130 finished with value: 2.3798268181937083 and parameters: {'hidden_layers': 1, 'hidden_units': 128, 'dropout_rate': 0.5205282859767496, 'learning_rate': 0.002660260419310541, 'weight_decay': 0.00025828026298468416, 'batch_size': 512, 'tree_depth': 12}. Best is trial 104 with value: 2.1955713714872087.
2024-10-31 13:06:42,757 - INFO - Parameters: {'hidden_layers': 1, 'hidden_units': 256, 'dropout_rate': 0.7896744694437857, 'learning_rate': 0.008352006220640302, 'weight_decay': 0.0002879567002437322, 'batch_size': 512, 'tree_depth': 12}
2024-10-31 13:06:42,757 - INFO - Trial 131: Train MSE=2.089751056262425, Train R²=0.6513165341956275
2024-10-31 13:06:42,757 - INFO - Trial 131: Test MSE=2.215327194758824, Test R²=0.6392314178603036
2024-10-31 13:06:42,758 - INFO - ============================================================================================================================================================================================================================================================================================================
2024-10-31 13:06:42,759 - INFO - Trial 131 finished with value: 2.215327194758824 and parameters: {'hidden_layers': 1, 'hidden_units': 256, 'dropout_rate': 0.7896744694437857, 'learning_rate': 0.008352006220640302, 'weight_decay': 0.0002879567002437322, 'batch_size': 512, 'tree_depth': 12}. Best is trial 104 with value: 2.1955713714872087.
2024-10-31 13:07:15,382 - INFO - Parameters: {'hidden_layers': 1, 'hidden_units': 256, 'dropout_rate': 0.7902047610837446, 'learning_rate': 0.008282141987018227, 'weight_decay': 0.0003127191574733237, 'batch_size': 512, 'tree_depth': 12}
2024-10-31 13:07:15,382 - INFO - Trial 132: Train MSE=2.0672891480582103, Train R²=0.6561406297343118
2024-10-31 13:07:15,382 - INFO - Trial 132: Test MSE=2.2151052270616804, Test R²=0.6394456710134234
2024-10-31 13:07:15,382 - INFO - ============================================================================================================================================================================================================================================================================================================
2024-10-31 13:07:15,383 - INFO - Trial 132 finished with value: 2.2151052270616804 and parameters: {'hidden_layers': 1, 'hidden_units': 256, 'dropout_rate': 0.7902047610837446, 'learning_rate': 0.008282141987018227, 'weight_decay': 0.0003127191574733237, 'batch_size': 512, 'tree_depth': 12}. Best is trial 104 with value: 2.1955713714872087.
2024-10-31 13:07:48,312 - INFO - Parameters: {'hidden_layers': 1, 'hidden_units': 256, 'dropout_rate': 0.7892650336799423, 'learning_rate': 0.008976367752585684, 'weight_decay': 0.0003061241840207134, 'batch_size': 512, 'tree_depth': 12}
2024-10-31 13:07:48,312 - INFO - Trial 133: Train MSE=2.157313870532172, Train R²=0.6409429290464946
2024-10-31 13:07:48,312 - INFO - Trial 133: Test MSE=2.264901263373239, Test R²=0.6313549109867641
2024-10-31 13:07:48,312 - INFO - ============================================================================================================================================================================================================================================================================================================
2024-10-31 13:07:48,313 - INFO - Trial 133 finished with value: 2.264901263373239 and parameters: {'hidden_layers': 1, 'hidden_units': 256, 'dropout_rate': 0.7892650336799423, 'learning_rate': 0.008976367752585684, 'weight_decay': 0.0003061241840207134, 'batch_size': 512, 'tree_depth': 12}. Best is trial 104 with value: 2.1955713714872087.
2024-10-31 13:08:20,478 - INFO - Parameters: {'hidden_layers': 1, 'hidden_units': 256, 'dropout_rate': 0.7585906276815503, 'learning_rate': 0.008244002880574555, 'weight_decay': 0.0002757527024303129, 'batch_size': 512, 'tree_depth': 12}
2024-10-31 13:08:20,478 - INFO - Trial 134: Train MSE=1.9398781103747231, Train R²=0.6756125901426587
2024-10-31 13:08:20,478 - INFO - Trial 134: Test MSE=2.2470549855913435, Test R²=0.6342435308865139
2024-10-31 13:08:20,478 - INFO - ============================================================================================================================================================================================================================================================================================================
2024-10-31 13:08:20,481 - INFO - Trial 134 finished with value: 2.2470549855913435 and parameters: {'hidden_layers': 1, 'hidden_units': 256, 'dropout_rate': 0.7585906276815503, 'learning_rate': 0.008244002880574555, 'weight_decay': 0.0002757527024303129, 'batch_size': 512, 'tree_depth': 12}. Best is trial 104 with value: 2.1955713714872087.
2024-10-31 13:08:52,855 - INFO - Parameters: {'hidden_layers': 1, 'hidden_units': 256, 'dropout_rate': 0.771445148585046, 'learning_rate': 0.0010461023419910663, 'weight_decay': 0.0003167364355842784, 'batch_size': 512, 'tree_depth': 12}
2024-10-31 13:08:52,855 - INFO - Trial 135: Train MSE=2.2164411885397777, Train R²=0.6309625804424286
2024-10-31 13:08:52,855 - INFO - Trial 135: Test MSE=2.251919150352478, Test R²=0.633464515209198
2024-10-31 13:08:52,855 - INFO - ============================================================================================================================================================================================================================================================================================================
2024-10-31 13:08:52,856 - INFO - Trial 135 finished with value: 2.251919150352478 and parameters: {'hidden_layers': 1, 'hidden_units': 256, 'dropout_rate': 0.771445148585046, 'learning_rate': 0.0010461023419910663, 'weight_decay': 0.0003167364355842784, 'batch_size': 512, 'tree_depth': 12}. Best is trial 104 with value: 2.1955713714872087.
2024-10-31 13:09:38,764 - INFO - Parameters: {'hidden_layers': 1, 'hidden_units': 256, 'dropout_rate': 0.7920679940332177, 'learning_rate': 0.00627836956673669, 'weight_decay': 0.00020371521082733853, 'batch_size': 256, 'tree_depth': 12}
2024-10-31 13:09:38,764 - INFO - Trial 136: Train MSE=1.9589723284755434, Train R²=0.6735437225018229
2024-10-31 13:09:38,764 - INFO - Trial 136: Test MSE=2.2591107061931064, Test R²=0.6303452168192182
2024-10-31 13:09:38,764 - INFO - ============================================================================================================================================================================================================================================================================================================
2024-10-31 13:09:38,765 - INFO - Trial 136 finished with value: 2.2591107061931064 and parameters: {'hidden_layers': 1, 'hidden_units': 256, 'dropout_rate': 0.7920679940332177, 'learning_rate': 0.00627836956673669, 'weight_decay': 0.00020371521082733853, 'batch_size': 256, 'tree_depth': 12}. Best is trial 104 with value: 2.1955713714872087.
2024-10-31 13:10:10,975 - INFO - Parameters: {'hidden_layers': 1, 'hidden_units': 256, 'dropout_rate': 0.7994009909998624, 'learning_rate': 0.0014917310883821363, 'weight_decay': 0.00029358097694133934, 'batch_size': 512, 'tree_depth': 12}
2024-10-31 13:10:10,975 - INFO - Trial 137: Train MSE=2.28023966721126, Train R²=0.6205761177199227
2024-10-31 13:10:10,975 - INFO - Trial 137: Test MSE=2.2271520580564226, Test R²=0.6373442752020699
2024-10-31 13:10:10,975 - INFO - ============================================================================================================================================================================================================================================================================================================
2024-10-31 13:10:10,976 - INFO - Trial 137 finished with value: 2.2271520580564226 and parameters: {'hidden_layers': 1, 'hidden_units': 256, 'dropout_rate': 0.7994009909998624, 'learning_rate': 0.0014917310883821363, 'weight_decay': 0.00029358097694133934, 'batch_size': 512, 'tree_depth': 12}. Best is trial 104 with value: 2.1955713714872087.
2024-10-31 13:10:43,152 - INFO - Parameters: {'hidden_layers': 1, 'hidden_units': 256, 'dropout_rate': 0.7999479460539793, 'learning_rate': 0.009957331161412784, 'weight_decay': 0.00029002697881774764, 'batch_size': 512, 'tree_depth': 12}
2024-10-31 13:10:43,152 - INFO - Trial 138: Train MSE=2.1317746298653737, Train R²=0.6446083124194827
2024-10-31 13:10:43,152 - INFO - Trial 138: Test MSE=2.2478020020893643, Test R²=0.6341087647846767
2024-10-31 13:10:43,152 - INFO - ============================================================================================================================================================================================================================================================================================================
2024-10-31 13:10:43,154 - INFO - Trial 138 finished with value: 2.2478020020893643 and parameters: {'hidden_layers': 1, 'hidden_units': 256, 'dropout_rate': 0.7999479460539793, 'learning_rate': 0.009957331161412784, 'weight_decay': 0.00029002697881774764, 'batch_size': 512, 'tree_depth': 12}. Best is trial 104 with value: 2.1955713714872087.
2024-10-31 13:11:14,710 - INFO - Parameters: {'hidden_layers': 1, 'hidden_units': 256, 'dropout_rate': 0.7662716912224117, 'learning_rate': 0.0014641836814814318, 'weight_decay': 0.00015421945970436958, 'batch_size': 512, 'tree_depth': 12}
2024-10-31 13:11:14,710 - INFO - Trial 139: Train MSE=2.035968725170408, Train R²=0.6605536320379802
2024-10-31 13:11:14,710 - INFO - Trial 139: Test MSE=2.2468973227909634, Test R²=0.6342246873038155
2024-10-31 13:11:14,710 - INFO - ============================================================================================================================================================================================================================================================================================================
2024-10-31 13:11:14,712 - INFO - Trial 139 finished with value: 2.2468973227909634 and parameters: {'hidden_layers': 1, 'hidden_units': 256, 'dropout_rate': 0.7662716912224117, 'learning_rate': 0.0014641836814814318, 'weight_decay': 0.00015421945970436958, 'batch_size': 512, 'tree_depth': 12}. Best is trial 104 with value: 2.1955713714872087.
2024-10-31 13:11:47,391 - INFO - Parameters: {'hidden_layers': 2, 'hidden_units': 256, 'dropout_rate': 0.7874540654375772, 'learning_rate': 0.0004308431485320132, 'weight_decay': 0.00018170039073403166, 'batch_size': 512, 'tree_depth': 12}
2024-10-31 13:11:47,391 - INFO - Trial 140: Train MSE=3.694422721862793, Train R²=0.3843275989804949
2024-10-31 13:11:47,391 - INFO - Trial 140: Test MSE=2.3667677470615933, Test R²=0.6149421760014125
2024-10-31 13:11:47,391 - INFO - ============================================================================================================================================================================================================================================================================================================
