2024-10-31 12:50:23,266 - INFO - Trial 102 finished with value: 2.233080880982535 and parameters: {'hidden_layers': 1, 'hidden_units': 256, 'dropout_rate': 0.7733077756151296, 'learning_rate': 0.006667140287859847, 'weight_decay': 0.00032729674579349183, 'batch_size': 512, 'tree_depth': 12}. Best is trial 84 with value: 2.213188546044486.
2024-10-31 12:51:01,335 - INFO - Parameters: {'hidden_layers': 1, 'hidden_units': 256, 'dropout_rate': 0.7999611341366736, 'learning_rate': 0.00834063842362042, 'weight_decay': 0.00028254772774998307, 'batch_size': 512, 'tree_depth': 12}
2024-10-31 12:51:01,335 - INFO - Trial 103: Train MSE=2.1031093639986858, Train R²=0.6503403655120304
2024-10-31 12:51:01,335 - INFO - Trial 103: Test MSE=2.2454536982945035, Test R²=0.6344410351344517
2024-10-31 12:51:01,335 - INFO - ============================================================================================================================================================================================================================================================================================================
2024-10-31 12:51:01,337 - INFO - Trial 103 finished with value: 2.2454536982945035 and parameters: {'hidden_layers': 1, 'hidden_units': 256, 'dropout_rate': 0.7999611341366736, 'learning_rate': 0.00834063842362042, 'weight_decay': 0.00028254772774998307, 'batch_size': 512, 'tree_depth': 12}. Best is trial 84 with value: 2.213188546044486.
2024-10-31 12:51:38,599 - INFO - Parameters: {'hidden_layers': 1, 'hidden_units': 256, 'dropout_rate': 0.789658862808241, 'learning_rate': 0.00990265583542275, 'weight_decay': 0.0002666493527551526, 'batch_size': 512, 'tree_depth': 12}
2024-10-31 12:51:38,599 - INFO - Trial 104: Train MSE=2.091930615050452, Train R²=0.6525907410042626
2024-10-31 12:51:38,599 - INFO - Trial 104: Test MSE=2.1955713714872087, Test R²=0.6425435798508781
2024-10-31 12:51:38,599 - INFO - ============================================================================================================================================================================================================================================================================================================
2024-10-31 12:51:38,601 - INFO - Trial 104 finished with value: 2.1955713714872087 and parameters: {'hidden_layers': 1, 'hidden_units': 256, 'dropout_rate': 0.789658862808241, 'learning_rate': 0.00990265583542275, 'weight_decay': 0.0002666493527551526, 'batch_size': 512, 'tree_depth': 12}. Best is trial 104 with value: 2.1955713714872087.
2024-10-31 12:52:16,319 - INFO - Parameters: {'hidden_layers': 1, 'hidden_units': 256, 'dropout_rate': 0.7735064687399877, 'learning_rate': 0.008960773322419938, 'weight_decay': 0.0002652621971492366, 'batch_size': 512, 'tree_depth': 12}
2024-10-31 12:52:16,319 - INFO - Trial 105: Train MSE=1.9924260931355613, Train R²=0.6692639057125364
2024-10-31 12:52:16,319 - INFO - Trial 105: Test MSE=2.270797150475638, Test R²=0.6301435487610954
2024-10-31 12:52:16,319 - INFO - ============================================================================================================================================================================================================================================================================================================
2024-10-31 12:52:16,321 - INFO - Trial 105 finished with value: 2.270797150475638 and parameters: {'hidden_layers': 1, 'hidden_units': 256, 'dropout_rate': 0.7735064687399877, 'learning_rate': 0.008960773322419938, 'weight_decay': 0.0002652621971492366, 'batch_size': 512, 'tree_depth': 12}. Best is trial 104 with value: 2.1955713714872087.
2024-10-31 12:52:56,667 - INFO - Parameters: {'hidden_layers': 1, 'hidden_units': 256, 'dropout_rate': 0.7880589348865287, 'learning_rate': 0.00855669040634178, 'weight_decay': 0.000296999817776088, 'batch_size': 512, 'tree_depth': 12}
2024-10-31 12:52:56,667 - INFO - Trial 106: Train MSE=2.1022469997406006, Train R²=0.6507334006684167
2024-10-31 12:52:56,667 - INFO - Trial 106: Test MSE=2.2745990412575856, Test R²=0.6297455430030823
2024-10-31 12:52:56,667 - INFO - ============================================================================================================================================================================================================================================================================================================
2024-10-31 12:52:56,669 - INFO - Trial 106 finished with value: 2.2745990412575856 and parameters: {'hidden_layers': 1, 'hidden_units': 256, 'dropout_rate': 0.7880589348865287, 'learning_rate': 0.00855669040634178, 'weight_decay': 0.000296999817776088, 'batch_size': 512, 'tree_depth': 12}. Best is trial 104 with value: 2.1955713714872087.
2024-10-31 12:53:33,863 - INFO - Parameters: {'hidden_layers': 1, 'hidden_units': 256, 'dropout_rate': 0.7702094156168354, 'learning_rate': 0.005926966114679636, 'weight_decay': 0.0002487228385319221, 'batch_size': 512, 'tree_depth': 12}
2024-10-31 12:53:33,863 - INFO - Trial 107: Train MSE=1.9245623648166656, Train R²=0.6794532239437103
2024-10-31 12:53:33,864 - INFO - Trial 107: Test MSE=2.2387355736323764, Test R²=0.6355870621544975
2024-10-31 12:53:33,864 - INFO - ============================================================================================================================================================================================================================================================================================================
2024-10-31 12:53:33,865 - INFO - Trial 107 finished with value: 2.2387355736323764 and parameters: {'hidden_layers': 1, 'hidden_units': 256, 'dropout_rate': 0.7702094156168354, 'learning_rate': 0.005926966114679636, 'weight_decay': 0.0002487228385319221, 'batch_size': 512, 'tree_depth': 12}. Best is trial 104 with value: 2.1955713714872087.
2024-10-31 12:54:13,147 - INFO - Parameters: {'hidden_layers': 1, 'hidden_units': 256, 'dropout_rate': 0.7543146074128683, 'learning_rate': 0.004703312167052124, 'weight_decay': 0.0002724786262363254, 'batch_size': 512, 'tree_depth': 12}
2024-10-31 12:54:13,147 - INFO - Trial 108: Train MSE=1.8147410537515367, Train R²=0.6984248289040157
2024-10-31 12:54:13,147 - INFO - Trial 108: Test MSE=2.266191669872829, Test R²=0.6312836578914097
2024-10-31 12:54:13,147 - INFO - ============================================================================================================================================================================================================================================================================================================
2024-10-31 12:54:13,148 - INFO - Trial 108 finished with value: 2.266191669872829 and parameters: {'hidden_layers': 1, 'hidden_units': 256, 'dropout_rate': 0.7543146074128683, 'learning_rate': 0.004703312167052124, 'weight_decay': 0.0002724786262363254, 'batch_size': 512, 'tree_depth': 12}. Best is trial 104 with value: 2.1955713714872087.
2024-10-31 12:55:05,044 - INFO - Parameters: {'hidden_layers': 1, 'hidden_units': 256, 'dropout_rate': 0.7176152361177842, 'learning_rate': 0.007642904566740153, 'weight_decay': 0.0003392500426400662, 'batch_size': 256, 'tree_depth': 12}
2024-10-31 12:55:05,044 - INFO - Trial 109: Train MSE=2.0327469131776263, Train R²=0.6600291909916061
2024-10-31 12:55:05,045 - INFO - Trial 109: Test MSE=2.2868993963514055, Test R²=0.6260071780000415
2024-10-31 12:55:05,045 - INFO - ============================================================================================================================================================================================================================================================================================================
2024-10-31 12:55:05,046 - INFO - Trial 109 finished with value: 2.2868993963514055 and parameters: {'hidden_layers': 1, 'hidden_units': 256, 'dropout_rate': 0.7176152361177842, 'learning_rate': 0.007642904566740153, 'weight_decay': 0.0003392500426400662, 'batch_size': 256, 'tree_depth': 12}. Best is trial 104 with value: 2.1955713714872087.
2024-10-31 12:55:37,455 - INFO - Parameters: {'hidden_layers': 1, 'hidden_units': 128, 'dropout_rate': 0.7773236549931103, 'learning_rate': 0.009585026006082313, 'weight_decay': 0.00029608963806618895, 'batch_size': 512, 'tree_depth': 12}
2024-10-31 12:55:37,455 - INFO - Trial 110: Train MSE=2.1064813009330203, Train R²=0.6501867302826473
2024-10-31 12:55:37,455 - INFO - Trial 110: Test MSE=2.226897750582014, Test R²=0.6375103337424142
2024-10-31 12:55:37,455 - INFO - ============================================================================================================================================================================================================================================================================================================
2024-10-31 12:55:37,456 - INFO - Trial 110 finished with value: 2.226897750582014 and parameters: {'hidden_layers': 1, 'hidden_units': 128, 'dropout_rate': 0.7773236549931103, 'learning_rate': 0.009585026006082313, 'weight_decay': 0.00029608963806618895, 'batch_size': 512, 'tree_depth': 12}. Best is trial 104 with value: 2.1955713714872087.
2024-10-31 12:56:13,320 - INFO - Parameters: {'hidden_layers': 1, 'hidden_units': 128, 'dropout_rate': 0.7754918895132855, 'learning_rate': 0.009912480864949622, 'weight_decay': 0.0002934342302308339, 'batch_size': 512, 'tree_depth': 12}
2024-10-31 12:56:13,321 - INFO - Trial 111: Train MSE=2.144543847867421, Train R²=0.6426752784422466
2024-10-31 12:56:13,321 - INFO - Trial 111: Test MSE=2.3438010215759277, Test R²=0.6184797286987305
2024-10-31 12:56:13,321 - INFO - ============================================================================================================================================================================================================================================================================================================
2024-10-31 12:56:13,322 - INFO - Trial 111 finished with value: 2.3438010215759277 and parameters: {'hidden_layers': 1, 'hidden_units': 128, 'dropout_rate': 0.7754918895132855, 'learning_rate': 0.009912480864949622, 'weight_decay': 0.0002934342302308339, 'batch_size': 512, 'tree_depth': 12}. Best is trial 104 with value: 2.1955713714872087.
2024-10-31 12:56:43,520 - INFO - Parameters: {'hidden_layers': 1, 'hidden_units': 128, 'dropout_rate': 0.7620832715012865, 'learning_rate': 0.006448262386417974, 'weight_decay': 0.00031368017084115046, 'batch_size': 512, 'tree_depth': 12}
2024-10-31 12:56:43,521 - INFO - Trial 112: Train MSE=2.0344112856047496, Train R²=0.6597032483134951
2024-10-31 12:56:43,521 - INFO - Trial 112: Test MSE=2.2626664468220303, Test R²=0.6316272020339966
2024-10-31 12:56:43,521 - INFO - ============================================================================================================================================================================================================================================================================================================
2024-10-31 12:56:43,522 - INFO - Trial 112 finished with value: 2.2626664468220303 and parameters: {'hidden_layers': 1, 'hidden_units': 128, 'dropout_rate': 0.7620832715012865, 'learning_rate': 0.006448262386417974, 'weight_decay': 0.00031368017084115046, 'batch_size': 512, 'tree_depth': 12}. Best is trial 104 with value: 2.1955713714872087.
2024-10-31 12:57:14,511 - INFO - Parameters: {'hidden_layers': 1, 'hidden_units': 128, 'dropout_rate': 0.7902154093966266, 'learning_rate': 0.009305131421014731, 'weight_decay': 0.0003285561769793049, 'batch_size': 512, 'tree_depth': 12}
2024-10-31 12:57:14,512 - INFO - Trial 113: Train MSE=2.155809611082077, Train R²=0.6412867626973561
2024-10-31 12:57:14,512 - INFO - Trial 113: Test MSE=2.2543925046920776, Test R²=0.6331587348665509
2024-10-31 12:57:14,512 - INFO - ============================================================================================================================================================================================================================================================================================================
2024-10-31 12:57:14,514 - INFO - Trial 113 finished with value: 2.2543925046920776 and parameters: {'hidden_layers': 1, 'hidden_units': 128, 'dropout_rate': 0.7902154093966266, 'learning_rate': 0.009305131421014731, 'weight_decay': 0.0003285561769793049, 'batch_size': 512, 'tree_depth': 12}. Best is trial 104 with value: 2.1955713714872087.
2024-10-31 12:57:46,545 - INFO - Parameters: {'hidden_layers': 1, 'hidden_units': 128, 'dropout_rate': 0.7791188710438731, 'learning_rate': 0.007968262828057808, 'weight_decay': 0.0003566820817526422, 'batch_size': 512, 'tree_depth': 11}
2024-10-31 12:57:46,545 - INFO - Trial 114: Train MSE=2.134201560701643, Train R²=0.6453169669423785
2024-10-31 12:57:46,545 - INFO - Trial 114: Test MSE=2.2298197746276855, Test R²=0.6369995219366891
2024-10-31 12:57:46,545 - INFO - ============================================================================================================================================================================================================================================================================================================
2024-10-31 12:57:46,546 - INFO - Trial 114 finished with value: 2.2298197746276855 and parameters: {'hidden_layers': 1, 'hidden_units': 128, 'dropout_rate': 0.7791188710438731, 'learning_rate': 0.007968262828057808, 'weight_decay': 0.0003566820817526422, 'batch_size': 512, 'tree_depth': 11}. Best is trial 104 with value: 2.1955713714872087.
2024-10-31 12:58:17,806 - INFO - Parameters: {'hidden_layers': 1, 'hidden_units': 128, 'dropout_rate': 0.7754762432381859, 'learning_rate': 0.0022528957644911704, 'weight_decay': 0.00036689318189098835, 'batch_size': 512, 'tree_depth': 11}
2024-10-31 12:58:17,807 - INFO - Trial 115: Train MSE=2.436208128929138, Train R²=0.5951626896858215
2024-10-31 12:58:17,807 - INFO - Trial 115: Test MSE=2.253809486116682, Test R²=0.6331319553511483
2024-10-31 12:58:17,807 - INFO - ============================================================================================================================================================================================================================================================================================================
2024-10-31 12:58:17,808 - INFO - Trial 115 finished with value: 2.253809486116682 and parameters: {'hidden_layers': 1, 'hidden_units': 128, 'dropout_rate': 0.7754762432381859, 'learning_rate': 0.0022528957644911704, 'weight_decay': 0.00036689318189098835, 'batch_size': 512, 'tree_depth': 11}. Best is trial 104 with value: 2.1955713714872087.
2024-10-31 12:58:48,929 - INFO - Parameters: {'hidden_layers': 1, 'hidden_units': 128, 'dropout_rate': 0.7493285287521811, 'learning_rate': 0.006247066447370456, 'weight_decay': 0.00035672838318597026, 'batch_size': 512, 'tree_depth': 11}
2024-10-31 12:58:48,929 - INFO - Trial 116: Train MSE=2.0045641660690308, Train R²=0.6659790447780064
2024-10-31 12:58:48,929 - INFO - Trial 116: Test MSE=2.225678188460214, Test R²=0.6379051038197109
2024-10-31 12:58:48,929 - INFO - ============================================================================================================================================================================================================================================================================================================
2024-10-31 12:58:48,930 - INFO - Trial 116 finished with value: 2.225678188460214 and parameters: {'hidden_layers': 1, 'hidden_units': 128, 'dropout_rate': 0.7493285287521811, 'learning_rate': 0.006247066447370456, 'weight_decay': 0.00035672838318597026, 'batch_size': 512, 'tree_depth': 11}. Best is trial 104 with value: 2.1955713714872087.
2024-10-31 12:59:19,649 - INFO - Parameters: {'hidden_layers': 1, 'hidden_units': 128, 'dropout_rate': 0.7427732492680498, 'learning_rate': 0.005647832640373059, 'weight_decay': 0.00038807680644849094, 'batch_size': 512, 'tree_depth': 11}
2024-10-31 12:59:19,649 - INFO - Trial 117: Train MSE=2.0069114480699812, Train R²=0.6659972987004689
2024-10-31 12:59:19,649 - INFO - Trial 117: Test MSE=2.248116765703474, Test R²=0.6340416499546596
2024-10-31 12:59:19,649 - INFO - ============================================================================================================================================================================================================================================================================================================
2024-10-31 12:59:19,651 - INFO - Trial 117 finished with value: 2.248116765703474 and parameters: {'hidden_layers': 1, 'hidden_units': 128, 'dropout_rate': 0.7427732492680498, 'learning_rate': 0.005647832640373059, 'weight_decay': 0.00038807680644849094, 'batch_size': 512, 'tree_depth': 11}. Best is trial 104 with value: 2.1955713714872087.
2024-10-31 12:59:50,125 - INFO - Parameters: {'hidden_layers': 1, 'hidden_units': 128, 'dropout_rate': 0.7536948899182667, 'learning_rate': 0.003943504681722837, 'weight_decay': 0.00019820129819858178, 'batch_size': 512, 'tree_depth': 11}
2024-10-31 12:59:50,125 - INFO - Trial 118: Train MSE=2.009753261293684, Train R²=0.6656611285039357
2024-10-31 12:59:50,125 - INFO - Trial 118: Test MSE=2.2655433927263533, Test R²=0.631360479763576
2024-10-31 12:59:50,125 - INFO - ============================================================================================================================================================================================================================================================================================================
2024-10-31 12:59:50,127 - INFO - Trial 118 finished with value: 2.2655433927263533 and parameters: {'hidden_layers': 1, 'hidden_units': 128, 'dropout_rate': 0.7536948899182667, 'learning_rate': 0.003943504681722837, 'weight_decay': 0.00019820129819858178, 'batch_size': 512, 'tree_depth': 11}. Best is trial 104 with value: 2.1955713714872087.
2024-10-31 13:00:14,963 - INFO - Parameters: {'hidden_layers': 1, 'hidden_units': 128, 'dropout_rate': 0.4598585163623651, 'learning_rate': 0.006157740164154586, 'weight_decay': 0.0004163537628291068, 'batch_size': 1024, 'tree_depth': 11}
2024-10-31 13:00:14,963 - INFO - Trial 119: Train MSE=0.9894988877432687, Train R²=0.8357749027865273
2024-10-31 13:00:14,964 - INFO - Trial 119: Test MSE=2.437063753604889, Test R²=0.6005831211805344
2024-10-31 13:00:14,964 - INFO - ============================================================================================================================================================================================================================================================================================================
2024-10-31 13:00:14,965 - INFO - Trial 119 finished with value: 2.437063753604889 and parameters: {'hidden_layers': 1, 'hidden_units': 128, 'dropout_rate': 0.4598585163623651, 'learning_rate': 0.006157740164154586, 'weight_decay': 0.0004163537628291068, 'batch_size': 1024, 'tree_depth': 11}. Best is trial 104 with value: 2.1955713714872087.
2024-10-31 13:00:46,063 - INFO - Parameters: {'hidden_layers': 1, 'hidden_units': 128, 'dropout_rate': 0.7628384392875951, 'learning_rate': 0.0020459636709819432, 'weight_decay': 0.00031013225140655195, 'batch_size': 512, 'tree_depth': 11}
2024-10-31 13:00:46,063 - INFO - Trial 120: Train MSE=2.3916634491511752, Train R²=0.6023264974355698
2024-10-31 13:00:46,063 - INFO - Trial 120: Test MSE=2.264127152306693, Test R²=0.6315250056130546
2024-10-31 13:00:46,063 - INFO - ============================================================================================================================================================================================================================================================================================================
2024-10-31 13:00:46,064 - INFO - Trial 120 finished with value: 2.264127152306693 and parameters: {'hidden_layers': 1, 'hidden_units': 128, 'dropout_rate': 0.7628384392875951, 'learning_rate': 0.0020459636709819432, 'weight_decay': 0.00031013225140655195, 'batch_size': 512, 'tree_depth': 11}. Best is trial 104 with value: 2.1955713714872087.
2024-10-31 13:01:18,235 - INFO - Parameters: {'hidden_layers': 1, 'hidden_units': 128, 'dropout_rate': 0.7814164931090185, 'learning_rate': 0.007746106868087547, 'weight_decay': 0.0003542162773782494, 'batch_size': 512, 'tree_depth': 11}
2024-10-31 13:01:18,235 - INFO - Trial 121: Train MSE=2.1749213891369954, Train R²=0.638607599905559
2024-10-31 13:01:18,235 - INFO - Trial 121: Test MSE=2.242235933031355, Test R²=0.6350383247647967
2024-10-31 13:01:18,235 - INFO - ============================================================================================================================================================================================================================================================================================================
