2024-10-31 15:35:23,987 - INFO - Trial 368 finished with value: 2.2353449889591763 and parameters: {'hidden_layers': 1, 'hidden_units': 256, 'dropout_rate': 0.7895278148007142, 'learning_rate': 0.0019440211012825865, 'weight_decay': 0.0004424269379227047, 'batch_size': 512, 'tree_depth': 10}. Best is trial 104 with value: 2.1955713714872087.
2024-10-31 15:36:38,302 - INFO - Parameters: {'hidden_layers': 1, 'hidden_units': 256, 'dropout_rate': 0.7999857970466584, 'learning_rate': 0.001274595742887798, 'weight_decay': 0.00028755225894894535, 'batch_size': 128, 'tree_depth': 11}
2024-10-31 15:36:38,303 - INFO - Trial 369: Train MSE=1.9277615760053908, Train R²=0.674804304859468
2024-10-31 15:36:38,303 - INFO - Trial 369: Test MSE=2.2492929015840804, Test R²=0.6271112497363772
2024-10-31 15:36:38,303 - INFO - ============================================================================================================================================================================================================================================================================================================
2024-10-31 15:36:38,305 - INFO - Trial 369 finished with value: 2.2492929015840804 and parameters: {'hidden_layers': 1, 'hidden_units': 256, 'dropout_rate': 0.7999857970466584, 'learning_rate': 0.001274595742887798, 'weight_decay': 0.00028755225894894535, 'batch_size': 128, 'tree_depth': 11}. Best is trial 104 with value: 2.1955713714872087.
2024-10-31 15:37:12,068 - INFO - Parameters: {'hidden_layers': 2, 'hidden_units': 256, 'dropout_rate': 0.7782608460803274, 'learning_rate': 0.0017872379947161626, 'weight_decay': 0.00033373687006159927, 'batch_size': 512, 'tree_depth': 11}
2024-10-31 15:37:12,068 - INFO - Trial 370: Train MSE=2.2413897854941234, Train R²=0.6267113877194268
2024-10-31 15:37:12,068 - INFO - Trial 370: Test MSE=2.237830638885498, Test R²=0.6358516812324524
2024-10-31 15:37:12,068 - INFO - ============================================================================================================================================================================================================================================================================================================
2024-10-31 15:37:12,070 - INFO - Trial 370 finished with value: 2.237830638885498 and parameters: {'hidden_layers': 2, 'hidden_units': 256, 'dropout_rate': 0.7782608460803274, 'learning_rate': 0.0017872379947161626, 'weight_decay': 0.00033373687006159927, 'batch_size': 512, 'tree_depth': 11}. Best is trial 104 with value: 2.1955713714872087.
2024-10-31 15:37:46,849 - INFO - Parameters: {'hidden_layers': 3, 'hidden_units': 256, 'dropout_rate': 0.36981724430267093, 'learning_rate': 0.0009544577095470984, 'weight_decay': 0.0008172787010538127, 'batch_size': 512, 'tree_depth': 12}
2024-10-31 15:37:46,849 - INFO - Trial 371: Train MSE=0.7361799478530884, Train R²=0.877341594014849
2024-10-31 15:37:46,849 - INFO - Trial 371: Test MSE=2.4592249052865163, Test R²=0.5996817350387573
2024-10-31 15:37:46,849 - INFO - ============================================================================================================================================================================================================================================================================================================
2024-10-31 15:37:46,850 - INFO - Trial 371 finished with value: 2.4592249052865163 and parameters: {'hidden_layers': 3, 'hidden_units': 256, 'dropout_rate': 0.36981724430267093, 'learning_rate': 0.0009544577095470984, 'weight_decay': 0.0008172787010538127, 'batch_size': 512, 'tree_depth': 12}. Best is trial 104 with value: 2.1955713714872087.
2024-10-31 15:38:21,421 - INFO - Parameters: {'hidden_layers': 1, 'hidden_units': 256, 'dropout_rate': 0.7895147479415253, 'learning_rate': 0.0011569007799721856, 'weight_decay': 0.0003025598869087616, 'batch_size': 512, 'tree_depth': 11}
2024-10-31 15:38:21,421 - INFO - Trial 372: Train MSE=2.363593578338623, Train R²=0.6069357352597373
2024-10-31 15:38:21,421 - INFO - Trial 372: Test MSE=2.231663244111197, Test R²=0.6366832171167646
2024-10-31 15:38:21,421 - INFO - ============================================================================================================================================================================================================================================================================================================
2024-10-31 15:38:21,423 - INFO - Trial 372 finished with value: 2.231663244111197 and parameters: {'hidden_layers': 1, 'hidden_units': 256, 'dropout_rate': 0.7895147479415253, 'learning_rate': 0.0011569007799721856, 'weight_decay': 0.0003025598869087616, 'batch_size': 512, 'tree_depth': 11}. Best is trial 104 with value: 2.1955713714872087.
2024-10-31 15:38:55,167 - INFO - Parameters: {'hidden_layers': 1, 'hidden_units': 256, 'dropout_rate': 0.5007199419410542, 'learning_rate': 0.0007881361711350548, 'weight_decay': 0.0005601586546899752, 'batch_size': 512, 'tree_depth': 12}
2024-10-31 15:38:55,168 - INFO - Trial 373: Train MSE=0.9957717295203891, Train R²=0.8342669414622443
2024-10-31 15:38:55,168 - INFO - Trial 373: Test MSE=2.3514353888375417, Test R²=0.6174353020531791
2024-10-31 15:38:55,168 - INFO - ============================================================================================================================================================================================================================================================================================================
2024-10-31 15:38:55,169 - INFO - Trial 373 finished with value: 2.3514353888375417 and parameters: {'hidden_layers': 1, 'hidden_units': 256, 'dropout_rate': 0.5007199419410542, 'learning_rate': 0.0007881361711350548, 'weight_decay': 0.0005601586546899752, 'batch_size': 512, 'tree_depth': 12}. Best is trial 104 with value: 2.1955713714872087.
2024-10-31 15:39:30,944 - INFO - Parameters: {'hidden_layers': 1, 'hidden_units': 512, 'dropout_rate': 0.7735978714023503, 'learning_rate': 0.0021471990509283733, 'weight_decay': 0.00032149727352899716, 'batch_size': 512, 'tree_depth': 11}
2024-10-31 15:39:30,944 - INFO - Trial 374: Train MSE=1.6963129086153848, Train R²=0.7176534746374402
2024-10-31 15:39:30,945 - INFO - Trial 374: Test MSE=2.2890706402914867, Test R²=0.6273288386208671
2024-10-31 15:39:30,945 - INFO - ============================================================================================================================================================================================================================================================================================================
2024-10-31 15:39:30,946 - INFO - Trial 374 finished with value: 2.2890706402914867 and parameters: {'hidden_layers': 1, 'hidden_units': 512, 'dropout_rate': 0.7735978714023503, 'learning_rate': 0.0021471990509283733, 'weight_decay': 0.00032149727352899716, 'batch_size': 512, 'tree_depth': 11}. Best is trial 104 with value: 2.1955713714872087.
2024-10-31 15:40:03,582 - INFO - Parameters: {'hidden_layers': 1, 'hidden_units': 256, 'dropout_rate': 0.7831854045007873, 'learning_rate': 0.0014412491510841746, 'weight_decay': 0.00028481546129299637, 'batch_size': 512, 'tree_depth': 6}
2024-10-31 15:40:03,582 - INFO - Trial 375: Train MSE=3.0494919334139143, Train R²=0.4928646002496992
2024-10-31 15:40:03,582 - INFO - Trial 375: Test MSE=2.4377342632838657, Test R²=0.6031898260116577
2024-10-31 15:40:03,582 - INFO - ============================================================================================================================================================================================================================================================================================================
2024-10-31 15:40:03,583 - INFO - Trial 375 finished with value: 2.4377342632838657 and parameters: {'hidden_layers': 1, 'hidden_units': 256, 'dropout_rate': 0.7831854045007873, 'learning_rate': 0.0014412491510841746, 'weight_decay': 0.00028481546129299637, 'batch_size': 512, 'tree_depth': 6}. Best is trial 104 with value: 2.1955713714872087.
2024-10-31 15:40:36,801 - INFO - Parameters: {'hidden_layers': 1, 'hidden_units': 256, 'dropout_rate': 0.7567713135057258, 'learning_rate': 0.001029224290905351, 'weight_decay': 0.00030189518943020595, 'batch_size': 512, 'tree_depth': 11}
2024-10-31 15:40:36,801 - INFO - Trial 376: Train MSE=2.142719771180834, Train R²=0.6426634043455124
2024-10-31 15:40:36,801 - INFO - Trial 376: Test MSE=2.2226150887353078, Test R²=0.6383516022137233
2024-10-31 15:40:36,801 - INFO - ============================================================================================================================================================================================================================================================================================================
2024-10-31 15:40:36,802 - INFO - Trial 376 finished with value: 2.2226150887353078 and parameters: {'hidden_layers': 1, 'hidden_units': 256, 'dropout_rate': 0.7567713135057258, 'learning_rate': 0.001029224290905351, 'weight_decay': 0.00030189518943020595, 'batch_size': 512, 'tree_depth': 11}. Best is trial 104 with value: 2.1955713714872087.
2024-10-31 15:41:10,467 - INFO - Parameters: {'hidden_layers': 1, 'hidden_units': 256, 'dropout_rate': 0.7999922560353009, 'learning_rate': 0.002851984376489109, 'weight_decay': 0.00034884335982532854, 'batch_size': 512, 'tree_depth': 12}
2024-10-31 15:41:10,468 - INFO - Trial 377: Train MSE=2.106189578771591, Train R²=0.6487201963152204
2024-10-31 15:41:10,468 - INFO - Trial 377: Test MSE=2.224617464201791, Test R²=0.6378312536648342
2024-10-31 15:41:10,468 - INFO - ============================================================================================================================================================================================================================================================================================================
2024-10-31 15:41:10,469 - INFO - Trial 377 finished with value: 2.224617464201791 and parameters: {'hidden_layers': 1, 'hidden_units': 256, 'dropout_rate': 0.7999922560353009, 'learning_rate': 0.002851984376489109, 'weight_decay': 0.00034884335982532854, 'batch_size': 512, 'tree_depth': 12}. Best is trial 104 with value: 2.1955713714872087.
2024-10-31 15:41:43,528 - INFO - Parameters: {'hidden_layers': 1, 'hidden_units': 256, 'dropout_rate': 0.7683766489451886, 'learning_rate': 0.001731305627362397, 'weight_decay': 0.00032836067409473043, 'batch_size': 512, 'tree_depth': 11}
2024-10-31 15:41:43,528 - INFO - Trial 378: Train MSE=1.919905811548233, Train R²=0.6805417984724045
2024-10-31 15:41:43,528 - INFO - Trial 378: Test MSE=2.239001069750105, Test R²=0.635615851197924
2024-10-31 15:41:43,529 - INFO - ============================================================================================================================================================================================================================================================================================================
2024-10-31 15:41:43,530 - INFO - Trial 378 finished with value: 2.239001069750105 and parameters: {'hidden_layers': 1, 'hidden_units': 256, 'dropout_rate': 0.7683766489451886, 'learning_rate': 0.001731305627362397, 'weight_decay': 0.00032836067409473043, 'batch_size': 512, 'tree_depth': 11}. Best is trial 104 with value: 2.1955713714872087.
2024-10-31 15:42:17,708 - INFO - Parameters: {'hidden_layers': 1, 'hidden_units': 256, 'dropout_rate': 0.7830751155772149, 'learning_rate': 0.000853592025801277, 'weight_decay': 0.00030846619132250924, 'batch_size': 512, 'tree_depth': 11}
2024-10-31 15:42:17,708 - INFO - Trial 379: Train MSE=2.4935359954833984, Train R²=0.5846366605588368
2024-10-31 15:42:17,708 - INFO - Trial 379: Test MSE=2.264147622244699, Test R²=0.6314484306744167
2024-10-31 15:42:17,708 - INFO - ============================================================================================================================================================================================================================================================================================================
2024-10-31 15:42:17,709 - INFO - Trial 379 finished with value: 2.264147622244699 and parameters: {'hidden_layers': 1, 'hidden_units': 256, 'dropout_rate': 0.7830751155772149, 'learning_rate': 0.000853592025801277, 'weight_decay': 0.00030846619132250924, 'batch_size': 512, 'tree_depth': 11}. Best is trial 104 with value: 2.1955713714872087.
2024-10-31 15:42:53,323 - INFO - Parameters: {'hidden_layers': 1, 'hidden_units': 256, 'dropout_rate': 0.7904024097297362, 'learning_rate': 0.0015295327017265793, 'weight_decay': 0.0002764418768436864, 'batch_size': 512, 'tree_depth': 12}
2024-10-31 15:42:53,323 - INFO - Trial 380: Train MSE=2.1670178856168474, Train R²=0.6390679883105415
2024-10-31 15:42:53,323 - INFO - Trial 380: Test MSE=2.2612008026668002, Test R²=0.6321482573236737
2024-10-31 15:42:53,324 - INFO - ============================================================================================================================================================================================================================================================================================================
2024-10-31 15:42:53,325 - INFO - Trial 380 finished with value: 2.2612008026668002 and parameters: {'hidden_layers': 1, 'hidden_units': 256, 'dropout_rate': 0.7904024097297362, 'learning_rate': 0.0015295327017265793, 'weight_decay': 0.0002764418768436864, 'batch_size': 512, 'tree_depth': 12}. Best is trial 104 with value: 2.1955713714872087.
2024-10-31 15:43:24,815 - INFO - Parameters: {'hidden_layers': 4, 'hidden_units': 256, 'dropout_rate': 0.7998154984198763, 'learning_rate': 0.0012477499310816287, 'weight_decay': 0.0002972087154270757, 'batch_size': 1024, 'tree_depth': 11}
2024-10-31 15:43:24,815 - INFO - Trial 381: Train MSE=3.6564827476228987, Train R²=0.3926042446068355
2024-10-31 15:43:24,815 - INFO - Trial 381: Test MSE=2.8843096494674683, Test R²=0.5276606529951096
2024-10-31 15:43:24,815 - INFO - ============================================================================================================================================================================================================================================================================================================
2024-10-31 15:43:24,816 - INFO - Trial 381 finished with value: 2.8843096494674683 and parameters: {'hidden_layers': 4, 'hidden_units': 256, 'dropout_rate': 0.7998154984198763, 'learning_rate': 0.0012477499310816287, 'weight_decay': 0.0002972087154270757, 'batch_size': 1024, 'tree_depth': 11}. Best is trial 104 with value: 2.1955713714872087.
2024-10-31 15:44:00,787 - INFO - Parameters: {'hidden_layers': 1, 'hidden_units': 256, 'dropout_rate': 0.7769851898896528, 'learning_rate': 0.002351846362302588, 'weight_decay': 0.0009646423538239974, 'batch_size': 512, 'tree_depth': 12}
2024-10-31 15:44:00,787 - INFO - Trial 382: Train MSE=2.0712322124413083, Train R²=0.6550673118659428
2024-10-31 15:44:00,787 - INFO - Trial 382: Test MSE=2.25266478742872, Test R²=0.6333814263343811
2024-10-31 15:44:00,787 - INFO - ============================================================================================================================================================================================================================================================================================================
2024-10-31 15:44:00,788 - INFO - Trial 382 finished with value: 2.25266478742872 and parameters: {'hidden_layers': 1, 'hidden_units': 256, 'dropout_rate': 0.7769851898896528, 'learning_rate': 0.002351846362302588, 'weight_decay': 0.0009646423538239974, 'batch_size': 512, 'tree_depth': 12}. Best is trial 104 with value: 2.1955713714872087.
2024-10-31 15:44:38,709 - INFO - Parameters: {'hidden_layers': 1, 'hidden_units': 256, 'dropout_rate': 0.7895455893580535, 'learning_rate': 0.0010094448031972274, 'weight_decay': 0.0006368377440084063, 'batch_size': 512, 'tree_depth': 7}
2024-10-31 15:44:38,709 - INFO - Trial 383: Train MSE=2.9816481300762723, Train R²=0.5030647984572819
2024-10-31 15:44:38,710 - INFO - Trial 383: Test MSE=2.3446803774152483, Test R²=0.6184790134429932
2024-10-31 15:44:38,710 - INFO - ============================================================================================================================================================================================================================================================================================================
2024-10-31 15:44:38,712 - INFO - Trial 383 finished with value: 2.3446803774152483 and parameters: {'hidden_layers': 1, 'hidden_units': 256, 'dropout_rate': 0.7895455893580535, 'learning_rate': 0.0010094448031972274, 'weight_decay': 0.0006368377440084063, 'batch_size': 512, 'tree_depth': 7}. Best is trial 104 with value: 2.1955713714872087.
2024-10-31 15:45:13,588 - INFO - Parameters: {'hidden_layers': 1, 'hidden_units': 256, 'dropout_rate': 0.7682429375027264, 'learning_rate': 0.0010861583060654083, 'weight_decay': 0.0002567781742373057, 'batch_size': 512, 'tree_depth': 11}
2024-10-31 15:45:13,588 - INFO - Trial 384: Train MSE=2.1752264073916843, Train R²=0.636912043605532
2024-10-31 15:45:13,588 - INFO - Trial 384: Test MSE=2.2378020967756, Test R²=0.6357358353478568
2024-10-31 15:45:13,588 - INFO - ============================================================================================================================================================================================================================================================================================================
2024-10-31 15:45:13,589 - INFO - Trial 384 finished with value: 2.2378020967756 and parameters: {'hidden_layers': 1, 'hidden_units': 256, 'dropout_rate': 0.7682429375027264, 'learning_rate': 0.0010861583060654083, 'weight_decay': 0.0002567781742373057, 'batch_size': 512, 'tree_depth': 11}. Best is trial 104 with value: 2.1955713714872087.
2024-10-31 15:45:46,758 - INFO - Parameters: {'hidden_layers': 1, 'hidden_units': 256, 'dropout_rate': 0.7801402591574731, 'learning_rate': 0.0019875613686503014, 'weight_decay': 0.0003162920635691557, 'batch_size': 512, 'tree_depth': 11}
2024-10-31 15:45:46,758 - INFO - Trial 385: Train MSE=2.006637530667441, Train R²=0.6660222411155701
2024-10-31 15:45:46,758 - INFO - Trial 385: Test MSE=2.2631947994232178, Test R²=0.6314875568662371
2024-10-31 15:45:46,758 - INFO - ============================================================================================================================================================================================================================================================================================================
2024-10-31 15:45:46,760 - INFO - Trial 385 finished with value: 2.2631947994232178 and parameters: {'hidden_layers': 1, 'hidden_units': 256, 'dropout_rate': 0.7801402591574731, 'learning_rate': 0.0019875613686503014, 'weight_decay': 0.0003162920635691557, 'batch_size': 512, 'tree_depth': 11}. Best is trial 104 with value: 2.1955713714872087.
2024-10-31 15:46:19,251 - INFO - Parameters: {'hidden_layers': 1, 'hidden_units': 256, 'dropout_rate': 0.760499378705531, 'learning_rate': 0.0013829866840224137, 'weight_decay': 0.00033653885681394526, 'batch_size': 512, 'tree_depth': 12}
2024-10-31 15:46:19,252 - INFO - Trial 386: Train MSE=2.0050247269017354, Train R²=0.6659312801701682
2024-10-31 15:46:19,252 - INFO - Trial 386: Test MSE=2.2417738948549544, Test R²=0.6350895166397095
2024-10-31 15:46:19,252 - INFO - ============================================================================================================================================================================================================================================================================================================
2024-10-31 15:46:19,253 - INFO - Trial 386 finished with value: 2.2417738948549544 and parameters: {'hidden_layers': 1, 'hidden_units': 256, 'dropout_rate': 0.760499378705531, 'learning_rate': 0.0013829866840224137, 'weight_decay': 0.00033653885681394526, 'batch_size': 512, 'tree_depth': 12}. Best is trial 104 with value: 2.1955713714872087.
2024-10-31 15:46:53,228 - INFO - Parameters: {'hidden_layers': 1, 'hidden_units': 256, 'dropout_rate': 0.7907878707300827, 'learning_rate': 0.0009195771024583214, 'weight_decay': 0.00028396974224215757, 'batch_size': 512, 'tree_depth': 11}
2024-10-31 15:46:53,228 - INFO - Trial 387: Train MSE=2.5135215435709273, Train R²=0.5809627366917474
2024-10-31 15:46:53,228 - INFO - Trial 387: Test MSE=2.2458380120141164, Test R²=0.6345649872507367
2024-10-31 15:46:53,228 - INFO - ============================================================================================================================================================================================================================================================================================================
