2024-10-31 16:54:13,381 - INFO - Trial 482 finished with value: 2.235680103302002 and parameters: {'hidden_layers': 1, 'hidden_units': 256, 'dropout_rate': 0.7769806615756489, 'learning_rate': 0.003971223774117568, 'weight_decay': 0.0003141613277964958, 'batch_size': 512, 'tree_depth': 12}. Best is trial 104 with value: 2.1955713714872087.
2024-10-31 16:54:58,526 - INFO - Parameters: {'hidden_layers': 1, 'hidden_units': 256, 'dropout_rate': 0.7841544923373919, 'learning_rate': 0.0008945432827457111, 'weight_decay': 0.00029393122909094206, 'batch_size': 512, 'tree_depth': 11}
2024-10-31 16:54:58,526 - INFO - Trial 483: Train MSE=2.4582891379083907, Train R²=0.5912138159785952
2024-10-31 16:54:58,527 - INFO - Trial 483: Test MSE=2.2646147864205495, Test R²=0.6313862460000175
2024-10-31 16:54:58,527 - INFO - ============================================================================================================================================================================================================================================================================================================
2024-10-31 16:54:58,528 - INFO - Trial 483 finished with value: 2.2646147864205495 and parameters: {'hidden_layers': 1, 'hidden_units': 256, 'dropout_rate': 0.7841544923373919, 'learning_rate': 0.0008945432827457111, 'weight_decay': 0.00029393122909094206, 'batch_size': 512, 'tree_depth': 11}. Best is trial 104 with value: 2.1955713714872087.
2024-10-31 16:55:44,231 - INFO - Parameters: {'hidden_layers': 1, 'hidden_units': 1024, 'dropout_rate': 0.7915010303184452, 'learning_rate': 0.001779626311491501, 'weight_decay': 0.0003536763525435374, 'batch_size': 512, 'tree_depth': 11}
2024-10-31 16:55:44,231 - INFO - Trial 484: Train MSE=1.743710356099265, Train R²=0.7099517668996539
2024-10-31 16:55:44,231 - INFO - Trial 484: Test MSE=2.2674847670963834, Test R²=0.6309506808008466
2024-10-31 16:55:44,231 - INFO - ============================================================================================================================================================================================================================================================================================================
2024-10-31 16:55:44,232 - INFO - Trial 484 finished with value: 2.2674847670963834 and parameters: {'hidden_layers': 1, 'hidden_units': 1024, 'dropout_rate': 0.7915010303184452, 'learning_rate': 0.001779626311491501, 'weight_decay': 0.0003536763525435374, 'batch_size': 512, 'tree_depth': 11}. Best is trial 104 with value: 2.1955713714872087.
2024-10-31 16:56:46,631 - INFO - Parameters: {'hidden_layers': 1, 'hidden_units': 256, 'dropout_rate': 0.7696516757849134, 'learning_rate': 0.005397082247941126, 'weight_decay': 0.00032889950282614195, 'batch_size': 256, 'tree_depth': 12}
2024-10-31 16:56:46,631 - INFO - Trial 485: Train MSE=2.064339369535446, Train R²=0.6548561528325081
2024-10-31 16:56:46,631 - INFO - Trial 485: Test MSE=2.2805395296641757, Test R²=0.6272070961339133
2024-10-31 16:56:46,631 - INFO - ============================================================================================================================================================================================================================================================================================================
2024-10-31 16:56:46,632 - INFO - Trial 485 finished with value: 2.2805395296641757 and parameters: {'hidden_layers': 1, 'hidden_units': 256, 'dropout_rate': 0.7696516757849134, 'learning_rate': 0.005397082247941126, 'weight_decay': 0.00032889950282614195, 'batch_size': 256, 'tree_depth': 12}. Best is trial 104 with value: 2.1955713714872087.
2024-10-31 16:57:31,166 - INFO - Parameters: {'hidden_layers': 1, 'hidden_units': 256, 'dropout_rate': 0.7996315172735932, 'learning_rate': 0.0015590003277743678, 'weight_decay': 0.0002541238193145046, 'batch_size': 512, 'tree_depth': 11}
2024-10-31 16:57:31,166 - INFO - Trial 486: Train MSE=2.3375339720930373, Train R²=0.6101211096559253
2024-10-31 16:57:31,166 - INFO - Trial 486: Test MSE=2.21842292376927, Test R²=0.6388223341533116
2024-10-31 16:57:31,166 - INFO - ============================================================================================================================================================================================================================================================================================================
2024-10-31 16:57:31,167 - INFO - Trial 486 finished with value: 2.21842292376927 and parameters: {'hidden_layers': 1, 'hidden_units': 256, 'dropout_rate': 0.7996315172735932, 'learning_rate': 0.0015590003277743678, 'weight_decay': 0.0002541238193145046, 'batch_size': 512, 'tree_depth': 11}. Best is trial 104 with value: 2.1955713714872087.
2024-10-31 16:58:16,275 - INFO - Parameters: {'hidden_layers': 1, 'hidden_units': 256, 'dropout_rate': 0.7802623048194313, 'learning_rate': 0.007514795494541059, 'weight_decay': 0.00023724633697160425, 'batch_size': 512, 'tree_depth': 11}
2024-10-31 16:58:16,276 - INFO - Trial 487: Train MSE=1.9745353673185622, Train R²=0.6719227518354144
2024-10-31 16:58:16,276 - INFO - Trial 487: Test MSE=2.239671996661595, Test R²=0.6355699300765991
2024-10-31 16:58:16,276 - INFO - ============================================================================================================================================================================================================================================================================================================
2024-10-31 16:58:16,276 - INFO - Trial 487 finished with value: 2.239671996661595 and parameters: {'hidden_layers': 1, 'hidden_units': 256, 'dropout_rate': 0.7802623048194313, 'learning_rate': 0.007514795494541059, 'weight_decay': 0.00023724633697160425, 'batch_size': 512, 'tree_depth': 11}. Best is trial 104 with value: 2.1955713714872087.
2024-10-31 16:59:00,620 - INFO - Parameters: {'hidden_layers': 1, 'hidden_units': 256, 'dropout_rate': 0.7601839704723725, 'learning_rate': 0.001125238376999421, 'weight_decay': 0.00030854167557792424, 'batch_size': 512, 'tree_depth': 11}
2024-10-31 16:59:00,620 - INFO - Trial 488: Train MSE=2.1058351567813327, Train R²=0.649561590382031
2024-10-31 16:59:00,620 - INFO - Trial 488: Test MSE=2.2715183666774204, Test R²=0.6303667681557792
2024-10-31 16:59:00,620 - INFO - ============================================================================================================================================================================================================================================================================================================
2024-10-31 16:59:00,621 - INFO - Trial 488 finished with value: 2.2715183666774204 and parameters: {'hidden_layers': 1, 'hidden_units': 256, 'dropout_rate': 0.7601839704723725, 'learning_rate': 0.001125238376999421, 'weight_decay': 0.00030854167557792424, 'batch_size': 512, 'tree_depth': 11}. Best is trial 104 with value: 2.1955713714872087.
2024-10-31 16:59:41,671 - INFO - Parameters: {'hidden_layers': 1, 'hidden_units': 256, 'dropout_rate': 0.7996715477399567, 'learning_rate': 0.00892791812648736, 'weight_decay': 0.00028618200442349874, 'batch_size': 512, 'tree_depth': 8}
2024-10-31 16:59:41,671 - INFO - Trial 489: Train MSE=2.4139975139072964, Train R²=0.5986823780196053
2024-10-31 16:59:41,672 - INFO - Trial 489: Test MSE=2.278694544519697, Test R²=0.6291874476841518
2024-10-31 16:59:41,672 - INFO - ============================================================================================================================================================================================================================================================================================================
2024-10-31 16:59:41,673 - INFO - Trial 489 finished with value: 2.278694544519697 and parameters: {'hidden_layers': 1, 'hidden_units': 256, 'dropout_rate': 0.7996715477399567, 'learning_rate': 0.00892791812648736, 'weight_decay': 0.00028618200442349874, 'batch_size': 512, 'tree_depth': 8}. Best is trial 104 with value: 2.1955713714872087.
2024-10-31 17:00:26,602 - INFO - Parameters: {'hidden_layers': 1, 'hidden_units': 256, 'dropout_rate': 0.7853386394459019, 'learning_rate': 0.009993473974597902, 'weight_decay': 0.0003283540396429717, 'batch_size': 512, 'tree_depth': 12}
2024-10-31 17:00:26,602 - INFO - Trial 490: Train MSE=2.173119217157364, Train R²=0.6383214294910431
2024-10-31 17:00:26,603 - INFO - Trial 490: Test MSE=2.2478879519871304, Test R²=0.6342036468642098
2024-10-31 17:00:26,603 - INFO - ============================================================================================================================================================================================================================================================================================================
2024-10-31 17:00:26,604 - INFO - Trial 490 finished with value: 2.2478879519871304 and parameters: {'hidden_layers': 1, 'hidden_units': 256, 'dropout_rate': 0.7853386394459019, 'learning_rate': 0.009993473974597902, 'weight_decay': 0.0003283540396429717, 'batch_size': 512, 'tree_depth': 12}. Best is trial 104 with value: 2.1955713714872087.
2024-10-31 17:01:11,693 - INFO - Parameters: {'hidden_layers': 1, 'hidden_units': 256, 'dropout_rate': 0.7688069461684722, 'learning_rate': 0.00014366698225595765, 'weight_decay': 0.00038608359581532114, 'batch_size': 512, 'tree_depth': 11}
2024-10-31 17:01:11,693 - INFO - Trial 491: Train MSE=6.253787074770246, Train R²=-0.042132090244974406
2024-10-31 17:01:11,693 - INFO - Trial 491: Test MSE=2.6819885798863004, Test R²=0.5636406796319144
2024-10-31 17:01:11,693 - INFO - ============================================================================================================================================================================================================================================================================================================
2024-10-31 17:01:11,695 - INFO - Trial 491 finished with value: 2.6819885798863004 and parameters: {'hidden_layers': 1, 'hidden_units': 256, 'dropout_rate': 0.7688069461684722, 'learning_rate': 0.00014366698225595765, 'weight_decay': 0.00038608359581532114, 'batch_size': 512, 'tree_depth': 11}. Best is trial 104 with value: 2.1955713714872087.
2024-10-31 17:02:53,524 - INFO - Parameters: {'hidden_layers': 1, 'hidden_units': 256, 'dropout_rate': 0.7770649282442401, 'learning_rate': 0.0009992273323961307, 'weight_decay': 0.0005395945011160977, 'batch_size': 128, 'tree_depth': 11}
2024-10-31 17:02:53,524 - INFO - Trial 492: Train MSE=1.8443628666656358, Train R²=0.6888920749936785
2024-10-31 17:02:53,524 - INFO - Trial 492: Test MSE=2.256411020244871, Test R²=0.6262075730732509
2024-10-31 17:02:53,524 - INFO - ============================================================================================================================================================================================================================================================================================================
2024-10-31 17:02:53,526 - INFO - Trial 492 finished with value: 2.256411020244871 and parameters: {'hidden_layers': 1, 'hidden_units': 256, 'dropout_rate': 0.7770649282442401, 'learning_rate': 0.0009992273323961307, 'weight_decay': 0.0005395945011160977, 'batch_size': 128, 'tree_depth': 11}. Best is trial 104 with value: 2.1955713714872087.
2024-10-31 17:03:31,812 - INFO - Parameters: {'hidden_layers': 1, 'hidden_units': 512, 'dropout_rate': 0.5358790776085849, 'learning_rate': 0.0008579300530271616, 'weight_decay': 0.0002980762013495708, 'batch_size': 512, 'tree_depth': 12}
2024-10-31 17:03:31,813 - INFO - Trial 493: Train MSE=0.9778415603297097, Train R²=0.8368412064654487
2024-10-31 17:03:31,813 - INFO - Trial 493: Test MSE=2.4662251131875172, Test R²=0.5984436018126351
2024-10-31 17:03:31,813 - INFO - ============================================================================================================================================================================================================================================================================================================
2024-10-31 17:03:31,813 - INFO - Trial 493 finished with value: 2.4662251131875172 and parameters: {'hidden_layers': 1, 'hidden_units': 512, 'dropout_rate': 0.5358790776085849, 'learning_rate': 0.0008579300530271616, 'weight_decay': 0.0002980762013495708, 'batch_size': 512, 'tree_depth': 12}. Best is trial 104 with value: 2.1955713714872087.
2024-10-31 17:04:13,070 - INFO - Parameters: {'hidden_layers': 1, 'hidden_units': 256, 'dropout_rate': 0.7912217512139237, 'learning_rate': 0.0003055507144405965, 'weight_decay': 0.0003151354277021305, 'batch_size': 512, 'tree_depth': 11}
2024-10-31 17:04:13,071 - INFO - Trial 494: Train MSE=4.030266514846256, Train R²=0.32780560851097107
2024-10-31 17:04:13,071 - INFO - Trial 494: Test MSE=2.418046372277396, Test R²=0.6064804026058742
2024-10-31 17:04:13,071 - INFO - ============================================================================================================================================================================================================================================================================================================
2024-10-31 17:04:13,072 - INFO - Trial 494 finished with value: 2.418046372277396 and parameters: {'hidden_layers': 1, 'hidden_units': 256, 'dropout_rate': 0.7912217512139237, 'learning_rate': 0.0003055507144405965, 'weight_decay': 0.0003151354277021305, 'batch_size': 512, 'tree_depth': 11}. Best is trial 104 with value: 2.1955713714872087.
2024-10-31 17:04:57,833 - INFO - Parameters: {'hidden_layers': 1, 'hidden_units': 256, 'dropout_rate': 0.7843108996197259, 'learning_rate': 0.0030348782922618644, 'weight_decay': 0.0002705178343076512, 'batch_size': 512, 'tree_depth': 11}
2024-10-31 17:04:57,833 - INFO - Trial 495: Train MSE=1.9683067032269068, Train R²=0.6724464190857751
2024-10-31 17:04:57,833 - INFO - Trial 495: Test MSE=2.2680459022521973, Test R²=0.6308948312486921
2024-10-31 17:04:57,833 - INFO - ============================================================================================================================================================================================================================================================================================================
2024-10-31 17:04:57,834 - INFO - Trial 495 finished with value: 2.2680459022521973 and parameters: {'hidden_layers': 1, 'hidden_units': 256, 'dropout_rate': 0.7843108996197259, 'learning_rate': 0.0030348782922618644, 'weight_decay': 0.0002705178343076512, 'batch_size': 512, 'tree_depth': 11}. Best is trial 104 with value: 2.1955713714872087.
2024-10-31 17:05:43,334 - INFO - Parameters: {'hidden_layers': 1, 'hidden_units': 256, 'dropout_rate': 0.7743831406360813, 'learning_rate': 0.0012770535940110292, 'weight_decay': 0.0003398885286246526, 'batch_size': 512, 'tree_depth': 12}
2024-10-31 17:05:43,335 - INFO - Trial 496: Train MSE=2.155153159584318, Train R²=0.6414832792111805
2024-10-31 17:05:43,335 - INFO - Trial 496: Test MSE=2.2112128053392683, Test R²=0.6399062275886536
2024-10-31 17:05:43,335 - INFO - ============================================================================================================================================================================================================================================================================================================
2024-10-31 17:05:43,336 - INFO - Trial 496 finished with value: 2.2112128053392683 and parameters: {'hidden_layers': 1, 'hidden_units': 256, 'dropout_rate': 0.7743831406360813, 'learning_rate': 0.0012770535940110292, 'weight_decay': 0.0003398885286246526, 'batch_size': 512, 'tree_depth': 12}. Best is trial 104 with value: 2.1955713714872087.
2024-10-31 17:06:27,757 - INFO - Parameters: {'hidden_layers': 1, 'hidden_units': 256, 'dropout_rate': 0.7541601315843193, 'learning_rate': 0.0013513347733320282, 'weight_decay': 0.00036043902335153457, 'batch_size': 512, 'tree_depth': 12}
2024-10-31 17:06:27,757 - INFO - Trial 497: Train MSE=1.9745346435478754, Train R²=0.6719025799206325
2024-10-31 17:06:27,757 - INFO - Trial 497: Test MSE=2.2901760169437955, Test R²=0.6272521359579903
2024-10-31 17:06:27,757 - INFO - ============================================================================================================================================================================================================================================================================================================
2024-10-31 17:06:27,758 - INFO - Trial 497 finished with value: 2.2901760169437955 and parameters: {'hidden_layers': 1, 'hidden_units': 256, 'dropout_rate': 0.7541601315843193, 'learning_rate': 0.0013513347733320282, 'weight_decay': 0.00036043902335153457, 'batch_size': 512, 'tree_depth': 12}. Best is trial 104 with value: 2.1955713714872087.
2024-10-31 17:07:13,147 - INFO - Parameters: {'hidden_layers': 1, 'hidden_units': 256, 'dropout_rate': 0.7628983736236147, 'learning_rate': 0.0012431546546975395, 'weight_decay': 0.00034258360328795305, 'batch_size': 512, 'tree_depth': 12}
2024-10-31 17:07:13,147 - INFO - Trial 498: Train MSE=2.0216529880251204, Train R²=0.6631321736744472
2024-10-31 17:07:13,148 - INFO - Trial 498: Test MSE=2.248806953430176, Test R²=0.6339383465903146
2024-10-31 17:07:13,148 - INFO - ============================================================================================================================================================================================================================================================================================================
2024-10-31 17:07:13,149 - INFO - Trial 498 finished with value: 2.248806953430176 and parameters: {'hidden_layers': 1, 'hidden_units': 256, 'dropout_rate': 0.7628983736236147, 'learning_rate': 0.0012431546546975395, 'weight_decay': 0.00034258360328795305, 'batch_size': 512, 'tree_depth': 12}. Best is trial 104 with value: 2.1955713714872087.
2024-10-31 17:07:57,733 - INFO - Parameters: {'hidden_layers': 1, 'hidden_units': 256, 'dropout_rate': 0.7373585862306596, 'learning_rate': 0.0014877628078548953, 'weight_decay': 0.00035131079403636213, 'batch_size': 512, 'tree_depth': 12}
2024-10-31 17:07:57,733 - INFO - Trial 499: Train MSE=1.7800321877002716, Train R²=0.7026551940611431
2024-10-31 17:07:57,733 - INFO - Trial 499: Test MSE=2.226520453180586, Test R²=0.6375507456915719
2024-10-31 17:07:57,733 - INFO - ============================================================================================================================================================================================================================================================================================================
2024-10-31 17:07:57,734 - INFO - Trial 499 finished with value: 2.226520453180586 and parameters: {'hidden_layers': 1, 'hidden_units': 256, 'dropout_rate': 0.7373585862306596, 'learning_rate': 0.0014877628078548953, 'weight_decay': 0.00035131079403636213, 'batch_size': 512, 'tree_depth': 12}. Best is trial 104 with value: 2.1955713714872087.
2024-10-31 17:08:41,832 - INFO - Parameters: {'hidden_layers': 1, 'hidden_units': 256, 'dropout_rate': 0.7719330319144629, 'learning_rate': 0.0013906211637441236, 'weight_decay': 0.00033862446498332847, 'batch_size': 512, 'tree_depth': 12}
2024-10-31 17:08:41,832 - INFO - Trial 500: Train MSE=2.1042282368455614, Train R²=0.6495152179683957
2024-10-31 17:08:41,832 - INFO - Trial 500: Test MSE=2.2691878931862965, Test R²=0.6306834476334708
2024-10-31 17:08:41,832 - INFO - ============================================================================================================================================================================================================================================================================================================
2024-10-31 17:08:41,833 - INFO - Trial 500 finished with value: 2.2691878931862965 and parameters: {'hidden_layers': 1, 'hidden_units': 256, 'dropout_rate': 0.7719330319144629, 'learning_rate': 0.0013906211637441236, 'weight_decay': 0.00033862446498332847, 'batch_size': 512, 'tree_depth': 12}. Best is trial 104 with value: 2.1955713714872087.
2024-10-31 17:09:17,014 - INFO - Parameters: {'hidden_layers': 1, 'hidden_units': 256, 'dropout_rate': 0.7999378243035113, 'learning_rate': 0.0016465496275496682, 'weight_decay': 0.00032332295573525067, 'batch_size': 512, 'tree_depth': 12}
2024-10-31 17:09:17,015 - INFO - Trial 501: Train MSE=2.2053724101611545, Train R²=0.6323771008423397
2024-10-31 17:09:17,015 - INFO - Trial 501: Test MSE=2.225545201982771, Test R²=0.63787898847035
2024-10-31 17:09:17,015 - INFO - ============================================================================================================================================================================================================================================================================================================
