2024-10-31 12:37:54,947 - INFO - Trial 83 finished with value: 2.243169443947928 and parameters: {'hidden_layers': 1, 'hidden_units': 256, 'dropout_rate': 0.7839399723367159, 'learning_rate': 0.0016076068982865672, 'weight_decay': 0.00010300660010200377, 'batch_size': 512, 'tree_depth': 11}. Best is trial 72 with value: 2.2163165637425015.
2024-10-31 12:38:33,365 - INFO - Parameters: {'hidden_layers': 1, 'hidden_units': 256, 'dropout_rate': 0.7913020385182069, 'learning_rate': 0.0009081949606264948, 'weight_decay': 0.0002171135466211596, 'batch_size': 512, 'tree_depth': 12}
2024-10-31 12:38:33,365 - INFO - Trial 84: Train MSE=2.5266106724739075, Train R²=0.5799072938305991
2024-10-31 12:38:33,365 - INFO - Trial 84: Test MSE=2.213188546044486, Test R²=0.6397732836859567
2024-10-31 12:38:33,365 - INFO - ============================================================================================================================================================================================================================================================================================================
2024-10-31 12:38:33,366 - INFO - Trial 84 finished with value: 2.213188546044486 and parameters: {'hidden_layers': 1, 'hidden_units': 256, 'dropout_rate': 0.7913020385182069, 'learning_rate': 0.0009081949606264948, 'weight_decay': 0.0002171135466211596, 'batch_size': 512, 'tree_depth': 12}. Best is trial 84 with value: 2.213188546044486.
2024-10-31 12:39:10,849 - INFO - Parameters: {'hidden_layers': 1, 'hidden_units': 256, 'dropout_rate': 0.7902569126213086, 'learning_rate': 0.0012610940196402778, 'weight_decay': 0.00021984951667613792, 'batch_size': 512, 'tree_depth': 12}
2024-10-31 12:39:10,849 - INFO - Trial 85: Train MSE=2.3177719243935178, Train R²=0.6136146805116108
2024-10-31 12:39:10,849 - INFO - Trial 85: Test MSE=2.231537784848894, Test R²=0.636867914881025
2024-10-31 12:39:10,849 - INFO - ============================================================================================================================================================================================================================================================================================================
2024-10-31 12:39:10,851 - INFO - Trial 85 finished with value: 2.231537784848894 and parameters: {'hidden_layers': 1, 'hidden_units': 256, 'dropout_rate': 0.7902569126213086, 'learning_rate': 0.0012610940196402778, 'weight_decay': 0.00021984951667613792, 'batch_size': 512, 'tree_depth': 12}. Best is trial 84 with value: 2.213188546044486.
2024-10-31 12:39:48,566 - INFO - Parameters: {'hidden_layers': 1, 'hidden_units': 256, 'dropout_rate': 0.7916405536296015, 'learning_rate': 0.0008732377605253231, 'weight_decay': 0.00025924184964589775, 'batch_size': 512, 'tree_depth': 12}
2024-10-31 12:39:48,566 - INFO - Trial 86: Train MSE=2.5500742622784207, Train R²=0.5757716596126556
2024-10-31 12:39:48,566 - INFO - Trial 86: Test MSE=2.2494213581085205, Test R²=0.6338679960795811
2024-10-31 12:39:48,566 - INFO - ============================================================================================================================================================================================================================================================================================================
2024-10-31 12:39:48,567 - INFO - Trial 86 finished with value: 2.2494213581085205 and parameters: {'hidden_layers': 1, 'hidden_units': 256, 'dropout_rate': 0.7916405536296015, 'learning_rate': 0.0008732377605253231, 'weight_decay': 0.00025924184964589775, 'batch_size': 512, 'tree_depth': 12}. Best is trial 84 with value: 2.213188546044486.
2024-10-31 12:40:26,160 - INFO - Parameters: {'hidden_layers': 1, 'hidden_units': 256, 'dropout_rate': 0.7428722355279115, 'learning_rate': 0.0012321708968920943, 'weight_decay': 0.00021829599810015512, 'batch_size': 512, 'tree_depth': 12}
2024-10-31 12:40:26,160 - INFO - Trial 87: Train MSE=1.9050962626934052, Train R²=0.6829232083899635
2024-10-31 12:40:26,160 - INFO - Trial 87: Test MSE=2.2345377717699324, Test R²=0.6362914528165545
2024-10-31 12:40:26,160 - INFO - ============================================================================================================================================================================================================================================================================================================
2024-10-31 12:40:26,162 - INFO - Trial 87 finished with value: 2.2345377717699324 and parameters: {'hidden_layers': 1, 'hidden_units': 256, 'dropout_rate': 0.7428722355279115, 'learning_rate': 0.0012321708968920943, 'weight_decay': 0.00021829599810015512, 'batch_size': 512, 'tree_depth': 12}. Best is trial 84 with value: 2.213188546044486.
2024-10-31 12:41:03,938 - INFO - Parameters: {'hidden_layers': 1, 'hidden_units': 256, 'dropout_rate': 0.7392329255639313, 'learning_rate': 0.0032357042274194924, 'weight_decay': 0.0002140490030402415, 'batch_size': 512, 'tree_depth': 12}
2024-10-31 12:41:03,938 - INFO - Trial 88: Train MSE=1.6692817424024855, Train R²=0.722245774098805
2024-10-31 12:41:03,938 - INFO - Trial 88: Test MSE=2.255857195172991, Test R²=0.6329101834978376
2024-10-31 12:41:03,938 - INFO - ============================================================================================================================================================================================================================================================================================================
2024-10-31 12:41:03,939 - INFO - Trial 88 finished with value: 2.255857195172991 and parameters: {'hidden_layers': 1, 'hidden_units': 256, 'dropout_rate': 0.7392329255639313, 'learning_rate': 0.0032357042274194924, 'weight_decay': 0.0002140490030402415, 'batch_size': 512, 'tree_depth': 12}. Best is trial 84 with value: 2.213188546044486.
2024-10-31 12:41:54,230 - INFO - Parameters: {'hidden_layers': 1, 'hidden_units': 1024, 'dropout_rate': 0.7472206627965422, 'learning_rate': 0.0012032633139622032, 'weight_decay': 0.000215492727362648, 'batch_size': 512, 'tree_depth': 12}
2024-10-31 12:41:54,230 - INFO - Trial 89: Train MSE=1.6193672205720628, Train R²=0.7306743391922542
2024-10-31 12:41:54,230 - INFO - Trial 89: Test MSE=2.280296802520752, Test R²=0.6286370158195496
2024-10-31 12:41:54,230 - INFO - ============================================================================================================================================================================================================================================================================================================
2024-10-31 12:41:54,231 - INFO - Trial 89 finished with value: 2.280296802520752 and parameters: {'hidden_layers': 1, 'hidden_units': 1024, 'dropout_rate': 0.7472206627965422, 'learning_rate': 0.0012032633139622032, 'weight_decay': 0.000215492727362648, 'batch_size': 512, 'tree_depth': 12}. Best is trial 84 with value: 2.213188546044486.
2024-10-31 12:42:31,596 - INFO - Parameters: {'hidden_layers': 1, 'hidden_units': 128, 'dropout_rate': 0.3595787637642466, 'learning_rate': 0.0012412196172423796, 'weight_decay': 0.00019234716313312845, 'batch_size': 512, 'tree_depth': 12}
2024-10-31 12:42:31,596 - INFO - Trial 90: Train MSE=0.687256898198809, Train R²=0.8854216358491352
2024-10-31 12:42:31,596 - INFO - Trial 90: Test MSE=2.477945395878383, Test R²=0.59663473708289
2024-10-31 12:42:31,596 - INFO - ============================================================================================================================================================================================================================================================================================================
2024-10-31 12:42:31,597 - INFO - Trial 90 finished with value: 2.477945395878383 and parameters: {'hidden_layers': 1, 'hidden_units': 128, 'dropout_rate': 0.3595787637642466, 'learning_rate': 0.0012412196172423796, 'weight_decay': 0.00019234716313312845, 'batch_size': 512, 'tree_depth': 12}. Best is trial 84 with value: 2.213188546044486.
2024-10-31 12:43:09,843 - INFO - Parameters: {'hidden_layers': 1, 'hidden_units': 256, 'dropout_rate': 0.770042768440143, 'learning_rate': 0.001452559026162681, 'weight_decay': 0.00011288451233947129, 'batch_size': 512, 'tree_depth': 12}
2024-10-31 12:43:09,843 - INFO - Trial 91: Train MSE=2.071725232260568, Train R²=0.6553695436034884
2024-10-31 12:43:09,843 - INFO - Trial 91: Test MSE=2.24980936731611, Test R²=0.6338279587881905
2024-10-31 12:43:09,843 - INFO - ============================================================================================================================================================================================================================================================================================================
2024-10-31 12:43:09,845 - INFO - Trial 91 finished with value: 2.24980936731611 and parameters: {'hidden_layers': 1, 'hidden_units': 256, 'dropout_rate': 0.770042768440143, 'learning_rate': 0.001452559026162681, 'weight_decay': 0.00011288451233947129, 'batch_size': 512, 'tree_depth': 12}. Best is trial 84 with value: 2.213188546044486.
2024-10-31 12:43:48,086 - INFO - Parameters: {'hidden_layers': 1, 'hidden_units': 256, 'dropout_rate': 0.7992134078622899, 'learning_rate': 0.0006797178840572084, 'weight_decay': 0.00023220918251005626, 'batch_size': 512, 'tree_depth': 12}
2024-10-31 12:43:48,086 - INFO - Trial 92: Train MSE=2.8010392444474355, Train R²=0.5331871637276241
2024-10-31 12:43:48,086 - INFO - Trial 92: Test MSE=2.2374352727617537, Test R²=0.635870133127485
2024-10-31 12:43:48,086 - INFO - ============================================================================================================================================================================================================================================================================================================
2024-10-31 12:43:48,087 - INFO - Trial 92 finished with value: 2.2374352727617537 and parameters: {'hidden_layers': 1, 'hidden_units': 256, 'dropout_rate': 0.7992134078622899, 'learning_rate': 0.0006797178840572084, 'weight_decay': 0.00023220918251005626, 'batch_size': 512, 'tree_depth': 12}. Best is trial 84 with value: 2.213188546044486.
2024-10-31 12:44:25,668 - INFO - Parameters: {'hidden_layers': 1, 'hidden_units': 256, 'dropout_rate': 0.7317894673654113, 'learning_rate': 0.001774200000013902, 'weight_decay': 0.00016968875113077746, 'batch_size': 512, 'tree_depth': 12}
2024-10-31 12:44:25,668 - INFO - Trial 93: Train MSE=1.7157127516610282, Train R²=0.7139236458710262
2024-10-31 12:44:25,668 - INFO - Trial 93: Test MSE=2.2736791031701222, Test R²=0.6298991782324654
2024-10-31 12:44:25,668 - INFO - ============================================================================================================================================================================================================================================================================================================
2024-10-31 12:44:25,669 - INFO - Trial 93 finished with value: 2.2736791031701222 and parameters: {'hidden_layers': 1, 'hidden_units': 256, 'dropout_rate': 0.7317894673654113, 'learning_rate': 0.001774200000013902, 'weight_decay': 0.00016968875113077746, 'batch_size': 512, 'tree_depth': 12}. Best is trial 84 with value: 2.213188546044486.
2024-10-31 12:45:03,567 - INFO - Parameters: {'hidden_layers': 1, 'hidden_units': 256, 'dropout_rate': 0.7881215452435033, 'learning_rate': 0.0010413226792592252, 'weight_decay': 0.0002540503453706361, 'batch_size': 512, 'tree_depth': 12}
2024-10-31 12:45:03,567 - INFO - Trial 94: Train MSE=2.3804031227316176, Train R²=0.6038893397365298
2024-10-31 12:45:03,567 - INFO - Trial 94: Test MSE=2.226370334625244, Test R²=0.6376663105828422
2024-10-31 12:45:03,567 - INFO - ============================================================================================================================================================================================================================================================================================================
2024-10-31 12:45:03,569 - INFO - Trial 94 finished with value: 2.226370334625244 and parameters: {'hidden_layers': 1, 'hidden_units': 256, 'dropout_rate': 0.7881215452435033, 'learning_rate': 0.0010413226792592252, 'weight_decay': 0.0002540503453706361, 'batch_size': 512, 'tree_depth': 12}. Best is trial 84 with value: 2.213188546044486.
2024-10-31 12:45:57,433 - INFO - Parameters: {'hidden_layers': 1, 'hidden_units': 256, 'dropout_rate': 0.7552712625061822, 'learning_rate': 0.0010966566458346406, 'weight_decay': 0.0002488991107673045, 'batch_size': 256, 'tree_depth': 12}
2024-10-31 12:45:57,433 - INFO - Trial 95: Train MSE=1.8249145618506841, Train R²=0.6944843743528638
2024-10-31 12:45:57,433 - INFO - Trial 95: Test MSE=2.2674316593578885, Test R²=0.6290941749300275
2024-10-31 12:45:57,433 - INFO - ============================================================================================================================================================================================================================================================================================================
2024-10-31 12:45:57,434 - INFO - Trial 95 finished with value: 2.2674316593578885 and parameters: {'hidden_layers': 1, 'hidden_units': 256, 'dropout_rate': 0.7552712625061822, 'learning_rate': 0.0010966566458346406, 'weight_decay': 0.0002488991107673045, 'batch_size': 256, 'tree_depth': 12}. Best is trial 84 with value: 2.213188546044486.
2024-10-31 12:46:34,875 - INFO - Parameters: {'hidden_layers': 1, 'hidden_units': 256, 'dropout_rate': 0.790895878784681, 'learning_rate': 0.007031019536735402, 'weight_decay': 0.00028776831895242907, 'batch_size': 512, 'tree_depth': 12}
2024-10-31 12:46:34,875 - INFO - Trial 96: Train MSE=2.021463304758072, Train R²=0.6632984280586243
2024-10-31 12:46:34,875 - INFO - Trial 96: Test MSE=2.231043883732387, Test R²=0.6367899860654559
2024-10-31 12:46:34,875 - INFO - ============================================================================================================================================================================================================================================================================================================
2024-10-31 12:46:34,877 - INFO - Trial 96 finished with value: 2.231043883732387 and parameters: {'hidden_layers': 1, 'hidden_units': 256, 'dropout_rate': 0.790895878784681, 'learning_rate': 0.007031019536735402, 'weight_decay': 0.00028776831895242907, 'batch_size': 512, 'tree_depth': 12}. Best is trial 84 with value: 2.213188546044486.
2024-10-31 12:47:13,306 - INFO - Parameters: {'hidden_layers': 1, 'hidden_units': 256, 'dropout_rate': 0.7891312144966653, 'learning_rate': 0.00026901085266717333, 'weight_decay': 0.0002875177092546549, 'batch_size': 512, 'tree_depth': 12}
2024-10-31 12:47:13,306 - INFO - Trial 97: Train MSE=4.3816390718732565, Train R²=0.2702383292572839
2024-10-31 12:47:13,307 - INFO - Trial 97: Test MSE=2.284793036324637, Test R²=0.6280823349952698
2024-10-31 12:47:13,307 - INFO - ============================================================================================================================================================================================================================================================================================================
2024-10-31 12:47:13,308 - INFO - Trial 97 finished with value: 2.284793036324637 and parameters: {'hidden_layers': 1, 'hidden_units': 256, 'dropout_rate': 0.7891312144966653, 'learning_rate': 0.00026901085266717333, 'weight_decay': 0.0002875177092546549, 'batch_size': 512, 'tree_depth': 12}. Best is trial 84 with value: 2.213188546044486.
2024-10-31 12:47:50,701 - INFO - Parameters: {'hidden_layers': 1, 'hidden_units': 256, 'dropout_rate': 0.7926437813499658, 'learning_rate': 0.0021553061747470897, 'weight_decay': 0.000299686777136311, 'batch_size': 512, 'tree_depth': 12}
2024-10-31 12:47:50,701 - INFO - Trial 98: Train MSE=2.1462277386869704, Train R²=0.6424352590526853
2024-10-31 12:47:50,701 - INFO - Trial 98: Test MSE=2.2178172724587575, Test R²=0.6389721802302769
2024-10-31 12:47:50,701 - INFO - ============================================================================================================================================================================================================================================================================================================
2024-10-31 12:47:50,702 - INFO - Trial 98 finished with value: 2.2178172724587575 and parameters: {'hidden_layers': 1, 'hidden_units': 256, 'dropout_rate': 0.7926437813499658, 'learning_rate': 0.0021553061747470897, 'weight_decay': 0.000299686777136311, 'batch_size': 512, 'tree_depth': 12}. Best is trial 84 with value: 2.213188546044486.
2024-10-31 12:48:30,331 - INFO - Parameters: {'hidden_layers': 2, 'hidden_units': 512, 'dropout_rate': 0.7923103167841181, 'learning_rate': 0.005121128934854074, 'weight_decay': 0.00030619963966621274, 'batch_size': 1024, 'tree_depth': 12}
2024-10-31 12:48:30,332 - INFO - Trial 99: Train MSE=2.0315924116543362, Train R²=0.6624678713934762
2024-10-31 12:48:30,332 - INFO - Trial 99: Test MSE=2.2569390535354614, Test R²=0.6299253106117249
2024-10-31 12:48:30,332 - INFO - ============================================================================================================================================================================================================================================================================================================
2024-10-31 12:48:30,333 - INFO - Trial 99 finished with value: 2.2569390535354614 and parameters: {'hidden_layers': 2, 'hidden_units': 512, 'dropout_rate': 0.7923103167841181, 'learning_rate': 0.005121128934854074, 'weight_decay': 0.00030619963966621274, 'batch_size': 1024, 'tree_depth': 12}. Best is trial 84 with value: 2.213188546044486.
2024-10-31 12:49:08,026 - INFO - Parameters: {'hidden_layers': 1, 'hidden_units': 256, 'dropout_rate': 0.48768204837076784, 'learning_rate': 0.007148913160599132, 'weight_decay': 0.0001316715971944612, 'batch_size': 512, 'tree_depth': 12}
2024-10-31 12:49:08,026 - INFO - Trial 100: Train MSE=0.8566437661647797, Train R²=0.8573289620024818
2024-10-31 12:49:08,026 - INFO - Trial 100: Test MSE=2.3428219727107455, Test R²=0.6185983504567828
2024-10-31 12:49:08,026 - INFO - ============================================================================================================================================================================================================================================================================================================
2024-10-31 12:49:08,028 - INFO - Trial 100 finished with value: 2.3428219727107455 and parameters: {'hidden_layers': 1, 'hidden_units': 256, 'dropout_rate': 0.48768204837076784, 'learning_rate': 0.007148913160599132, 'weight_decay': 0.0001316715971944612, 'batch_size': 512, 'tree_depth': 12}. Best is trial 84 with value: 2.213188546044486.
2024-10-31 12:49:45,538 - INFO - Parameters: {'hidden_layers': 1, 'hidden_units': 256, 'dropout_rate': 0.7738453196189283, 'learning_rate': 0.007258123000549299, 'weight_decay': 0.00032445241862073424, 'batch_size': 512, 'tree_depth': 12}
2024-10-31 12:49:45,538 - INFO - Trial 101: Train MSE=2.037572992699487, Train R²=0.6606542319059372
2024-10-31 12:49:45,538 - INFO - Trial 101: Test MSE=2.2169771875653947, Test R²=0.6392065712383815
2024-10-31 12:49:45,538 - INFO - ============================================================================================================================================================================================================================================================================================================
2024-10-31 12:49:45,539 - INFO - Trial 101 finished with value: 2.2169771875653947 and parameters: {'hidden_layers': 1, 'hidden_units': 256, 'dropout_rate': 0.7738453196189283, 'learning_rate': 0.007258123000549299, 'weight_decay': 0.00032445241862073424, 'batch_size': 512, 'tree_depth': 12}. Best is trial 84 with value: 2.213188546044486.
2024-10-31 12:50:23,264 - INFO - Parameters: {'hidden_layers': 1, 'hidden_units': 256, 'dropout_rate': 0.7733077756151296, 'learning_rate': 0.006667140287859847, 'weight_decay': 0.00032729674579349183, 'batch_size': 512, 'tree_depth': 12}
2024-10-31 12:50:23,264 - INFO - Trial 102: Train MSE=1.9929803780147008, Train R²=0.6683998129197529
2024-10-31 12:50:23,265 - INFO - Trial 102: Test MSE=2.233080880982535, Test R²=0.6366152933665684
2024-10-31 12:50:23,265 - INFO - ============================================================================================================================================================================================================================================================================================================
