2024-10-31 10:31:08,628 - INFO - Trial 7 finished with value: 2.300841518810817 and parameters: {'hidden_layers': 3, 'hidden_units': 256, 'dropout_rate': 0.7487396845718308, 'learning_rate': 0.0009244550100650817, 'weight_decay': 0.0006259377052001034, 'batch_size': 128, 'tree_depth': 10}. Best is trial 7 with value: 2.300841518810817.
2024-10-31 10:33:14,839 - INFO - Parameters: {'hidden_layers': 2, 'hidden_units': 1024, 'dropout_rate': 0.7677552796541323, 'learning_rate': 0.00045365756075704344, 'weight_decay': 0.0003835486081517991, 'batch_size': 256, 'tree_depth': 6}
2024-10-31 10:33:14,839 - INFO - Trial 8: Train MSE=2.9190242205347334, Train R²=0.5128059365919658
2024-10-31 10:33:14,839 - INFO - Trial 8: Test MSE=2.482683403151376, Test R²=0.5939325519970485
2024-10-31 10:33:14,840 - INFO - ============================================================================================================================================================================================================================================================================================================
2024-10-31 10:33:14,841 - INFO - Trial 8 finished with value: 2.482683403151376 and parameters: {'hidden_layers': 2, 'hidden_units': 1024, 'dropout_rate': 0.7677552796541323, 'learning_rate': 0.00045365756075704344, 'weight_decay': 0.0003835486081517991, 'batch_size': 256, 'tree_depth': 6}. Best is trial 7 with value: 2.300841518810817.
2024-10-31 10:36:27,235 - INFO - Parameters: {'hidden_layers': 4, 'hidden_units': 1024, 'dropout_rate': 0.6762384262403405, 'learning_rate': 0.00019841268511079952, 'weight_decay': 0.0008841175565435295, 'batch_size': 256, 'tree_depth': 8}
2024-10-31 10:36:27,235 - INFO - Trial 9: Train MSE=2.978272633893149, Train R²=0.5019503427403313
2024-10-31 10:36:27,235 - INFO - Trial 9: Test MSE=2.3167381627219066, Test R²=0.6209185421466827
2024-10-31 10:36:27,236 - INFO - ============================================================================================================================================================================================================================================================================================================
2024-10-31 10:36:27,238 - INFO - Trial 9 finished with value: 2.3167381627219066 and parameters: {'hidden_layers': 4, 'hidden_units': 1024, 'dropout_rate': 0.6762384262403405, 'learning_rate': 0.00019841268511079952, 'weight_decay': 0.0008841175565435295, 'batch_size': 256, 'tree_depth': 8}. Best is trial 7 with value: 2.300841518810817.
2024-10-31 10:39:57,855 - INFO - Parameters: {'hidden_layers': 3, 'hidden_units': 256, 'dropout_rate': 0.7807805634771691, 'learning_rate': 0.0011837402201597342, 'weight_decay': 0.000497857567807634, 'batch_size': 128, 'tree_depth': 9}
2024-10-31 10:39:57,855 - INFO - Trial 10: Train MSE=2.3330505809613635, Train R²=0.6079960050327438
2024-10-31 10:39:57,855 - INFO - Trial 10: Test MSE=2.240706899336406, Test R²=0.628321002636637
2024-10-31 10:39:57,855 - INFO - ============================================================================================================================================================================================================================================================================================================
2024-10-31 10:39:57,856 - INFO - Trial 10 finished with value: 2.240706899336406 and parameters: {'hidden_layers': 3, 'hidden_units': 256, 'dropout_rate': 0.7807805634771691, 'learning_rate': 0.0011837402201597342, 'weight_decay': 0.000497857567807634, 'batch_size': 128, 'tree_depth': 9}. Best is trial 10 with value: 2.240706899336406.
2024-10-31 10:42:58,281 - INFO - Parameters: {'hidden_layers': 3, 'hidden_units': 256, 'dropout_rate': 0.7949824993078319, 'learning_rate': 0.0013095227721988455, 'weight_decay': 0.0004767451677768874, 'batch_size': 128, 'tree_depth': 9}
2024-10-31 10:42:58,281 - INFO - Trial 11: Train MSE=2.380228162876197, Train R²=0.5933935711426395
2024-10-31 10:42:58,281 - INFO - Trial 11: Test MSE=2.2355153220040456, Test R²=0.6302647441625595
2024-10-31 10:42:58,281 - INFO - ============================================================================================================================================================================================================================================================================================================
2024-10-31 10:42:58,282 - INFO - Trial 11 finished with value: 2.2355153220040456 and parameters: {'hidden_layers': 3, 'hidden_units': 256, 'dropout_rate': 0.7949824993078319, 'learning_rate': 0.0013095227721988455, 'weight_decay': 0.0004767451677768874, 'batch_size': 128, 'tree_depth': 9}. Best is trial 11 with value: 2.2355153220040456.
2024-10-31 10:46:26,736 - INFO - Parameters: {'hidden_layers': 3, 'hidden_units': 256, 'dropout_rate': 0.7640772657967212, 'learning_rate': 0.0018176083174522252, 'weight_decay': 0.0004616855634262608, 'batch_size': 128, 'tree_depth': 8}
2024-10-31 10:46:26,736 - INFO - Trial 12: Train MSE=2.4012468457221985, Train R²=0.5952253794031483
2024-10-31 10:46:26,736 - INFO - Trial 12: Test MSE=2.384457562650953, Test R²=0.6042075135878154
2024-10-31 10:46:26,736 - INFO - ============================================================================================================================================================================================================================================================================================================
2024-10-31 10:46:26,737 - INFO - Trial 12 finished with value: 2.384457562650953 and parameters: {'hidden_layers': 3, 'hidden_units': 256, 'dropout_rate': 0.7640772657967212, 'learning_rate': 0.0018176083174522252, 'weight_decay': 0.0004616855634262608, 'batch_size': 128, 'tree_depth': 8}. Best is trial 11 with value: 2.2355153220040456.
2024-10-31 10:50:06,307 - INFO - Parameters: {'hidden_layers': 4, 'hidden_units': 256, 'dropout_rate': 0.3247193828844981, 'learning_rate': 0.001349852201323865, 'weight_decay': 0.0004883845274565764, 'batch_size': 128, 'tree_depth': 9}
2024-10-31 10:50:06,307 - INFO - Trial 13: Train MSE=0.9475583689553397, Train R²=0.8381777576037815
2024-10-31 10:50:06,308 - INFO - Trial 13: Test MSE=2.498584415231432, Test R²=0.5868834469999585
2024-10-31 10:50:06,308 - INFO - ============================================================================================================================================================================================================================================================================================================
2024-10-31 10:50:06,309 - INFO - Trial 13 finished with value: 2.498584415231432 and parameters: {'hidden_layers': 4, 'hidden_units': 256, 'dropout_rate': 0.3247193828844981, 'learning_rate': 0.001349852201323865, 'weight_decay': 0.0004883845274565764, 'batch_size': 128, 'tree_depth': 9}. Best is trial 11 with value: 2.2355153220040456.
2024-10-31 10:51:19,465 - INFO - Parameters: {'hidden_layers': 3, 'hidden_units': 256, 'dropout_rate': 0.7929337651581639, 'learning_rate': 0.00010919349122583283, 'weight_decay': 0.00028031894971983787, 'batch_size': 512, 'tree_depth': 8}
2024-10-31 10:51:19,465 - INFO - Trial 14: Train MSE=9.57238497052874, Train R²=-0.6021641067096165
2024-10-31 10:51:19,465 - INFO - Trial 14: Test MSE=5.020614079066685, Test R²=0.18302136659622192
2024-10-31 10:51:19,466 - INFO - ============================================================================================================================================================================================================================================================================================================
2024-10-31 10:51:19,467 - INFO - Trial 14 finished with value: 5.020614079066685 and parameters: {'hidden_layers': 3, 'hidden_units': 256, 'dropout_rate': 0.7929337651581639, 'learning_rate': 0.00010919349122583283, 'weight_decay': 0.00028031894971983787, 'batch_size': 512, 'tree_depth': 8}. Best is trial 11 with value: 2.2355153220040456.
2024-10-31 10:54:00,791 - INFO - Parameters: {'hidden_layers': 1, 'hidden_units': 128, 'dropout_rate': 0.5778205294265528, 'learning_rate': 0.0030598733674236755, 'weight_decay': 0.0005273777380927648, 'batch_size': 128, 'tree_depth': 9}
2024-10-31 10:54:00,792 - INFO - Trial 15: Train MSE=1.802946265254702, Train R²=0.6957142672368458
2024-10-31 10:54:00,792 - INFO - Trial 15: Test MSE=2.354028101478304, Test R²=0.6104882636240551
2024-10-31 10:54:00,792 - INFO - ============================================================================================================================================================================================================================================================================================================
2024-10-31 10:54:00,794 - INFO - Trial 15 finished with value: 2.354028101478304 and parameters: {'hidden_layers': 1, 'hidden_units': 128, 'dropout_rate': 0.5778205294265528, 'learning_rate': 0.0030598733674236755, 'weight_decay': 0.0005273777380927648, 'batch_size': 128, 'tree_depth': 9}. Best is trial 11 with value: 2.2355153220040456.
2024-10-31 10:57:29,414 - INFO - Parameters: {'hidden_layers': 3, 'hidden_units': 256, 'dropout_rate': 0.7052218870810235, 'learning_rate': 0.0008443855879380703, 'weight_decay': 0.00039553622122919635, 'batch_size': 128, 'tree_depth': 9}
2024-10-31 10:57:29,414 - INFO - Trial 16: Train MSE=1.891230704528945, Train R²=0.6794340120894569
2024-10-31 10:57:29,414 - INFO - Trial 16: Test MSE=2.3230366153376445, Test R²=0.6154548972845078
2024-10-31 10:57:29,414 - INFO - ============================================================================================================================================================================================================================================================================================================
2024-10-31 10:57:29,415 - INFO - Trial 16 finished with value: 2.3230366153376445 and parameters: {'hidden_layers': 3, 'hidden_units': 256, 'dropout_rate': 0.7052218870810235, 'learning_rate': 0.0008443855879380703, 'weight_decay': 0.00039553622122919635, 'batch_size': 128, 'tree_depth': 9}. Best is trial 11 with value: 2.2355153220040456.
2024-10-31 11:01:04,449 - INFO - Parameters: {'hidden_layers': 4, 'hidden_units': 256, 'dropout_rate': 0.5976987032269037, 'learning_rate': 0.0029269228675276385, 'weight_decay': 0.00020755586397497953, 'batch_size': 128, 'tree_depth': 7}
2024-10-31 11:01:04,449 - INFO - Trial 17: Train MSE=2.2480554474251613, Train R²=0.6201240947203976
2024-10-31 11:01:04,449 - INFO - Trial 17: Test MSE=2.346848964691162, Test R²=0.6105814129114151
2024-10-31 11:01:04,449 - INFO - ============================================================================================================================================================================================================================================================================================================
2024-10-31 11:01:04,451 - INFO - Trial 17 finished with value: 2.346848964691162 and parameters: {'hidden_layers': 4, 'hidden_units': 256, 'dropout_rate': 0.5976987032269037, 'learning_rate': 0.0029269228675276385, 'weight_decay': 0.00020755586397497953, 'batch_size': 128, 'tree_depth': 7}. Best is trial 11 with value: 2.2355153220040456.
2024-10-31 11:02:25,089 - INFO - Parameters: {'hidden_layers': 3, 'hidden_units': 256, 'dropout_rate': 0.7178542108610289, 'learning_rate': 0.0012249451693814254, 'weight_decay': 0.0006368968043926775, 'batch_size': 512, 'tree_depth': 11}
2024-10-31 11:02:25,089 - INFO - Trial 18: Train MSE=2.0496651232242584, Train R²=0.6590909042528698
2024-10-31 11:02:25,089 - INFO - Trial 18: Test MSE=2.2725734199796404, Test R²=0.6300674251147679
2024-10-31 11:02:25,089 - INFO - ============================================================================================================================================================================================================================================================================================================
2024-10-31 11:02:25,090 - INFO - Trial 18 finished with value: 2.2725734199796404 and parameters: {'hidden_layers': 3, 'hidden_units': 256, 'dropout_rate': 0.7178542108610289, 'learning_rate': 0.0012249451693814254, 'weight_decay': 0.0006368968043926775, 'batch_size': 512, 'tree_depth': 11}. Best is trial 11 with value: 2.2355153220040456.
2024-10-31 11:06:06,598 - INFO - Parameters: {'hidden_layers': 4, 'hidden_units': 512, 'dropout_rate': 0.4934220338304901, 'learning_rate': 0.005305602551973253, 'weight_decay': 0.0003665709449133424, 'batch_size': 128, 'tree_depth': 7}
2024-10-31 11:06:06,598 - INFO - Trial 19: Train MSE=2.365095709051405, Train R²=0.6019367389380932
2024-10-31 11:06:06,598 - INFO - Trial 19: Test MSE=2.505279447351183, Test R²=0.5874426109450204
2024-10-31 11:06:06,598 - INFO - ============================================================================================================================================================================================================================================================================================================
2024-10-31 11:06:06,600 - INFO - Trial 19 finished with value: 2.505279447351183 and parameters: {'hidden_layers': 4, 'hidden_units': 512, 'dropout_rate': 0.4934220338304901, 'learning_rate': 0.005305602551973253, 'weight_decay': 0.0003665709449133424, 'batch_size': 128, 'tree_depth': 7}. Best is trial 11 with value: 2.2355153220040456.
2024-10-31 11:09:24,527 - INFO - Parameters: {'hidden_layers': 3, 'hidden_units': 128, 'dropout_rate': 0.7239697839775887, 'learning_rate': 0.0002441997184107029, 'weight_decay': 0.00010306072118612039, 'batch_size': 128, 'tree_depth': 10}
2024-10-31 11:09:24,527 - INFO - Trial 20: Train MSE=2.789763436785766, Train R²=0.5282641074487141
2024-10-31 11:09:24,527 - INFO - Trial 20: Test MSE=2.346024508987154, Test R²=0.6115443706512451
2024-10-31 11:09:24,527 - INFO - ============================================================================================================================================================================================================================================================================================================
2024-10-31 11:09:24,528 - INFO - Trial 20 finished with value: 2.346024508987154 and parameters: {'hidden_layers': 3, 'hidden_units': 128, 'dropout_rate': 0.7239697839775887, 'learning_rate': 0.0002441997184107029, 'weight_decay': 0.00010306072118612039, 'batch_size': 128, 'tree_depth': 10}. Best is trial 11 with value: 2.2355153220040456.
2024-10-31 11:10:40,786 - INFO - Parameters: {'hidden_layers': 3, 'hidden_units': 256, 'dropout_rate': 0.7140159211055277, 'learning_rate': 0.001243971251547632, 'weight_decay': 0.0006192427925854134, 'batch_size': 512, 'tree_depth': 12}
2024-10-31 11:10:40,786 - INFO - Trial 21: Train MSE=2.008732404027666, Train R²=0.6658668943813869
2024-10-31 11:10:40,786 - INFO - Trial 21: Test MSE=2.246224982397897, Test R²=0.634399243763515
2024-10-31 11:10:40,786 - INFO - ============================================================================================================================================================================================================================================================================================================
2024-10-31 11:10:40,788 - INFO - Trial 21 finished with value: 2.246224982397897 and parameters: {'hidden_layers': 3, 'hidden_units': 256, 'dropout_rate': 0.7140159211055277, 'learning_rate': 0.001243971251547632, 'weight_decay': 0.0006192427925854134, 'batch_size': 512, 'tree_depth': 12}. Best is trial 11 with value: 2.2355153220040456.
2024-10-31 11:11:57,176 - INFO - Parameters: {'hidden_layers': 3, 'hidden_units': 256, 'dropout_rate': 0.7900431747055914, 'learning_rate': 0.002060741473598195, 'weight_decay': 0.000548471372752603, 'batch_size': 512, 'tree_depth': 12}
2024-10-31 11:11:57,176 - INFO - Trial 22: Train MSE=2.50711452960968, Train R²=0.5832785069942474
2024-10-31 11:11:57,177 - INFO - Trial 22: Test MSE=2.2764382362365723, Test R²=0.6295999714306423
2024-10-31 11:11:57,177 - INFO - ============================================================================================================================================================================================================================================================================================================
2024-10-31 11:11:57,180 - INFO - Trial 22 finished with value: 2.2764382362365723 and parameters: {'hidden_layers': 3, 'hidden_units': 256, 'dropout_rate': 0.7900431747055914, 'learning_rate': 0.002060741473598195, 'weight_decay': 0.000548471372752603, 'batch_size': 512, 'tree_depth': 12}. Best is trial 11 with value: 2.2355153220040456.
2024-10-31 11:12:57,384 - INFO - Parameters: {'hidden_layers': 3, 'hidden_units': 256, 'dropout_rate': 0.6250609057944423, 'learning_rate': 0.0007304503209774393, 'weight_decay': 0.0007835231193353927, 'batch_size': 512, 'tree_depth': 8}
2024-10-31 11:12:57,385 - INFO - Trial 23: Train MSE=2.3904310720307484, Train R²=0.6020239400012153
2024-10-31 11:12:57,385 - INFO - Trial 23: Test MSE=2.3088100978306363, Test R²=0.6241508977753776
2024-10-31 11:12:57,385 - INFO - ============================================================================================================================================================================================================================================================================================================
2024-10-31 11:12:57,386 - INFO - Trial 23 finished with value: 2.3088100978306363 and parameters: {'hidden_layers': 3, 'hidden_units': 256, 'dropout_rate': 0.6250609057944423, 'learning_rate': 0.0007304503209774393, 'weight_decay': 0.0007835231193353927, 'batch_size': 512, 'tree_depth': 8}. Best is trial 11 with value: 2.2355153220040456.
2024-10-31 11:13:57,812 - INFO - Parameters: {'hidden_layers': 2, 'hidden_units': 256, 'dropout_rate': 0.7993913612982798, 'learning_rate': 0.0011690612795614945, 'weight_decay': 0.00043753841858705576, 'batch_size': 512, 'tree_depth': 9}
2024-10-31 11:13:57,812 - INFO - Trial 24: Train MSE=2.8936767833573476, Train R²=0.5183744409254619
2024-10-31 11:13:57,812 - INFO - Trial 24: Test MSE=2.2551888738359724, Test R²=0.6328083021300179
2024-10-31 11:13:57,812 - INFO - ============================================================================================================================================================================================================================================================================================================
2024-10-31 11:13:57,813 - INFO - Trial 24 finished with value: 2.2551888738359724 and parameters: {'hidden_layers': 2, 'hidden_units': 256, 'dropout_rate': 0.7993913612982798, 'learning_rate': 0.0011690612795614945, 'weight_decay': 0.00043753841858705576, 'batch_size': 512, 'tree_depth': 9}. Best is trial 11 with value: 2.2355153220040456.
2024-10-31 11:14:59,599 - INFO - Parameters: {'hidden_layers': 3, 'hidden_units': 256, 'dropout_rate': 0.6898604923548336, 'learning_rate': 0.00047744984912704056, 'weight_decay': 0.0005691019050448373, 'batch_size': 512, 'tree_depth': 9}
2024-10-31 11:14:59,600 - INFO - Trial 25: Train MSE=3.1364854148456027, Train R²=0.4778380734579904
2024-10-31 11:14:59,600 - INFO - Trial 25: Test MSE=2.3211182185581754, Test R²=0.6223645295415606
2024-10-31 11:14:59,600 - INFO - ============================================================================================================================================================================================================================================================================================================
2024-10-31 11:14:59,602 - INFO - Trial 25 finished with value: 2.3211182185581754 and parameters: {'hidden_layers': 3, 'hidden_units': 256, 'dropout_rate': 0.6898604923548336, 'learning_rate': 0.00047744984912704056, 'weight_decay': 0.0005691019050448373, 'batch_size': 512, 'tree_depth': 9}. Best is trial 11 with value: 2.2355153220040456.
2024-10-31 11:15:52,045 - INFO - Parameters: {'hidden_layers': 4, 'hidden_units': 256, 'dropout_rate': 0.7372728873917178, 'learning_rate': 0.0022535108014760277, 'weight_decay': 0.0003385032077553584, 'batch_size': 1024, 'tree_depth': 11}
2024-10-31 11:15:52,046 - INFO - Trial 26: Train MSE=2.4276405913489207, Train R²=0.5967328889029366
2024-10-31 11:15:52,046 - INFO - Trial 26: Test MSE=2.30610728263855, Test R²=0.6221100389957428
2024-10-31 11:15:52,046 - INFO - ============================================================================================================================================================================================================================================================================================================
