2024-10-31 11:15:52,047 - INFO - Trial 26 finished with value: 2.30610728263855 and parameters: {'hidden_layers': 4, 'hidden_units': 256, 'dropout_rate': 0.7372728873917178, 'learning_rate': 0.0022535108014760277, 'weight_decay': 0.0003385032077553584, 'batch_size': 1024, 'tree_depth': 11}. Best is trial 11 with value: 2.2355153220040456.
2024-10-31 11:17:44,741 - INFO - Parameters: {'hidden_layers': 3, 'hidden_units': 256, 'dropout_rate': 0.6286601694493861, 'learning_rate': 0.004396937539329732, 'weight_decay': 0.0002798259131329299, 'batch_size': 256, 'tree_depth': 10}
2024-10-31 11:17:44,742 - INFO - Trial 27: Train MSE=1.5979005502802985, Train R²=0.7323710875851768
2024-10-31 11:17:44,742 - INFO - Trial 27: Test MSE=2.356054033551897, Test R²=0.6144347616604396
2024-10-31 11:17:44,742 - INFO - ============================================================================================================================================================================================================================================================================================================
2024-10-31 11:17:44,744 - INFO - Trial 27 finished with value: 2.356054033551897 and parameters: {'hidden_layers': 3, 'hidden_units': 256, 'dropout_rate': 0.6286601694493861, 'learning_rate': 0.004396937539329732, 'weight_decay': 0.0002798259131329299, 'batch_size': 256, 'tree_depth': 10}. Best is trial 11 with value: 2.2355153220040456.
2024-10-31 11:21:04,611 - INFO - Parameters: {'hidden_layers': 2, 'hidden_units': 512, 'dropout_rate': 0.5230064089203376, 'learning_rate': 0.0006596725490054366, 'weight_decay': 0.000676156137778361, 'batch_size': 128, 'tree_depth': 12}
2024-10-31 11:21:04,612 - INFO - Trial 28: Train MSE=0.8673022054135799, Train R²=0.8537524198847157
2024-10-31 11:21:04,612 - INFO - Trial 28: Test MSE=2.31227679337774, Test R²=0.6166965620858329
2024-10-31 11:21:04,612 - INFO - ============================================================================================================================================================================================================================================================================================================
2024-10-31 11:21:04,614 - INFO - Trial 28 finished with value: 2.31227679337774 and parameters: {'hidden_layers': 2, 'hidden_units': 512, 'dropout_rate': 0.5230064089203376, 'learning_rate': 0.0006596725490054366, 'weight_decay': 0.000676156137778361, 'batch_size': 128, 'tree_depth': 12}. Best is trial 11 with value: 2.2355153220040456.
2024-10-31 11:24:51,460 - INFO - Parameters: {'hidden_layers': 2, 'hidden_units': 128, 'dropout_rate': 0.7541459860078874, 'learning_rate': 0.00032862716767291365, 'weight_decay': 0.0004373819226777001, 'batch_size': 128, 'tree_depth': 9}
2024-10-31 11:24:51,460 - INFO - Trial 29: Train MSE=2.7289059651749477, Train R²=0.539987212313073
2024-10-31 11:24:51,460 - INFO - Trial 29: Test MSE=2.316240872655596, Test R²=0.6159315279551915
2024-10-31 11:24:51,460 - INFO - ============================================================================================================================================================================================================================================================================================================
2024-10-31 11:24:51,462 - INFO - Trial 29 finished with value: 2.316240872655596 and parameters: {'hidden_layers': 2, 'hidden_units': 128, 'dropout_rate': 0.7541459860078874, 'learning_rate': 0.00032862716767291365, 'weight_decay': 0.0004373819226777001, 'batch_size': 128, 'tree_depth': 9}. Best is trial 11 with value: 2.2355153220040456.
2024-10-31 11:26:08,640 - INFO - Parameters: {'hidden_layers': 4, 'hidden_units': 256, 'dropout_rate': 0.6874475535789291, 'learning_rate': 0.0015558718615319505, 'weight_decay': 0.00016028229713034036, 'batch_size': 512, 'tree_depth': 8}
2024-10-31 11:26:08,640 - INFO - Trial 30: Train MSE=2.2770060215677534, Train R²=0.6208501011133194
2024-10-31 11:26:08,640 - INFO - Trial 30: Test MSE=2.3019600936344693, Test R²=0.6252582924706596
2024-10-31 11:26:08,640 - INFO - ============================================================================================================================================================================================================================================================================================================
2024-10-31 11:26:08,641 - INFO - Trial 30 finished with value: 2.3019600936344693 and parameters: {'hidden_layers': 4, 'hidden_units': 256, 'dropout_rate': 0.6874475535789291, 'learning_rate': 0.0015558718615319505, 'weight_decay': 0.00016028229713034036, 'batch_size': 512, 'tree_depth': 8}. Best is trial 11 with value: 2.2355153220040456.
2024-10-31 11:27:21,627 - INFO - Parameters: {'hidden_layers': 2, 'hidden_units': 256, 'dropout_rate': 0.788489521482443, 'learning_rate': 0.0011103287472523722, 'weight_decay': 0.00043424196986502475, 'batch_size': 512, 'tree_depth': 9}
2024-10-31 11:27:21,628 - INFO - Trial 31: Train MSE=2.794232521738325, Train R²=0.5358278219188962
2024-10-31 11:27:21,628 - INFO - Trial 31: Test MSE=2.246668134416853, Test R²=0.6345322302409581
2024-10-31 11:27:21,628 - INFO - ============================================================================================================================================================================================================================================================================================================
2024-10-31 11:27:21,630 - INFO - Trial 31 finished with value: 2.246668134416853 and parameters: {'hidden_layers': 2, 'hidden_units': 256, 'dropout_rate': 0.788489521482443, 'learning_rate': 0.0011103287472523722, 'weight_decay': 0.00043424196986502475, 'batch_size': 512, 'tree_depth': 9}. Best is trial 11 with value: 2.2355153220040456.
2024-10-31 11:28:26,367 - INFO - Parameters: {'hidden_layers': 1, 'hidden_units': 256, 'dropout_rate': 0.799776627740047, 'learning_rate': 0.0010576485585691887, 'weight_decay': 0.0005091497405742398, 'batch_size': 512, 'tree_depth': 10}
2024-10-31 11:28:26,367 - INFO - Trial 32: Train MSE=2.5341894711766924, Train R²=0.5778851296220507
2024-10-31 11:28:26,367 - INFO - Trial 32: Test MSE=2.249178954533168, Test R²=0.6339100258690971
2024-10-31 11:28:26,367 - INFO - ============================================================================================================================================================================================================================================================================================================
2024-10-31 11:28:26,368 - INFO - Trial 32 finished with value: 2.249178954533168 and parameters: {'hidden_layers': 1, 'hidden_units': 256, 'dropout_rate': 0.799776627740047, 'learning_rate': 0.0010576485585691887, 'weight_decay': 0.0005091497405742398, 'batch_size': 512, 'tree_depth': 10}. Best is trial 11 with value: 2.2355153220040456.
2024-10-31 11:29:37,848 - INFO - Parameters: {'hidden_layers': 2, 'hidden_units': 256, 'dropout_rate': 0.7632851440069397, 'learning_rate': 0.0009221495382083849, 'weight_decay': 0.0004179178177069606, 'batch_size': 512, 'tree_depth': 9}
2024-10-31 11:29:37,848 - INFO - Trial 33: Train MSE=2.7223804678235735, Train R²=0.5476061276027134
2024-10-31 11:29:37,848 - INFO - Trial 33: Test MSE=2.2678272894450595, Test R²=0.6309200525283813
2024-10-31 11:29:37,848 - INFO - ============================================================================================================================================================================================================================================================================================================
2024-10-31 11:29:37,849 - INFO - Trial 33 finished with value: 2.2678272894450595 and parameters: {'hidden_layers': 2, 'hidden_units': 256, 'dropout_rate': 0.7632851440069397, 'learning_rate': 0.0009221495382083849, 'weight_decay': 0.0004179178177069606, 'batch_size': 512, 'tree_depth': 9}. Best is trial 11 with value: 2.2355153220040456.
2024-10-31 11:30:57,898 - INFO - Parameters: {'hidden_layers': 3, 'hidden_units': 256, 'dropout_rate': 0.7279072174752721, 'learning_rate': 0.0023060834022468482, 'weight_decay': 0.0007179819586585992, 'batch_size': 512, 'tree_depth': 10}
2024-10-31 11:30:57,898 - INFO - Trial 34: Train MSE=2.04325299177851, Train R²=0.6593705671174186
2024-10-31 11:30:57,898 - INFO - Trial 34: Test MSE=2.3037314414978027, Test R²=0.6250619377408709
2024-10-31 11:30:57,898 - INFO - ============================================================================================================================================================================================================================================================================================================
2024-10-31 11:30:57,899 - INFO - Trial 34 finished with value: 2.3037314414978027 and parameters: {'hidden_layers': 3, 'hidden_units': 256, 'dropout_rate': 0.7279072174752721, 'learning_rate': 0.0023060834022468482, 'weight_decay': 0.0007179819586585992, 'batch_size': 512, 'tree_depth': 10}. Best is trial 11 with value: 2.2355153220040456.
2024-10-31 11:31:55,860 - INFO - Parameters: {'hidden_layers': 2, 'hidden_units': 512, 'dropout_rate': 0.7750975865290651, 'learning_rate': 0.000558656759874084, 'weight_decay': 0.0005878017604618401, 'batch_size': 1024, 'tree_depth': 8}
2024-10-31 11:31:55,860 - INFO - Trial 35: Train MSE=3.9137875011989047, Train R²=0.35045704671314787
2024-10-31 11:31:55,861 - INFO - Trial 35: Test MSE=2.4249438047409058, Test R²=0.602680504322052
2024-10-31 11:31:55,861 - INFO - ============================================================================================================================================================================================================================================================================================================
2024-10-31 11:31:55,862 - INFO - Trial 35 finished with value: 2.4249438047409058 and parameters: {'hidden_layers': 2, 'hidden_units': 512, 'dropout_rate': 0.7750975865290651, 'learning_rate': 0.000558656759874084, 'weight_decay': 0.0005878017604618401, 'batch_size': 1024, 'tree_depth': 8}. Best is trial 11 with value: 2.2355153220040456.
2024-10-31 11:33:05,471 - INFO - Parameters: {'hidden_layers': 1, 'hidden_units': 256, 'dropout_rate': 0.7112212735323835, 'learning_rate': 0.0014942044570109962, 'weight_decay': 0.0009607804690231151, 'batch_size': 512, 'tree_depth': 9}
2024-10-31 11:33:05,471 - INFO - Trial 36: Train MSE=1.9065777233668737, Train R²=0.6823201860700335
2024-10-31 11:33:05,472 - INFO - Trial 36: Test MSE=2.2817441735948836, Test R²=0.628622659615108
2024-10-31 11:33:05,472 - INFO - ============================================================================================================================================================================================================================================================================================================
2024-10-31 11:33:05,473 - INFO - Trial 36 finished with value: 2.2817441735948836 and parameters: {'hidden_layers': 1, 'hidden_units': 256, 'dropout_rate': 0.7112212735323835, 'learning_rate': 0.0014942044570109962, 'weight_decay': 0.0009607804690231151, 'batch_size': 512, 'tree_depth': 9}. Best is trial 11 with value: 2.2355153220040456.
2024-10-31 11:34:00,841 - INFO - Parameters: {'hidden_layers': 3, 'hidden_units': 256, 'dropout_rate': 0.7383424482152411, 'learning_rate': 0.004166680162723684, 'weight_decay': 0.00034503700116641676, 'batch_size': 1024, 'tree_depth': 10}
2024-10-31 11:34:00,841 - INFO - Trial 37: Train MSE=2.143743736403329, Train R²=0.6441612073353359
2024-10-31 11:34:00,842 - INFO - Trial 37: Test MSE=2.296881318092346, Test R²=0.623444452881813
2024-10-31 11:34:00,842 - INFO - ============================================================================================================================================================================================================================================================================================================
2024-10-31 11:34:00,844 - INFO - Trial 37 finished with value: 2.296881318092346 and parameters: {'hidden_layers': 3, 'hidden_units': 256, 'dropout_rate': 0.7383424482152411, 'learning_rate': 0.004166680162723684, 'weight_decay': 0.00034503700116641676, 'batch_size': 1024, 'tree_depth': 10}. Best is trial 11 with value: 2.2355153220040456.
2024-10-31 11:38:17,614 - INFO - Parameters: {'hidden_layers': 2, 'hidden_units': 1024, 'dropout_rate': 0.6520352686839861, 'learning_rate': 0.0008016084698359635, 'weight_decay': 0.0007537246197630356, 'batch_size': 128, 'tree_depth': 12}
2024-10-31 11:38:17,614 - INFO - Trial 38: Train MSE=1.1591889224946499, Train R²=0.8034418480736869
2024-10-31 11:38:17,614 - INFO - Trial 38: Test MSE=2.2841720453330447, Test R²=0.6218828154461724
2024-10-31 11:38:17,614 - INFO - ============================================================================================================================================================================================================================================================================================================
2024-10-31 11:38:17,616 - INFO - Trial 38 finished with value: 2.2841720453330447 and parameters: {'hidden_layers': 2, 'hidden_units': 1024, 'dropout_rate': 0.6520352686839861, 'learning_rate': 0.0008016084698359635, 'weight_decay': 0.0007537246197630356, 'batch_size': 128, 'tree_depth': 12}. Best is trial 11 with value: 2.2355153220040456.
2024-10-31 11:40:20,756 - INFO - Parameters: {'hidden_layers': 3, 'hidden_units': 128, 'dropout_rate': 0.39299597729541946, 'learning_rate': 0.009961571432556991, 'weight_decay': 0.0003037147605226242, 'batch_size': 256, 'tree_depth': 7}
2024-10-31 11:40:20,757 - INFO - Trial 39: Train MSE=2.1713364166872844, Train R²=0.6390329556805747
2024-10-31 11:40:20,757 - INFO - Trial 39: Test MSE=2.3199099813188826, Test R²=0.6211300321987697
2024-10-31 11:40:20,757 - INFO - ============================================================================================================================================================================================================================================================================================================
2024-10-31 11:40:20,758 - INFO - Trial 39 finished with value: 2.3199099813188826 and parameters: {'hidden_layers': 3, 'hidden_units': 128, 'dropout_rate': 0.39299597729541946, 'learning_rate': 0.009961571432556991, 'weight_decay': 0.0003037147605226242, 'batch_size': 256, 'tree_depth': 7}. Best is trial 11 with value: 2.2355153220040456.
2024-10-31 11:41:38,390 - INFO - Parameters: {'hidden_layers': 2, 'hidden_units': 512, 'dropout_rate': 0.7724153202109649, 'learning_rate': 0.0003867075486734135, 'weight_decay': 0.0004848420190983101, 'batch_size': 512, 'tree_depth': 11}
2024-10-31 11:41:38,390 - INFO - Trial 40: Train MSE=3.4108231493404935, Train R²=0.43200680187770296
2024-10-31 11:41:38,390 - INFO - Trial 40: Test MSE=2.3492083890097484, Test R²=0.6177816305841718
2024-10-31 11:41:38,390 - INFO - ============================================================================================================================================================================================================================================================================================================
2024-10-31 11:41:38,391 - INFO - Trial 40 finished with value: 2.3492083890097484 and parameters: {'hidden_layers': 2, 'hidden_units': 512, 'dropout_rate': 0.7724153202109649, 'learning_rate': 0.0003867075486734135, 'weight_decay': 0.0004848420190983101, 'batch_size': 512, 'tree_depth': 11}. Best is trial 11 with value: 2.2355153220040456.
2024-10-31 11:42:44,850 - INFO - Parameters: {'hidden_layers': 1, 'hidden_units': 256, 'dropout_rate': 0.794879048251316, 'learning_rate': 0.0011395324792644625, 'weight_decay': 0.0005289703893008228, 'batch_size': 512, 'tree_depth': 10}
2024-10-31 11:42:44,850 - INFO - Trial 41: Train MSE=2.506826792444502, Train R²=0.5827324794871467
2024-10-31 11:42:44,851 - INFO - Trial 41: Test MSE=2.241095611027309, Test R²=0.6352374127932957
2024-10-31 11:42:44,851 - INFO - ============================================================================================================================================================================================================================================================================================================
2024-10-31 11:42:44,851 - INFO - Trial 41 finished with value: 2.241095611027309 and parameters: {'hidden_layers': 1, 'hidden_units': 256, 'dropout_rate': 0.794879048251316, 'learning_rate': 0.0011395324792644625, 'weight_decay': 0.0005289703893008228, 'batch_size': 512, 'tree_depth': 10}. Best is trial 11 with value: 2.2355153220040456.
2024-10-31 11:43:47,062 - INFO - Parameters: {'hidden_layers': 1, 'hidden_units': 256, 'dropout_rate': 0.7480866556078701, 'learning_rate': 0.0011653468840172477, 'weight_decay': 0.0006159415570992353, 'batch_size': 512, 'tree_depth': 10}
2024-10-31 11:43:47,063 - INFO - Trial 42: Train MSE=2.0618036559649875, Train R²=0.6568938472441265
2024-10-31 11:43:47,063 - INFO - Trial 42: Test MSE=2.254327263150896, Test R²=0.6331884350095477
2024-10-31 11:43:47,063 - INFO - ============================================================================================================================================================================================================================================================================================================
2024-10-31 11:43:47,066 - INFO - Trial 42 finished with value: 2.254327263150896 and parameters: {'hidden_layers': 1, 'hidden_units': 256, 'dropout_rate': 0.7480866556078701, 'learning_rate': 0.0011653468840172477, 'weight_decay': 0.0006159415570992353, 'batch_size': 512, 'tree_depth': 10}. Best is trial 11 with value: 2.2355153220040456.
2024-10-31 11:45:00,308 - INFO - Parameters: {'hidden_layers': 1, 'hidden_units': 256, 'dropout_rate': 0.775034945132925, 'learning_rate': 0.0017050970587857229, 'weight_decay': 0.0008379556369552464, 'batch_size': 512, 'tree_depth': 11}
2024-10-31 11:45:00,308 - INFO - Trial 43: Train MSE=2.1017759357179915, Train R²=0.6502956130674907
2024-10-31 11:45:00,308 - INFO - Trial 43: Test MSE=2.2578552620751515, Test R²=0.6324911117553711
2024-10-31 11:45:00,308 - INFO - ============================================================================================================================================================================================================================================================================================================
2024-10-31 11:45:00,310 - INFO - Trial 43 finished with value: 2.2578552620751515 and parameters: {'hidden_layers': 1, 'hidden_units': 256, 'dropout_rate': 0.775034945132925, 'learning_rate': 0.0017050970587857229, 'weight_decay': 0.0008379556369552464, 'batch_size': 512, 'tree_depth': 11}. Best is trial 11 with value: 2.2355153220040456.
2024-10-31 11:46:17,207 - INFO - Parameters: {'hidden_layers': 3, 'hidden_units': 256, 'dropout_rate': 0.7477554518809001, 'learning_rate': 0.0010303682522547824, 'weight_decay': 0.0004618140387436453, 'batch_size': 512, 'tree_depth': 9}
2024-10-31 11:46:17,207 - INFO - Trial 44: Train MSE=2.693609254700797, Train R²=0.5523418337106705
2024-10-31 11:46:17,208 - INFO - Trial 44: Test MSE=2.2739384174346924, Test R²=0.6299543891634259
2024-10-31 11:46:17,208 - INFO - ============================================================================================================================================================================================================================================================================================================
2024-10-31 11:46:17,209 - INFO - Trial 44 finished with value: 2.2739384174346924 and parameters: {'hidden_layers': 3, 'hidden_units': 256, 'dropout_rate': 0.7477554518809001, 'learning_rate': 0.0010303682522547824, 'weight_decay': 0.0004618140387436453, 'batch_size': 512, 'tree_depth': 9}. Best is trial 11 with value: 2.2355153220040456.
2024-10-31 11:49:58,482 - INFO - Parameters: {'hidden_layers': 1, 'hidden_units': 1024, 'dropout_rate': 0.7806528722981457, 'learning_rate': 0.0006266126671222861, 'weight_decay': 0.0005406182144821066, 'batch_size': 128, 'tree_depth': 8}
2024-10-31 11:49:58,482 - INFO - Trial 45: Train MSE=2.0744381211698055, Train R²=0.6506928077765873
2024-10-31 11:49:58,482 - INFO - Trial 45: Test MSE=2.2916233369282315, Test R²=0.6203975869076592
2024-10-31 11:49:58,482 - INFO - ============================================================================================================================================================================================================================================================================================================
