2024-10-31 18:45:17,134 - INFO - Trial 634 finished with value: 2.278516181877681 and parameters: {'hidden_layers': 1, 'hidden_units': 1024, 'dropout_rate': 0.7882478380699686, 'learning_rate': 0.0009841029953808148, 'weight_decay': 0.00026479384503711237, 'batch_size': 256, 'tree_depth': 9}. Best is trial 601 with value: 2.1809195450374057.
2024-10-31 18:45:48,701 - INFO - Parameters: {'hidden_layers': 1, 'hidden_units': 256, 'dropout_rate': 0.791351002662967, 'learning_rate': 0.0013812735981201952, 'weight_decay': 0.0003198735558301703, 'batch_size': 512, 'tree_depth': 11}
2024-10-31 18:45:48,701 - INFO - Trial 635: Train MSE=2.250746475798743, Train R²=0.6255606029714856
2024-10-31 18:45:48,701 - INFO - Trial 635: Test MSE=2.2065981456211636, Test R²=0.6407465594155448
2024-10-31 18:45:48,701 - INFO - ============================================================================================================================================================================================================================================================================================================
2024-10-31 18:45:48,703 - INFO - Trial 635 finished with value: 2.2065981456211636 and parameters: {'hidden_layers': 1, 'hidden_units': 256, 'dropout_rate': 0.791351002662967, 'learning_rate': 0.0013812735981201952, 'weight_decay': 0.0003198735558301703, 'batch_size': 512, 'tree_depth': 11}. Best is trial 601 with value: 2.1809195450374057.
2024-10-31 18:46:17,750 - INFO - Parameters: {'hidden_layers': 1, 'hidden_units': 256, 'dropout_rate': 0.7625657613133153, 'learning_rate': 0.0013294142554323572, 'weight_decay': 0.0003028988945441355, 'batch_size': 512, 'tree_depth': 11}
2024-10-31 18:46:17,750 - INFO - Trial 636: Train MSE=2.0239933729171753, Train R²=0.6635979988745281
2024-10-31 18:46:17,750 - INFO - Trial 636: Test MSE=2.2223824092320035, Test R²=0.6382030674389431
2024-10-31 18:46:17,750 - INFO - ============================================================================================================================================================================================================================================================================================================
2024-10-31 18:46:17,752 - INFO - Trial 636 finished with value: 2.2223824092320035 and parameters: {'hidden_layers': 1, 'hidden_units': 256, 'dropout_rate': 0.7625657613133153, 'learning_rate': 0.0013294142554323572, 'weight_decay': 0.0003028988945441355, 'batch_size': 512, 'tree_depth': 11}. Best is trial 601 with value: 2.1809195450374057.
2024-10-31 18:46:54,535 - INFO - Parameters: {'hidden_layers': 1, 'hidden_units': 256, 'dropout_rate': 0.7746484321089423, 'learning_rate': 0.0011521400450661852, 'weight_decay': 0.00028428944829533566, 'batch_size': 512, 'tree_depth': 12}
2024-10-31 18:46:54,536 - INFO - Trial 637: Train MSE=2.2080576632704054, Train R²=0.6324918461697442
2024-10-31 18:46:54,536 - INFO - Trial 637: Test MSE=2.232726982661656, Test R²=0.6365791303770882
2024-10-31 18:46:54,536 - INFO - ============================================================================================================================================================================================================================================================================================================
2024-10-31 18:46:54,538 - INFO - Trial 637 finished with value: 2.232726982661656 and parameters: {'hidden_layers': 1, 'hidden_units': 256, 'dropout_rate': 0.7746484321089423, 'learning_rate': 0.0011521400450661852, 'weight_decay': 0.00028428944829533566, 'batch_size': 512, 'tree_depth': 12}. Best is trial 601 with value: 2.1809195450374057.
2024-10-31 18:47:29,601 - INFO - Parameters: {'hidden_layers': 1, 'hidden_units': 256, 'dropout_rate': 0.7819925050597143, 'learning_rate': 0.0014232003328528509, 'weight_decay': 0.00031067105405676324, 'batch_size': 512, 'tree_depth': 11}
2024-10-31 18:47:29,602 - INFO - Trial 638: Train MSE=2.1416374359812056, Train R²=0.6439817803246635
2024-10-31 18:47:29,602 - INFO - Trial 638: Test MSE=2.27838557107108, Test R²=0.6290502377918789
2024-10-31 18:47:29,602 - INFO - ============================================================================================================================================================================================================================================================================================================
2024-10-31 18:47:29,604 - INFO - Trial 638 finished with value: 2.27838557107108 and parameters: {'hidden_layers': 1, 'hidden_units': 256, 'dropout_rate': 0.7819925050597143, 'learning_rate': 0.0014232003328528509, 'weight_decay': 0.00031067105405676324, 'batch_size': 512, 'tree_depth': 11}. Best is trial 601 with value: 2.1809195450374057.
2024-10-31 18:48:07,085 - INFO - Parameters: {'hidden_layers': 1, 'hidden_units': 256, 'dropout_rate': 0.7534320917471178, 'learning_rate': 0.0009646378713394305, 'weight_decay': 0.00032535141816242605, 'batch_size': 512, 'tree_depth': 12}
2024-10-31 18:48:07,085 - INFO - Trial 639: Train MSE=2.130681267806462, Train R²=0.6456516683101654
2024-10-31 18:48:07,086 - INFO - Trial 639: Test MSE=2.2680380003792897, Test R²=0.630609563418797
2024-10-31 18:48:07,086 - INFO - ============================================================================================================================================================================================================================================================================================================
2024-10-31 18:48:07,087 - INFO - Trial 639 finished with value: 2.2680380003792897 and parameters: {'hidden_layers': 1, 'hidden_units': 256, 'dropout_rate': 0.7534320917471178, 'learning_rate': 0.0009646378713394305, 'weight_decay': 0.00032535141816242605, 'batch_size': 512, 'tree_depth': 12}. Best is trial 601 with value: 2.1809195450374057.
2024-10-31 18:48:43,732 - INFO - Parameters: {'hidden_layers': 1, 'hidden_units': 256, 'dropout_rate': 0.7726608569711038, 'learning_rate': 0.0012277862006794178, 'weight_decay': 0.000296796497726145, 'batch_size': 512, 'tree_depth': 11}
2024-10-31 18:48:43,732 - INFO - Trial 640: Train MSE=2.120985563312258, Train R²=0.6471179170267922
2024-10-31 18:48:43,732 - INFO - Trial 640: Test MSE=2.264209372656686, Test R²=0.6316996897969928
2024-10-31 18:48:43,732 - INFO - ============================================================================================================================================================================================================================================================================================================
2024-10-31 18:48:43,733 - INFO - Trial 640 finished with value: 2.264209372656686 and parameters: {'hidden_layers': 1, 'hidden_units': 256, 'dropout_rate': 0.7726608569711038, 'learning_rate': 0.0012277862006794178, 'weight_decay': 0.000296796497726145, 'batch_size': 512, 'tree_depth': 11}. Best is trial 601 with value: 2.1809195450374057.
2024-10-31 18:49:23,416 - INFO - Parameters: {'hidden_layers': 1, 'hidden_units': 256, 'dropout_rate': 0.7902229615119742, 'learning_rate': 0.0008627629530568579, 'weight_decay': 0.00023262046856758177, 'batch_size': 512, 'tree_depth': 11}
2024-10-31 18:49:23,416 - INFO - Trial 641: Train MSE=2.558380424976349, Train R²=0.5742727645805904
2024-10-31 18:49:23,416 - INFO - Trial 641: Test MSE=2.2097947938101634, Test R²=0.640300955091204
2024-10-31 18:49:23,416 - INFO - ============================================================================================================================================================================================================================================================================================================
2024-10-31 18:49:23,418 - INFO - Trial 641 finished with value: 2.2097947938101634 and parameters: {'hidden_layers': 1, 'hidden_units': 256, 'dropout_rate': 0.7902229615119742, 'learning_rate': 0.0008627629530568579, 'weight_decay': 0.00023262046856758177, 'batch_size': 512, 'tree_depth': 11}. Best is trial 601 with value: 2.1809195450374057.
2024-10-31 18:50:00,844 - INFO - Parameters: {'hidden_layers': 1, 'hidden_units': 256, 'dropout_rate': 0.7902559657113589, 'learning_rate': 0.0008641932583902463, 'weight_decay': 0.00021466189011021847, 'batch_size': 512, 'tree_depth': 11}
2024-10-31 18:50:00,844 - INFO - Trial 642: Train MSE=2.554308193070548, Train R²=0.5745384757007871
2024-10-31 18:50:00,844 - INFO - Trial 642: Test MSE=2.2671216215406145, Test R²=0.6310215251786369
2024-10-31 18:50:00,844 - INFO - ============================================================================================================================================================================================================================================================================================================
2024-10-31 18:50:00,846 - INFO - Trial 642 finished with value: 2.2671216215406145 and parameters: {'hidden_layers': 1, 'hidden_units': 256, 'dropout_rate': 0.7902559657113589, 'learning_rate': 0.0008641932583902463, 'weight_decay': 0.00021466189011021847, 'batch_size': 512, 'tree_depth': 11}. Best is trial 601 with value: 2.1809195450374057.
2024-10-31 18:50:30,926 - INFO - Parameters: {'hidden_layers': 1, 'hidden_units': 512, 'dropout_rate': 0.7998603858899884, 'learning_rate': 0.0007112064543655085, 'weight_decay': 0.00022871743236929363, 'batch_size': 512, 'tree_depth': 11}
2024-10-31 18:50:30,926 - INFO - Trial 643: Train MSE=2.5536940779004778, Train R²=0.5740024873188564
2024-10-31 18:50:30,926 - INFO - Trial 643: Test MSE=2.2543671301433017, Test R²=0.6329691750662667
2024-10-31 18:50:30,926 - INFO - ============================================================================================================================================================================================================================================================================================================
2024-10-31 18:50:30,927 - INFO - Trial 643 finished with value: 2.2543671301433017 and parameters: {'hidden_layers': 1, 'hidden_units': 512, 'dropout_rate': 0.7998603858899884, 'learning_rate': 0.0007112064543655085, 'weight_decay': 0.00022871743236929363, 'batch_size': 512, 'tree_depth': 11}. Best is trial 601 with value: 2.1809195450374057.
2024-10-31 18:51:09,658 - INFO - Parameters: {'hidden_layers': 1, 'hidden_units': 256, 'dropout_rate': 0.7445237848880392, 'learning_rate': 0.000902101063302052, 'weight_decay': 0.00022830311735900572, 'batch_size': 512, 'tree_depth': 11}
2024-10-31 18:51:09,658 - INFO - Trial 644: Train MSE=2.1314461529254913, Train R²=0.6451605792556491
2024-10-31 18:51:09,658 - INFO - Trial 644: Test MSE=2.269799198423113, Test R²=0.6303734523909432
2024-10-31 18:51:09,658 - INFO - ============================================================================================================================================================================================================================================================================================================
2024-10-31 18:51:09,659 - INFO - Trial 644 finished with value: 2.269799198423113 and parameters: {'hidden_layers': 1, 'hidden_units': 256, 'dropout_rate': 0.7445237848880392, 'learning_rate': 0.000902101063302052, 'weight_decay': 0.00022830311735900572, 'batch_size': 512, 'tree_depth': 11}. Best is trial 601 with value: 2.1809195450374057.
2024-10-31 18:51:50,821 - INFO - Parameters: {'hidden_layers': 1, 'hidden_units': 256, 'dropout_rate': 0.7791135086649279, 'learning_rate': 0.0007784636802125643, 'weight_decay': 0.0002468009382069506, 'batch_size': 512, 'tree_depth': 11}
2024-10-31 18:51:50,822 - INFO - Trial 645: Train MSE=2.5283696396010265, Train R²=0.580040693283081
2024-10-31 18:51:50,822 - INFO - Trial 645: Test MSE=2.240492650440761, Test R²=0.6355340565953936
2024-10-31 18:51:50,822 - INFO - ============================================================================================================================================================================================================================================================================================================
2024-10-31 18:51:50,825 - INFO - Trial 645 finished with value: 2.240492650440761 and parameters: {'hidden_layers': 1, 'hidden_units': 256, 'dropout_rate': 0.7791135086649279, 'learning_rate': 0.0007784636802125643, 'weight_decay': 0.0002468009382069506, 'batch_size': 512, 'tree_depth': 11}. Best is trial 601 with value: 2.1809195450374057.
2024-10-31 18:53:14,256 - INFO - Parameters: {'hidden_layers': 1, 'hidden_units': 128, 'dropout_rate': 0.7677726694739494, 'learning_rate': 0.0008400521235741025, 'weight_decay': 0.0002227032305717451, 'batch_size': 128, 'tree_depth': 11}
2024-10-31 18:53:14,256 - INFO - Trial 646: Train MSE=1.9047263030494963, Train R²=0.6774310373834201
2024-10-31 18:53:14,256 - INFO - Trial 646: Test MSE=2.2684498514447893, Test R²=0.6227837949991226
2024-10-31 18:53:14,256 - INFO - ============================================================================================================================================================================================================================================================================================================
2024-10-31 18:53:14,258 - INFO - Trial 646 finished with value: 2.2684498514447893 and parameters: {'hidden_layers': 1, 'hidden_units': 128, 'dropout_rate': 0.7677726694739494, 'learning_rate': 0.0008400521235741025, 'weight_decay': 0.0002227032305717451, 'batch_size': 128, 'tree_depth': 11}. Best is trial 601 with value: 2.1809195450374057.
2024-10-31 18:53:51,271 - INFO - Parameters: {'hidden_layers': 1, 'hidden_units': 256, 'dropout_rate': 0.7999530027691708, 'learning_rate': 0.0006514749382427903, 'weight_decay': 0.0002270538657665022, 'batch_size': 512, 'tree_depth': 11}
2024-10-31 18:53:51,271 - INFO - Trial 647: Train MSE=2.8937740325927734, Train R²=0.5186996289661953
2024-10-31 18:53:51,272 - INFO - Trial 647: Test MSE=2.2444585732051303, Test R²=0.6346929499081203
2024-10-31 18:53:51,272 - INFO - ============================================================================================================================================================================================================================================================================================================
2024-10-31 18:53:51,273 - INFO - Trial 647 finished with value: 2.2444585732051303 and parameters: {'hidden_layers': 1, 'hidden_units': 256, 'dropout_rate': 0.7999530027691708, 'learning_rate': 0.0006514749382427903, 'weight_decay': 0.0002270538657665022, 'batch_size': 512, 'tree_depth': 11}. Best is trial 601 with value: 2.1809195450374057.
2024-10-31 18:54:22,178 - INFO - Parameters: {'hidden_layers': 3, 'hidden_units': 256, 'dropout_rate': 0.7863763832536851, 'learning_rate': 0.0008310313189583332, 'weight_decay': 0.0002194246290005683, 'batch_size': 512, 'tree_depth': 11}
2024-10-31 18:54:22,178 - INFO - Trial 648: Train MSE=3.054211471761976, Train R²=0.49293211102485657
2024-10-31 18:54:22,178 - INFO - Trial 648: Test MSE=2.4055954047611783, Test R²=0.6085635253361293
2024-10-31 18:54:22,178 - INFO - ============================================================================================================================================================================================================================================================================================================
2024-10-31 18:54:22,179 - INFO - Trial 648 finished with value: 2.4055954047611783 and parameters: {'hidden_layers': 3, 'hidden_units': 256, 'dropout_rate': 0.7863763832536851, 'learning_rate': 0.0008310313189583332, 'weight_decay': 0.0002194246290005683, 'batch_size': 512, 'tree_depth': 11}. Best is trial 601 with value: 2.1809195450374057.
2024-10-31 18:54:58,023 - INFO - Parameters: {'hidden_layers': 1, 'hidden_units': 256, 'dropout_rate': 0.6586287871792009, 'learning_rate': 0.0009612797095877006, 'weight_decay': 0.00021011252749279837, 'batch_size': 512, 'tree_depth': 11}
2024-10-31 18:54:58,023 - INFO - Trial 649: Train MSE=1.540536378111158, Train R²=0.7436799449580056
2024-10-31 18:54:58,023 - INFO - Trial 649: Test MSE=2.3030310698917935, Test R²=0.6251189879008702
2024-10-31 18:54:58,024 - INFO - ============================================================================================================================================================================================================================================================================================================
2024-10-31 18:54:58,025 - INFO - Trial 649 finished with value: 2.3030310698917935 and parameters: {'hidden_layers': 1, 'hidden_units': 256, 'dropout_rate': 0.6586287871792009, 'learning_rate': 0.0009612797095877006, 'weight_decay': 0.00021011252749279837, 'batch_size': 512, 'tree_depth': 11}. Best is trial 601 with value: 2.1809195450374057.
2024-10-31 18:55:34,094 - INFO - Parameters: {'hidden_layers': 2, 'hidden_units': 256, 'dropout_rate': 0.7608823456720523, 'learning_rate': 0.0010579484763339744, 'weight_decay': 0.00024024275576328195, 'batch_size': 512, 'tree_depth': 11}
2024-10-31 18:55:34,094 - INFO - Trial 650: Train MSE=2.423974709851401, Train R²=0.5967323524611337
2024-10-31 18:55:34,095 - INFO - Trial 650: Test MSE=2.260483741760254, Test R²=0.6321192383766174
2024-10-31 18:55:34,095 - INFO - ============================================================================================================================================================================================================================================================================================================
2024-10-31 18:55:34,096 - INFO - Trial 650 finished with value: 2.260483741760254 and parameters: {'hidden_layers': 2, 'hidden_units': 256, 'dropout_rate': 0.7608823456720523, 'learning_rate': 0.0010579484763339744, 'weight_decay': 0.00024024275576328195, 'batch_size': 512, 'tree_depth': 11}. Best is trial 601 with value: 2.1809195450374057.
2024-10-31 18:56:06,578 - INFO - Parameters: {'hidden_layers': 1, 'hidden_units': 256, 'dropout_rate': 0.7823135625953049, 'learning_rate': 0.0007479279882288793, 'weight_decay': 0.0002344500590611868, 'batch_size': 512, 'tree_depth': 11}
2024-10-31 18:56:06,578 - INFO - Trial 651: Train MSE=2.6575549840927124, Train R²=0.5565483484949384
2024-10-31 18:56:06,578 - INFO - Trial 651: Test MSE=2.2313402720860074, Test R²=0.636852468763079
2024-10-31 18:56:06,578 - INFO - ============================================================================================================================================================================================================================================================================================================
2024-10-31 18:56:06,580 - INFO - Trial 651 finished with value: 2.2313402720860074 and parameters: {'hidden_layers': 1, 'hidden_units': 256, 'dropout_rate': 0.7823135625953049, 'learning_rate': 0.0007479279882288793, 'weight_decay': 0.0002344500590611868, 'batch_size': 512, 'tree_depth': 11}. Best is trial 601 with value: 2.1809195450374057.
2024-10-31 18:56:42,251 - INFO - Parameters: {'hidden_layers': 1, 'hidden_units': 256, 'dropout_rate': 0.790977498536434, 'learning_rate': 0.0009589196724829616, 'weight_decay': 0.00025365176996927635, 'batch_size': 512, 'tree_depth': 11}
2024-10-31 18:56:42,251 - INFO - Trial 652: Train MSE=2.4326799852507457, Train R²=0.5955147679362979
2024-10-31 18:56:42,252 - INFO - Trial 652: Test MSE=2.2438765253339494, Test R²=0.6347569908414569
2024-10-31 18:56:42,252 - INFO - ============================================================================================================================================================================================================================================================================================================
2024-10-31 18:56:42,253 - INFO - Trial 652 finished with value: 2.2438765253339494 and parameters: {'hidden_layers': 1, 'hidden_units': 256, 'dropout_rate': 0.790977498536434, 'learning_rate': 0.0009589196724829616, 'weight_decay': 0.00025365176996927635, 'batch_size': 512, 'tree_depth': 11}. Best is trial 601 with value: 2.1809195450374057.
2024-10-31 18:57:15,339 - INFO - Parameters: {'hidden_layers': 1, 'hidden_units': 256, 'dropout_rate': 0.7743886180561326, 'learning_rate': 0.0010893386914852016, 'weight_decay': 0.00023742284281784697, 'batch_size': 512, 'tree_depth': 11}
2024-10-31 18:57:15,339 - INFO - Trial 653: Train MSE=2.2704522950308665, Train R²=0.6220989014421191
2024-10-31 18:57:15,340 - INFO - Trial 653: Test MSE=2.2491017409733365, Test R²=0.63396874495915
2024-10-31 18:57:15,340 - INFO - ============================================================================================================================================================================================================================================================================================================
