2024-10-31 14:37:10,047 - INFO - Trial 273 finished with value: 2.245595710618155 and parameters: {'hidden_layers': 1, 'hidden_units': 256, 'dropout_rate': 0.7505168384224971, 'learning_rate': 0.0010023250809285294, 'weight_decay': 0.0002124360453142366, 'batch_size': 512, 'tree_depth': 12}. Best is trial 104 with value: 2.1955713714872087.
2024-10-31 14:37:42,713 - INFO - Parameters: {'hidden_layers': 1, 'hidden_units': 256, 'dropout_rate': 0.7917442157381834, 'learning_rate': 0.0013569464841806387, 'weight_decay': 0.00030885976671120324, 'batch_size': 512, 'tree_depth': 11}
2024-10-31 14:37:42,713 - INFO - Trial 274: Train MSE=2.3058442643710544, Train R²=0.6161621234246663
2024-10-31 14:37:42,714 - INFO - Trial 274: Test MSE=2.2518880707877025, Test R²=0.633493993963514
2024-10-31 14:37:42,714 - INFO - ============================================================================================================================================================================================================================================================================================================
2024-10-31 14:37:42,717 - INFO - Trial 274 finished with value: 2.2518880707877025 and parameters: {'hidden_layers': 1, 'hidden_units': 256, 'dropout_rate': 0.7917442157381834, 'learning_rate': 0.0013569464841806387, 'weight_decay': 0.00030885976671120324, 'batch_size': 512, 'tree_depth': 11}. Best is trial 104 with value: 2.1955713714872087.
2024-10-31 14:38:15,650 - INFO - Parameters: {'hidden_layers': 1, 'hidden_units': 256, 'dropout_rate': 0.3311216556304318, 'learning_rate': 0.0015046480018039068, 'weight_decay': 0.0003582738362795505, 'batch_size': 512, 'tree_depth': 10}
2024-10-31 14:38:15,650 - INFO - Trial 275: Train MSE=0.5652177940521922, Train R²=0.9057534847940717
2024-10-31 14:38:15,650 - INFO - Trial 275: Test MSE=2.5016941683632985, Test R²=0.5927599157605853
2024-10-31 14:38:15,650 - INFO - ============================================================================================================================================================================================================================================================================================================
2024-10-31 14:38:15,651 - INFO - Trial 275 finished with value: 2.5016941683632985 and parameters: {'hidden_layers': 1, 'hidden_units': 256, 'dropout_rate': 0.3311216556304318, 'learning_rate': 0.0015046480018039068, 'weight_decay': 0.0003582738362795505, 'batch_size': 512, 'tree_depth': 10}. Best is trial 104 with value: 2.1955713714872087.
2024-10-31 14:38:49,122 - INFO - Parameters: {'hidden_layers': 1, 'hidden_units': 128, 'dropout_rate': 0.7818955561390791, 'learning_rate': 0.00240606419249386, 'weight_decay': 0.0003308650633546087, 'batch_size': 512, 'tree_depth': 12}
2024-10-31 14:38:49,122 - INFO - Trial 276: Train MSE=2.5130482145718167, Train R²=0.5809590241738728
2024-10-31 14:38:49,123 - INFO - Trial 276: Test MSE=2.24042432648795, Test R²=0.6352784889084953
2024-10-31 14:38:49,123 - INFO - ============================================================================================================================================================================================================================================================================================================
2024-10-31 14:38:49,125 - INFO - Trial 276 finished with value: 2.24042432648795 and parameters: {'hidden_layers': 1, 'hidden_units': 128, 'dropout_rate': 0.7818955561390791, 'learning_rate': 0.00240606419249386, 'weight_decay': 0.0003308650633546087, 'batch_size': 512, 'tree_depth': 12}. Best is trial 104 with value: 2.1955713714872087.
2024-10-31 14:39:15,980 - INFO - Parameters: {'hidden_layers': 1, 'hidden_units': 256, 'dropout_rate': 0.7661621937238419, 'learning_rate': 0.002759071007597807, 'weight_decay': 0.0003156546472454421, 'batch_size': 1024, 'tree_depth': 12}
2024-10-31 14:39:15,980 - INFO - Trial 277: Train MSE=2.0590569036347524, Train R²=0.6574164628982544
2024-10-31 14:39:15,980 - INFO - Trial 277: Test MSE=2.2525383830070496, Test R²=0.6307179629802704
2024-10-31 14:39:15,980 - INFO - ============================================================================================================================================================================================================================================================================================================
2024-10-31 14:39:15,984 - INFO - Trial 277 finished with value: 2.2525383830070496 and parameters: {'hidden_layers': 1, 'hidden_units': 256, 'dropout_rate': 0.7661621937238419, 'learning_rate': 0.002759071007597807, 'weight_decay': 0.0003156546472454421, 'batch_size': 1024, 'tree_depth': 12}. Best is trial 104 with value: 2.1955713714872087.
2024-10-31 14:39:52,051 - INFO - Parameters: {'hidden_layers': 1, 'hidden_units': 1024, 'dropout_rate': 0.6181049511834312, 'learning_rate': 0.0011444388235316563, 'weight_decay': 0.00010064116826712129, 'batch_size': 512, 'tree_depth': 11}
2024-10-31 14:39:52,051 - INFO - Trial 278: Train MSE=1.0692902590547289, Train R²=0.8216568848916462
2024-10-31 14:39:52,051 - INFO - Trial 278: Test MSE=2.359910862786429, Test R²=0.615546635219029
2024-10-31 14:39:52,051 - INFO - ============================================================================================================================================================================================================================================================================================================
2024-10-31 14:39:52,052 - INFO - Trial 278 finished with value: 2.359910862786429 and parameters: {'hidden_layers': 1, 'hidden_units': 1024, 'dropout_rate': 0.6181049511834312, 'learning_rate': 0.0011444388235316563, 'weight_decay': 0.00010064116826712129, 'batch_size': 512, 'tree_depth': 11}. Best is trial 104 with value: 2.1955713714872087.
2024-10-31 14:40:43,301 - INFO - Parameters: {'hidden_layers': 2, 'hidden_units': 256, 'dropout_rate': 0.7894289704127617, 'learning_rate': 0.0018648010129776976, 'weight_decay': 0.0002972926439943469, 'batch_size': 256, 'tree_depth': 11}
2024-10-31 14:40:43,301 - INFO - Trial 279: Train MSE=2.1030678365911757, Train R²=0.6485534289053508
2024-10-31 14:40:43,301 - INFO - Trial 279: Test MSE=2.3290969048227583, Test R²=0.618721855538232
2024-10-31 14:40:43,301 - INFO - ============================================================================================================================================================================================================================================================================================================
2024-10-31 14:40:43,303 - INFO - Trial 279 finished with value: 2.3290969048227583 and parameters: {'hidden_layers': 2, 'hidden_units': 256, 'dropout_rate': 0.7894289704127617, 'learning_rate': 0.0018648010129776976, 'weight_decay': 0.0002972926439943469, 'batch_size': 256, 'tree_depth': 11}. Best is trial 104 with value: 2.1955713714872087.
2024-10-31 14:41:17,358 - INFO - Parameters: {'hidden_layers': 1, 'hidden_units': 256, 'dropout_rate': 0.4585295778162986, 'learning_rate': 0.009251667890493791, 'weight_decay': 0.0002634392112859406, 'batch_size': 512, 'tree_depth': 12}
2024-10-31 14:41:17,358 - INFO - Trial 280: Train MSE=1.0876674417938506, Train R²=0.8183840789965221
2024-10-31 14:41:17,358 - INFO - Trial 280: Test MSE=2.428939001900809, Test R²=0.604541574205671
2024-10-31 14:41:17,358 - INFO - ============================================================================================================================================================================================================================================================================================================
2024-10-31 14:41:17,360 - INFO - Trial 280 finished with value: 2.428939001900809 and parameters: {'hidden_layers': 1, 'hidden_units': 256, 'dropout_rate': 0.4585295778162986, 'learning_rate': 0.009251667890493791, 'weight_decay': 0.0002634392112859406, 'batch_size': 512, 'tree_depth': 12}. Best is trial 104 with value: 2.1955713714872087.
2024-10-31 14:41:51,300 - INFO - Parameters: {'hidden_layers': 1, 'hidden_units': 256, 'dropout_rate': 0.7737348123216938, 'learning_rate': 0.007680299611341865, 'weight_decay': 0.0002807792942635797, 'batch_size': 512, 'tree_depth': 12}
2024-10-31 14:41:51,301 - INFO - Trial 281: Train MSE=1.968130303280694, Train R²=0.6711371839046478
2024-10-31 14:41:51,301 - INFO - Trial 281: Test MSE=2.234921932220459, Test R²=0.636165337903159
2024-10-31 14:41:51,301 - INFO - ============================================================================================================================================================================================================================================================================================================
2024-10-31 14:41:51,303 - INFO - Trial 281 finished with value: 2.234921932220459 and parameters: {'hidden_layers': 1, 'hidden_units': 256, 'dropout_rate': 0.7737348123216938, 'learning_rate': 0.007680299611341865, 'weight_decay': 0.0002807792942635797, 'batch_size': 512, 'tree_depth': 12}. Best is trial 104 with value: 2.1955713714872087.
2024-10-31 14:42:26,101 - INFO - Parameters: {'hidden_layers': 1, 'hidden_units': 256, 'dropout_rate': 0.7996327737008238, 'learning_rate': 0.0015918590929411293, 'weight_decay': 0.00034146520331776697, 'batch_size': 512, 'tree_depth': 11}
2024-10-31 14:42:26,101 - INFO - Trial 282: Train MSE=2.297034182718822, Train R²=0.6171681008168629
2024-10-31 14:42:26,101 - INFO - Trial 282: Test MSE=2.2151220866612027, Test R²=0.6394928608621869
2024-10-31 14:42:26,101 - INFO - ============================================================================================================================================================================================================================================================================================================
2024-10-31 14:42:26,103 - INFO - Trial 282 finished with value: 2.2151220866612027 and parameters: {'hidden_layers': 1, 'hidden_units': 256, 'dropout_rate': 0.7996327737008238, 'learning_rate': 0.0015918590929411293, 'weight_decay': 0.00034146520331776697, 'batch_size': 512, 'tree_depth': 11}. Best is trial 104 with value: 2.1955713714872087.
2024-10-31 14:43:01,834 - INFO - Parameters: {'hidden_layers': 1, 'hidden_units': 256, 'dropout_rate': 0.7998053705597707, 'learning_rate': 0.0015745135004875627, 'weight_decay': 0.00037184342805963614, 'batch_size': 512, 'tree_depth': 11}
2024-10-31 14:43:01,834 - INFO - Trial 283: Train MSE=2.2531740409987315, Train R²=0.624996760061809
2024-10-31 14:43:01,834 - INFO - Trial 283: Test MSE=2.2328585386276245, Test R²=0.6364909836224147
2024-10-31 14:43:01,834 - INFO - ============================================================================================================================================================================================================================================================================================================
2024-10-31 14:43:01,836 - INFO - Trial 283 finished with value: 2.2328585386276245 and parameters: {'hidden_layers': 1, 'hidden_units': 256, 'dropout_rate': 0.7998053705597707, 'learning_rate': 0.0015745135004875627, 'weight_decay': 0.00037184342805963614, 'batch_size': 512, 'tree_depth': 11}. Best is trial 104 with value: 2.1955713714872087.
2024-10-31 14:43:37,750 - INFO - Parameters: {'hidden_layers': 1, 'hidden_units': 256, 'dropout_rate': 0.7909770105716318, 'learning_rate': 0.0014206123355273406, 'weight_decay': 0.0003454343283722435, 'batch_size': 512, 'tree_depth': 11}
2024-10-31 14:43:37,750 - INFO - Trial 284: Train MSE=2.2242497376033237, Train R²=0.6304336360522679
2024-10-31 14:43:37,750 - INFO - Trial 284: Test MSE=2.2386019911084856, Test R²=0.6355670349938529
2024-10-31 14:43:37,750 - INFO - ============================================================================================================================================================================================================================================================================================================
2024-10-31 14:43:37,751 - INFO - Trial 284 finished with value: 2.2386019911084856 and parameters: {'hidden_layers': 1, 'hidden_units': 256, 'dropout_rate': 0.7909770105716318, 'learning_rate': 0.0014206123355273406, 'weight_decay': 0.0003454343283722435, 'batch_size': 512, 'tree_depth': 11}. Best is trial 104 with value: 2.1955713714872087.
2024-10-31 14:44:12,601 - INFO - Parameters: {'hidden_layers': 1, 'hidden_units': 256, 'dropout_rate': 0.7991246153008683, 'learning_rate': 0.0015538459228306562, 'weight_decay': 0.0003316053989197241, 'batch_size': 512, 'tree_depth': 11}
2024-10-31 14:44:12,602 - INFO - Trial 285: Train MSE=2.2832779543740407, Train R²=0.6201667210885456
2024-10-31 14:44:12,602 - INFO - Trial 285: Test MSE=2.2347004073006764, Test R²=0.6362246870994568
2024-10-31 14:44:12,602 - INFO - ============================================================================================================================================================================================================================================================================================================
2024-10-31 14:44:12,603 - INFO - Trial 285 finished with value: 2.2347004073006764 and parameters: {'hidden_layers': 1, 'hidden_units': 256, 'dropout_rate': 0.7991246153008683, 'learning_rate': 0.0015538459228306562, 'weight_decay': 0.0003316053989197241, 'batch_size': 512, 'tree_depth': 11}. Best is trial 104 with value: 2.1955713714872087.
2024-10-31 14:44:48,228 - INFO - Parameters: {'hidden_layers': 1, 'hidden_units': 256, 'dropout_rate': 0.7840402287768855, 'learning_rate': 0.0017540636413645508, 'weight_decay': 0.0003581856466812781, 'batch_size': 512, 'tree_depth': 11}
2024-10-31 14:44:48,228 - INFO - Trial 286: Train MSE=2.098204868180411, Train R²=0.6512136672224317
2024-10-31 14:44:48,228 - INFO - Trial 286: Test MSE=2.243680340903146, Test R²=0.6349509273256574
2024-10-31 14:44:48,228 - INFO - ============================================================================================================================================================================================================================================================================================================
2024-10-31 14:44:48,230 - INFO - Trial 286 finished with value: 2.243680340903146 and parameters: {'hidden_layers': 1, 'hidden_units': 256, 'dropout_rate': 0.7840402287768855, 'learning_rate': 0.0017540636413645508, 'weight_decay': 0.0003581856466812781, 'batch_size': 512, 'tree_depth': 11}. Best is trial 104 with value: 2.1955713714872087.
2024-10-31 14:45:23,038 - INFO - Parameters: {'hidden_layers': 1, 'hidden_units': 256, 'dropout_rate': 0.6844000870277694, 'learning_rate': 0.0002675449856021971, 'weight_decay': 0.000730492168535059, 'batch_size': 512, 'tree_depth': 7}
2024-10-31 14:45:23,038 - INFO - Trial 287: Train MSE=3.8520665849958147, Train R²=0.35946934138025555
2024-10-31 14:45:23,038 - INFO - Trial 287: Test MSE=2.350741284234183, Test R²=0.6174196175166539
2024-10-31 14:45:23,038 - INFO - ============================================================================================================================================================================================================================================================================================================
2024-10-31 14:45:23,039 - INFO - Trial 287 finished with value: 2.350741284234183 and parameters: {'hidden_layers': 1, 'hidden_units': 256, 'dropout_rate': 0.6844000870277694, 'learning_rate': 0.0002675449856021971, 'weight_decay': 0.000730492168535059, 'batch_size': 512, 'tree_depth': 7}. Best is trial 104 with value: 2.1955713714872087.
2024-10-31 14:45:58,917 - INFO - Parameters: {'hidden_layers': 1, 'hidden_units': 256, 'dropout_rate': 0.7914271231535389, 'learning_rate': 0.0012035406853033164, 'weight_decay': 0.000319213095461897, 'batch_size': 512, 'tree_depth': 11}
2024-10-31 14:45:58,917 - INFO - Trial 288: Train MSE=2.357184035437448, Train R²=0.607375830411911
2024-10-31 14:45:58,917 - INFO - Trial 288: Test MSE=2.235733526093619, Test R²=0.6361566611698696
2024-10-31 14:45:58,918 - INFO - ============================================================================================================================================================================================================================================================================================================
2024-10-31 14:45:58,918 - INFO - Trial 288 finished with value: 2.235733526093619 and parameters: {'hidden_layers': 1, 'hidden_units': 256, 'dropout_rate': 0.7914271231535389, 'learning_rate': 0.0012035406853033164, 'weight_decay': 0.000319213095461897, 'batch_size': 512, 'tree_depth': 11}. Best is trial 104 with value: 2.1955713714872087.
2024-10-31 14:46:34,756 - INFO - Parameters: {'hidden_layers': 1, 'hidden_units': 256, 'dropout_rate': 0.7803787836564167, 'learning_rate': 0.002165534705502201, 'weight_decay': 0.0003440431832983634, 'batch_size': 512, 'tree_depth': 11}
2024-10-31 14:46:34,757 - INFO - Trial 289: Train MSE=2.000139968735831, Train R²=0.6666755654982158
2024-10-31 14:46:34,757 - INFO - Trial 289: Test MSE=2.210393054144723, Test R²=0.6403107728276934
2024-10-31 14:46:34,757 - INFO - ============================================================================================================================================================================================================================================================================================================
2024-10-31 14:46:34,758 - INFO - Trial 289 finished with value: 2.210393054144723 and parameters: {'hidden_layers': 1, 'hidden_units': 256, 'dropout_rate': 0.7803787836564167, 'learning_rate': 0.002165534705502201, 'weight_decay': 0.0003440431832983634, 'batch_size': 512, 'tree_depth': 11}. Best is trial 104 with value: 2.1955713714872087.
2024-10-31 14:47:09,259 - INFO - Parameters: {'hidden_layers': 1, 'hidden_units': 256, 'dropout_rate': 0.7585685594631918, 'learning_rate': 0.002413134905849788, 'weight_decay': 0.00038109511707005696, 'batch_size': 512, 'tree_depth': 11}
2024-10-31 14:47:09,260 - INFO - Trial 290: Train MSE=1.8276701995304652, Train R²=0.6957778270755496
2024-10-31 14:47:09,261 - INFO - Trial 290: Test MSE=2.252627577100481, Test R²=0.6333288039479937
2024-10-31 14:47:09,261 - INFO - ============================================================================================================================================================================================================================================================================================================
2024-10-31 14:47:09,263 - INFO - Trial 290 finished with value: 2.252627577100481 and parameters: {'hidden_layers': 1, 'hidden_units': 256, 'dropout_rate': 0.7585685594631918, 'learning_rate': 0.002413134905849788, 'weight_decay': 0.00038109511707005696, 'batch_size': 512, 'tree_depth': 11}. Best is trial 104 with value: 2.1955713714872087.
2024-10-31 14:47:43,666 - INFO - Parameters: {'hidden_layers': 1, 'hidden_units': 256, 'dropout_rate': 0.777155806927077, 'learning_rate': 0.0020750483282841567, 'weight_decay': 0.00010661490522943051, 'batch_size': 512, 'tree_depth': 11}
2024-10-31 14:47:43,666 - INFO - Trial 291: Train MSE=1.9915892907551356, Train R²=0.6689786698137011
2024-10-31 14:47:43,666 - INFO - Trial 291: Test MSE=2.2536118711744035, Test R²=0.6333579080445426
2024-10-31 14:47:43,666 - INFO - ============================================================================================================================================================================================================================================================================================================
2024-10-31 14:47:43,667 - INFO - Trial 291 finished with value: 2.2536118711744035 and parameters: {'hidden_layers': 1, 'hidden_units': 256, 'dropout_rate': 0.777155806927077, 'learning_rate': 0.0020750483282841567, 'weight_decay': 0.00010661490522943051, 'batch_size': 512, 'tree_depth': 11}. Best is trial 104 with value: 2.1955713714872087.
2024-10-31 14:48:19,451 - INFO - Parameters: {'hidden_layers': 1, 'hidden_units': 512, 'dropout_rate': 0.7451827464337323, 'learning_rate': 0.0022371725061753073, 'weight_decay': 0.0003419697879918518, 'batch_size': 512, 'tree_depth': 11}
2024-10-31 14:48:19,451 - INFO - Trial 292: Train MSE=1.5141416319778986, Train R²=0.7481215681348529
2024-10-31 14:48:19,451 - INFO - Trial 292: Test MSE=2.26219494002206, Test R²=0.6316838434764317
2024-10-31 14:48:19,451 - INFO - ============================================================================================================================================================================================================================================================================================================
