2024-10-31 15:12:19,814 - INFO - Trial 330 finished with value: 2.301307031086513 and parameters: {'hidden_layers': 3, 'hidden_units': 256, 'dropout_rate': 0.7775774951436051, 'learning_rate': 0.0008932776768885634, 'weight_decay': 0.00032117576068363033, 'batch_size': 512, 'tree_depth': 11}. Best is trial 104 with value: 2.1955713714872087.
2024-10-31 15:13:02,113 - INFO - Parameters: {'hidden_layers': 1, 'hidden_units': 256, 'dropout_rate': 0.7859722185725075, 'learning_rate': 0.0013073632230609293, 'weight_decay': 0.00034583661822191575, 'batch_size': 512, 'tree_depth': 11}
2024-10-31 15:13:02,113 - INFO - Trial 331: Train MSE=2.20357740351132, Train R²=0.6330579008374896
2024-10-31 15:13:02,114 - INFO - Trial 331: Test MSE=2.2529384068080356, Test R²=0.6334795951843262
2024-10-31 15:13:02,114 - INFO - ============================================================================================================================================================================================================================================================================================================
2024-10-31 15:13:02,116 - INFO - Trial 331 finished with value: 2.2529384068080356 and parameters: {'hidden_layers': 1, 'hidden_units': 256, 'dropout_rate': 0.7859722185725075, 'learning_rate': 0.0013073632230609293, 'weight_decay': 0.00034583661822191575, 'batch_size': 512, 'tree_depth': 11}. Best is trial 104 with value: 2.1955713714872087.
2024-10-31 15:13:38,226 - INFO - Parameters: {'hidden_layers': 1, 'hidden_units': 256, 'dropout_rate': 0.7717486902739561, 'learning_rate': 0.0009419941024762069, 'weight_decay': 0.0003000878030125914, 'batch_size': 512, 'tree_depth': 8}
2024-10-31 15:13:38,226 - INFO - Trial 332: Train MSE=2.699412158557347, Train R²=0.5512591174670628
2024-10-31 15:13:38,226 - INFO - Trial 332: Test MSE=2.2439447471073697, Test R²=0.6348282098770142
2024-10-31 15:13:38,226 - INFO - ============================================================================================================================================================================================================================================================================================================
2024-10-31 15:13:38,227 - INFO - Trial 332 finished with value: 2.2439447471073697 and parameters: {'hidden_layers': 1, 'hidden_units': 256, 'dropout_rate': 0.7717486902739561, 'learning_rate': 0.0009419941024762069, 'weight_decay': 0.0003000878030125914, 'batch_size': 512, 'tree_depth': 8}. Best is trial 104 with value: 2.1955713714872087.
2024-10-31 15:14:19,002 - INFO - Parameters: {'hidden_layers': 2, 'hidden_units': 256, 'dropout_rate': 0.7916557946811515, 'learning_rate': 0.00017474672691126126, 'weight_decay': 0.000318528796300197, 'batch_size': 512, 'tree_depth': 11}
2024-10-31 15:14:19,002 - INFO - Trial 333: Train MSE=6.260725583348956, Train R²=-0.04276930221489498
2024-10-31 15:14:19,002 - INFO - Trial 333: Test MSE=3.3347132205963135, Test R²=0.45746023314339773
2024-10-31 15:14:19,002 - INFO - ============================================================================================================================================================================================================================================================================================================
2024-10-31 15:14:19,003 - INFO - Trial 333 finished with value: 3.3347132205963135 and parameters: {'hidden_layers': 2, 'hidden_units': 256, 'dropout_rate': 0.7916557946811515, 'learning_rate': 0.00017474672691126126, 'weight_decay': 0.000318528796300197, 'batch_size': 512, 'tree_depth': 11}. Best is trial 104 with value: 2.1955713714872087.
2024-10-31 15:14:50,230 - INFO - Parameters: {'hidden_layers': 1, 'hidden_units': 256, 'dropout_rate': 0.7844321680716642, 'learning_rate': 0.0012318980516242946, 'weight_decay': 0.00026835532157238196, 'batch_size': 1024, 'tree_depth': 11}
2024-10-31 15:14:50,230 - INFO - Trial 334: Train MSE=2.66746233190809, Train R²=0.5572893832411084
2024-10-31 15:14:50,230 - INFO - Trial 334: Test MSE=2.266469180583954, Test R²=0.6285449117422104
2024-10-31 15:14:50,231 - INFO - ============================================================================================================================================================================================================================================================================================================
2024-10-31 15:14:50,232 - INFO - Trial 334 finished with value: 2.266469180583954 and parameters: {'hidden_layers': 1, 'hidden_units': 256, 'dropout_rate': 0.7844321680716642, 'learning_rate': 0.0012318980516242946, 'weight_decay': 0.00026835532157238196, 'batch_size': 1024, 'tree_depth': 11}. Best is trial 104 with value: 2.1955713714872087.
2024-10-31 15:15:25,825 - INFO - Parameters: {'hidden_layers': 1, 'hidden_units': 256, 'dropout_rate': 0.41349153561132806, 'learning_rate': 0.001084429454010414, 'weight_decay': 0.00033767979982701784, 'batch_size': 512, 'tree_depth': 10}
2024-10-31 15:15:25,825 - INFO - Trial 335: Train MSE=0.733284918325288, Train R²=0.8777449173586709
2024-10-31 15:15:25,826 - INFO - Trial 335: Test MSE=2.382537909916469, Test R²=0.6121560505458287
2024-10-31 15:15:25,827 - INFO - ============================================================================================================================================================================================================================================================================================================
2024-10-31 15:15:25,828 - INFO - Trial 335 finished with value: 2.382537909916469 and parameters: {'hidden_layers': 1, 'hidden_units': 256, 'dropout_rate': 0.41349153561132806, 'learning_rate': 0.001084429454010414, 'weight_decay': 0.00033767979982701784, 'batch_size': 512, 'tree_depth': 10}. Best is trial 104 with value: 2.1955713714872087.
2024-10-31 15:16:04,284 - INFO - Parameters: {'hidden_layers': 1, 'hidden_units': 1024, 'dropout_rate': 0.7634403386407178, 'learning_rate': 0.001510604368351299, 'weight_decay': 0.00028826118533161686, 'batch_size': 512, 'tree_depth': 11}
2024-10-31 15:16:04,284 - INFO - Trial 336: Train MSE=1.616720357111522, Train R²=0.7298843371016639
2024-10-31 15:16:04,284 - INFO - Trial 336: Test MSE=2.372372899736677, Test R²=0.6139807275363377
2024-10-31 15:16:04,284 - INFO - ============================================================================================================================================================================================================================================================================================================
2024-10-31 15:16:04,285 - INFO - Trial 336 finished with value: 2.372372899736677 and parameters: {'hidden_layers': 1, 'hidden_units': 1024, 'dropout_rate': 0.7634403386407178, 'learning_rate': 0.001510604368351299, 'weight_decay': 0.00028826118533161686, 'batch_size': 512, 'tree_depth': 11}. Best is trial 104 with value: 2.1955713714872087.
2024-10-31 15:16:38,639 - INFO - Parameters: {'hidden_layers': 1, 'hidden_units': 256, 'dropout_rate': 0.7765349111516958, 'learning_rate': 0.0009965774541362844, 'weight_decay': 0.00035379291336985866, 'batch_size': 512, 'tree_depth': 11}
2024-10-31 15:16:38,639 - INFO - Trial 337: Train MSE=2.3405382122312273, Train R²=0.6100868880748749
2024-10-31 15:16:38,640 - INFO - Trial 337: Test MSE=2.2466835294451033, Test R²=0.6343752826963153
2024-10-31 15:16:38,640 - INFO - ============================================================================================================================================================================================================================================================================================================
2024-10-31 15:16:38,641 - INFO - Trial 337 finished with value: 2.2466835294451033 and parameters: {'hidden_layers': 1, 'hidden_units': 256, 'dropout_rate': 0.7765349111516958, 'learning_rate': 0.0009965774541362844, 'weight_decay': 0.00035379291336985866, 'batch_size': 512, 'tree_depth': 11}. Best is trial 104 with value: 2.1955713714872087.
2024-10-31 15:17:14,252 - INFO - Parameters: {'hidden_layers': 1, 'hidden_units': 256, 'dropout_rate': 0.7924378612763656, 'learning_rate': 0.004178052855245137, 'weight_decay': 0.00030921333874877547, 'batch_size': 512, 'tree_depth': 11}
2024-10-31 15:17:14,253 - INFO - Trial 338: Train MSE=2.031421580484935, Train R²=0.6614812122923988
2024-10-31 15:17:14,253 - INFO - Trial 338: Test MSE=2.2655067443847656, Test R²=0.6311922584261213
2024-10-31 15:17:14,253 - INFO - ============================================================================================================================================================================================================================================================================================================
2024-10-31 15:17:14,255 - INFO - Trial 338 finished with value: 2.2655067443847656 and parameters: {'hidden_layers': 1, 'hidden_units': 256, 'dropout_rate': 0.7924378612763656, 'learning_rate': 0.004178052855245137, 'weight_decay': 0.00030921333874877547, 'batch_size': 512, 'tree_depth': 11}. Best is trial 104 with value: 2.1955713714872087.
2024-10-31 15:17:49,666 - INFO - Parameters: {'hidden_layers': 1, 'hidden_units': 256, 'dropout_rate': 0.7816981280738478, 'learning_rate': 0.000775187524426296, 'weight_decay': 0.00033003176515281383, 'batch_size': 512, 'tree_depth': 11}
2024-10-31 15:17:49,666 - INFO - Trial 339: Train MSE=2.574371772153037, Train R²=0.5717179583651679
2024-10-31 15:17:49,666 - INFO - Trial 339: Test MSE=2.2267645256859914, Test R²=0.6374759588922773
2024-10-31 15:17:49,666 - INFO - ============================================================================================================================================================================================================================================================================================================
2024-10-31 15:17:49,669 - INFO - Trial 339 finished with value: 2.2267645256859914 and parameters: {'hidden_layers': 1, 'hidden_units': 256, 'dropout_rate': 0.7816981280738478, 'learning_rate': 0.000775187524426296, 'weight_decay': 0.00033003176515281383, 'batch_size': 512, 'tree_depth': 11}. Best is trial 104 with value: 2.1955713714872087.
2024-10-31 15:18:24,764 - INFO - Parameters: {'hidden_layers': 1, 'hidden_units': 256, 'dropout_rate': 0.7695783943583844, 'learning_rate': 0.0011341883683759781, 'weight_decay': 0.00029638985727156497, 'batch_size': 512, 'tree_depth': 12}
2024-10-31 15:18:24,764 - INFO - Trial 340: Train MSE=2.151173919439316, Train R²=0.6417410671710968
2024-10-31 15:18:24,765 - INFO - Trial 340: Test MSE=2.26152127129691, Test R²=0.6317484378814697
2024-10-31 15:18:24,765 - INFO - ============================================================================================================================================================================================================================================================================================================
2024-10-31 15:18:24,767 - INFO - Trial 340 finished with value: 2.26152127129691 and parameters: {'hidden_layers': 1, 'hidden_units': 256, 'dropout_rate': 0.7695783943583844, 'learning_rate': 0.0011341883683759781, 'weight_decay': 0.00029638985727156497, 'batch_size': 512, 'tree_depth': 12}. Best is trial 104 with value: 2.1955713714872087.
2024-10-31 15:19:00,057 - INFO - Parameters: {'hidden_layers': 1, 'hidden_units': 256, 'dropout_rate': 0.7835569572589732, 'learning_rate': 0.0016046672356021527, 'weight_decay': 0.00027275530271856973, 'batch_size': 512, 'tree_depth': 11}
2024-10-31 15:19:00,058 - INFO - Trial 341: Train MSE=2.1256954840251376, Train R²=0.6463391951152256
2024-10-31 15:19:00,058 - INFO - Trial 341: Test MSE=2.22256110395704, Test R²=0.6381414958408901
2024-10-31 15:19:00,058 - INFO - ============================================================================================================================================================================================================================================================================================================
2024-10-31 15:19:00,059 - INFO - Trial 341 finished with value: 2.22256110395704 and parameters: {'hidden_layers': 1, 'hidden_units': 256, 'dropout_rate': 0.7835569572589732, 'learning_rate': 0.0016046672356021527, 'weight_decay': 0.00027275530271856973, 'batch_size': 512, 'tree_depth': 11}. Best is trial 104 with value: 2.1955713714872087.
2024-10-31 15:19:34,862 - INFO - Parameters: {'hidden_layers': 1, 'hidden_units': 256, 'dropout_rate': 0.7915844332089188, 'learning_rate': 0.001677498012290463, 'weight_decay': 0.00027089671588699743, 'batch_size': 512, 'tree_depth': 11}
2024-10-31 15:19:34,863 - INFO - Trial 342: Train MSE=2.183771299464362, Train R²=0.6366574551377978
2024-10-31 15:19:34,863 - INFO - Trial 342: Test MSE=2.2048958710261752, Test R²=0.6411034124238151
2024-10-31 15:19:34,863 - INFO - ============================================================================================================================================================================================================================================================================================================
2024-10-31 15:19:34,865 - INFO - Trial 342 finished with value: 2.2048958710261752 and parameters: {'hidden_layers': 1, 'hidden_units': 256, 'dropout_rate': 0.7915844332089188, 'learning_rate': 0.001677498012290463, 'weight_decay': 0.00027089671588699743, 'batch_size': 512, 'tree_depth': 11}. Best is trial 104 with value: 2.1955713714872087.
2024-10-31 15:20:10,967 - INFO - Parameters: {'hidden_layers': 1, 'hidden_units': 256, 'dropout_rate': 0.7986995038456196, 'learning_rate': 0.0017848951635138894, 'weight_decay': 0.0002621196311945204, 'batch_size': 512, 'tree_depth': 11}
2024-10-31 15:20:10,967 - INFO - Trial 343: Train MSE=2.2074220137936726, Train R²=0.6330381440264838
2024-10-31 15:20:10,967 - INFO - Trial 343: Test MSE=2.233358076640538, Test R²=0.6365452579089573
2024-10-31 15:20:10,968 - INFO - ============================================================================================================================================================================================================================================================================================================
2024-10-31 15:20:10,969 - INFO - Trial 343 finished with value: 2.233358076640538 and parameters: {'hidden_layers': 1, 'hidden_units': 256, 'dropout_rate': 0.7986995038456196, 'learning_rate': 0.0017848951635138894, 'weight_decay': 0.0002621196311945204, 'batch_size': 512, 'tree_depth': 11}. Best is trial 104 with value: 2.1955713714872087.
2024-10-31 15:20:47,415 - INFO - Parameters: {'hidden_layers': 1, 'hidden_units': 256, 'dropout_rate': 0.792872930818809, 'learning_rate': 0.0016790076951994188, 'weight_decay': 0.0002791687544324356, 'batch_size': 512, 'tree_depth': 11}
2024-10-31 15:20:47,415 - INFO - Trial 344: Train MSE=2.1860054305621555, Train R²=0.6354978510311672
2024-10-31 15:20:47,415 - INFO - Trial 344: Test MSE=2.2450435842786516, Test R²=0.6346289941242763
2024-10-31 15:20:47,415 - INFO - ============================================================================================================================================================================================================================================================================================================
2024-10-31 15:20:47,416 - INFO - Trial 344 finished with value: 2.2450435842786516 and parameters: {'hidden_layers': 1, 'hidden_units': 256, 'dropout_rate': 0.792872930818809, 'learning_rate': 0.0016790076951994188, 'weight_decay': 0.0002791687544324356, 'batch_size': 512, 'tree_depth': 11}. Best is trial 104 with value: 2.1955713714872087.
2024-10-31 15:22:09,526 - INFO - Parameters: {'hidden_layers': 1, 'hidden_units': 256, 'dropout_rate': 0.7997119534268264, 'learning_rate': 0.002458113348059077, 'weight_decay': 0.0002759569868568042, 'batch_size': 128, 'tree_depth': 11}
2024-10-31 15:22:09,526 - INFO - Trial 345: Train MSE=2.0293242377894267, Train R²=0.6583719540919576
2024-10-31 15:22:09,526 - INFO - Trial 345: Test MSE=2.2450916724545613, Test R²=0.6284203699656895
2024-10-31 15:22:09,526 - INFO - ============================================================================================================================================================================================================================================================================================================
2024-10-31 15:22:09,530 - INFO - Trial 345 finished with value: 2.2450916724545613 and parameters: {'hidden_layers': 1, 'hidden_units': 256, 'dropout_rate': 0.7997119534268264, 'learning_rate': 0.002458113348059077, 'weight_decay': 0.0002759569868568042, 'batch_size': 128, 'tree_depth': 11}. Best is trial 104 with value: 2.1955713714872087.
2024-10-31 15:22:45,439 - INFO - Parameters: {'hidden_layers': 1, 'hidden_units': 512, 'dropout_rate': 0.7813473938784475, 'learning_rate': 0.001978333207819965, 'weight_decay': 0.00026956032198217764, 'batch_size': 512, 'tree_depth': 11}
2024-10-31 15:22:45,439 - INFO - Trial 346: Train MSE=1.780921655041831, Train R²=0.7034452834299633
2024-10-31 15:22:45,439 - INFO - Trial 346: Test MSE=2.240797792162214, Test R²=0.6353034632546561
2024-10-31 15:22:45,439 - INFO - ============================================================================================================================================================================================================================================================================================================
2024-10-31 15:22:45,440 - INFO - Trial 346 finished with value: 2.240797792162214 and parameters: {'hidden_layers': 1, 'hidden_units': 512, 'dropout_rate': 0.7813473938784475, 'learning_rate': 0.001978333207819965, 'weight_decay': 0.00026956032198217764, 'batch_size': 512, 'tree_depth': 11}. Best is trial 104 with value: 2.1955713714872087.
2024-10-31 15:23:19,714 - INFO - Parameters: {'hidden_layers': 1, 'hidden_units': 256, 'dropout_rate': 0.7897408883884194, 'learning_rate': 0.0008586031405681953, 'weight_decay': 0.00024664603277490464, 'batch_size': 512, 'tree_depth': 11}
2024-10-31 15:23:19,715 - INFO - Trial 347: Train MSE=2.58403571162905, Train R²=0.5698658057621547
2024-10-31 15:23:19,715 - INFO - Trial 347: Test MSE=2.2428323541368758, Test R²=0.6349400707653591
2024-10-31 15:23:19,715 - INFO - ============================================================================================================================================================================================================================================================================================================
2024-10-31 15:23:19,716 - INFO - Trial 347 finished with value: 2.2428323541368758 and parameters: {'hidden_layers': 1, 'hidden_units': 256, 'dropout_rate': 0.7897408883884194, 'learning_rate': 0.0008586031405681953, 'weight_decay': 0.00024664603277490464, 'batch_size': 512, 'tree_depth': 11}. Best is trial 104 with value: 2.1955713714872087.
2024-10-31 15:23:53,016 - INFO - Parameters: {'hidden_layers': 1, 'hidden_units': 256, 'dropout_rate': 0.7810477923809467, 'learning_rate': 0.0016127238442441398, 'weight_decay': 0.0002555737631167502, 'batch_size': 512, 'tree_depth': 11}
2024-10-31 15:23:53,016 - INFO - Trial 348: Train MSE=2.13292926124164, Train R²=0.6437436384814126
2024-10-31 15:23:53,016 - INFO - Trial 348: Test MSE=2.2417307581220354, Test R²=0.6350193790027073
2024-10-31 15:23:53,016 - INFO - ============================================================================================================================================================================================================================================================================================================
2024-10-31 15:23:53,018 - INFO - Trial 348 finished with value: 2.2417307581220354 and parameters: {'hidden_layers': 1, 'hidden_units': 256, 'dropout_rate': 0.7810477923809467, 'learning_rate': 0.0016127238442441398, 'weight_decay': 0.0002555737631167502, 'batch_size': 512, 'tree_depth': 11}. Best is trial 104 with value: 2.1955713714872087.
2024-10-31 15:24:28,560 - INFO - Parameters: {'hidden_layers': 1, 'hidden_units': 256, 'dropout_rate': 0.7911401315879018, 'learning_rate': 0.002267300900726031, 'weight_decay': 0.00030529674861542197, 'batch_size': 512, 'tree_depth': 11}
2024-10-31 15:24:28,560 - INFO - Trial 349: Train MSE=2.114088854619435, Train R²=0.647758349776268
2024-10-31 15:24:28,560 - INFO - Trial 349: Test MSE=2.228482348578317, Test R²=0.637163656098502
2024-10-31 15:24:28,560 - INFO - ============================================================================================================================================================================================================================================================================================================
