2024-10-31 21:46:58,626 - INFO - Trial 919 finished with value: 2.2310825756617954 and parameters: {'hidden_layers': 1, 'hidden_units': 256, 'dropout_rate': 0.7841822325980797, 'learning_rate': 0.0011502944228736754, 'weight_decay': 0.0003716397764178745, 'batch_size': 512, 'tree_depth': 9}. Best is trial 601 with value: 2.1809195450374057.
2024-10-31 21:47:28,105 - INFO - Parameters: {'hidden_layers': 1, 'hidden_units': 256, 'dropout_rate': 0.7909055169028394, 'learning_rate': 0.0009435314395480394, 'weight_decay': 0.0004740843338362376, 'batch_size': 512, 'tree_depth': 12}
2024-10-31 21:47:28,106 - INFO - Trial 920: Train MSE=2.507939398288727, Train R²=0.5822530495268958
2024-10-31 21:47:28,106 - INFO - Trial 920: Test MSE=2.2194965396608626, Test R²=0.6387102007865906
2024-10-31 21:47:28,106 - INFO - ============================================================================================================================================================================================================================================================================================================
2024-10-31 21:47:28,107 - INFO - Trial 920 finished with value: 2.2194965396608626 and parameters: {'hidden_layers': 1, 'hidden_units': 256, 'dropout_rate': 0.7909055169028394, 'learning_rate': 0.0009435314395480394, 'weight_decay': 0.0004740843338362376, 'batch_size': 512, 'tree_depth': 12}. Best is trial 601 with value: 2.1809195450374057.
2024-10-31 21:47:58,045 - INFO - Parameters: {'hidden_layers': 1, 'hidden_units': 256, 'dropout_rate': 0.763883777219769, 'learning_rate': 0.0010772176812237839, 'weight_decay': 0.00043210397548722255, 'batch_size': 512, 'tree_depth': 12}
2024-10-31 21:47:58,045 - INFO - Trial 921: Train MSE=2.1674553964819228, Train R²=0.6390320956707001
2024-10-31 21:47:58,045 - INFO - Trial 921: Test MSE=2.2563183307647705, Test R²=0.6327192187309265
2024-10-31 21:47:58,046 - INFO - ============================================================================================================================================================================================================================================================================================================
2024-10-31 21:47:58,047 - INFO - Trial 921 finished with value: 2.2563183307647705 and parameters: {'hidden_layers': 1, 'hidden_units': 256, 'dropout_rate': 0.763883777219769, 'learning_rate': 0.0010772176812237839, 'weight_decay': 0.00043210397548722255, 'batch_size': 512, 'tree_depth': 12}. Best is trial 601 with value: 2.1809195450374057.
2024-10-31 21:48:33,553 - INFO - Parameters: {'hidden_layers': 1, 'hidden_units': 256, 'dropout_rate': 0.777218997492951, 'learning_rate': 0.006494525855640676, 'weight_decay': 0.0003931634850527801, 'batch_size': 512, 'tree_depth': 11}
2024-10-31 21:48:33,553 - INFO - Trial 922: Train MSE=1.9974179821355003, Train R²=0.6679047367402485
2024-10-31 21:48:33,553 - INFO - Trial 922: Test MSE=2.2432261875697543, Test R²=0.6347904205322266
2024-10-31 21:48:33,553 - INFO - ============================================================================================================================================================================================================================================================================================================
2024-10-31 21:48:33,554 - INFO - Trial 922 finished with value: 2.2432261875697543 and parameters: {'hidden_layers': 1, 'hidden_units': 256, 'dropout_rate': 0.777218997492951, 'learning_rate': 0.006494525855640676, 'weight_decay': 0.0003931634850527801, 'batch_size': 512, 'tree_depth': 11}. Best is trial 601 with value: 2.1809195450374057.
2024-10-31 21:49:15,170 - INFO - Parameters: {'hidden_layers': 1, 'hidden_units': 256, 'dropout_rate': 0.7911854005163411, 'learning_rate': 0.001327430590067634, 'weight_decay': 0.00024403871069170454, 'batch_size': 512, 'tree_depth': 12}
2024-10-31 21:49:15,170 - INFO - Trial 923: Train MSE=2.2848805274282182, Train R²=0.6195215923445565
2024-10-31 21:49:15,170 - INFO - Trial 923: Test MSE=2.211993064199175, Test R²=0.6399859019688198
2024-10-31 21:49:15,170 - INFO - ============================================================================================================================================================================================================================================================================================================
2024-10-31 21:49:15,172 - INFO - Trial 923 finished with value: 2.211993064199175 and parameters: {'hidden_layers': 1, 'hidden_units': 256, 'dropout_rate': 0.7911854005163411, 'learning_rate': 0.001327430590067634, 'weight_decay': 0.00024403871069170454, 'batch_size': 512, 'tree_depth': 12}. Best is trial 601 with value: 2.1809195450374057.
2024-10-31 21:49:57,143 - INFO - Parameters: {'hidden_layers': 1, 'hidden_units': 256, 'dropout_rate': 0.7556894325307905, 'learning_rate': 0.0012345865082223745, 'weight_decay': 0.0002779807377325375, 'batch_size': 512, 'tree_depth': 11}
2024-10-31 21:49:57,143 - INFO - Trial 924: Train MSE=2.026008984872273, Train R²=0.662218668631145
2024-10-31 21:49:57,143 - INFO - Trial 924: Test MSE=2.2098147698811124, Test R²=0.6403660603931972
2024-10-31 21:49:57,143 - INFO - ============================================================================================================================================================================================================================================================================================================
2024-10-31 21:49:57,145 - INFO - Trial 924 finished with value: 2.2098147698811124 and parameters: {'hidden_layers': 1, 'hidden_units': 256, 'dropout_rate': 0.7556894325307905, 'learning_rate': 0.0012345865082223745, 'weight_decay': 0.0002779807377325375, 'batch_size': 512, 'tree_depth': 11}. Best is trial 601 with value: 2.1809195450374057.
2024-10-31 21:50:36,091 - INFO - Parameters: {'hidden_layers': 1, 'hidden_units': 256, 'dropout_rate': 0.7336139024797655, 'learning_rate': 0.0015382506903218276, 'weight_decay': 0.0002996930410660517, 'batch_size': 512, 'tree_depth': 11}
2024-10-31 21:50:36,091 - INFO - Trial 925: Train MSE=1.715486194406237, Train R²=0.7147942589862006
2024-10-31 21:50:36,091 - INFO - Trial 925: Test MSE=2.255706889288766, Test R²=0.6326407449586051
2024-10-31 21:50:36,091 - INFO - ============================================================================================================================================================================================================================================================================================================
2024-10-31 21:50:36,092 - INFO - Trial 925 finished with value: 2.255706889288766 and parameters: {'hidden_layers': 1, 'hidden_units': 256, 'dropout_rate': 0.7336139024797655, 'learning_rate': 0.0015382506903218276, 'weight_decay': 0.0002996930410660517, 'batch_size': 512, 'tree_depth': 11}. Best is trial 601 with value: 2.1809195450374057.
2024-10-31 21:51:13,986 - INFO - Parameters: {'hidden_layers': 1, 'hidden_units': 256, 'dropout_rate': 0.743270996196352, 'learning_rate': 0.0017701533837300052, 'weight_decay': 0.0002814481752113379, 'batch_size': 512, 'tree_depth': 11}
2024-10-31 21:51:13,986 - INFO - Trial 926: Train MSE=1.798772122178759, Train R²=0.7005456302847181
2024-10-31 21:51:13,986 - INFO - Trial 926: Test MSE=2.261030844279698, Test R²=0.6319121973855155
2024-10-31 21:51:13,986 - INFO - ============================================================================================================================================================================================================================================================================================================
2024-10-31 21:51:13,987 - INFO - Trial 926 finished with value: 2.261030844279698 and parameters: {'hidden_layers': 1, 'hidden_units': 256, 'dropout_rate': 0.743270996196352, 'learning_rate': 0.0017701533837300052, 'weight_decay': 0.0002814481752113379, 'batch_size': 512, 'tree_depth': 11}. Best is trial 601 with value: 2.1809195450374057.
2024-10-31 21:51:44,058 - INFO - Parameters: {'hidden_layers': 1, 'hidden_units': 256, 'dropout_rate': 0.7216579824984232, 'learning_rate': 0.0013356259124515015, 'weight_decay': 0.00029064541355249495, 'batch_size': 1024, 'tree_depth': 11}
2024-10-31 21:51:44,058 - INFO - Trial 927: Train MSE=2.0605731180735996, Train R²=0.6577772370406559
2024-10-31 21:51:44,058 - INFO - Trial 927: Test MSE=2.2443453073501587, Test R²=0.6321086585521698
2024-10-31 21:51:44,058 - INFO - ============================================================================================================================================================================================================================================================================================================
2024-10-31 21:51:44,059 - INFO - Trial 927 finished with value: 2.2443453073501587 and parameters: {'hidden_layers': 1, 'hidden_units': 256, 'dropout_rate': 0.7216579824984232, 'learning_rate': 0.0013356259124515015, 'weight_decay': 0.00029064541355249495, 'batch_size': 1024, 'tree_depth': 11}. Best is trial 601 with value: 2.1809195450374057.
2024-10-31 21:52:19,495 - INFO - Parameters: {'hidden_layers': 2, 'hidden_units': 1024, 'dropout_rate': 0.7414151384520954, 'learning_rate': 0.001242678769618816, 'weight_decay': 0.00027875523575073566, 'batch_size': 512, 'tree_depth': 11}
2024-10-31 21:52:19,495 - INFO - Trial 928: Train MSE=1.6801381707191467, Train R²=0.7194700922284808
2024-10-31 21:52:19,495 - INFO - Trial 928: Test MSE=2.3329812458583286, Test R²=0.6203064833368573
2024-10-31 21:52:19,495 - INFO - ============================================================================================================================================================================================================================================================================================================
2024-10-31 21:52:19,496 - INFO - Trial 928 finished with value: 2.3329812458583286 and parameters: {'hidden_layers': 2, 'hidden_units': 1024, 'dropout_rate': 0.7414151384520954, 'learning_rate': 0.001242678769618816, 'weight_decay': 0.00027875523575073566, 'batch_size': 512, 'tree_depth': 11}. Best is trial 601 with value: 2.1809195450374057.
2024-10-31 21:52:58,899 - INFO - Parameters: {'hidden_layers': 1, 'hidden_units': 256, 'dropout_rate': 0.5367150292005118, 'learning_rate': 0.0012099490461457655, 'weight_decay': 0.0006289959130252503, 'batch_size': 512, 'tree_depth': 11}
2024-10-31 21:52:58,899 - INFO - Trial 929: Train MSE=0.9651146807840892, Train R²=0.8393321335315704
2024-10-31 21:52:58,899 - INFO - Trial 929: Test MSE=2.3984429836273193, Test R²=0.6094130192484174
2024-10-31 21:52:58,899 - INFO - ============================================================================================================================================================================================================================================================================================================
2024-10-31 21:52:58,900 - INFO - Trial 929 finished with value: 2.3984429836273193 and parameters: {'hidden_layers': 1, 'hidden_units': 256, 'dropout_rate': 0.5367150292005118, 'learning_rate': 0.0012099490461457655, 'weight_decay': 0.0006289959130252503, 'batch_size': 512, 'tree_depth': 11}. Best is trial 601 with value: 2.1809195450374057.
2024-10-31 21:53:52,855 - INFO - Parameters: {'hidden_layers': 1, 'hidden_units': 256, 'dropout_rate': 0.7510638464050399, 'learning_rate': 0.0014489169830297298, 'weight_decay': 0.00029539963662208497, 'batch_size': 256, 'tree_depth': 11}
2024-10-31 21:53:52,855 - INFO - Trial 930: Train MSE=1.7465785252196449, Train R²=0.7071209784064975
2024-10-31 21:53:52,855 - INFO - Trial 930: Test MSE=2.2613971744264876, Test R²=0.630496369940894
2024-10-31 21:53:52,855 - INFO - ============================================================================================================================================================================================================================================================================================================
2024-10-31 21:53:52,857 - INFO - Trial 930 finished with value: 2.2613971744264876 and parameters: {'hidden_layers': 1, 'hidden_units': 256, 'dropout_rate': 0.7510638464050399, 'learning_rate': 0.0014489169830297298, 'weight_decay': 0.00029539963662208497, 'batch_size': 256, 'tree_depth': 11}. Best is trial 601 with value: 2.1809195450374057.
2024-10-31 21:54:26,247 - INFO - Parameters: {'hidden_layers': 1, 'hidden_units': 256, 'dropout_rate': 0.7392384773496402, 'learning_rate': 0.002305844357036088, 'weight_decay': 0.00030064687812018947, 'batch_size': 512, 'tree_depth': 10}
2024-10-31 21:54:26,247 - INFO - Trial 931: Train MSE=1.8268172570637293, Train R²=0.6962507537433079
2024-10-31 21:54:26,247 - INFO - Trial 931: Test MSE=2.209703411374773, Test R²=0.6403602276529584
2024-10-31 21:54:26,247 - INFO - ============================================================================================================================================================================================================================================================================================================
2024-10-31 21:54:26,248 - INFO - Trial 931 finished with value: 2.209703411374773 and parameters: {'hidden_layers': 1, 'hidden_units': 256, 'dropout_rate': 0.7392384773496402, 'learning_rate': 0.002305844357036088, 'weight_decay': 0.00030064687812018947, 'batch_size': 512, 'tree_depth': 10}. Best is trial 601 with value: 2.1809195450374057.
2024-10-31 21:55:04,030 - INFO - Parameters: {'hidden_layers': 1, 'hidden_units': 256, 'dropout_rate': 0.7264692411301238, 'learning_rate': 0.002159948271000371, 'weight_decay': 0.0002726094663058622, 'batch_size': 512, 'tree_depth': 10}
2024-10-31 21:55:04,030 - INFO - Trial 932: Train MSE=1.7542914875916071, Train R²=0.7073508990662438
2024-10-31 21:55:04,030 - INFO - Trial 932: Test MSE=2.2809801442282542, Test R²=0.62857357944761
2024-10-31 21:55:04,030 - INFO - ============================================================================================================================================================================================================================================================================================================
2024-10-31 21:55:04,031 - INFO - Trial 932 finished with value: 2.2809801442282542 and parameters: {'hidden_layers': 1, 'hidden_units': 256, 'dropout_rate': 0.7264692411301238, 'learning_rate': 0.002159948271000371, 'weight_decay': 0.0002726094663058622, 'batch_size': 512, 'tree_depth': 10}. Best is trial 601 with value: 2.1809195450374057.
2024-10-31 21:55:40,579 - INFO - Parameters: {'hidden_layers': 1, 'hidden_units': 256, 'dropout_rate': 0.7508478153999343, 'learning_rate': 0.002322582895367742, 'weight_decay': 0.00030255117764603837, 'batch_size': 512, 'tree_depth': 9}
2024-10-31 21:55:40,579 - INFO - Trial 933: Train MSE=2.0905675164290836, Train R²=0.6511379608086177
2024-10-31 21:55:40,579 - INFO - Trial 933: Test MSE=2.278776134763445, Test R²=0.6291806527546474
2024-10-31 21:55:40,579 - INFO - ============================================================================================================================================================================================================================================================================================================
2024-10-31 21:55:40,580 - INFO - Trial 933 finished with value: 2.278776134763445 and parameters: {'hidden_layers': 1, 'hidden_units': 256, 'dropout_rate': 0.7508478153999343, 'learning_rate': 0.002322582895367742, 'weight_decay': 0.00030255117764603837, 'batch_size': 512, 'tree_depth': 9}. Best is trial 601 with value: 2.1809195450374057.
2024-10-31 21:56:17,522 - INFO - Parameters: {'hidden_layers': 1, 'hidden_units': 256, 'dropout_rate': 0.7494989685096711, 'learning_rate': 0.0023120908024902563, 'weight_decay': 0.00028542504573570885, 'batch_size': 512, 'tree_depth': 10}
2024-10-31 21:56:17,522 - INFO - Trial 934: Train MSE=1.8632941246032715, Train R²=0.6891333929130009
2024-10-31 21:56:17,522 - INFO - Trial 934: Test MSE=2.2624553612300327, Test R²=0.6317577872957502
2024-10-31 21:56:17,522 - INFO - ============================================================================================================================================================================================================================================================================================================
2024-10-31 21:56:17,523 - INFO - Trial 934 finished with value: 2.2624553612300327 and parameters: {'hidden_layers': 1, 'hidden_units': 256, 'dropout_rate': 0.7494989685096711, 'learning_rate': 0.0023120908024902563, 'weight_decay': 0.00028542504573570885, 'batch_size': 512, 'tree_depth': 10}. Best is trial 601 with value: 2.1809195450374057.
2024-10-31 21:56:54,338 - INFO - Parameters: {'hidden_layers': 1, 'hidden_units': 256, 'dropout_rate': 0.7386198802266709, 'learning_rate': 0.002263245432456421, 'weight_decay': 0.000307212067469264, 'batch_size': 512, 'tree_depth': 10}
2024-10-31 21:56:54,338 - INFO - Trial 935: Train MSE=1.8508883629526411, Train R²=0.6918118127754757
2024-10-31 21:56:54,339 - INFO - Trial 935: Test MSE=2.2729121957506453, Test R²=0.6299979771886554
2024-10-31 21:56:54,339 - INFO - ============================================================================================================================================================================================================================================================================================================
2024-10-31 21:56:54,340 - INFO - Trial 935 finished with value: 2.2729121957506453 and parameters: {'hidden_layers': 1, 'hidden_units': 256, 'dropout_rate': 0.7386198802266709, 'learning_rate': 0.002263245432456421, 'weight_decay': 0.000307212067469264, 'batch_size': 512, 'tree_depth': 10}. Best is trial 601 with value: 2.1809195450374057.
2024-10-31 21:57:26,357 - INFO - Parameters: {'hidden_layers': 4, 'hidden_units': 256, 'dropout_rate': 0.7437213403813357, 'learning_rate': 0.0019756116199858686, 'weight_decay': 0.00028280444085744175, 'batch_size': 512, 'tree_depth': 9}
2024-10-31 21:57:26,357 - INFO - Trial 936: Train MSE=2.393068185874394, Train R²=0.6018222208533969
2024-10-31 21:57:26,357 - INFO - Trial 936: Test MSE=2.307276657649449, Test R²=0.6242518424987793
2024-10-31 21:57:26,357 - INFO - ============================================================================================================================================================================================================================================================================================================
2024-10-31 21:57:26,359 - INFO - Trial 936 finished with value: 2.307276657649449 and parameters: {'hidden_layers': 4, 'hidden_units': 256, 'dropout_rate': 0.7437213403813357, 'learning_rate': 0.0019756116199858686, 'weight_decay': 0.00028280444085744175, 'batch_size': 512, 'tree_depth': 9}. Best is trial 601 with value: 2.1809195450374057.
2024-10-31 21:57:57,957 - INFO - Parameters: {'hidden_layers': 1, 'hidden_units': 256, 'dropout_rate': 0.7302601106818994, 'learning_rate': 0.0026701906820950686, 'weight_decay': 0.0007222077893664573, 'batch_size': 512, 'tree_depth': 11}
2024-10-31 21:57:57,957 - INFO - Trial 937: Train MSE=1.72253440959113, Train R²=0.7136647360665458
2024-10-31 21:57:57,957 - INFO - Trial 937: Test MSE=2.278915677751814, Test R²=0.6290520599910191
2024-10-31 21:57:57,957 - INFO - ============================================================================================================================================================================================================================================================================================================
2024-10-31 21:57:57,958 - INFO - Trial 937 finished with value: 2.278915677751814 and parameters: {'hidden_layers': 1, 'hidden_units': 256, 'dropout_rate': 0.7302601106818994, 'learning_rate': 0.0026701906820950686, 'weight_decay': 0.0007222077893664573, 'batch_size': 512, 'tree_depth': 11}. Best is trial 601 with value: 2.1809195450374057.
2024-10-31 21:58:28,109 - INFO - Parameters: {'hidden_layers': 1, 'hidden_units': 256, 'dropout_rate': 0.743443527175118, 'learning_rate': 0.0025040075994304358, 'weight_decay': 0.0001617895472195971, 'batch_size': 512, 'tree_depth': 10}
2024-10-31 21:58:28,109 - INFO - Trial 938: Train MSE=1.8386785345418113, Train R²=0.6939796400921685
2024-10-31 21:58:28,109 - INFO - Trial 938: Test MSE=2.30912070614951, Test R²=0.624167834009443
2024-10-31 21:58:28,109 - INFO - ============================================================================================================================================================================================================================================================================================================
