2024-10-31 21:58:28,110 - INFO - Trial 938 finished with value: 2.30912070614951 and parameters: {'hidden_layers': 1, 'hidden_units': 256, 'dropout_rate': 0.743443527175118, 'learning_rate': 0.0025040075994304358, 'weight_decay': 0.0001617895472195971, 'batch_size': 512, 'tree_depth': 10}. Best is trial 601 with value: 2.1809195450374057.
2024-10-31 22:00:05,613 - INFO - Parameters: {'hidden_layers': 1, 'hidden_units': 512, 'dropout_rate': 0.7520273242887571, 'learning_rate': 0.001994622433054498, 'weight_decay': 0.0002959714345860152, 'batch_size': 128, 'tree_depth': 10}
2024-10-31 22:00:05,613 - INFO - Trial 939: Train MSE=1.7605594002774783, Train R²=0.7029044495097229
2024-10-31 22:00:05,613 - INFO - Trial 939: Test MSE=2.3279285558632443, Test R²=0.6155598035880497
2024-10-31 22:00:05,613 - INFO - ============================================================================================================================================================================================================================================================================================================
2024-10-31 22:00:05,614 - INFO - Trial 939 finished with value: 2.3279285558632443 and parameters: {'hidden_layers': 1, 'hidden_units': 512, 'dropout_rate': 0.7520273242887571, 'learning_rate': 0.001994622433054498, 'weight_decay': 0.0002959714345860152, 'batch_size': 128, 'tree_depth': 10}. Best is trial 601 with value: 2.1809195450374057.
2024-10-31 22:00:45,852 - INFO - Parameters: {'hidden_layers': 1, 'hidden_units': 256, 'dropout_rate': 0.726380115519185, 'learning_rate': 0.002168045465262931, 'weight_decay': 0.00027277102977626267, 'batch_size': 512, 'tree_depth': 11}
2024-10-31 22:00:45,852 - INFO - Trial 940: Train MSE=1.630174687930516, Train R²=0.7282419289861407
2024-10-31 22:00:45,852 - INFO - Trial 940: Test MSE=2.2510413101741245, Test R²=0.6335432188851493
2024-10-31 22:00:45,852 - INFO - ============================================================================================================================================================================================================================================================================================================
2024-10-31 22:00:45,854 - INFO - Trial 940 finished with value: 2.2510413101741245 and parameters: {'hidden_layers': 1, 'hidden_units': 256, 'dropout_rate': 0.726380115519185, 'learning_rate': 0.002168045465262931, 'weight_decay': 0.00027277102977626267, 'batch_size': 512, 'tree_depth': 11}. Best is trial 601 with value: 2.1809195450374057.
2024-10-31 22:01:17,257 - INFO - Parameters: {'hidden_layers': 1, 'hidden_units': 256, 'dropout_rate': 0.7328003112166918, 'learning_rate': 0.0017390208819366832, 'weight_decay': 0.0008693997355637456, 'batch_size': 512, 'tree_depth': 10}
2024-10-31 22:01:17,258 - INFO - Trial 941: Train MSE=1.8559653631278448, Train R²=0.6908711812325886
2024-10-31 22:01:17,258 - INFO - Trial 941: Test MSE=2.2855285576411655, Test R²=0.6278442995888847
2024-10-31 22:01:17,258 - INFO - ============================================================================================================================================================================================================================================================================================================
2024-10-31 22:01:17,259 - INFO - Trial 941 finished with value: 2.2855285576411655 and parameters: {'hidden_layers': 1, 'hidden_units': 256, 'dropout_rate': 0.7328003112166918, 'learning_rate': 0.0017390208819366832, 'weight_decay': 0.0008693997355637456, 'batch_size': 512, 'tree_depth': 10}. Best is trial 601 with value: 2.1809195450374057.
2024-10-31 22:01:52,404 - INFO - Parameters: {'hidden_layers': 1, 'hidden_units': 128, 'dropout_rate': 0.735635502544693, 'learning_rate': 0.002086901116822448, 'weight_decay': 0.00035134671784964783, 'batch_size': 512, 'tree_depth': 11}
2024-10-31 22:01:52,404 - INFO - Trial 942: Train MSE=2.172583963189806, Train R²=0.6377771326473781
2024-10-31 22:01:52,404 - INFO - Trial 942: Test MSE=2.2679607357297624, Test R²=0.6309758424758911
2024-10-31 22:01:52,404 - INFO - ============================================================================================================================================================================================================================================================================================================
2024-10-31 22:01:52,406 - INFO - Trial 942 finished with value: 2.2679607357297624 and parameters: {'hidden_layers': 1, 'hidden_units': 128, 'dropout_rate': 0.735635502544693, 'learning_rate': 0.002086901116822448, 'weight_decay': 0.00035134671784964783, 'batch_size': 512, 'tree_depth': 11}. Best is trial 601 with value: 2.1809195450374057.
2024-10-31 22:02:26,607 - INFO - Parameters: {'hidden_layers': 1, 'hidden_units': 256, 'dropout_rate': 0.754855562336523, 'learning_rate': 0.002559377336254925, 'weight_decay': 0.0003080762311836935, 'batch_size': 512, 'tree_depth': 10}
2024-10-31 22:02:26,607 - INFO - Trial 943: Train MSE=1.9353921583720617, Train R²=0.6774359451872962
2024-10-31 22:02:26,608 - INFO - Trial 943: Test MSE=2.250600610460554, Test R²=0.6336239491190229
2024-10-31 22:02:26,608 - INFO - ============================================================================================================================================================================================================================================================================================================
2024-10-31 22:02:26,609 - INFO - Trial 943 finished with value: 2.250600610460554 and parameters: {'hidden_layers': 1, 'hidden_units': 256, 'dropout_rate': 0.754855562336523, 'learning_rate': 0.002559377336254925, 'weight_decay': 0.0003080762311836935, 'batch_size': 512, 'tree_depth': 10}. Best is trial 601 with value: 2.1809195450374057.
2024-10-31 22:03:06,586 - INFO - Parameters: {'hidden_layers': 1, 'hidden_units': 256, 'dropout_rate': 0.758083653184665, 'learning_rate': 0.002241571398336257, 'weight_decay': 0.00028793055254868805, 'batch_size': 512, 'tree_depth': 11}
2024-10-31 22:03:06,586 - INFO - Trial 944: Train MSE=1.8477082337651933, Train R²=0.6922519249575478
2024-10-31 22:03:06,587 - INFO - Trial 944: Test MSE=2.2817853348595754, Test R²=0.6287679331643241
2024-10-31 22:03:06,587 - INFO - ============================================================================================================================================================================================================================================================================================================
2024-10-31 22:03:06,588 - INFO - Trial 944 finished with value: 2.2817853348595754 and parameters: {'hidden_layers': 1, 'hidden_units': 256, 'dropout_rate': 0.758083653184665, 'learning_rate': 0.002241571398336257, 'weight_decay': 0.00028793055254868805, 'batch_size': 512, 'tree_depth': 11}. Best is trial 601 with value: 2.1809195450374057.
2024-10-31 22:03:47,149 - INFO - Parameters: {'hidden_layers': 1, 'hidden_units': 256, 'dropout_rate': 0.7591946919429664, 'learning_rate': 0.002517244684418391, 'weight_decay': 0.0002667794999788109, 'batch_size': 512, 'tree_depth': 10}
2024-10-31 22:03:47,149 - INFO - Trial 945: Train MSE=1.913091003894806, Train R²=0.6815853267908096
2024-10-31 22:03:47,149 - INFO - Trial 945: Test MSE=2.242871710232326, Test R²=0.6350460733686175
2024-10-31 22:03:47,149 - INFO - ============================================================================================================================================================================================================================================================================================================
2024-10-31 22:03:47,151 - INFO - Trial 945 finished with value: 2.242871710232326 and parameters: {'hidden_layers': 1, 'hidden_units': 256, 'dropout_rate': 0.7591946919429664, 'learning_rate': 0.002517244684418391, 'weight_decay': 0.0002667794999788109, 'batch_size': 512, 'tree_depth': 10}. Best is trial 601 with value: 2.1809195450374057.
2024-10-31 22:04:27,708 - INFO - Parameters: {'hidden_layers': 1, 'hidden_units': 256, 'dropout_rate': 0.7200582685781691, 'learning_rate': 0.00040955573728662404, 'weight_decay': 0.00031695987885221806, 'batch_size': 512, 'tree_depth': 11}
2024-10-31 22:04:27,708 - INFO - Trial 946: Train MSE=2.841999888420105, Train R²=0.5267975628376007
2024-10-31 22:04:27,708 - INFO - Trial 946: Test MSE=2.2679147720336914, Test R²=0.6308942096573966
2024-10-31 22:04:27,708 - INFO - ============================================================================================================================================================================================================================================================================================================
2024-10-31 22:04:27,709 - INFO - Trial 946 finished with value: 2.2679147720336914 and parameters: {'hidden_layers': 1, 'hidden_units': 256, 'dropout_rate': 0.7200582685781691, 'learning_rate': 0.00040955573728662404, 'weight_decay': 0.00031695987885221806, 'batch_size': 512, 'tree_depth': 11}. Best is trial 601 with value: 2.1809195450374057.
2024-10-31 22:05:04,028 - INFO - Parameters: {'hidden_layers': 1, 'hidden_units': 256, 'dropout_rate': 0.46616672776907064, 'learning_rate': 0.0018481558628601433, 'weight_decay': 0.0002698791093994065, 'batch_size': 512, 'tree_depth': 11}
2024-10-31 22:05:04,029 - INFO - Trial 947: Train MSE=0.7842959101711001, Train R²=0.8691403248480388
2024-10-31 22:05:04,029 - INFO - Trial 947: Test MSE=2.4289399215153287, Test R²=0.6044882025037494
2024-10-31 22:05:04,029 - INFO - ============================================================================================================================================================================================================================================================================================================
2024-10-31 22:05:04,031 - INFO - Trial 947 finished with value: 2.4289399215153287 and parameters: {'hidden_layers': 1, 'hidden_units': 256, 'dropout_rate': 0.46616672776907064, 'learning_rate': 0.0018481558628601433, 'weight_decay': 0.0002698791093994065, 'batch_size': 512, 'tree_depth': 11}. Best is trial 601 with value: 2.1809195450374057.
2024-10-31 22:05:39,453 - INFO - Parameters: {'hidden_layers': 1, 'hidden_units': 256, 'dropout_rate': 0.7438824341410426, 'learning_rate': 0.0019198298130354426, 'weight_decay': 0.0002817963458042197, 'batch_size': 512, 'tree_depth': 10}
2024-10-31 22:05:39,454 - INFO - Trial 948: Train MSE=1.8698826943125044, Train R²=0.6886012298720223
2024-10-31 22:05:39,454 - INFO - Trial 948: Test MSE=2.268188544682094, Test R²=0.6308961425508771
2024-10-31 22:05:39,454 - INFO - ============================================================================================================================================================================================================================================================================================================
2024-10-31 22:05:39,457 - INFO - Trial 948 finished with value: 2.268188544682094 and parameters: {'hidden_layers': 1, 'hidden_units': 256, 'dropout_rate': 0.7438824341410426, 'learning_rate': 0.0019198298130354426, 'weight_decay': 0.0002817963458042197, 'batch_size': 512, 'tree_depth': 10}. Best is trial 601 with value: 2.1809195450374057.
2024-10-31 22:06:20,398 - INFO - Parameters: {'hidden_layers': 1, 'hidden_units': 256, 'dropout_rate': 0.7580200618653675, 'learning_rate': 0.001563555514929734, 'weight_decay': 0.00039422782564741484, 'batch_size': 512, 'tree_depth': 11}
2024-10-31 22:06:20,398 - INFO - Trial 949: Train MSE=1.9536492654255457, Train R²=0.6742883729083198
2024-10-31 22:06:20,398 - INFO - Trial 949: Test MSE=2.271214859826224, Test R²=0.630361659186227
2024-10-31 22:06:20,398 - INFO - ============================================================================================================================================================================================================================================================================================================
2024-10-31 22:06:20,399 - INFO - Trial 949 finished with value: 2.271214859826224 and parameters: {'hidden_layers': 1, 'hidden_units': 256, 'dropout_rate': 0.7580200618653675, 'learning_rate': 0.001563555514929734, 'weight_decay': 0.00039422782564741484, 'batch_size': 512, 'tree_depth': 11}. Best is trial 601 with value: 2.1809195450374057.
2024-10-31 22:06:54,857 - INFO - Parameters: {'hidden_layers': 1, 'hidden_units': 256, 'dropout_rate': 0.7382430869025017, 'learning_rate': 0.001659825112091316, 'weight_decay': 0.0006881869881981146, 'batch_size': 512, 'tree_depth': 11}
2024-10-31 22:06:54,857 - INFO - Trial 950: Train MSE=1.8081784674099513, Train R²=0.6990767398050853
2024-10-31 22:06:54,857 - INFO - Trial 950: Test MSE=2.275463972772871, Test R²=0.6295011384146554
2024-10-31 22:06:54,857 - INFO - ============================================================================================================================================================================================================================================================================================================
2024-10-31 22:06:54,858 - INFO - Trial 950 finished with value: 2.275463972772871 and parameters: {'hidden_layers': 1, 'hidden_units': 256, 'dropout_rate': 0.7382430869025017, 'learning_rate': 0.001659825112091316, 'weight_decay': 0.0006881869881981146, 'batch_size': 512, 'tree_depth': 11}. Best is trial 601 with value: 2.1809195450374057.
2024-10-31 22:07:20,217 - INFO - Parameters: {'hidden_layers': 1, 'hidden_units': 256, 'dropout_rate': 0.7641754163243492, 'learning_rate': 0.001411070145494527, 'weight_decay': 0.00029903024460537056, 'batch_size': 1024, 'tree_depth': 11}
2024-10-31 22:07:20,217 - INFO - Trial 951: Train MSE=2.389441660472325, Train R²=0.6024082856518882
2024-10-31 22:07:20,217 - INFO - Trial 951: Test MSE=2.2406347393989563, Test R²=0.6326712220907211
2024-10-31 22:07:20,217 - INFO - ============================================================================================================================================================================================================================================================================================================
2024-10-31 22:07:20,218 - INFO - Trial 951 finished with value: 2.2406347393989563 and parameters: {'hidden_layers': 1, 'hidden_units': 256, 'dropout_rate': 0.7641754163243492, 'learning_rate': 0.001411070145494527, 'weight_decay': 0.00029903024460537056, 'batch_size': 1024, 'tree_depth': 11}. Best is trial 601 with value: 2.1809195450374057.
2024-10-31 22:07:49,431 - INFO - Parameters: {'hidden_layers': 1, 'hidden_units': 256, 'dropout_rate': 0.7646651226109789, 'learning_rate': 0.0012945549687026817, 'weight_decay': 0.000820830211981855, 'batch_size': 512, 'tree_depth': 11}
2024-10-31 22:07:49,431 - INFO - Trial 952: Train MSE=2.071933993271419, Train R²=0.6541739233902523
2024-10-31 22:07:49,431 - INFO - Trial 952: Test MSE=2.240729366030012, Test R²=0.6352214983531407
2024-10-31 22:07:49,431 - INFO - ============================================================================================================================================================================================================================================================================================================
2024-10-31 22:07:49,433 - INFO - Trial 952 finished with value: 2.240729366030012 and parameters: {'hidden_layers': 1, 'hidden_units': 256, 'dropout_rate': 0.7646651226109789, 'learning_rate': 0.0012945549687026817, 'weight_decay': 0.000820830211981855, 'batch_size': 512, 'tree_depth': 11}. Best is trial 601 with value: 2.1809195450374057.
2024-10-31 22:08:26,351 - INFO - Parameters: {'hidden_layers': 3, 'hidden_units': 1024, 'dropout_rate': 0.5819794747449224, 'learning_rate': 0.0014637198521669, 'weight_decay': 0.0006006793792223565, 'batch_size': 512, 'tree_depth': 11}
2024-10-31 22:08:26,351 - INFO - Trial 953: Train MSE=0.9517697457756314, Train R²=0.841652193239757
2024-10-31 22:08:26,351 - INFO - Trial 953: Test MSE=2.3575983388083324, Test R²=0.6162534441266742
2024-10-31 22:08:26,351 - INFO - ============================================================================================================================================================================================================================================================================================================
2024-10-31 22:08:26,355 - INFO - Trial 953 finished with value: 2.3575983388083324 and parameters: {'hidden_layers': 3, 'hidden_units': 1024, 'dropout_rate': 0.5819794747449224, 'learning_rate': 0.0014637198521669, 'weight_decay': 0.0006006793792223565, 'batch_size': 512, 'tree_depth': 11}. Best is trial 601 with value: 2.1809195450374057.
2024-10-31 22:08:55,752 - INFO - Parameters: {'hidden_layers': 1, 'hidden_units': 256, 'dropout_rate': 0.7518581029685837, 'learning_rate': 0.002378266630370401, 'weight_decay': 0.00035962057664272375, 'batch_size': 512, 'tree_depth': 10}
2024-10-31 22:08:55,752 - INFO - Trial 954: Train MSE=1.8433111224855696, Train R²=0.6935500460011619
2024-10-31 22:08:55,753 - INFO - Trial 954: Test MSE=2.257190431867327, Test R²=0.6326540878840855
2024-10-31 22:08:55,753 - INFO - ============================================================================================================================================================================================================================================================================================================
2024-10-31 22:08:55,754 - INFO - Trial 954 finished with value: 2.257190431867327 and parameters: {'hidden_layers': 1, 'hidden_units': 256, 'dropout_rate': 0.7518581029685837, 'learning_rate': 0.002378266630370401, 'weight_decay': 0.00035962057664272375, 'batch_size': 512, 'tree_depth': 10}. Best is trial 601 with value: 2.1809195450374057.
2024-10-31 22:09:36,527 - INFO - Parameters: {'hidden_layers': 1, 'hidden_units': 256, 'dropout_rate': 0.7059602266719354, 'learning_rate': 0.00134299731276264, 'weight_decay': 0.0009521116890473291, 'batch_size': 256, 'tree_depth': 11}
2024-10-31 22:09:36,527 - INFO - Trial 955: Train MSE=1.6015034254108156, Train R²=0.7320728525519371
2024-10-31 22:09:36,527 - INFO - Trial 955: Test MSE=2.315081630434309, Test R²=0.6213165181023734
2024-10-31 22:09:36,527 - INFO - ============================================================================================================================================================================================================================================================================================================
2024-10-31 22:09:36,528 - INFO - Trial 955 finished with value: 2.315081630434309 and parameters: {'hidden_layers': 1, 'hidden_units': 256, 'dropout_rate': 0.7059602266719354, 'learning_rate': 0.00134299731276264, 'weight_decay': 0.0009521116890473291, 'batch_size': 256, 'tree_depth': 11}. Best is trial 601 with value: 2.1809195450374057.
2024-10-31 22:10:04,898 - INFO - Parameters: {'hidden_layers': 1, 'hidden_units': 256, 'dropout_rate': 0.7600485787101919, 'learning_rate': 0.001218340129077458, 'weight_decay': 0.00032501238803831156, 'batch_size': 512, 'tree_depth': 11}
2024-10-31 22:10:04,898 - INFO - Trial 956: Train MSE=2.037590746368681, Train R²=0.6606818586587906
2024-10-31 22:10:04,898 - INFO - Trial 956: Test MSE=2.2376455579485213, Test R²=0.6359190004212516
2024-10-31 22:10:04,898 - INFO - ============================================================================================================================================================================================================================================================================================================
2024-10-31 22:10:04,900 - INFO - Trial 956 finished with value: 2.2376455579485213 and parameters: {'hidden_layers': 1, 'hidden_units': 256, 'dropout_rate': 0.7600485787101919, 'learning_rate': 0.001218340129077458, 'weight_decay': 0.00032501238803831156, 'batch_size': 512, 'tree_depth': 11}. Best is trial 601 with value: 2.1809195450374057.
2024-10-31 22:10:34,756 - INFO - Parameters: {'hidden_layers': 1, 'hidden_units': 256, 'dropout_rate': 0.7166609919765755, 'learning_rate': 0.003239160216210038, 'weight_decay': 0.0003410378101130224, 'batch_size': 512, 'tree_depth': 11}
2024-10-31 22:10:34,756 - INFO - Trial 957: Train MSE=1.585518547466823, Train R²=0.7361997451101031
2024-10-31 22:10:34,756 - INFO - Trial 957: Test MSE=2.2651523181370328, Test R²=0.6312524931771415
2024-10-31 22:10:34,756 - INFO - ============================================================================================================================================================================================================================================================================================================
