2024-10-31 13:46:37,961 - INFO - Trial 197 finished with value: 2.22670716047287 and parameters: {'hidden_layers': 1, 'hidden_units': 256, 'dropout_rate': 0.7998731867425362, 'learning_rate': 0.0014226044531113681, 'weight_decay': 0.00033117392030576685, 'batch_size': 256, 'tree_depth': 12}. Best is trial 104 with value: 2.1955713714872087.
2024-10-31 13:47:23,445 - INFO - Parameters: {'hidden_layers': 1, 'hidden_units': 128, 'dropout_rate': 0.7938958578288642, 'learning_rate': 0.0013913919066674161, 'weight_decay': 0.0003449980905003337, 'batch_size': 256, 'tree_depth': 12}
2024-10-31 13:47:23,445 - INFO - Trial 198: Train MSE=2.367401278444699, Train R²=0.6042068643229348
2024-10-31 13:47:23,446 - INFO - Trial 198: Test MSE=2.27898257119315, Test R²=0.6270677191870553
2024-10-31 13:47:23,446 - INFO - ============================================================================================================================================================================================================================================================================================================
2024-10-31 13:47:23,447 - INFO - Trial 198 finished with value: 2.27898257119315 and parameters: {'hidden_layers': 1, 'hidden_units': 128, 'dropout_rate': 0.7938958578288642, 'learning_rate': 0.0013913919066674161, 'weight_decay': 0.0003449980905003337, 'batch_size': 256, 'tree_depth': 12}. Best is trial 104 with value: 2.1955713714872087.
2024-10-31 13:48:02,283 - INFO - Parameters: {'hidden_layers': 1, 'hidden_units': 256, 'dropout_rate': 0.7995083293484607, 'learning_rate': 0.001511354334027596, 'weight_decay': 0.00032893172756851886, 'batch_size': 512, 'tree_depth': 12}
2024-10-31 13:48:02,283 - INFO - Trial 199: Train MSE=2.2812735395772115, Train R²=0.6198061193738665
2024-10-31 13:48:02,284 - INFO - Trial 199: Test MSE=2.2182255472455705, Test R²=0.638833395072392
2024-10-31 13:48:02,284 - INFO - ============================================================================================================================================================================================================================================================================================================
2024-10-31 13:48:02,285 - INFO - Trial 199 finished with value: 2.2182255472455705 and parameters: {'hidden_layers': 1, 'hidden_units': 256, 'dropout_rate': 0.7995083293484607, 'learning_rate': 0.001511354334027596, 'weight_decay': 0.00032893172756851886, 'batch_size': 512, 'tree_depth': 12}. Best is trial 104 with value: 2.1955713714872087.
2024-10-31 13:48:56,684 - INFO - Parameters: {'hidden_layers': 1, 'hidden_units': 256, 'dropout_rate': 0.7992345728348457, 'learning_rate': 0.001525041874593063, 'weight_decay': 0.000331028591054444, 'batch_size': 256, 'tree_depth': 12}
2024-10-31 13:48:56,684 - INFO - Trial 200: Train MSE=2.012196823954582, Train R²=0.6647106260061264
2024-10-31 13:48:56,685 - INFO - Trial 200: Test MSE=2.261957730565752, Test R²=0.6298555859497615
2024-10-31 13:48:56,685 - INFO - ============================================================================================================================================================================================================================================================================================================
2024-10-31 13:48:56,686 - INFO - Trial 200 finished with value: 2.261957730565752 and parameters: {'hidden_layers': 1, 'hidden_units': 256, 'dropout_rate': 0.7992345728348457, 'learning_rate': 0.001525041874593063, 'weight_decay': 0.000331028591054444, 'batch_size': 256, 'tree_depth': 12}. Best is trial 104 with value: 2.1955713714872087.
2024-10-31 13:49:36,677 - INFO - Parameters: {'hidden_layers': 1, 'hidden_units': 256, 'dropout_rate': 0.783525262787094, 'learning_rate': 0.001821360500522675, 'weight_decay': 0.00032357084268877506, 'batch_size': 512, 'tree_depth': 12}
2024-10-31 13:49:36,677 - INFO - Trial 201: Train MSE=2.0807488645826067, Train R²=0.6531098016670772
2024-10-31 13:49:36,677 - INFO - Trial 201: Test MSE=2.242073042052133, Test R²=0.635015470641
2024-10-31 13:49:36,677 - INFO - ============================================================================================================================================================================================================================================================================================================
2024-10-31 13:49:36,680 - INFO - Trial 201 finished with value: 2.242073042052133 and parameters: {'hidden_layers': 1, 'hidden_units': 256, 'dropout_rate': 0.783525262787094, 'learning_rate': 0.001821360500522675, 'weight_decay': 0.00032357084268877506, 'batch_size': 512, 'tree_depth': 12}. Best is trial 104 with value: 2.1955713714872087.
2024-10-31 13:50:34,356 - INFO - Parameters: {'hidden_layers': 1, 'hidden_units': 256, 'dropout_rate': 0.7891170366561016, 'learning_rate': 0.0016346387439027889, 'weight_decay': 0.00030936481064616756, 'batch_size': 256, 'tree_depth': 12}
2024-10-31 13:50:34,356 - INFO - Trial 202: Train MSE=1.9605801446097237, Train R²=0.6708553497280393
2024-10-31 13:50:34,356 - INFO - Trial 202: Test MSE=2.2693844607898166, Test R²=0.628663991178785
2024-10-31 13:50:34,356 - INFO - ============================================================================================================================================================================================================================================================================================================
2024-10-31 13:50:34,357 - INFO - Trial 202 finished with value: 2.2693844607898166 and parameters: {'hidden_layers': 1, 'hidden_units': 256, 'dropout_rate': 0.7891170366561016, 'learning_rate': 0.0016346387439027889, 'weight_decay': 0.00030936481064616756, 'batch_size': 256, 'tree_depth': 12}. Best is trial 104 with value: 2.1955713714872087.
2024-10-31 13:51:15,542 - INFO - Parameters: {'hidden_layers': 1, 'hidden_units': 256, 'dropout_rate': 0.7731823382131247, 'learning_rate': 0.0012681201107649605, 'weight_decay': 0.00035733157758500024, 'batch_size': 512, 'tree_depth': 12}
2024-10-31 13:51:15,542 - INFO - Trial 203: Train MSE=2.1502092565808977, Train R²=0.6417695113590786
2024-10-31 13:51:15,542 - INFO - Trial 203: Test MSE=2.256451742989676, Test R²=0.6327189292226519
2024-10-31 13:51:15,542 - INFO - ============================================================================================================================================================================================================================================================================================================
2024-10-31 13:51:15,544 - INFO - Trial 203 finished with value: 2.256451742989676 and parameters: {'hidden_layers': 1, 'hidden_units': 256, 'dropout_rate': 0.7731823382131247, 'learning_rate': 0.0012681201107649605, 'weight_decay': 0.00035733157758500024, 'batch_size': 512, 'tree_depth': 12}. Best is trial 104 with value: 2.1955713714872087.
2024-10-31 13:52:13,230 - INFO - Parameters: {'hidden_layers': 1, 'hidden_units': 256, 'dropout_rate': 0.3923941373645666, 'learning_rate': 0.0014933751184929482, 'weight_decay': 0.0002939761496977113, 'batch_size': 256, 'tree_depth': 12}
2024-10-31 13:52:13,231 - INFO - Trial 204: Train MSE=0.6658136727554458, Train R²=0.8888243596468653
2024-10-31 13:52:13,232 - INFO - Trial 204: Test MSE=2.3932227236883983, Test R²=0.6081983617373875
2024-10-31 13:52:13,232 - INFO - ============================================================================================================================================================================================================================================================================================================
2024-10-31 13:52:13,234 - INFO - Trial 204 finished with value: 2.3932227236883983 and parameters: {'hidden_layers': 1, 'hidden_units': 256, 'dropout_rate': 0.3923941373645666, 'learning_rate': 0.0014933751184929482, 'weight_decay': 0.0002939761496977113, 'batch_size': 256, 'tree_depth': 12}. Best is trial 104 with value: 2.1955713714872087.
2024-10-31 13:53:10,829 - INFO - Parameters: {'hidden_layers': 1, 'hidden_units': 256, 'dropout_rate': 0.78365077492427, 'learning_rate': 0.0020854587848492374, 'weight_decay': 0.00033627444535577137, 'batch_size': 256, 'tree_depth': 12}
2024-10-31 13:53:10,829 - INFO - Trial 205: Train MSE=1.9140240933213915, Train R²=0.6804125394139972
2024-10-31 13:53:10,829 - INFO - Trial 205: Test MSE=2.264316133090428, Test R²=0.6300104217869895
2024-10-31 13:53:10,829 - INFO - ============================================================================================================================================================================================================================================================================================================
2024-10-31 13:53:10,831 - INFO - Trial 205 finished with value: 2.264316133090428 and parameters: {'hidden_layers': 1, 'hidden_units': 256, 'dropout_rate': 0.78365077492427, 'learning_rate': 0.0020854587848492374, 'weight_decay': 0.00033627444535577137, 'batch_size': 256, 'tree_depth': 12}. Best is trial 104 with value: 2.1955713714872087.
2024-10-31 13:53:51,793 - INFO - Parameters: {'hidden_layers': 1, 'hidden_units': 256, 'dropout_rate': 0.7995103891972268, 'learning_rate': 0.001364487179659017, 'weight_decay': 0.0003166763834776905, 'batch_size': 512, 'tree_depth': 12}
2024-10-31 13:53:51,794 - INFO - Trial 206: Train MSE=2.3379863670894077, Train R²=0.6104091150420052
2024-10-31 13:53:51,794 - INFO - Trial 206: Test MSE=2.2260798726763045, Test R²=0.6375722118786403
2024-10-31 13:53:51,794 - INFO - ============================================================================================================================================================================================================================================================================================================
2024-10-31 13:53:51,795 - INFO - Trial 206 finished with value: 2.2260798726763045 and parameters: {'hidden_layers': 1, 'hidden_units': 256, 'dropout_rate': 0.7995103891972268, 'learning_rate': 0.001364487179659017, 'weight_decay': 0.0003166763834776905, 'batch_size': 512, 'tree_depth': 12}. Best is trial 104 with value: 2.1955713714872087.
2024-10-31 13:54:43,476 - INFO - Parameters: {'hidden_layers': 4, 'hidden_units': 256, 'dropout_rate': 0.7983067585561677, 'learning_rate': 0.0016813802617379838, 'weight_decay': 0.00032297917193850666, 'batch_size': 512, 'tree_depth': 12}
2024-10-31 13:54:43,477 - INFO - Trial 207: Train MSE=2.9274163331304277, Train R²=0.5128527517829623
2024-10-31 13:54:43,477 - INFO - Trial 207: Test MSE=2.3425819192613875, Test R²=0.61874920129776
2024-10-31 13:54:43,477 - INFO - ============================================================================================================================================================================================================================================================================================================
2024-10-31 13:54:43,478 - INFO - Trial 207 finished with value: 2.3425819192613875 and parameters: {'hidden_layers': 4, 'hidden_units': 256, 'dropout_rate': 0.7983067585561677, 'learning_rate': 0.0016813802617379838, 'weight_decay': 0.00032297917193850666, 'batch_size': 512, 'tree_depth': 12}. Best is trial 104 with value: 2.1955713714872087.
2024-10-31 13:55:24,244 - INFO - Parameters: {'hidden_layers': 1, 'hidden_units': 256, 'dropout_rate': 0.7987734820191038, 'learning_rate': 0.0013378090809821775, 'weight_decay': 0.00020496384654473254, 'batch_size': 512, 'tree_depth': 12}
2024-10-31 13:55:24,245 - INFO - Trial 208: Train MSE=2.29208556669099, Train R²=0.6192720511129924
2024-10-31 13:55:24,245 - INFO - Trial 208: Test MSE=2.2313874108450755, Test R²=0.6368802956172398
2024-10-31 13:55:24,245 - INFO - ============================================================================================================================================================================================================================================================================================================
2024-10-31 13:55:24,246 - INFO - Trial 208 finished with value: 2.2313874108450755 and parameters: {'hidden_layers': 1, 'hidden_units': 256, 'dropout_rate': 0.7987734820191038, 'learning_rate': 0.0013378090809821775, 'weight_decay': 0.00020496384654473254, 'batch_size': 512, 'tree_depth': 12}. Best is trial 104 with value: 2.1955713714872087.
2024-10-31 13:56:04,554 - INFO - Parameters: {'hidden_layers': 1, 'hidden_units': 128, 'dropout_rate': 0.7757237283375691, 'learning_rate': 0.009148472609492015, 'weight_decay': 0.000352927116835491, 'batch_size': 512, 'tree_depth': 12}
2024-10-31 13:56:04,554 - INFO - Trial 209: Train MSE=2.1454407445022037, Train R²=0.6438812166452408
2024-10-31 13:56:04,554 - INFO - Trial 209: Test MSE=2.242261137281145, Test R²=0.6350261739322117
2024-10-31 13:56:04,554 - INFO - ============================================================================================================================================================================================================================================================================================================
2024-10-31 13:56:04,555 - INFO - Trial 209 finished with value: 2.242261137281145 and parameters: {'hidden_layers': 1, 'hidden_units': 128, 'dropout_rate': 0.7757237283375691, 'learning_rate': 0.009148472609492015, 'weight_decay': 0.000352927116835491, 'batch_size': 512, 'tree_depth': 12}. Best is trial 104 with value: 2.1955713714872087.
2024-10-31 13:56:45,468 - INFO - Parameters: {'hidden_layers': 1, 'hidden_units': 256, 'dropout_rate': 0.7999622450826992, 'learning_rate': 0.0014489365680501016, 'weight_decay': 0.00026925367929002246, 'batch_size': 512, 'tree_depth': 12}
2024-10-31 13:56:45,468 - INFO - Trial 210: Train MSE=2.332348644733429, Train R²=0.6119548784834998
2024-10-31 13:56:45,469 - INFO - Trial 210: Test MSE=2.2355204480034963, Test R²=0.6362595473017011
2024-10-31 13:56:45,469 - INFO - ============================================================================================================================================================================================================================================================================================================
2024-10-31 13:56:45,471 - INFO - Trial 210 finished with value: 2.2355204480034963 and parameters: {'hidden_layers': 1, 'hidden_units': 256, 'dropout_rate': 0.7999622450826992, 'learning_rate': 0.0014489365680501016, 'weight_decay': 0.00026925367929002246, 'batch_size': 512, 'tree_depth': 12}. Best is trial 104 with value: 2.1955713714872087.
2024-10-31 13:57:25,759 - INFO - Parameters: {'hidden_layers': 1, 'hidden_units': 256, 'dropout_rate': 0.7870739707783676, 'learning_rate': 0.0012020324257506852, 'weight_decay': 0.00030519771328026455, 'batch_size': 512, 'tree_depth': 12}
2024-10-31 13:57:25,759 - INFO - Trial 211: Train MSE=2.29234231369836, Train R²=0.6187662354537419
2024-10-31 13:57:25,760 - INFO - Trial 211: Test MSE=2.228439382144383, Test R²=0.6372198462486267
2024-10-31 13:57:25,760 - INFO - ============================================================================================================================================================================================================================================================================================================
2024-10-31 13:57:25,761 - INFO - Trial 211 finished with value: 2.228439382144383 and parameters: {'hidden_layers': 1, 'hidden_units': 256, 'dropout_rate': 0.7870739707783676, 'learning_rate': 0.0012020324257506852, 'weight_decay': 0.00030519771328026455, 'batch_size': 512, 'tree_depth': 12}. Best is trial 104 with value: 2.1955713714872087.
2024-10-31 13:58:06,521 - INFO - Parameters: {'hidden_layers': 1, 'hidden_units': 256, 'dropout_rate': 0.7821555769189312, 'learning_rate': 0.0015700555071386404, 'weight_decay': 0.00029236569021421634, 'batch_size': 512, 'tree_depth': 12}
2024-10-31 13:58:06,521 - INFO - Trial 212: Train MSE=2.214722045830318, Train R²=0.6310725573982511
2024-10-31 13:58:06,521 - INFO - Trial 212: Test MSE=2.2363483735493253, Test R²=0.6359942896025521
2024-10-31 13:58:06,521 - INFO - ============================================================================================================================================================================================================================================================================================================
2024-10-31 13:58:06,522 - INFO - Trial 212 finished with value: 2.2363483735493253 and parameters: {'hidden_layers': 1, 'hidden_units': 256, 'dropout_rate': 0.7821555769189312, 'learning_rate': 0.0015700555071386404, 'weight_decay': 0.00029236569021421634, 'batch_size': 512, 'tree_depth': 12}. Best is trial 104 with value: 2.1955713714872087.
2024-10-31 13:58:47,398 - INFO - Parameters: {'hidden_layers': 1, 'hidden_units': 256, 'dropout_rate': 0.7897384724394712, 'learning_rate': 0.0010662305924527596, 'weight_decay': 0.00031636944516502907, 'batch_size': 512, 'tree_depth': 11}
2024-10-31 13:58:47,398 - INFO - Trial 213: Train MSE=2.3756632847445354, Train R²=0.6046319050448281
2024-10-31 13:58:47,398 - INFO - Trial 213: Test MSE=2.2640602588653564, Test R²=0.6314826352255685
2024-10-31 13:58:47,398 - INFO - ============================================================================================================================================================================================================================================================================================================
2024-10-31 13:58:47,400 - INFO - Trial 213 finished with value: 2.2640602588653564 and parameters: {'hidden_layers': 1, 'hidden_units': 256, 'dropout_rate': 0.7897384724394712, 'learning_rate': 0.0010662305924527596, 'weight_decay': 0.00031636944516502907, 'batch_size': 512, 'tree_depth': 11}. Best is trial 104 with value: 2.1955713714872087.
2024-10-31 13:59:28,019 - INFO - Parameters: {'hidden_layers': 1, 'hidden_units': 256, 'dropout_rate': 0.7671438994106607, 'learning_rate': 0.0008918552015419408, 'weight_decay': 0.00033397408773547547, 'batch_size': 512, 'tree_depth': 12}
2024-10-31 13:59:28,020 - INFO - Trial 214: Train MSE=2.294854917696544, Train R²=0.6177737585135868
2024-10-31 13:59:28,020 - INFO - Trial 214: Test MSE=2.248956595148359, Test R²=0.6339532818113055
2024-10-31 13:59:28,020 - INFO - ============================================================================================================================================================================================================================================================================================================
2024-10-31 13:59:28,021 - INFO - Trial 214 finished with value: 2.248956595148359 and parameters: {'hidden_layers': 1, 'hidden_units': 256, 'dropout_rate': 0.7671438994106607, 'learning_rate': 0.0008918552015419408, 'weight_decay': 0.00033397408773547547, 'batch_size': 512, 'tree_depth': 12}. Best is trial 104 with value: 2.1955713714872087.
2024-10-31 14:00:08,676 - INFO - Parameters: {'hidden_layers': 1, 'hidden_units': 256, 'dropout_rate': 0.7766316439733308, 'learning_rate': 0.0019278149919523474, 'weight_decay': 0.00030777931183435873, 'batch_size': 512, 'tree_depth': 12}
2024-10-31 14:00:08,676 - INFO - Trial 215: Train MSE=2.0418800243309567, Train R²=0.6601459703275135
2024-10-31 14:00:08,676 - INFO - Trial 215: Test MSE=2.2166845968791415, Test R²=0.6393214293888637
2024-10-31 14:00:08,676 - INFO - ============================================================================================================================================================================================================================================================================================================
2024-10-31 14:00:08,677 - INFO - Trial 215 finished with value: 2.2166845968791415 and parameters: {'hidden_layers': 1, 'hidden_units': 256, 'dropout_rate': 0.7766316439733308, 'learning_rate': 0.0019278149919523474, 'weight_decay': 0.00030777931183435873, 'batch_size': 512, 'tree_depth': 12}. Best is trial 104 with value: 2.1955713714872087.
2024-10-31 14:00:41,986 - INFO - Parameters: {'hidden_layers': 1, 'hidden_units': 1024, 'dropout_rate': 0.7770718663104199, 'learning_rate': 0.0020062207409380565, 'weight_decay': 0.0003243295700073022, 'batch_size': 512, 'tree_depth': 12}
2024-10-31 14:00:41,986 - INFO - Trial 216: Train MSE=1.5970158747264318, Train R²=0.7351208754948207
2024-10-31 14:00:41,986 - INFO - Trial 216: Test MSE=2.309312275477818, Test R²=0.6239189079829625
2024-10-31 14:00:41,986 - INFO - ============================================================================================================================================================================================================================================================================================================
