2024-10-31 21:11:32,513 - INFO - Trial 862 finished with value: 2.494189500808716 and parameters: {'hidden_layers': 4, 'hidden_units': 256, 'dropout_rate': 0.7998467741925364, 'learning_rate': 0.0014444109938909623, 'weight_decay': 0.00035191981122350066, 'batch_size': 512, 'tree_depth': 12}. Best is trial 601 with value: 2.1809195450374057.
2024-10-31 21:12:47,711 - INFO - Parameters: {'hidden_layers': 1, 'hidden_units': 512, 'dropout_rate': 0.7557945103958227, 'learning_rate': 0.0012549931982443578, 'weight_decay': 0.0001221180403189851, 'batch_size': 128, 'tree_depth': 11}
2024-10-31 21:12:47,711 - INFO - Trial 863: Train MSE=1.5446357684476035, Train R²=0.7373867764004639
2024-10-31 21:12:47,711 - INFO - Trial 863: Test MSE=2.324772839035307, Test R²=0.615901204092162
2024-10-31 21:12:47,711 - INFO - ============================================================================================================================================================================================================================================================================================================
2024-10-31 21:12:47,712 - INFO - Trial 863 finished with value: 2.324772839035307 and parameters: {'hidden_layers': 1, 'hidden_units': 512, 'dropout_rate': 0.7557945103958227, 'learning_rate': 0.0012549931982443578, 'weight_decay': 0.0001221180403189851, 'batch_size': 128, 'tree_depth': 11}. Best is trial 601 with value: 2.1809195450374057.
2024-10-31 21:13:21,874 - INFO - Parameters: {'hidden_layers': 1, 'hidden_units': 256, 'dropout_rate': 0.4926111407372375, 'learning_rate': 0.0009226905361782868, 'weight_decay': 0.00011635346874384637, 'batch_size': 512, 'tree_depth': 11}
2024-10-31 21:13:21,875 - INFO - Trial 864: Train MSE=0.9149081196103778, Train R²=0.8472823777369091
2024-10-31 21:13:21,875 - INFO - Trial 864: Test MSE=2.3701251574925015, Test R²=0.6140596781458173
2024-10-31 21:13:21,875 - INFO - ============================================================================================================================================================================================================================================================================================================
2024-10-31 21:13:21,876 - INFO - Trial 864 finished with value: 2.3701251574925015 and parameters: {'hidden_layers': 1, 'hidden_units': 256, 'dropout_rate': 0.4926111407372375, 'learning_rate': 0.0009226905361782868, 'weight_decay': 0.00011635346874384637, 'batch_size': 512, 'tree_depth': 11}. Best is trial 601 with value: 2.1809195450374057.
2024-10-31 21:13:53,217 - INFO - Parameters: {'hidden_layers': 1, 'hidden_units': 256, 'dropout_rate': 0.7998600632158938, 'learning_rate': 0.0010622084328366155, 'weight_decay': 0.000323646545132553, 'batch_size': 512, 'tree_depth': 12}
2024-10-31 21:13:53,217 - INFO - Trial 865: Train MSE=2.4274855852127075, Train R²=0.5956596455403737
2024-10-31 21:13:53,217 - INFO - Trial 865: Test MSE=2.241122007369995, Test R²=0.6352451699120658
2024-10-31 21:13:53,217 - INFO - ============================================================================================================================================================================================================================================================================================================
2024-10-31 21:13:53,218 - INFO - Trial 865 finished with value: 2.241122007369995 and parameters: {'hidden_layers': 1, 'hidden_units': 256, 'dropout_rate': 0.7998600632158938, 'learning_rate': 0.0010622084328366155, 'weight_decay': 0.000323646545132553, 'batch_size': 512, 'tree_depth': 12}. Best is trial 601 with value: 2.1809195450374057.
2024-10-31 21:14:27,648 - INFO - Parameters: {'hidden_layers': 1, 'hidden_units': 256, 'dropout_rate': 0.7820156983035113, 'learning_rate': 0.0006597474186840297, 'weight_decay': 0.00026928152896247756, 'batch_size': 512, 'tree_depth': 11}
2024-10-31 21:14:27,648 - INFO - Trial 866: Train MSE=2.7131778257233754, Train R²=0.5478658867733819
2024-10-31 21:14:27,648 - INFO - Trial 866: Test MSE=2.2364914076668874, Test R²=0.6360787068094526
2024-10-31 21:14:27,648 - INFO - ============================================================================================================================================================================================================================================================================================================
2024-10-31 21:14:27,650 - INFO - Trial 866 finished with value: 2.2364914076668874 and parameters: {'hidden_layers': 1, 'hidden_units': 256, 'dropout_rate': 0.7820156983035113, 'learning_rate': 0.0006597474186840297, 'weight_decay': 0.00026928152896247756, 'batch_size': 512, 'tree_depth': 11}. Best is trial 601 with value: 2.1809195450374057.
2024-10-31 21:15:02,625 - INFO - Parameters: {'hidden_layers': 3, 'hidden_units': 256, 'dropout_rate': 0.7734452755526914, 'learning_rate': 0.0013617905501069126, 'weight_decay': 0.0002957625567120453, 'batch_size': 512, 'tree_depth': 11}
2024-10-31 21:15:02,625 - INFO - Trial 867: Train MSE=2.5145040495055064, Train R²=0.5809079536369869
2024-10-31 21:15:02,625 - INFO - Trial 867: Test MSE=2.259735550199236, Test R²=0.6322337474141803
2024-10-31 21:15:02,625 - INFO - ============================================================================================================================================================================================================================================================================================================
2024-10-31 21:15:02,627 - INFO - Trial 867 finished with value: 2.259735550199236 and parameters: {'hidden_layers': 3, 'hidden_units': 256, 'dropout_rate': 0.7734452755526914, 'learning_rate': 0.0013617905501069126, 'weight_decay': 0.0002957625567120453, 'batch_size': 512, 'tree_depth': 11}. Best is trial 601 with value: 2.1809195450374057.
2024-10-31 21:15:35,325 - INFO - Parameters: {'hidden_layers': 1, 'hidden_units': 256, 'dropout_rate': 0.7909669042892277, 'learning_rate': 0.001158546598480242, 'weight_decay': 0.0003103101887911179, 'batch_size': 512, 'tree_depth': 12}
2024-10-31 21:15:35,325 - INFO - Trial 868: Train MSE=2.330050153391702, Train R²=0.6119773196322578
2024-10-31 21:15:35,325 - INFO - Trial 868: Test MSE=2.198304687227522, Test R²=0.6421103988374982
2024-10-31 21:15:35,326 - INFO - ============================================================================================================================================================================================================================================================================================================
2024-10-31 21:15:35,327 - INFO - Trial 868 finished with value: 2.198304687227522 and parameters: {'hidden_layers': 1, 'hidden_units': 256, 'dropout_rate': 0.7909669042892277, 'learning_rate': 0.001158546598480242, 'weight_decay': 0.0003103101887911179, 'batch_size': 512, 'tree_depth': 12}. Best is trial 601 with value: 2.1809195450374057.
2024-10-31 21:16:06,927 - INFO - Parameters: {'hidden_layers': 1, 'hidden_units': 128, 'dropout_rate': 0.7910566033662548, 'learning_rate': 0.0011786158135167644, 'weight_decay': 0.00028281152938602075, 'batch_size': 512, 'tree_depth': 12}
2024-10-31 21:16:06,928 - INFO - Trial 869: Train MSE=2.9437797410147533, Train R²=0.5103793506111417
2024-10-31 21:16:06,928 - INFO - Trial 869: Test MSE=2.2341013976505826, Test R²=0.6362361567361015
2024-10-31 21:16:06,928 - INFO - ============================================================================================================================================================================================================================================================================================================
2024-10-31 21:16:06,929 - INFO - Trial 869 finished with value: 2.2341013976505826 and parameters: {'hidden_layers': 1, 'hidden_units': 128, 'dropout_rate': 0.7910566033662548, 'learning_rate': 0.0011786158135167644, 'weight_decay': 0.00028281152938602075, 'batch_size': 512, 'tree_depth': 12}. Best is trial 601 with value: 2.1809195450374057.
2024-10-31 21:16:39,403 - INFO - Parameters: {'hidden_layers': 1, 'hidden_units': 256, 'dropout_rate': 0.7832097802736298, 'learning_rate': 0.0012547002345635408, 'weight_decay': 0.0003042674590778728, 'batch_size': 512, 'tree_depth': 12}
2024-10-31 21:16:39,403 - INFO - Trial 870: Train MSE=2.2908032834529877, Train R²=0.6179789645331246
2024-10-31 21:16:39,403 - INFO - Trial 870: Test MSE=2.2345334461757114, Test R²=0.6363962973867144
2024-10-31 21:16:39,403 - INFO - ============================================================================================================================================================================================================================================================================================================
2024-10-31 21:16:39,405 - INFO - Trial 870 finished with value: 2.2345334461757114 and parameters: {'hidden_layers': 1, 'hidden_units': 256, 'dropout_rate': 0.7832097802736298, 'learning_rate': 0.0012547002345635408, 'weight_decay': 0.0003042674590778728, 'batch_size': 512, 'tree_depth': 12}. Best is trial 601 with value: 2.1809195450374057.
2024-10-31 21:17:12,478 - INFO - Parameters: {'hidden_layers': 1, 'hidden_units': 256, 'dropout_rate': 0.7999102268070611, 'learning_rate': 0.0011710882118542247, 'weight_decay': 0.00015355923938580827, 'batch_size': 512, 'tree_depth': 12}
2024-10-31 21:17:12,478 - INFO - Trial 871: Train MSE=2.41825418812888, Train R²=0.5975576766899654
2024-10-31 21:17:12,478 - INFO - Trial 871: Test MSE=2.2241924490247453, Test R²=0.6380980014801025
2024-10-31 21:17:12,478 - INFO - ============================================================================================================================================================================================================================================================================================================
2024-10-31 21:17:12,479 - INFO - Trial 871 finished with value: 2.2241924490247453 and parameters: {'hidden_layers': 1, 'hidden_units': 256, 'dropout_rate': 0.7999102268070611, 'learning_rate': 0.0011710882118542247, 'weight_decay': 0.00015355923938580827, 'batch_size': 512, 'tree_depth': 12}. Best is trial 601 with value: 2.1809195450374057.
2024-10-31 21:17:44,839 - INFO - Parameters: {'hidden_layers': 1, 'hidden_units': 256, 'dropout_rate': 0.7679135116299062, 'learning_rate': 0.0015653032137156553, 'weight_decay': 0.0002859664654106153, 'batch_size': 512, 'tree_depth': 12}
2024-10-31 21:17:44,839 - INFO - Trial 872: Train MSE=2.00447170649256, Train R²=0.6668948318277087
2024-10-31 21:17:44,839 - INFO - Trial 872: Test MSE=2.267402717045375, Test R²=0.6307301436151777
2024-10-31 21:17:44,840 - INFO - ============================================================================================================================================================================================================================================================================================================
2024-10-31 21:17:44,842 - INFO - Trial 872 finished with value: 2.267402717045375 and parameters: {'hidden_layers': 1, 'hidden_units': 256, 'dropout_rate': 0.7679135116299062, 'learning_rate': 0.0015653032137156553, 'weight_decay': 0.0002859664654106153, 'batch_size': 512, 'tree_depth': 12}. Best is trial 601 with value: 2.1809195450374057.
2024-10-31 21:18:16,595 - INFO - Parameters: {'hidden_layers': 1, 'hidden_units': 256, 'dropout_rate': 0.7912504898344892, 'learning_rate': 0.0013812813885135345, 'weight_decay': 0.0009452326088122204, 'batch_size': 512, 'tree_depth': 12}
2024-10-31 21:18:16,596 - INFO - Trial 873: Train MSE=2.2983129705701555, Train R²=0.6176726434912
2024-10-31 21:18:16,596 - INFO - Trial 873: Test MSE=2.2310635021754672, Test R²=0.6369631631033761
2024-10-31 21:18:16,596 - INFO - ============================================================================================================================================================================================================================================================================================================
2024-10-31 21:18:16,597 - INFO - Trial 873 finished with value: 2.2310635021754672 and parameters: {'hidden_layers': 1, 'hidden_units': 256, 'dropout_rate': 0.7912504898344892, 'learning_rate': 0.0013812813885135345, 'weight_decay': 0.0009452326088122204, 'batch_size': 512, 'tree_depth': 12}. Best is trial 601 with value: 2.1809195450374057.
2024-10-31 21:18:49,373 - INFO - Parameters: {'hidden_layers': 1, 'hidden_units': 256, 'dropout_rate': 0.7787534089459809, 'learning_rate': 0.001132166523598699, 'weight_decay': 0.00026576578035063773, 'batch_size': 512, 'tree_depth': 12}
2024-10-31 21:18:49,373 - INFO - Trial 874: Train MSE=2.2507336182253703, Train R²=0.6261268343244281
2024-10-31 21:18:49,374 - INFO - Trial 874: Test MSE=2.2366283110209872, Test R²=0.6360028300966535
2024-10-31 21:18:49,374 - INFO - ============================================================================================================================================================================================================================================================================================================
2024-10-31 21:18:49,376 - INFO - Trial 874 finished with value: 2.2366283110209872 and parameters: {'hidden_layers': 1, 'hidden_units': 256, 'dropout_rate': 0.7787534089459809, 'learning_rate': 0.001132166523598699, 'weight_decay': 0.00026576578035063773, 'batch_size': 512, 'tree_depth': 12}. Best is trial 601 with value: 2.1809195450374057.
2024-10-31 21:19:23,756 - INFO - Parameters: {'hidden_layers': 1, 'hidden_units': 256, 'dropout_rate': 0.7501276399051546, 'learning_rate': 0.0013285172048779917, 'weight_decay': 0.00030946834065952975, 'batch_size': 512, 'tree_depth': 12}
2024-10-31 21:19:23,756 - INFO - Trial 875: Train MSE=1.9599696908678328, Train R²=0.674438306263515
2024-10-31 21:19:23,756 - INFO - Trial 875: Test MSE=2.2215013674327304, Test R²=0.6384786878313337
2024-10-31 21:19:23,757 - INFO - ============================================================================================================================================================================================================================================================================================================
2024-10-31 21:19:23,760 - INFO - Trial 875 finished with value: 2.2215013674327304 and parameters: {'hidden_layers': 1, 'hidden_units': 256, 'dropout_rate': 0.7501276399051546, 'learning_rate': 0.0013285172048779917, 'weight_decay': 0.00030946834065952975, 'batch_size': 512, 'tree_depth': 12}. Best is trial 601 with value: 2.1809195450374057.
2024-10-31 21:19:56,345 - INFO - Parameters: {'hidden_layers': 1, 'hidden_units': 256, 'dropout_rate': 0.7896122084510431, 'learning_rate': 0.0012340342859662777, 'weight_decay': 0.00013894746375926447, 'batch_size': 512, 'tree_depth': 12}
2024-10-31 21:19:56,345 - INFO - Trial 876: Train MSE=2.2821607845170155, Train R²=0.6198054062468665
2024-10-31 21:19:56,345 - INFO - Trial 876: Test MSE=2.2372208663395474, Test R²=0.6359723806381226
2024-10-31 21:19:56,345 - INFO - ============================================================================================================================================================================================================================================================================================================
2024-10-31 21:19:56,347 - INFO - Trial 876 finished with value: 2.2372208663395474 and parameters: {'hidden_layers': 1, 'hidden_units': 256, 'dropout_rate': 0.7896122084510431, 'learning_rate': 0.0012340342859662777, 'weight_decay': 0.00013894746375926447, 'batch_size': 512, 'tree_depth': 12}. Best is trial 601 with value: 2.1809195450374057.
2024-10-31 21:20:23,383 - INFO - Parameters: {'hidden_layers': 1, 'hidden_units': 256, 'dropout_rate': 0.7763442679322851, 'learning_rate': 0.0010752922826987475, 'weight_decay': 0.00029869941582730806, 'batch_size': 1024, 'tree_depth': 12}
2024-10-31 21:20:23,383 - INFO - Trial 877: Train MSE=2.747427531651088, Train R²=0.5437540539673397
2024-10-31 21:20:23,383 - INFO - Trial 877: Test MSE=2.310775876045227, Test R²=0.6212431043386459
2024-10-31 21:20:23,383 - INFO - ============================================================================================================================================================================================================================================================================================================
2024-10-31 21:20:23,384 - INFO - Trial 877 finished with value: 2.310775876045227 and parameters: {'hidden_layers': 1, 'hidden_units': 256, 'dropout_rate': 0.7763442679322851, 'learning_rate': 0.0010752922826987475, 'weight_decay': 0.00029869941582730806, 'batch_size': 1024, 'tree_depth': 12}. Best is trial 601 with value: 2.1809195450374057.
2024-10-31 21:20:56,467 - INFO - Parameters: {'hidden_layers': 1, 'hidden_units': 256, 'dropout_rate': 0.7896943263129671, 'learning_rate': 0.0015015109314935242, 'weight_decay': 0.00028260044396885683, 'batch_size': 512, 'tree_depth': 12}
2024-10-31 21:20:56,467 - INFO - Trial 878: Train MSE=2.251908472606114, Train R²=0.6247572749853134
2024-10-31 21:20:56,467 - INFO - Trial 878: Test MSE=2.2313467264175415, Test R²=0.6367817521095276
2024-10-31 21:20:56,467 - INFO - ============================================================================================================================================================================================================================================================================================================
2024-10-31 21:20:56,468 - INFO - Trial 878 finished with value: 2.2313467264175415 and parameters: {'hidden_layers': 1, 'hidden_units': 256, 'dropout_rate': 0.7896943263129671, 'learning_rate': 0.0015015109314935242, 'weight_decay': 0.00028260044396885683, 'batch_size': 512, 'tree_depth': 12}. Best is trial 601 with value: 2.1809195450374057.
2024-10-31 21:21:31,310 - INFO - Parameters: {'hidden_layers': 1, 'hidden_units': 1024, 'dropout_rate': 0.7660905692789829, 'learning_rate': 0.0016780524199626185, 'weight_decay': 0.0008809760434697689, 'batch_size': 512, 'tree_depth': 12}
2024-10-31 21:21:31,310 - INFO - Trial 879: Train MSE=1.5698260750089372, Train R²=0.7388556067432676
2024-10-31 21:21:31,310 - INFO - Trial 879: Test MSE=2.291210855756487, Test R²=0.6269846984318325
2024-10-31 21:21:31,310 - INFO - ============================================================================================================================================================================================================================================================================================================
2024-10-31 21:21:31,311 - INFO - Trial 879 finished with value: 2.291210855756487 and parameters: {'hidden_layers': 1, 'hidden_units': 1024, 'dropout_rate': 0.7660905692789829, 'learning_rate': 0.0016780524199626185, 'weight_decay': 0.0008809760434697689, 'batch_size': 512, 'tree_depth': 12}. Best is trial 601 with value: 2.1809195450374057.
2024-10-31 21:22:04,424 - INFO - Parameters: {'hidden_layers': 1, 'hidden_units': 256, 'dropout_rate': 0.5220665825299562, 'learning_rate': 0.0018726380853878422, 'weight_decay': 0.00026332532983530443, 'batch_size': 512, 'tree_depth': 12}
2024-10-31 21:22:04,424 - INFO - Trial 880: Train MSE=0.8501029972519193, Train R²=0.8583274015358516
2024-10-31 21:22:04,424 - INFO - Trial 880: Test MSE=2.327352728162493, Test R²=0.6210262179374695
2024-10-31 21:22:04,424 - INFO - ============================================================================================================================================================================================================================================================================================================
2024-10-31 21:22:04,426 - INFO - Trial 880 finished with value: 2.327352728162493 and parameters: {'hidden_layers': 1, 'hidden_units': 256, 'dropout_rate': 0.5220665825299562, 'learning_rate': 0.0018726380853878422, 'weight_decay': 0.00026332532983530443, 'batch_size': 512, 'tree_depth': 12}. Best is trial 601 with value: 2.1809195450374057.
2024-10-31 21:22:51,384 - INFO - Parameters: {'hidden_layers': 1, 'hidden_units': 256, 'dropout_rate': 0.782260160304695, 'learning_rate': 0.0012972913680962357, 'weight_decay': 0.0003131972501260113, 'batch_size': 256, 'tree_depth': 12}
2024-10-31 21:22:51,384 - INFO - Trial 881: Train MSE=1.932023544396673, Train R²=0.6751215468559947
2024-10-31 21:22:51,385 - INFO - Trial 881: Test MSE=2.251637978213174, Test R²=0.6316146041665759
2024-10-31 21:22:51,385 - INFO - ============================================================================================================================================================================================================================================================================================================
