2024-10-31 16:26:03,833 - INFO - Trial 444 finished with value: 2.2754548277173723 and parameters: {'hidden_layers': 1, 'hidden_units': 256, 'dropout_rate': 0.7422033159495791, 'learning_rate': 0.0008936509408497386, 'weight_decay': 0.00034844225114235325, 'batch_size': 128, 'tree_depth': 12}. Best is trial 104 with value: 2.1955713714872087.
2024-10-31 16:26:43,489 - INFO - Parameters: {'hidden_layers': 4, 'hidden_units': 256, 'dropout_rate': 0.7827195518695861, 'learning_rate': 0.0007867510621076619, 'weight_decay': 0.0003358766103787277, 'batch_size': 512, 'tree_depth': 11}
2024-10-31 16:26:43,490 - INFO - Trial 445: Train MSE=3.315159874303, Train R²=0.44668527798993246
2024-10-31 16:26:43,490 - INFO - Trial 445: Test MSE=2.865007128034319, Test R²=0.5338826605251857
2024-10-31 16:26:43,490 - INFO - ============================================================================================================================================================================================================================================================================================================
2024-10-31 16:26:43,491 - INFO - Trial 445 finished with value: 2.865007128034319 and parameters: {'hidden_layers': 4, 'hidden_units': 256, 'dropout_rate': 0.7827195518695861, 'learning_rate': 0.0007867510621076619, 'weight_decay': 0.0003358766103787277, 'batch_size': 512, 'tree_depth': 11}. Best is trial 104 with value: 2.1955713714872087.
2024-10-31 16:27:28,231 - INFO - Parameters: {'hidden_layers': 1, 'hidden_units': 256, 'dropout_rate': 0.7999169087915011, 'learning_rate': 0.0011758849666770237, 'weight_decay': 0.0003753441784434377, 'batch_size': 512, 'tree_depth': 11}
2024-10-31 16:27:28,231 - INFO - Trial 446: Train MSE=2.411227379526411, Train R²=0.597189969250134
2024-10-31 16:27:28,232 - INFO - Trial 446: Test MSE=2.2314601796013966, Test R²=0.636803754738399
2024-10-31 16:27:28,232 - INFO - ============================================================================================================================================================================================================================================================================================================
2024-10-31 16:27:28,233 - INFO - Trial 446 finished with value: 2.2314601796013966 and parameters: {'hidden_layers': 1, 'hidden_units': 256, 'dropout_rate': 0.7999169087915011, 'learning_rate': 0.0011758849666770237, 'weight_decay': 0.0003753441784434377, 'batch_size': 512, 'tree_depth': 11}. Best is trial 104 with value: 2.1955713714872087.
2024-10-31 16:28:12,569 - INFO - Parameters: {'hidden_layers': 1, 'hidden_units': 256, 'dropout_rate': 0.774793397111702, 'learning_rate': 0.0013810707905843051, 'weight_decay': 0.0002816273324642422, 'batch_size': 512, 'tree_depth': 10}
2024-10-31 16:28:12,569 - INFO - Trial 447: Train MSE=2.1888923943042755, Train R²=0.6362993163721902
2024-10-31 16:28:12,569 - INFO - Trial 447: Test MSE=2.248374104499817, Test R²=0.6340936422348022
2024-10-31 16:28:12,569 - INFO - ============================================================================================================================================================================================================================================================================================================
2024-10-31 16:28:12,570 - INFO - Trial 447 finished with value: 2.248374104499817 and parameters: {'hidden_layers': 1, 'hidden_units': 256, 'dropout_rate': 0.774793397111702, 'learning_rate': 0.0013810707905843051, 'weight_decay': 0.0002816273324642422, 'batch_size': 512, 'tree_depth': 10}. Best is trial 104 with value: 2.1955713714872087.
2024-10-31 16:28:50,341 - INFO - Parameters: {'hidden_layers': 1, 'hidden_units': 512, 'dropout_rate': 0.6961104420620552, 'learning_rate': 0.005050350083264228, 'weight_decay': 0.000459879200914863, 'batch_size': 512, 'tree_depth': 11}
2024-10-31 16:28:50,341 - INFO - Trial 448: Train MSE=1.5012963201318468, Train R²=0.7498418986797333
2024-10-31 16:28:50,341 - INFO - Trial 448: Test MSE=2.367969512939453, Test R²=0.6144299762589591
2024-10-31 16:28:50,341 - INFO - ============================================================================================================================================================================================================================================================================================================
2024-10-31 16:28:50,342 - INFO - Trial 448 finished with value: 2.367969512939453 and parameters: {'hidden_layers': 1, 'hidden_units': 512, 'dropout_rate': 0.6961104420620552, 'learning_rate': 0.005050350083264228, 'weight_decay': 0.000459879200914863, 'batch_size': 512, 'tree_depth': 11}. Best is trial 104 with value: 2.1955713714872087.
2024-10-31 16:29:31,154 - INFO - Parameters: {'hidden_layers': 1, 'hidden_units': 256, 'dropout_rate': 0.7233776695550735, 'learning_rate': 0.001015176049042861, 'weight_decay': 0.0005070931060219579, 'batch_size': 512, 'tree_depth': 12}
2024-10-31 16:29:31,155 - INFO - Trial 449: Train MSE=1.8833888684000288, Train R²=0.686783424445561
2024-10-31 16:29:31,155 - INFO - Trial 449: Test MSE=2.279626863343375, Test R²=0.628853304045541
2024-10-31 16:29:31,155 - INFO - ============================================================================================================================================================================================================================================================================================================
2024-10-31 16:29:31,156 - INFO - Trial 449 finished with value: 2.279626863343375 and parameters: {'hidden_layers': 1, 'hidden_units': 256, 'dropout_rate': 0.7233776695550735, 'learning_rate': 0.001015176049042861, 'weight_decay': 0.0005070931060219579, 'batch_size': 512, 'tree_depth': 12}. Best is trial 104 with value: 2.1955713714872087.
2024-10-31 16:30:16,394 - INFO - Parameters: {'hidden_layers': 1, 'hidden_units': 256, 'dropout_rate': 0.6691088624685699, 'learning_rate': 0.0010901283125940467, 'weight_decay': 0.0003126077726982704, 'batch_size': 512, 'tree_depth': 11}
2024-10-31 16:30:16,395 - INFO - Trial 450: Train MSE=1.539751457316535, Train R²=0.7436196165425437
2024-10-31 16:30:16,395 - INFO - Trial 450: Test MSE=2.303332499095372, Test R²=0.6249856523105076
2024-10-31 16:30:16,395 - INFO - ============================================================================================================================================================================================================================================================================================================
2024-10-31 16:30:16,396 - INFO - Trial 450 finished with value: 2.303332499095372 and parameters: {'hidden_layers': 1, 'hidden_units': 256, 'dropout_rate': 0.6691088624685699, 'learning_rate': 0.0010901283125940467, 'weight_decay': 0.0003126077726982704, 'batch_size': 512, 'tree_depth': 11}. Best is trial 104 with value: 2.1955713714872087.
2024-10-31 16:31:01,382 - INFO - Parameters: {'hidden_layers': 1, 'hidden_units': 256, 'dropout_rate': 0.7911231176036773, 'learning_rate': 0.0016392286626135972, 'weight_decay': 0.00026580568380393744, 'batch_size': 512, 'tree_depth': 11}
2024-10-31 16:31:01,383 - INFO - Trial 451: Train MSE=2.2618281500680104, Train R²=0.6234594987971442
2024-10-31 16:31:01,383 - INFO - Trial 451: Test MSE=2.2422646284103394, Test R²=0.6349529198237828
2024-10-31 16:31:01,383 - INFO - ============================================================================================================================================================================================================================================================================================================
2024-10-31 16:31:01,384 - INFO - Trial 451 finished with value: 2.2422646284103394 and parameters: {'hidden_layers': 1, 'hidden_units': 256, 'dropout_rate': 0.7911231176036773, 'learning_rate': 0.0016392286626135972, 'weight_decay': 0.00026580568380393744, 'batch_size': 512, 'tree_depth': 11}. Best is trial 104 with value: 2.1955713714872087.
2024-10-31 16:31:36,836 - INFO - Parameters: {'hidden_layers': 1, 'hidden_units': 256, 'dropout_rate': 0.7580297047104159, 'learning_rate': 0.0009540297436221317, 'weight_decay': 0.00038512370613847047, 'batch_size': 512, 'tree_depth': 12}
2024-10-31 16:31:36,836 - INFO - Trial 452: Train MSE=2.20734241604805, Train R²=0.6330668649503163
2024-10-31 16:31:36,836 - INFO - Trial 452: Test MSE=2.225273847579956, Test R²=0.6380304438727242
2024-10-31 16:31:36,836 - INFO - ============================================================================================================================================================================================================================================================================================================
2024-10-31 16:31:36,837 - INFO - Trial 452 finished with value: 2.225273847579956 and parameters: {'hidden_layers': 1, 'hidden_units': 256, 'dropout_rate': 0.7580297047104159, 'learning_rate': 0.0009540297436221317, 'weight_decay': 0.00038512370613847047, 'batch_size': 512, 'tree_depth': 12}. Best is trial 104 with value: 2.1955713714872087.
2024-10-31 16:32:18,008 - INFO - Parameters: {'hidden_layers': 1, 'hidden_units': 256, 'dropout_rate': 0.7821518795948885, 'learning_rate': 0.008846632772441056, 'weight_decay': 0.0003267199489153752, 'batch_size': 512, 'tree_depth': 11}
2024-10-31 16:32:18,008 - INFO - Trial 453: Train MSE=2.1018740321908678, Train R²=0.6501967779227665
2024-10-31 16:32:18,008 - INFO - Trial 453: Test MSE=2.24599061693464, Test R²=0.6344291312353951
2024-10-31 16:32:18,008 - INFO - ============================================================================================================================================================================================================================================================================================================
2024-10-31 16:32:18,009 - INFO - Trial 453 finished with value: 2.24599061693464 and parameters: {'hidden_layers': 1, 'hidden_units': 256, 'dropout_rate': 0.7821518795948885, 'learning_rate': 0.008846632772441056, 'weight_decay': 0.0003267199489153752, 'batch_size': 512, 'tree_depth': 11}. Best is trial 104 with value: 2.1955713714872087.
2024-10-31 16:33:03,254 - INFO - Parameters: {'hidden_layers': 1, 'hidden_units': 256, 'dropout_rate': 0.7999008088939645, 'learning_rate': 0.0012786187713614186, 'weight_decay': 0.00035338339085979893, 'batch_size': 512, 'tree_depth': 11}
2024-10-31 16:33:03,254 - INFO - Trial 454: Train MSE=2.357137850352696, Train R²=0.6076499649456569
2024-10-31 16:33:03,254 - INFO - Trial 454: Test MSE=2.222060510090419, Test R²=0.6384627563612801
2024-10-31 16:33:03,254 - INFO - ============================================================================================================================================================================================================================================================================================================
2024-10-31 16:33:03,256 - INFO - Trial 454 finished with value: 2.222060510090419 and parameters: {'hidden_layers': 1, 'hidden_units': 256, 'dropout_rate': 0.7999008088939645, 'learning_rate': 0.0012786187713614186, 'weight_decay': 0.00035338339085979893, 'batch_size': 512, 'tree_depth': 11}. Best is trial 104 with value: 2.1955713714872087.
2024-10-31 16:33:48,291 - INFO - Parameters: {'hidden_layers': 1, 'hidden_units': 256, 'dropout_rate': 0.7721417706841698, 'learning_rate': 0.0008970426383168506, 'weight_decay': 0.0003073123419036758, 'batch_size': 512, 'tree_depth': 12}
2024-10-31 16:33:48,291 - INFO - Trial 455: Train MSE=2.356489794594901, Train R²=0.6077994193349566
2024-10-31 16:33:48,291 - INFO - Trial 455: Test MSE=2.2233072008405412, Test R²=0.638034428868975
2024-10-31 16:33:48,291 - INFO - ============================================================================================================================================================================================================================================================================================================
2024-10-31 16:33:48,291 - INFO - Trial 455 finished with value: 2.2233072008405412 and parameters: {'hidden_layers': 1, 'hidden_units': 256, 'dropout_rate': 0.7721417706841698, 'learning_rate': 0.0008970426383168506, 'weight_decay': 0.0003073123419036758, 'batch_size': 512, 'tree_depth': 12}. Best is trial 104 with value: 2.1955713714872087.
2024-10-31 16:34:26,049 - INFO - Parameters: {'hidden_layers': 1, 'hidden_units': 256, 'dropout_rate': 0.7894591708545126, 'learning_rate': 0.0017164825303458532, 'weight_decay': 0.00028296894565115274, 'batch_size': 1024, 'tree_depth': 10}
2024-10-31 16:34:26,049 - INFO - Trial 456: Train MSE=2.5700871092932567, Train R²=0.5729348233767918
2024-10-31 16:34:26,049 - INFO - Trial 456: Test MSE=2.2709686160087585, Test R²=0.6277651637792587
2024-10-31 16:34:26,049 - INFO - ============================================================================================================================================================================================================================================================================================================
2024-10-31 16:34:26,051 - INFO - Trial 456 finished with value: 2.2709686160087585 and parameters: {'hidden_layers': 1, 'hidden_units': 256, 'dropout_rate': 0.7894591708545126, 'learning_rate': 0.0017164825303458532, 'weight_decay': 0.00028296894565115274, 'batch_size': 1024, 'tree_depth': 10}. Best is trial 104 with value: 2.1955713714872087.
2024-10-31 16:35:11,188 - INFO - Parameters: {'hidden_layers': 1, 'hidden_units': 256, 'dropout_rate': 0.783543351290044, 'learning_rate': 0.007230897371403508, 'weight_decay': 0.00034113419267054975, 'batch_size': 512, 'tree_depth': 11}
2024-10-31 16:35:11,189 - INFO - Trial 457: Train MSE=2.054828886474882, Train R²=0.6585493577378136
2024-10-31 16:35:11,189 - INFO - Trial 457: Test MSE=2.245330776487078, Test R²=0.6344484516552517
2024-10-31 16:35:11,189 - INFO - ============================================================================================================================================================================================================================================================================================================
2024-10-31 16:35:11,191 - INFO - Trial 457 finished with value: 2.245330776487078 and parameters: {'hidden_layers': 1, 'hidden_units': 256, 'dropout_rate': 0.783543351290044, 'learning_rate': 0.007230897371403508, 'weight_decay': 0.00034113419267054975, 'batch_size': 512, 'tree_depth': 11}. Best is trial 104 with value: 2.1955713714872087.
2024-10-31 16:35:55,324 - INFO - Parameters: {'hidden_layers': 1, 'hidden_units': 256, 'dropout_rate': 0.7912063004788781, 'learning_rate': 0.0011678852574491267, 'weight_decay': 0.0002491522547309529, 'batch_size': 512, 'tree_depth': 11}
2024-10-31 16:35:55,324 - INFO - Trial 458: Train MSE=2.3598357353891646, Train R²=0.6059993122305188
2024-10-31 16:35:55,325 - INFO - Trial 458: Test MSE=2.240159409386771, Test R²=0.6353215660367694
2024-10-31 16:35:55,325 - INFO - ============================================================================================================================================================================================================================================================================================================
2024-10-31 16:35:55,326 - INFO - Trial 458 finished with value: 2.240159409386771 and parameters: {'hidden_layers': 1, 'hidden_units': 256, 'dropout_rate': 0.7912063004788781, 'learning_rate': 0.0011678852574491267, 'weight_decay': 0.0002491522547309529, 'batch_size': 512, 'tree_depth': 11}. Best is trial 104 with value: 2.1955713714872087.
2024-10-31 16:36:49,862 - INFO - Parameters: {'hidden_layers': 3, 'hidden_units': 256, 'dropout_rate': 0.7691053163420731, 'learning_rate': 0.001520373591775711, 'weight_decay': 0.0003194902000013366, 'batch_size': 256, 'tree_depth': 12}
2024-10-31 16:36:49,863 - INFO - Trial 459: Train MSE=2.172159744160516, Train R²=0.6364681114043508
2024-10-31 16:36:49,863 - INFO - Trial 459: Test MSE=2.2750101940972463, Test R²=0.6274620124271938
2024-10-31 16:36:49,863 - INFO - ============================================================================================================================================================================================================================================================================================================
2024-10-31 16:36:49,864 - INFO - Trial 459 finished with value: 2.2750101940972463 and parameters: {'hidden_layers': 3, 'hidden_units': 256, 'dropout_rate': 0.7691053163420731, 'learning_rate': 0.001520373591775711, 'weight_decay': 0.0003194902000013366, 'batch_size': 256, 'tree_depth': 12}. Best is trial 104 with value: 2.1955713714872087.
2024-10-31 16:37:27,535 - INFO - Parameters: {'hidden_layers': 2, 'hidden_units': 256, 'dropout_rate': 0.7999593700135789, 'learning_rate': 0.0010833197221315587, 'weight_decay': 0.00030271413961795927, 'batch_size': 512, 'tree_depth': 11}
2024-10-31 16:37:27,536 - INFO - Trial 460: Train MSE=2.777740248611995, Train R²=0.5382796611104693
2024-10-31 16:37:27,536 - INFO - Trial 460: Test MSE=2.268550327845982, Test R²=0.6308542660304478
2024-10-31 16:37:27,536 - INFO - ============================================================================================================================================================================================================================================================================================================
2024-10-31 16:37:27,537 - INFO - Trial 460 finished with value: 2.268550327845982 and parameters: {'hidden_layers': 2, 'hidden_units': 256, 'dropout_rate': 0.7999593700135789, 'learning_rate': 0.0010833197221315587, 'weight_decay': 0.00030271413961795927, 'batch_size': 512, 'tree_depth': 11}. Best is trial 104 with value: 2.1955713714872087.
2024-10-31 16:38:03,710 - INFO - Parameters: {'hidden_layers': 1, 'hidden_units': 256, 'dropout_rate': 0.4329687784072741, 'learning_rate': 0.0014070175967156927, 'weight_decay': 0.0002875338621806684, 'batch_size': 512, 'tree_depth': 11}
2024-10-31 16:38:03,710 - INFO - Trial 461: Train MSE=0.7010175223861422, Train R²=0.8828401480402265
2024-10-31 16:38:03,711 - INFO - Trial 461: Test MSE=2.418574741908482, Test R²=0.6061461397579738
2024-10-31 16:38:03,711 - INFO - ============================================================================================================================================================================================================================================================================================================
2024-10-31 16:38:03,712 - INFO - Trial 461 finished with value: 2.418574741908482 and parameters: {'hidden_layers': 1, 'hidden_units': 256, 'dropout_rate': 0.4329687784072741, 'learning_rate': 0.0014070175967156927, 'weight_decay': 0.0002875338621806684, 'batch_size': 512, 'tree_depth': 11}. Best is trial 104 with value: 2.1955713714872087.
2024-10-31 16:38:49,112 - INFO - Parameters: {'hidden_layers': 1, 'hidden_units': 1024, 'dropout_rate': 0.7792321638948168, 'learning_rate': 0.0007484507794566196, 'weight_decay': 0.00033035562089786167, 'batch_size': 512, 'tree_depth': 12}
2024-10-31 16:38:49,112 - INFO - Trial 462: Train MSE=2.164682639496667, Train R²=0.6388612261840275
2024-10-31 16:38:49,112 - INFO - Trial 462: Test MSE=2.307249205453055, Test R²=0.6244336196354457
2024-10-31 16:38:49,112 - INFO - ============================================================================================================================================================================================================================================================================================================
2024-10-31 16:38:49,113 - INFO - Trial 462 finished with value: 2.307249205453055 and parameters: {'hidden_layers': 1, 'hidden_units': 1024, 'dropout_rate': 0.7792321638948168, 'learning_rate': 0.0007484507794566196, 'weight_decay': 0.00033035562089786167, 'batch_size': 512, 'tree_depth': 12}. Best is trial 104 with value: 2.1955713714872087.
2024-10-31 16:39:34,207 - INFO - Parameters: {'hidden_layers': 1, 'hidden_units': 256, 'dropout_rate': 0.7559964506437205, 'learning_rate': 0.0009891031360512736, 'weight_decay': 0.00040574966982487185, 'batch_size': 512, 'tree_depth': 11}
2024-10-31 16:39:34,207 - INFO - Trial 463: Train MSE=2.1041849553585052, Train R²=0.6503570228815079
2024-10-31 16:39:34,207 - INFO - Trial 463: Test MSE=2.2482741389955794, Test R²=0.6340822236878532
2024-10-31 16:39:34,207 - INFO - ============================================================================================================================================================================================================================================================================================================
