2024-10-31 22:30:11,875 - INFO - Trial 995 finished with value: 2.288766247885568 and parameters: {'hidden_layers': 1, 'hidden_units': 256, 'dropout_rate': 0.7848400864571772, 'learning_rate': 0.0017118097658753348, 'weight_decay': 0.0002747855628452236, 'batch_size': 512, 'tree_depth': 12}. Best is trial 601 with value: 2.1809195450374057.
2024-10-31 22:30:39,463 - INFO - Parameters: {'hidden_layers': 1, 'hidden_units': 256, 'dropout_rate': 0.7712651754130136, 'learning_rate': 0.002235002619464578, 'weight_decay': 0.0002897275799841766, 'batch_size': 512, 'tree_depth': 11}
2024-10-31 22:30:39,464 - INFO - Trial 996: Train MSE=1.9557636337620872, Train R²=0.6739928105047771
2024-10-31 22:30:39,464 - INFO - Trial 996: Test MSE=2.237571086202349, Test R²=0.635857743876321
2024-10-31 22:30:39,464 - INFO - ============================================================================================================================================================================================================================================================================================================
2024-10-31 22:30:39,466 - INFO - Trial 996 finished with value: 2.237571086202349 and parameters: {'hidden_layers': 1, 'hidden_units': 256, 'dropout_rate': 0.7712651754130136, 'learning_rate': 0.002235002619464578, 'weight_decay': 0.0002897275799841766, 'batch_size': 512, 'tree_depth': 11}. Best is trial 601 with value: 2.1809195450374057.
2024-10-31 22:31:08,029 - INFO - Parameters: {'hidden_layers': 1, 'hidden_units': 256, 'dropout_rate': 0.7570102296497794, 'learning_rate': 0.0024452288263705785, 'weight_decay': 0.0002459991553600186, 'batch_size': 512, 'tree_depth': 11}
2024-10-31 22:31:08,029 - INFO - Trial 997: Train MSE=1.8539023867675237, Train R²=0.6910758891275951
2024-10-31 22:31:08,030 - INFO - Trial 997: Test MSE=2.26791478906359, Test R²=0.6307308333260673
2024-10-31 22:31:08,030 - INFO - ============================================================================================================================================================================================================================================================================================================
2024-10-31 22:31:08,031 - INFO - Trial 997 finished with value: 2.26791478906359 and parameters: {'hidden_layers': 1, 'hidden_units': 256, 'dropout_rate': 0.7570102296497794, 'learning_rate': 0.0024452288263705785, 'weight_decay': 0.0002459991553600186, 'batch_size': 512, 'tree_depth': 11}. Best is trial 601 with value: 2.1809195450374057.
2024-10-31 22:31:37,061 - INFO - Parameters: {'hidden_layers': 1, 'hidden_units': 256, 'dropout_rate': 0.7910015569357947, 'learning_rate': 0.0015019341043014465, 'weight_decay': 0.00027838226316567564, 'batch_size': 512, 'tree_depth': 10}
2024-10-31 22:31:37,061 - INFO - Trial 998: Train MSE=2.3323860679353987, Train R²=0.6125780258859906
2024-10-31 22:31:37,061 - INFO - Trial 998: Test MSE=2.2652408395494734, Test R²=0.6313568949699402
2024-10-31 22:31:37,061 - INFO - ============================================================================================================================================================================================================================================================================================================
2024-10-31 22:31:37,062 - INFO - Trial 998 finished with value: 2.2652408395494734 and parameters: {'hidden_layers': 1, 'hidden_units': 256, 'dropout_rate': 0.7910015569357947, 'learning_rate': 0.0015019341043014465, 'weight_decay': 0.00027838226316567564, 'batch_size': 512, 'tree_depth': 10}. Best is trial 601 with value: 2.1809195450374057.
2024-10-31 22:32:05,680 - INFO - Parameters: {'hidden_layers': 1, 'hidden_units': 256, 'dropout_rate': 0.7787336684896902, 'learning_rate': 0.0013880888672483964, 'weight_decay': 0.00026609628085411607, 'batch_size': 512, 'tree_depth': 12}
2024-10-31 22:32:05,680 - INFO - Trial 999: Train MSE=2.1572770306042264, Train R²=0.640789344906807
2024-10-31 22:32:05,680 - INFO - Trial 999: Test MSE=2.24817088672093, Test R²=0.6339063729558673
2024-10-31 22:32:05,680 - INFO - ============================================================================================================================================================================================================================================================================================================
2024-10-31 22:32:05,681 - INFO - Trial 999 finished with value: 2.24817088672093 and parameters: {'hidden_layers': 1, 'hidden_units': 256, 'dropout_rate': 0.7787336684896902, 'learning_rate': 0.0013880888672483964, 'weight_decay': 0.00026609628085411607, 'batch_size': 512, 'tree_depth': 12}. Best is trial 601 with value: 2.1809195450374057.
2024-10-31 22:32:05,682 - INFO - 最佳參數: {'hidden_layers': 1, 'hidden_units': 256, 'dropout_rate': 0.7995991491433455, 'learning_rate': 0.005623627734610015, 'weight_decay': 0.00024797053276969004, 'batch_size': 512, 'tree_depth': 12}
2024-10-31 22:32:05,682 - INFO - 最低 MSE: 2.1809195450374057
2024-11-01 00:30:30,736 - INFO - A new study created in memory with name: no-name-cd8f3c62-cf99-416f-816f-b6cd85a13587
2024-11-01 00:31:00,291 - INFO - Parameters: {'hidden_layers': 2, 'hidden_units': 320, 'dropout_rate': 0.7966668141660387, 'learning_rate': 0.005155903963673008, 'tree_depth': 13}
2024-11-01 00:31:00,292 - INFO - Trial 0: Train MSE=2.1258848820413863, Train R²=0.6469940160002027
2024-11-01 00:31:00,292 - INFO - Trial 0: Test MSE=2.2472220829554965, Test R²=0.6343313881329128
2024-11-01 00:31:00,292 - INFO - ============================================================================================================================================================================================================================================================================================================
2024-11-01 00:31:00,293 - INFO - Trial 0 finished with value: 2.2472220829554965 and parameters: {'hidden_layers': 2, 'hidden_units': 320, 'dropout_rate': 0.7966668141660387, 'learning_rate': 0.005155903963673008, 'tree_depth': 13}. Best is trial 0 with value: 2.2472220829554965.
2024-11-01 00:31:05,807 - WARNING - Trial 1 failed with parameters: {'hidden_layers': 1, 'hidden_units': 256, 'dropout_rate': 0.8480040207010648, 'learning_rate': 0.005446263033722706, 'tree_depth': 12} because of the following error: KeyboardInterrupt().
Traceback (most recent call last):
  File "c:\Users\Nico\anaconda3\envs\dev310-mldl\lib\site-packages\optuna\study\_optimize.py", line 197, in _run_trial
    value_or_values = func(trial)
  File "C:\Users\Nico\AppData\Local\Temp\ipykernel_32248\3998281780.py", line 45, in objective
    metrics = trainer.fit(dl_train, dl_test, num_epochs=100)
  File "C:\Users\Nico\AppData\Local\Temp\ipykernel_32248\2713248567.py", line 80, in fit
    train_loss, train_r2 = self.train_step(dataloader_train)
  File "C:\Users\Nico\AppData\Local\Temp\ipykernel_32248\2713248567.py", line 36, in train_step
    self.optimizer.step()  # 更新權重
  File "c:\Users\Nico\anaconda3\envs\dev310-mldl\lib\site-packages\torch\optim\optimizer.py", line 484, in wrapper
    out = func(*args, **kwargs)
  File "c:\Users\Nico\anaconda3\envs\dev310-mldl\lib\site-packages\torch\optim\optimizer.py", line 89, in _use_grad
    ret = func(self, *args, **kwargs)
  File "c:\Users\Nico\anaconda3\envs\dev310-mldl\lib\site-packages\torch\optim\adam.py", line 226, in step
    adam(
  File "c:\Users\Nico\anaconda3\envs\dev310-mldl\lib\site-packages\torch\optim\optimizer.py", line 161, in maybe_fallback
    return func(*args, **kwargs)
  File "c:\Users\Nico\anaconda3\envs\dev310-mldl\lib\site-packages\torch\optim\adam.py", line 766, in adam
    func(
  File "c:\Users\Nico\anaconda3\envs\dev310-mldl\lib\site-packages\torch\optim\adam.py", line 536, in _multi_tensor_adam
    torch._foreach_mul_(device_exp_avg_sqs, beta2)
KeyboardInterrupt
2024-11-01 00:31:05,808 - WARNING - Trial 1 failed with value None.
