2024-10-31 14:12:38,782 - INFO - Trial 235 finished with value: 2.2706442219870433 and parameters: {'hidden_layers': 1, 'hidden_units': 256, 'dropout_rate': 0.7818381671699486, 'learning_rate': 0.00848719306135097, 'weight_decay': 0.0004130002331616737, 'batch_size': 512, 'tree_depth': 12}. Best is trial 104 with value: 2.1955713714872087.
2024-10-31 14:13:09,269 - INFO - Parameters: {'hidden_layers': 1, 'hidden_units': 256, 'dropout_rate': 0.7615573849395035, 'learning_rate': 0.009979602553234655, 'weight_decay': 0.0003450008383305206, 'batch_size': 512, 'tree_depth': 11}
2024-10-31 14:13:09,269 - INFO - Trial 236: Train MSE=2.110330820083618, Train R²=0.648994471345629
2024-10-31 14:13:09,269 - INFO - Trial 236: Test MSE=2.2546347209385464, Test R²=0.6330965331622532
2024-10-31 14:13:09,269 - INFO - ============================================================================================================================================================================================================================================================================================================
2024-10-31 14:13:09,271 - INFO - Trial 236 finished with value: 2.2546347209385464 and parameters: {'hidden_layers': 1, 'hidden_units': 256, 'dropout_rate': 0.7615573849395035, 'learning_rate': 0.009979602553234655, 'weight_decay': 0.0003450008383305206, 'batch_size': 512, 'tree_depth': 11}. Best is trial 104 with value: 2.1955713714872087.
2024-10-31 14:14:21,372 - INFO - Parameters: {'hidden_layers': 1, 'hidden_units': 128, 'dropout_rate': 0.7731243847598668, 'learning_rate': 0.009055762956451434, 'weight_decay': 0.00031431047757588524, 'batch_size': 128, 'tree_depth': 12}
2024-10-31 14:14:21,372 - INFO - Trial 237: Train MSE=2.6718297749757767, Train R²=0.5488265140780381
2024-10-31 14:14:21,372 - INFO - Trial 237: Test MSE=2.3270218585218703, Test R²=0.6134314515760967
2024-10-31 14:14:21,372 - INFO - ============================================================================================================================================================================================================================================================================================================
2024-10-31 14:14:21,374 - INFO - Trial 237 finished with value: 2.3270218585218703 and parameters: {'hidden_layers': 1, 'hidden_units': 128, 'dropout_rate': 0.7731243847598668, 'learning_rate': 0.009055762956451434, 'weight_decay': 0.00031431047757588524, 'batch_size': 128, 'tree_depth': 12}. Best is trial 104 with value: 2.1955713714872087.
2024-10-31 14:15:01,648 - INFO - Parameters: {'hidden_layers': 1, 'hidden_units': 256, 'dropout_rate': 0.7819154804322677, 'learning_rate': 0.007127252117056729, 'weight_decay': 0.00032975986625059794, 'batch_size': 512, 'tree_depth': 11}
2024-10-31 14:15:01,649 - INFO - Trial 238: Train MSE=2.0810387091977254, Train R²=0.654641255736351
2024-10-31 14:15:01,649 - INFO - Trial 238: Test MSE=2.2782870701381137, Test R²=0.6292029534067426
2024-10-31 14:15:01,649 - INFO - ============================================================================================================================================================================================================================================================================================================
2024-10-31 14:15:01,651 - INFO - Trial 238 finished with value: 2.2782870701381137 and parameters: {'hidden_layers': 1, 'hidden_units': 256, 'dropout_rate': 0.7819154804322677, 'learning_rate': 0.007127252117056729, 'weight_decay': 0.00032975986625059794, 'batch_size': 512, 'tree_depth': 11}. Best is trial 104 with value: 2.1955713714872087.
2024-10-31 14:15:43,285 - INFO - Parameters: {'hidden_layers': 1, 'hidden_units': 256, 'dropout_rate': 0.7645413864774674, 'learning_rate': 0.00814028141861586, 'weight_decay': 0.00040019990369521177, 'batch_size': 512, 'tree_depth': 12}
2024-10-31 14:15:43,285 - INFO - Trial 239: Train MSE=2.0638913895402635, Train R²=0.6563287228345871
2024-10-31 14:15:43,285 - INFO - Trial 239: Test MSE=2.2618487562452043, Test R²=0.6318392753601074
2024-10-31 14:15:43,285 - INFO - ============================================================================================================================================================================================================================================================================================================
2024-10-31 14:15:43,287 - INFO - Trial 239 finished with value: 2.2618487562452043 and parameters: {'hidden_layers': 1, 'hidden_units': 256, 'dropout_rate': 0.7645413864774674, 'learning_rate': 0.00814028141861586, 'weight_decay': 0.00040019990369521177, 'batch_size': 512, 'tree_depth': 12}. Best is trial 104 with value: 2.1955713714872087.
2024-10-31 14:16:23,362 - INFO - Parameters: {'hidden_layers': 1, 'hidden_units': 256, 'dropout_rate': 0.7894031801252345, 'learning_rate': 0.0010936491768132283, 'weight_decay': 0.00030576140901552207, 'batch_size': 512, 'tree_depth': 11}
2024-10-31 14:16:23,362 - INFO - Trial 240: Train MSE=2.369579178946359, Train R²=0.6057053272213254
2024-10-31 14:16:23,362 - INFO - Trial 240: Test MSE=2.205315487725394, Test R²=0.6410455363137382
2024-10-31 14:16:23,362 - INFO - ============================================================================================================================================================================================================================================================================================================
2024-10-31 14:16:23,364 - INFO - Trial 240 finished with value: 2.205315487725394 and parameters: {'hidden_layers': 1, 'hidden_units': 256, 'dropout_rate': 0.7894031801252345, 'learning_rate': 0.0010936491768132283, 'weight_decay': 0.00030576140901552207, 'batch_size': 512, 'tree_depth': 11}. Best is trial 104 with value: 2.1955713714872087.
2024-10-31 14:17:06,106 - INFO - Parameters: {'hidden_layers': 1, 'hidden_units': 256, 'dropout_rate': 0.7902731224553816, 'learning_rate': 0.0010683713857874378, 'weight_decay': 0.0003060519099325379, 'batch_size': 512, 'tree_depth': 11}
2024-10-31 14:17:06,106 - INFO - Trial 241: Train MSE=2.262588475431715, Train R²=0.6238639737878527
2024-10-31 14:17:06,107 - INFO - Trial 241: Test MSE=2.211419871875218, Test R²=0.6399835348129272
2024-10-31 14:17:06,107 - INFO - ============================================================================================================================================================================================================================================================================================================
2024-10-31 14:17:06,107 - INFO - Trial 241 finished with value: 2.211419871875218 and parameters: {'hidden_layers': 1, 'hidden_units': 256, 'dropout_rate': 0.7902731224553816, 'learning_rate': 0.0010683713857874378, 'weight_decay': 0.0003060519099325379, 'batch_size': 512, 'tree_depth': 11}. Best is trial 104 with value: 2.1955713714872087.
2024-10-31 14:17:44,562 - INFO - Parameters: {'hidden_layers': 1, 'hidden_units': 256, 'dropout_rate': 0.7920597228438828, 'learning_rate': 0.0009962707000992926, 'weight_decay': 0.0002888982891093066, 'batch_size': 512, 'tree_depth': 11}
2024-10-31 14:17:44,562 - INFO - Trial 242: Train MSE=2.4914146661758423, Train R²=0.5846280178853444
2024-10-31 14:17:44,562 - INFO - Trial 242: Test MSE=2.207803879465376, Test R²=0.6406415700912476
2024-10-31 14:17:44,562 - INFO - ============================================================================================================================================================================================================================================================================================================
2024-10-31 14:17:44,563 - INFO - Trial 242 finished with value: 2.207803879465376 and parameters: {'hidden_layers': 1, 'hidden_units': 256, 'dropout_rate': 0.7920597228438828, 'learning_rate': 0.0009962707000992926, 'weight_decay': 0.0002888982891093066, 'batch_size': 512, 'tree_depth': 11}. Best is trial 104 with value: 2.1955713714872087.
2024-10-31 14:18:27,865 - INFO - Parameters: {'hidden_layers': 1, 'hidden_units': 256, 'dropout_rate': 0.7766925573765739, 'learning_rate': 0.0010235727450770532, 'weight_decay': 0.00032068163214422137, 'batch_size': 512, 'tree_depth': 11}
2024-10-31 14:18:27,866 - INFO - Trial 243: Train MSE=2.3320091707365855, Train R²=0.61122727394104
2024-10-31 14:18:27,866 - INFO - Trial 243: Test MSE=2.239066175052098, Test R²=0.6356027552059719
2024-10-31 14:18:27,866 - INFO - ============================================================================================================================================================================================================================================================================================================
2024-10-31 14:18:27,867 - INFO - Trial 243 finished with value: 2.239066175052098 and parameters: {'hidden_layers': 1, 'hidden_units': 256, 'dropout_rate': 0.7766925573765739, 'learning_rate': 0.0010235727450770532, 'weight_decay': 0.00032068163214422137, 'batch_size': 512, 'tree_depth': 11}. Best is trial 104 with value: 2.1955713714872087.
2024-10-31 14:19:04,176 - INFO - Parameters: {'hidden_layers': 1, 'hidden_units': 256, 'dropout_rate': 0.7893877425542603, 'learning_rate': 0.0009284503361065259, 'weight_decay': 0.00027815490966815354, 'batch_size': 512, 'tree_depth': 11}
2024-10-31 14:19:04,176 - INFO - Trial 244: Train MSE=2.459108965737479, Train R²=0.5906815656593868
2024-10-31 14:19:04,177 - INFO - Trial 244: Test MSE=2.249708022390093, Test R²=0.6337740165846688
2024-10-31 14:19:04,177 - INFO - ============================================================================================================================================================================================================================================================================================================
2024-10-31 14:19:04,178 - INFO - Trial 244 finished with value: 2.249708022390093 and parameters: {'hidden_layers': 1, 'hidden_units': 256, 'dropout_rate': 0.7893877425542603, 'learning_rate': 0.0009284503361065259, 'weight_decay': 0.00027815490966815354, 'batch_size': 512, 'tree_depth': 11}. Best is trial 104 with value: 2.1955713714872087.
2024-10-31 14:19:46,521 - INFO - Parameters: {'hidden_layers': 1, 'hidden_units': 256, 'dropout_rate': 0.7819494107468521, 'learning_rate': 0.0008186939460102119, 'weight_decay': 0.0002970496166753432, 'batch_size': 512, 'tree_depth': 11}
2024-10-31 14:19:46,521 - INFO - Trial 245: Train MSE=2.497953849179404, Train R²=0.5839005815131324
2024-10-31 14:19:46,521 - INFO - Trial 245: Test MSE=2.239493114607675, Test R²=0.6355375562395368
2024-10-31 14:19:46,521 - INFO - ============================================================================================================================================================================================================================================================================================================
2024-10-31 14:19:46,523 - INFO - Trial 245 finished with value: 2.239493114607675 and parameters: {'hidden_layers': 1, 'hidden_units': 256, 'dropout_rate': 0.7819494107468521, 'learning_rate': 0.0008186939460102119, 'weight_decay': 0.0002970496166753432, 'batch_size': 512, 'tree_depth': 11}. Best is trial 104 with value: 2.1955713714872087.
2024-10-31 14:20:23,078 - INFO - Parameters: {'hidden_layers': 1, 'hidden_units': 256, 'dropout_rate': 0.7721450035904197, 'learning_rate': 0.0010824260379000948, 'weight_decay': 0.0003378803509578769, 'batch_size': 512, 'tree_depth': 11}
2024-10-31 14:20:23,078 - INFO - Trial 246: Train MSE=2.206098054136549, Train R²=0.6335319301911763
2024-10-31 14:20:23,078 - INFO - Trial 246: Test MSE=2.2323472840445384, Test R²=0.6367160763059344
2024-10-31 14:20:23,078 - INFO - ============================================================================================================================================================================================================================================================================================================
2024-10-31 14:20:23,079 - INFO - Trial 246 finished with value: 2.2323472840445384 and parameters: {'hidden_layers': 1, 'hidden_units': 256, 'dropout_rate': 0.7721450035904197, 'learning_rate': 0.0010824260379000948, 'weight_decay': 0.0003378803509578769, 'batch_size': 512, 'tree_depth': 11}. Best is trial 104 with value: 2.1955713714872087.
2024-10-31 14:21:00,551 - INFO - Parameters: {'hidden_layers': 1, 'hidden_units': 256, 'dropout_rate': 0.7912726927859254, 'learning_rate': 0.0009955497587735463, 'weight_decay': 0.0003104054397008536, 'batch_size': 512, 'tree_depth': 11}
2024-10-31 14:21:00,551 - INFO - Trial 247: Train MSE=2.4390909331185475, Train R²=0.5930486896208355
2024-10-31 14:21:00,551 - INFO - Trial 247: Test MSE=2.266057712691171, Test R²=0.6312976053782872
2024-10-31 14:21:00,551 - INFO - ============================================================================================================================================================================================================================================================================================================
2024-10-31 14:21:00,553 - INFO - Trial 247 finished with value: 2.266057712691171 and parameters: {'hidden_layers': 1, 'hidden_units': 256, 'dropout_rate': 0.7912726927859254, 'learning_rate': 0.0009955497587735463, 'weight_decay': 0.0003104054397008536, 'batch_size': 512, 'tree_depth': 11}. Best is trial 104 with value: 2.1955713714872087.
2024-10-31 14:21:32,799 - INFO - Parameters: {'hidden_layers': 1, 'hidden_units': 256, 'dropout_rate': 0.7827329977545616, 'learning_rate': 0.008953361513897824, 'weight_decay': 0.00028870891391407174, 'batch_size': 512, 'tree_depth': 11}
2024-10-31 14:21:32,799 - INFO - Trial 248: Train MSE=2.0234948779855455, Train R²=0.6635910315173013
2024-10-31 14:21:32,800 - INFO - Trial 248: Test MSE=2.231624126434326, Test R²=0.636686418737684
2024-10-31 14:21:32,800 - INFO - ============================================================================================================================================================================================================================================================================================================
2024-10-31 14:21:32,804 - INFO - Trial 248 finished with value: 2.231624126434326 and parameters: {'hidden_layers': 1, 'hidden_units': 256, 'dropout_rate': 0.7827329977545616, 'learning_rate': 0.008953361513897824, 'weight_decay': 0.00028870891391407174, 'batch_size': 512, 'tree_depth': 11}. Best is trial 104 with value: 2.1955713714872087.
2024-10-31 14:22:11,642 - INFO - Parameters: {'hidden_layers': 1, 'hidden_units': 128, 'dropout_rate': 0.7993850019815616, 'learning_rate': 0.0011451951366110353, 'weight_decay': 0.00025810039330946604, 'batch_size': 512, 'tree_depth': 11}
2024-10-31 14:22:11,643 - INFO - Trial 249: Train MSE=3.087042357240404, Train R²=0.48571238986083437
2024-10-31 14:22:11,643 - INFO - Trial 249: Test MSE=2.2604301316397533, Test R²=0.6321469289915902
2024-10-31 14:22:11,643 - INFO - ============================================================================================================================================================================================================================================================================================================
2024-10-31 14:22:11,644 - INFO - Trial 249 finished with value: 2.2604301316397533 and parameters: {'hidden_layers': 1, 'hidden_units': 128, 'dropout_rate': 0.7993850019815616, 'learning_rate': 0.0011451951366110353, 'weight_decay': 0.00025810039330946604, 'batch_size': 512, 'tree_depth': 11}. Best is trial 104 with value: 2.1955713714872087.
2024-10-31 14:22:49,716 - INFO - Parameters: {'hidden_layers': 1, 'hidden_units': 256, 'dropout_rate': 0.7695166315479577, 'learning_rate': 0.0008472830045906141, 'weight_decay': 0.00017447479567777392, 'batch_size': 512, 'tree_depth': 11}
2024-10-31 14:22:49,716 - INFO - Trial 250: Train MSE=2.3121023092951094, Train R²=0.6145557484456471
2024-10-31 14:22:49,716 - INFO - Trial 250: Test MSE=2.232231225286211, Test R²=0.6367234417370388
2024-10-31 14:22:49,716 - INFO - ============================================================================================================================================================================================================================================================================================================
2024-10-31 14:22:49,718 - INFO - Trial 250 finished with value: 2.232231225286211 and parameters: {'hidden_layers': 1, 'hidden_units': 256, 'dropout_rate': 0.7695166315479577, 'learning_rate': 0.0008472830045906141, 'weight_decay': 0.00017447479567777392, 'batch_size': 512, 'tree_depth': 11}. Best is trial 104 with value: 2.1955713714872087.
2024-10-31 14:23:24,076 - INFO - Parameters: {'hidden_layers': 1, 'hidden_units': 256, 'dropout_rate': 0.7899508427164685, 'learning_rate': 0.0012261823222937008, 'weight_decay': 0.0003291215033220515, 'batch_size': 512, 'tree_depth': 11}
2024-10-31 14:23:24,076 - INFO - Trial 251: Train MSE=2.2561358213424683, Train R²=0.6233336201735905
2024-10-31 14:23:24,076 - INFO - Trial 251: Test MSE=2.211742264883859, Test R²=0.6401325123650687
2024-10-31 14:23:24,076 - INFO - ============================================================================================================================================================================================================================================================================================================
2024-10-31 14:23:24,077 - INFO - Trial 251 finished with value: 2.211742264883859 and parameters: {'hidden_layers': 1, 'hidden_units': 256, 'dropout_rate': 0.7899508427164685, 'learning_rate': 0.0012261823222937008, 'weight_decay': 0.0003291215033220515, 'batch_size': 512, 'tree_depth': 11}. Best is trial 104 with value: 2.1955713714872087.
2024-10-31 14:24:13,452 - INFO - Parameters: {'hidden_layers': 1, 'hidden_units': 256, 'dropout_rate': 0.7913145855512557, 'learning_rate': 0.0011932444057581374, 'weight_decay': 0.00032709110279826106, 'batch_size': 256, 'tree_depth': 11}
2024-10-31 14:24:13,452 - INFO - Trial 252: Train MSE=2.028482049703598, Train R²=0.6605770321828979
2024-10-31 14:24:13,452 - INFO - Trial 252: Test MSE=2.2660785061972484, Test R²=0.6292558269841331
2024-10-31 14:24:13,452 - INFO - ============================================================================================================================================================================================================================================================================================================
2024-10-31 14:24:13,453 - INFO - Trial 252 finished with value: 2.2660785061972484 and parameters: {'hidden_layers': 1, 'hidden_units': 256, 'dropout_rate': 0.7913145855512557, 'learning_rate': 0.0011932444057581374, 'weight_decay': 0.00032709110279826106, 'batch_size': 256, 'tree_depth': 11}. Best is trial 104 with value: 2.1955713714872087.
2024-10-31 14:24:51,157 - INFO - Parameters: {'hidden_layers': 1, 'hidden_units': 1024, 'dropout_rate': 0.789900375949423, 'learning_rate': 0.0013045933470463838, 'weight_decay': 0.00030133334645551194, 'batch_size': 512, 'tree_depth': 11}
2024-10-31 14:24:51,157 - INFO - Trial 253: Train MSE=1.807823704821723, Train R²=0.6985730848142079
2024-10-31 14:24:51,157 - INFO - Trial 253: Test MSE=2.257737295968192, Test R²=0.6324978470802307
2024-10-31 14:24:51,157 - INFO - ============================================================================================================================================================================================================================================================================================================
2024-10-31 14:24:51,159 - INFO - Trial 253 finished with value: 2.257737295968192 and parameters: {'hidden_layers': 1, 'hidden_units': 1024, 'dropout_rate': 0.789900375949423, 'learning_rate': 0.0013045933470463838, 'weight_decay': 0.00030133334645551194, 'batch_size': 512, 'tree_depth': 11}. Best is trial 104 with value: 2.1955713714872087.
2024-10-31 14:25:19,133 - INFO - Parameters: {'hidden_layers': 1, 'hidden_units': 256, 'dropout_rate': 0.7757976906842453, 'learning_rate': 0.0010564578301078223, 'weight_decay': 0.00031453043604469784, 'batch_size': 1024, 'tree_depth': 11}
2024-10-31 14:25:19,134 - INFO - Trial 254: Train MSE=2.77305155141013, Train R²=0.5394834109715053
2024-10-31 14:25:19,134 - INFO - Trial 254: Test MSE=2.260608196258545, Test R²=0.6294194608926773
2024-10-31 14:25:19,134 - INFO - ============================================================================================================================================================================================================================================================================================================
