2024-10-31 13:22:00,476 - INFO - Trial 159 finished with value: 2.5994598184313094 and parameters: {'hidden_layers': 1, 'hidden_units': 512, 'dropout_rate': 0.799615722779274, 'learning_rate': 0.00034072305245182367, 'weight_decay': 0.00034750995084196514, 'batch_size': 512, 'tree_depth': 10}. Best is trial 104 with value: 2.1955713714872087.
2024-10-31 13:22:56,620 - INFO - Parameters: {'hidden_layers': 1, 'hidden_units': 256, 'dropout_rate': 0.762641495743888, 'learning_rate': 0.0005085778753917073, 'weight_decay': 0.00012865032816145467, 'batch_size': 256, 'tree_depth': 11}
2024-10-31 13:22:56,620 - INFO - Trial 160: Train MSE=2.1708015693085536, Train R²=0.6380476195897374
2024-10-31 13:22:56,620 - INFO - Trial 160: Test MSE=2.236884960106441, Test R²=0.633817298071725
2024-10-31 13:22:56,620 - INFO - ============================================================================================================================================================================================================================================================================================================
2024-10-31 13:22:56,621 - INFO - Trial 160 finished with value: 2.236884960106441 and parameters: {'hidden_layers': 1, 'hidden_units': 256, 'dropout_rate': 0.762641495743888, 'learning_rate': 0.0005085778753917073, 'weight_decay': 0.00012865032816145467, 'batch_size': 256, 'tree_depth': 11}. Best is trial 104 with value: 2.1955713714872087.
2024-10-31 13:23:35,509 - INFO - Parameters: {'hidden_layers': 1, 'hidden_units': 256, 'dropout_rate': 0.7879810734951909, 'learning_rate': 0.008057790419456125, 'weight_decay': 0.00029571464763644695, 'batch_size': 512, 'tree_depth': 9}
2024-10-31 13:23:35,509 - INFO - Trial 161: Train MSE=2.2641445866652896, Train R²=0.6233681972537722
2024-10-31 13:23:35,509 - INFO - Trial 161: Test MSE=2.2736172335488454, Test R²=0.6299028737204415
2024-10-31 13:23:35,509 - INFO - ============================================================================================================================================================================================================================================================================================================
2024-10-31 13:23:35,510 - INFO - Trial 161 finished with value: 2.2736172335488454 and parameters: {'hidden_layers': 1, 'hidden_units': 256, 'dropout_rate': 0.7879810734951909, 'learning_rate': 0.008057790419456125, 'weight_decay': 0.00029571464763644695, 'batch_size': 512, 'tree_depth': 9}. Best is trial 104 with value: 2.1955713714872087.
2024-10-31 13:24:16,253 - INFO - Parameters: {'hidden_layers': 1, 'hidden_units': 256, 'dropout_rate': 0.7915412768372092, 'learning_rate': 0.004839460651425009, 'weight_decay': 0.0003088991929594517, 'batch_size': 512, 'tree_depth': 9}
2024-10-31 13:24:16,254 - INFO - Trial 162: Train MSE=2.219297409057617, Train R²=0.6303791595356805
2024-10-31 13:24:16,254 - INFO - Trial 162: Test MSE=2.277472870690482, Test R²=0.6292189529963902
2024-10-31 13:24:16,254 - INFO - ============================================================================================================================================================================================================================================================================================================
2024-10-31 13:24:16,255 - INFO - Trial 162 finished with value: 2.277472870690482 and parameters: {'hidden_layers': 1, 'hidden_units': 256, 'dropout_rate': 0.7915412768372092, 'learning_rate': 0.004839460651425009, 'weight_decay': 0.0003088991929594517, 'batch_size': 512, 'tree_depth': 9}. Best is trial 104 with value: 2.1955713714872087.
2024-10-31 13:24:51,611 - INFO - Parameters: {'hidden_layers': 1, 'hidden_units': 256, 'dropout_rate': 0.7760706448861063, 'learning_rate': 0.0074426309233581525, 'weight_decay': 0.00028770815729086996, 'batch_size': 512, 'tree_depth': 9}
2024-10-31 13:24:51,611 - INFO - Trial 163: Train MSE=2.212753253323691, Train R²=0.6322620127882276
2024-10-31 13:24:51,611 - INFO - Trial 163: Test MSE=2.2534402438572476, Test R²=0.6331938249724252
2024-10-31 13:24:51,612 - INFO - ============================================================================================================================================================================================================================================================================================================
2024-10-31 13:24:51,613 - INFO - Trial 163 finished with value: 2.2534402438572476 and parameters: {'hidden_layers': 1, 'hidden_units': 256, 'dropout_rate': 0.7760706448861063, 'learning_rate': 0.0074426309233581525, 'weight_decay': 0.00028770815729086996, 'batch_size': 512, 'tree_depth': 9}. Best is trial 104 with value: 2.1955713714872087.
2024-10-31 13:25:27,760 - INFO - Parameters: {'hidden_layers': 1, 'hidden_units': 256, 'dropout_rate': 0.78323068985822, 'learning_rate': 0.006312902845643595, 'weight_decay': 0.00044566632566568577, 'batch_size': 512, 'tree_depth': 9}
2024-10-31 13:25:27,760 - INFO - Trial 164: Train MSE=2.313210976975305, Train R²=0.6151948996952602
2024-10-31 13:25:27,761 - INFO - Trial 164: Test MSE=2.2625370706830705, Test R²=0.6316967947142464
2024-10-31 13:25:27,761 - INFO - ============================================================================================================================================================================================================================================================================================================
2024-10-31 13:25:27,762 - INFO - Trial 164 finished with value: 2.2625370706830705 and parameters: {'hidden_layers': 1, 'hidden_units': 256, 'dropout_rate': 0.78323068985822, 'learning_rate': 0.006312902845643595, 'weight_decay': 0.00044566632566568577, 'batch_size': 512, 'tree_depth': 9}. Best is trial 104 with value: 2.1955713714872087.
2024-10-31 13:25:57,666 - INFO - Parameters: {'hidden_layers': 1, 'hidden_units': 256, 'dropout_rate': 0.573003959128336, 'learning_rate': 0.006775971829136694, 'weight_decay': 0.0002574712259760768, 'batch_size': 512, 'tree_depth': 9}
2024-10-31 13:25:57,667 - INFO - Trial 165: Train MSE=1.332624158688954, Train R²=0.7784877525908607
2024-10-31 13:25:57,667 - INFO - Trial 165: Test MSE=2.373598643711635, Test R²=0.6136206133025033
2024-10-31 13:25:57,667 - INFO - ============================================================================================================================================================================================================================================================================================================
2024-10-31 13:25:57,668 - INFO - Trial 165 finished with value: 2.373598643711635 and parameters: {'hidden_layers': 1, 'hidden_units': 256, 'dropout_rate': 0.573003959128336, 'learning_rate': 0.006775971829136694, 'weight_decay': 0.0002574712259760768, 'batch_size': 512, 'tree_depth': 9}. Best is trial 104 with value: 2.1955713714872087.
2024-10-31 13:26:25,666 - INFO - Parameters: {'hidden_layers': 1, 'hidden_units': 256, 'dropout_rate': 0.7929764155167881, 'learning_rate': 0.00998485746864115, 'weight_decay': 0.0003330005679698934, 'batch_size': 512, 'tree_depth': 9}
2024-10-31 13:26:25,666 - INFO - Trial 166: Train MSE=2.3705777866499766, Train R²=0.6058236339262554
2024-10-31 13:26:25,666 - INFO - Trial 166: Test MSE=2.2675558158329556, Test R²=0.6309116056987217
2024-10-31 13:26:25,667 - INFO - ============================================================================================================================================================================================================================================================================================================
2024-10-31 13:26:25,668 - INFO - Trial 166 finished with value: 2.2675558158329556 and parameters: {'hidden_layers': 1, 'hidden_units': 256, 'dropout_rate': 0.7929764155167881, 'learning_rate': 0.00998485746864115, 'weight_decay': 0.0003330005679698934, 'batch_size': 512, 'tree_depth': 9}. Best is trial 104 with value: 2.1955713714872087.
2024-10-31 13:27:00,950 - INFO - Parameters: {'hidden_layers': 1, 'hidden_units': 256, 'dropout_rate': 0.7707997860345139, 'learning_rate': 0.007583706124146204, 'weight_decay': 0.0002700951588997013, 'batch_size': 512, 'tree_depth': 12}
2024-10-31 13:27:00,951 - INFO - Trial 167: Train MSE=1.9550416001251765, Train R²=0.6746118707316262
2024-10-31 13:27:00,951 - INFO - Trial 167: Test MSE=2.254381367138454, Test R²=0.6329695241791862
2024-10-31 13:27:00,951 - INFO - ============================================================================================================================================================================================================================================================================================================
2024-10-31 13:27:00,952 - INFO - Trial 167 finished with value: 2.254381367138454 and parameters: {'hidden_layers': 1, 'hidden_units': 256, 'dropout_rate': 0.7707997860345139, 'learning_rate': 0.007583706124146204, 'weight_decay': 0.0002700951588997013, 'batch_size': 512, 'tree_depth': 12}. Best is trial 104 with value: 2.1955713714872087.
2024-10-31 13:27:37,736 - INFO - Parameters: {'hidden_layers': 1, 'hidden_units': 256, 'dropout_rate': 0.7995329128346005, 'learning_rate': 0.008376757761800045, 'weight_decay': 0.00014212140812667998, 'batch_size': 512, 'tree_depth': 8}
2024-10-31 13:27:37,736 - INFO - Trial 168: Train MSE=2.218397923878261, Train R²=0.6310465676443917
2024-10-31 13:27:37,737 - INFO - Trial 168: Test MSE=2.261589459010533, Test R²=0.6317615509033203
2024-10-31 13:27:37,737 - INFO - ============================================================================================================================================================================================================================================================================================================
2024-10-31 13:27:37,737 - INFO - Trial 168 finished with value: 2.261589459010533 and parameters: {'hidden_layers': 1, 'hidden_units': 256, 'dropout_rate': 0.7995329128346005, 'learning_rate': 0.008376757761800045, 'weight_decay': 0.00014212140812667998, 'batch_size': 512, 'tree_depth': 8}. Best is trial 104 with value: 2.1955713714872087.
2024-10-31 13:28:15,335 - INFO - Parameters: {'hidden_layers': 1, 'hidden_units': 256, 'dropout_rate': 0.7562326693292867, 'learning_rate': 0.0007267206778309936, 'weight_decay': 0.00029789450182273104, 'batch_size': 512, 'tree_depth': 12}
2024-10-31 13:28:15,335 - INFO - Trial 169: Train MSE=2.3897588082722256, Train R²=0.6018501136984143
2024-10-31 13:28:15,335 - INFO - Trial 169: Test MSE=2.2450492722647533, Test R²=0.6346432651792254
2024-10-31 13:28:15,335 - INFO - ============================================================================================================================================================================================================================================================================================================
2024-10-31 13:28:15,337 - INFO - Trial 169 finished with value: 2.2450492722647533 and parameters: {'hidden_layers': 1, 'hidden_units': 256, 'dropout_rate': 0.7562326693292867, 'learning_rate': 0.0007267206778309936, 'weight_decay': 0.00029789450182273104, 'batch_size': 512, 'tree_depth': 12}. Best is trial 104 with value: 2.1955713714872087.
2024-10-31 13:28:52,248 - INFO - Parameters: {'hidden_layers': 1, 'hidden_units': 256, 'dropout_rate': 0.7797292243953713, 'learning_rate': 0.005952788944152352, 'weight_decay': 0.00016684171743861558, 'batch_size': 512, 'tree_depth': 12}
2024-10-31 13:28:52,248 - INFO - Trial 170: Train MSE=1.8341747309480394, Train R²=0.694634844149862
2024-10-31 13:28:52,248 - INFO - Trial 170: Test MSE=2.2569359711238315, Test R²=0.6325695003782
2024-10-31 13:28:52,248 - INFO - ============================================================================================================================================================================================================================================================================================================
2024-10-31 13:28:52,249 - INFO - Trial 170 finished with value: 2.2569359711238315 and parameters: {'hidden_layers': 1, 'hidden_units': 256, 'dropout_rate': 0.7797292243953713, 'learning_rate': 0.005952788944152352, 'weight_decay': 0.00016684171743861558, 'batch_size': 512, 'tree_depth': 12}. Best is trial 104 with value: 2.1955713714872087.
2024-10-31 13:29:28,246 - INFO - Parameters: {'hidden_layers': 1, 'hidden_units': 128, 'dropout_rate': 0.7834401040751022, 'learning_rate': 0.007792030222724494, 'weight_decay': 0.0003459714758825725, 'batch_size': 512, 'tree_depth': 11}
2024-10-31 13:29:28,246 - INFO - Trial 171: Train MSE=2.175919843571527, Train R²=0.6384376691920417
2024-10-31 13:29:28,246 - INFO - Trial 171: Test MSE=2.3610938617161343, Test R²=0.6155370729310172
2024-10-31 13:29:28,246 - INFO - ============================================================================================================================================================================================================================================================================================================
2024-10-31 13:29:28,248 - INFO - Trial 171 finished with value: 2.3610938617161343 and parameters: {'hidden_layers': 1, 'hidden_units': 128, 'dropout_rate': 0.7834401040751022, 'learning_rate': 0.007792030222724494, 'weight_decay': 0.0003459714758825725, 'batch_size': 512, 'tree_depth': 11}. Best is trial 104 with value: 2.1955713714872087.
2024-10-31 13:30:03,140 - INFO - Parameters: {'hidden_layers': 1, 'hidden_units': 128, 'dropout_rate': 0.7669081482594402, 'learning_rate': 0.008892408954289449, 'weight_decay': 0.00038183025141325994, 'batch_size': 512, 'tree_depth': 11}
2024-10-31 13:30:03,141 - INFO - Trial 172: Train MSE=2.13594228880746, Train R²=0.6446022923503604
2024-10-31 13:30:03,141 - INFO - Trial 172: Test MSE=2.253218037741525, Test R²=0.6333039658410209
2024-10-31 13:30:03,141 - INFO - ============================================================================================================================================================================================================================================================================================================
2024-10-31 13:30:03,142 - INFO - Trial 172 finished with value: 2.253218037741525 and parameters: {'hidden_layers': 1, 'hidden_units': 128, 'dropout_rate': 0.7669081482594402, 'learning_rate': 0.008892408954289449, 'weight_decay': 0.00038183025141325994, 'batch_size': 512, 'tree_depth': 11}. Best is trial 104 with value: 2.1955713714872087.
2024-10-31 13:30:31,507 - INFO - Parameters: {'hidden_layers': 1, 'hidden_units': 128, 'dropout_rate': 0.7758034206855283, 'learning_rate': 0.008105510867272004, 'weight_decay': 0.0003658443624452337, 'batch_size': 512, 'tree_depth': 11}
2024-10-31 13:30:31,507 - INFO - Trial 173: Train MSE=2.126604744366237, Train R²=0.6464408827679498
2024-10-31 13:30:31,507 - INFO - Trial 173: Test MSE=2.2229763780321394, Test R²=0.6381809115409851
2024-10-31 13:30:31,507 - INFO - ============================================================================================================================================================================================================================================================================================================
2024-10-31 13:30:31,509 - INFO - Trial 173 finished with value: 2.2229763780321394 and parameters: {'hidden_layers': 1, 'hidden_units': 128, 'dropout_rate': 0.7758034206855283, 'learning_rate': 0.008105510867272004, 'weight_decay': 0.0003658443624452337, 'batch_size': 512, 'tree_depth': 11}. Best is trial 104 with value: 2.1955713714872087.
2024-10-31 13:31:08,205 - INFO - Parameters: {'hidden_layers': 1, 'hidden_units': 256, 'dropout_rate': 0.7896106776158454, 'learning_rate': 0.001176846714183904, 'weight_decay': 0.00031312624046928755, 'batch_size': 512, 'tree_depth': 11}
2024-10-31 13:31:08,205 - INFO - Trial 174: Train MSE=2.3171508695398058, Train R²=0.6142578508172717
2024-10-31 13:31:08,205 - INFO - Trial 174: Test MSE=2.2129399265561784, Test R²=0.6397565858704704
2024-10-31 13:31:08,205 - INFO - ============================================================================================================================================================================================================================================================================================================
2024-10-31 13:31:08,206 - INFO - Trial 174 finished with value: 2.2129399265561784 and parameters: {'hidden_layers': 1, 'hidden_units': 256, 'dropout_rate': 0.7896106776158454, 'learning_rate': 0.001176846714183904, 'weight_decay': 0.00031312624046928755, 'batch_size': 512, 'tree_depth': 11}. Best is trial 104 with value: 2.1955713714872087.
2024-10-31 13:31:45,222 - INFO - Parameters: {'hidden_layers': 1, 'hidden_units': 256, 'dropout_rate': 0.7709248904666834, 'learning_rate': 0.0011225267512895913, 'weight_decay': 0.00032106738214754833, 'batch_size': 512, 'tree_depth': 11}
2024-10-31 13:31:45,222 - INFO - Trial 175: Train MSE=2.1873036665575847, Train R²=0.6356293899672372
2024-10-31 13:31:45,222 - INFO - Trial 175: Test MSE=2.218040636607579, Test R²=0.6388981257166181
2024-10-31 13:31:45,222 - INFO - ============================================================================================================================================================================================================================================================================================================
2024-10-31 13:31:45,223 - INFO - Trial 175 finished with value: 2.218040636607579 and parameters: {'hidden_layers': 1, 'hidden_units': 256, 'dropout_rate': 0.7709248904666834, 'learning_rate': 0.0011225267512895913, 'weight_decay': 0.00032106738214754833, 'batch_size': 512, 'tree_depth': 11}. Best is trial 104 with value: 2.1955713714872087.
2024-10-31 13:32:34,091 - INFO - Parameters: {'hidden_layers': 1, 'hidden_units': 1024, 'dropout_rate': 0.7643432158816894, 'learning_rate': 0.001175898261309807, 'weight_decay': 0.0003626117739399305, 'batch_size': 512, 'tree_depth': 11}
2024-10-31 13:32:34,091 - INFO - Trial 176: Train MSE=1.7491008383887154, Train R²=0.7099888239588056
2024-10-31 13:32:34,091 - INFO - Trial 176: Test MSE=2.2682385614940097, Test R²=0.630806531224932
2024-10-31 13:32:34,091 - INFO - ============================================================================================================================================================================================================================================================================================================
2024-10-31 13:32:34,092 - INFO - Trial 176 finished with value: 2.2682385614940097 and parameters: {'hidden_layers': 1, 'hidden_units': 1024, 'dropout_rate': 0.7643432158816894, 'learning_rate': 0.001175898261309807, 'weight_decay': 0.0003626117739399305, 'batch_size': 512, 'tree_depth': 11}. Best is trial 104 with value: 2.1955713714872087.
2024-10-31 13:33:14,990 - INFO - Parameters: {'hidden_layers': 1, 'hidden_units': 128, 'dropout_rate': 0.7512260841549954, 'learning_rate': 0.001069629129809031, 'weight_decay': 0.0003202924852985759, 'batch_size': 1024, 'tree_depth': 11}
2024-10-31 13:33:14,990 - INFO - Trial 177: Train MSE=2.9930854184286937, Train R²=0.5033307203224727
2024-10-31 13:33:14,990 - INFO - Trial 177: Test MSE=2.2319790720939636, Test R²=0.6343071609735489
2024-10-31 13:33:14,990 - INFO - ============================================================================================================================================================================================================================================================================================================
2024-10-31 13:33:14,992 - INFO - Trial 177 finished with value: 2.2319790720939636 and parameters: {'hidden_layers': 1, 'hidden_units': 128, 'dropout_rate': 0.7512260841549954, 'learning_rate': 0.001069629129809031, 'weight_decay': 0.0003202924852985759, 'batch_size': 1024, 'tree_depth': 11}. Best is trial 104 with value: 2.1955713714872087.
2024-10-31 13:33:52,014 - INFO - Parameters: {'hidden_layers': 1, 'hidden_units': 256, 'dropout_rate': 0.6016647024292117, 'learning_rate': 0.001264340823566805, 'weight_decay': 0.00033738032488235374, 'batch_size': 512, 'tree_depth': 11}
2024-10-31 13:33:52,015 - INFO - Trial 178: Train MSE=1.1434106252023153, Train R²=0.8094290367194584
2024-10-31 13:33:52,015 - INFO - Trial 178: Test MSE=2.3678841590881348, Test R²=0.6145918624741691
2024-10-31 13:33:52,015 - INFO - ============================================================================================================================================================================================================================================================================================================
