2024-10-31 20:15:42,457 - INFO - Trial 786 finished with value: 2.2374651772635326 and parameters: {'hidden_layers': 1, 'hidden_units': 256, 'dropout_rate': 0.7911437471067767, 'learning_rate': 0.0010796280629078831, 'weight_decay': 0.00034117084123582483, 'batch_size': 512, 'tree_depth': 11}. Best is trial 601 with value: 2.1809195450374057.
2024-10-31 20:16:26,776 - INFO - Parameters: {'hidden_layers': 1, 'hidden_units': 256, 'dropout_rate': 0.7640186017685331, 'learning_rate': 0.0012939836722522708, 'weight_decay': 0.00028444971802815466, 'batch_size': 512, 'tree_depth': 11}
2024-10-31 20:16:26,777 - INFO - Trial 787: Train MSE=2.0643977395125797, Train R²=0.6561879515647888
2024-10-31 20:16:26,777 - INFO - Trial 787: Test MSE=2.257557613509042, Test R²=0.6327319826398577
2024-10-31 20:16:26,777 - INFO - ============================================================================================================================================================================================================================================================================================================
2024-10-31 20:16:26,778 - INFO - Trial 787 finished with value: 2.257557613509042 and parameters: {'hidden_layers': 1, 'hidden_units': 256, 'dropout_rate': 0.7640186017685331, 'learning_rate': 0.0012939836722522708, 'weight_decay': 0.00028444971802815466, 'batch_size': 512, 'tree_depth': 11}. Best is trial 601 with value: 2.1809195450374057.
2024-10-31 20:17:11,276 - INFO - Parameters: {'hidden_layers': 1, 'hidden_units': 256, 'dropout_rate': 0.7815960323686642, 'learning_rate': 0.001471809392526785, 'weight_decay': 0.0009679390794049367, 'batch_size': 512, 'tree_depth': 11}
2024-10-31 20:17:11,276 - INFO - Trial 788: Train MSE=2.139282579932894, Train R²=0.6437623287950244
2024-10-31 20:17:11,276 - INFO - Trial 788: Test MSE=2.2357844965798512, Test R²=0.6360723887171064
2024-10-31 20:17:11,276 - INFO - ============================================================================================================================================================================================================================================================================================================
2024-10-31 20:17:11,277 - INFO - Trial 788 finished with value: 2.2357844965798512 and parameters: {'hidden_layers': 1, 'hidden_units': 256, 'dropout_rate': 0.7815960323686642, 'learning_rate': 0.001471809392526785, 'weight_decay': 0.0009679390794049367, 'batch_size': 512, 'tree_depth': 11}. Best is trial 601 with value: 2.1809195450374057.
2024-10-31 20:17:55,407 - INFO - Parameters: {'hidden_layers': 1, 'hidden_units': 256, 'dropout_rate': 0.7833577837094782, 'learning_rate': 0.0010328527445931067, 'weight_decay': 0.00032731713387160953, 'batch_size': 512, 'tree_depth': 11}
2024-10-31 20:17:55,408 - INFO - Trial 789: Train MSE=2.3231164131845747, Train R²=0.6128442457744053
2024-10-31 20:17:55,408 - INFO - Trial 789: Test MSE=2.2538848434175764, Test R²=0.633314950125558
2024-10-31 20:17:55,408 - INFO - ============================================================================================================================================================================================================================================================================================================
2024-10-31 20:17:55,409 - INFO - Trial 789 finished with value: 2.2538848434175764 and parameters: {'hidden_layers': 1, 'hidden_units': 256, 'dropout_rate': 0.7833577837094782, 'learning_rate': 0.0010328527445931067, 'weight_decay': 0.00032731713387160953, 'batch_size': 512, 'tree_depth': 11}. Best is trial 601 with value: 2.1809195450374057.
2024-10-31 20:19:40,140 - INFO - Parameters: {'hidden_layers': 1, 'hidden_units': 256, 'dropout_rate': 0.7919992494480752, 'learning_rate': 0.0011487557255149769, 'weight_decay': 0.0008575966338378847, 'batch_size': 128, 'tree_depth': 11}
2024-10-31 20:19:40,140 - INFO - Trial 790: Train MSE=1.9899540820292063, Train R²=0.6645369923540524
2024-10-31 20:19:40,140 - INFO - Trial 790: Test MSE=2.2613733453410014, Test R²=0.625341751745769
2024-10-31 20:19:40,140 - INFO - ============================================================================================================================================================================================================================================================================================================
2024-10-31 20:19:40,142 - INFO - Trial 790 finished with value: 2.2613733453410014 and parameters: {'hidden_layers': 1, 'hidden_units': 256, 'dropout_rate': 0.7919992494480752, 'learning_rate': 0.0011487557255149769, 'weight_decay': 0.0008575966338378847, 'batch_size': 128, 'tree_depth': 11}. Best is trial 601 with value: 2.1809195450374057.
2024-10-31 20:20:12,784 - INFO - Parameters: {'hidden_layers': 1, 'hidden_units': 512, 'dropout_rate': 0.7995759441944824, 'learning_rate': 0.001247726267950581, 'weight_decay': 0.00037752655615928127, 'batch_size': 512, 'tree_depth': 11}
2024-10-31 20:20:12,785 - INFO - Trial 791: Train MSE=2.0578343059335436, Train R²=0.657105103135109
2024-10-31 20:20:12,785 - INFO - Trial 791: Test MSE=2.2209565469196866, Test R²=0.6386099202292306
2024-10-31 20:20:12,785 - INFO - ============================================================================================================================================================================================================================================================================================================
2024-10-31 20:20:12,786 - INFO - Trial 791 finished with value: 2.2209565469196866 and parameters: {'hidden_layers': 1, 'hidden_units': 512, 'dropout_rate': 0.7995759441944824, 'learning_rate': 0.001247726267950581, 'weight_decay': 0.00037752655615928127, 'batch_size': 512, 'tree_depth': 11}. Best is trial 601 with value: 2.1809195450374057.
2024-10-31 20:20:49,351 - INFO - Parameters: {'hidden_layers': 1, 'hidden_units': 128, 'dropout_rate': 0.771600032796178, 'learning_rate': 0.0010821762289683246, 'weight_decay': 0.00029846597086831796, 'batch_size': 512, 'tree_depth': 11}
2024-10-31 20:20:49,351 - INFO - Trial 792: Train MSE=2.715956279209682, Train R²=0.5483038829905647
2024-10-31 20:20:49,351 - INFO - Trial 792: Test MSE=2.2416177477155412, Test R²=0.6351837175233024
2024-10-31 20:20:49,351 - INFO - ============================================================================================================================================================================================================================================================================================================
2024-10-31 20:20:49,352 - INFO - Trial 792 finished with value: 2.2416177477155412 and parameters: {'hidden_layers': 1, 'hidden_units': 128, 'dropout_rate': 0.771600032796178, 'learning_rate': 0.0010821762289683246, 'weight_decay': 0.00029846597086831796, 'batch_size': 512, 'tree_depth': 11}. Best is trial 601 with value: 2.1809195450374057.
2024-10-31 20:21:34,180 - INFO - Parameters: {'hidden_layers': 1, 'hidden_units': 256, 'dropout_rate': 0.4021214227255171, 'learning_rate': 0.001315299456476437, 'weight_decay': 0.00040851024461311633, 'batch_size': 512, 'tree_depth': 11}
2024-10-31 20:21:34,180 - INFO - Trial 793: Train MSE=0.6683438643813133, Train R²=0.888575228197234
2024-10-31 20:21:34,181 - INFO - Trial 793: Test MSE=2.3649069581712996, Test R²=0.6151216966765267
2024-10-31 20:21:34,181 - INFO - ============================================================================================================================================================================================================================================================================================================
2024-10-31 20:21:34,182 - INFO - Trial 793 finished with value: 2.3649069581712996 and parameters: {'hidden_layers': 1, 'hidden_units': 256, 'dropout_rate': 0.4021214227255171, 'learning_rate': 0.001315299456476437, 'weight_decay': 0.00040851024461311633, 'batch_size': 512, 'tree_depth': 11}. Best is trial 601 with value: 2.1809195450374057.
2024-10-31 20:22:18,535 - INFO - Parameters: {'hidden_layers': 1, 'hidden_units': 256, 'dropout_rate': 0.7844977717473527, 'learning_rate': 0.0011923525495955028, 'weight_decay': 0.0009485599934137097, 'batch_size': 512, 'tree_depth': 11}
2024-10-31 20:22:18,535 - INFO - Trial 794: Train MSE=2.2205178482191905, Train R²=0.6299130746296474
2024-10-31 20:22:18,535 - INFO - Trial 794: Test MSE=2.211092097418649, Test R²=0.6401331765311105
2024-10-31 20:22:18,535 - INFO - ============================================================================================================================================================================================================================================================================================================
2024-10-31 20:22:18,536 - INFO - Trial 794 finished with value: 2.211092097418649 and parameters: {'hidden_layers': 1, 'hidden_units': 256, 'dropout_rate': 0.7844977717473527, 'learning_rate': 0.0011923525495955028, 'weight_decay': 0.0009485599934137097, 'batch_size': 512, 'tree_depth': 11}. Best is trial 601 with value: 2.1809195450374057.
2024-10-31 20:23:02,707 - INFO - Parameters: {'hidden_layers': 1, 'hidden_units': 256, 'dropout_rate': 0.7535314225411005, 'learning_rate': 0.001521397398286931, 'weight_decay': 0.0007734189077621162, 'batch_size': 512, 'tree_depth': 11}
2024-10-31 20:23:02,707 - INFO - Trial 795: Train MSE=1.9209056454045432, Train R²=0.679854976279395
2024-10-31 20:23:02,707 - INFO - Trial 795: Test MSE=2.21568078654153, Test R²=0.6392979451588222
2024-10-31 20:23:02,708 - INFO - ============================================================================================================================================================================================================================================================================================================
2024-10-31 20:23:02,709 - INFO - Trial 795 finished with value: 2.21568078654153 and parameters: {'hidden_layers': 1, 'hidden_units': 256, 'dropout_rate': 0.7535314225411005, 'learning_rate': 0.001521397398286931, 'weight_decay': 0.0007734189077621162, 'batch_size': 512, 'tree_depth': 11}. Best is trial 601 with value: 2.1809195450374057.
2024-10-31 20:23:46,697 - INFO - Parameters: {'hidden_layers': 1, 'hidden_units': 256, 'dropout_rate': 0.768261937560402, 'learning_rate': 0.001205761257756665, 'weight_decay': 0.0009884081107224536, 'batch_size': 512, 'tree_depth': 11}
2024-10-31 20:23:46,697 - INFO - Trial 796: Train MSE=2.0966890241418565, Train R²=0.6500576904841832
2024-10-31 20:23:46,697 - INFO - Trial 796: Test MSE=2.240426710673741, Test R²=0.6352522713797433
2024-10-31 20:23:46,697 - INFO - ============================================================================================================================================================================================================================================================================================================
2024-10-31 20:23:46,698 - INFO - Trial 796 finished with value: 2.240426710673741 and parameters: {'hidden_layers': 1, 'hidden_units': 256, 'dropout_rate': 0.768261937560402, 'learning_rate': 0.001205761257756665, 'weight_decay': 0.0009884081107224536, 'batch_size': 512, 'tree_depth': 11}. Best is trial 601 with value: 2.1809195450374057.
2024-10-31 20:24:30,308 - INFO - Parameters: {'hidden_layers': 1, 'hidden_units': 256, 'dropout_rate': 0.7998419302593843, 'learning_rate': 0.001377920592114006, 'weight_decay': 0.0004476622433327275, 'batch_size': 512, 'tree_depth': 11}
2024-10-31 20:24:30,309 - INFO - Trial 797: Train MSE=2.389634817838669, Train R²=0.6022341677120754
2024-10-31 20:24:30,309 - INFO - Trial 797: Test MSE=2.2129348005567278, Test R²=0.6397433110645839
2024-10-31 20:24:30,309 - INFO - ============================================================================================================================================================================================================================================================================================================
2024-10-31 20:24:30,310 - INFO - Trial 797 finished with value: 2.2129348005567278 and parameters: {'hidden_layers': 1, 'hidden_units': 256, 'dropout_rate': 0.7998419302593843, 'learning_rate': 0.001377920592114006, 'weight_decay': 0.0004476622433327275, 'batch_size': 512, 'tree_depth': 11}. Best is trial 601 with value: 2.1809195450374057.
2024-10-31 20:25:14,091 - INFO - Parameters: {'hidden_layers': 1, 'hidden_units': 256, 'dropout_rate': 0.7917326936715825, 'learning_rate': 0.001740291686942902, 'weight_decay': 0.000926765356083948, 'batch_size': 512, 'tree_depth': 11}
2024-10-31 20:25:14,092 - INFO - Trial 798: Train MSE=2.1969217317444936, Train R²=0.6330118732792991
2024-10-31 20:25:14,092 - INFO - Trial 798: Test MSE=2.2485803025109425, Test R²=0.6339091488293239
2024-10-31 20:25:14,092 - INFO - ============================================================================================================================================================================================================================================================================================================
2024-10-31 20:25:14,093 - INFO - Trial 798 finished with value: 2.2485803025109425 and parameters: {'hidden_layers': 1, 'hidden_units': 256, 'dropout_rate': 0.7917326936715825, 'learning_rate': 0.001740291686942902, 'weight_decay': 0.000926765356083948, 'batch_size': 512, 'tree_depth': 11}. Best is trial 601 with value: 2.1809195450374057.
2024-10-31 20:25:57,728 - INFO - Parameters: {'hidden_layers': 1, 'hidden_units': 256, 'dropout_rate': 0.782379250388287, 'learning_rate': 0.001452771636211421, 'weight_decay': 0.0008847100803420234, 'batch_size': 512, 'tree_depth': 11}
2024-10-31 20:25:57,729 - INFO - Trial 799: Train MSE=2.1122390925884247, Train R²=0.6485717445611954
2024-10-31 20:25:57,729 - INFO - Trial 799: Test MSE=2.2237818241119385, Test R²=0.6379392232213702
2024-10-31 20:25:57,729 - INFO - ============================================================================================================================================================================================================================================================================================================
2024-10-31 20:25:57,730 - INFO - Trial 799 finished with value: 2.2237818241119385 and parameters: {'hidden_layers': 1, 'hidden_units': 256, 'dropout_rate': 0.782379250388287, 'learning_rate': 0.001452771636211421, 'weight_decay': 0.0008847100803420234, 'batch_size': 512, 'tree_depth': 11}. Best is trial 601 with value: 2.1809195450374057.
2024-10-31 20:26:41,155 - INFO - Parameters: {'hidden_layers': 1, 'hidden_units': 256, 'dropout_rate': 0.7995001349249302, 'learning_rate': 0.001616019580840733, 'weight_decay': 0.0009546992990897849, 'batch_size': 512, 'tree_depth': 11}
2024-10-31 20:26:41,155 - INFO - Trial 800: Train MSE=2.2937115260532925, Train R²=0.6174491771629879
2024-10-31 20:26:41,155 - INFO - Trial 800: Test MSE=2.226815564291818, Test R²=0.6375311613082886
2024-10-31 20:26:41,155 - INFO - ============================================================================================================================================================================================================================================================================================================
2024-10-31 20:26:41,157 - INFO - Trial 800 finished with value: 2.226815564291818 and parameters: {'hidden_layers': 1, 'hidden_units': 256, 'dropout_rate': 0.7995001349249302, 'learning_rate': 0.001616019580840733, 'weight_decay': 0.0009546992990897849, 'batch_size': 512, 'tree_depth': 11}. Best is trial 601 with value: 2.1809195450374057.
2024-10-31 20:27:24,995 - INFO - Parameters: {'hidden_layers': 1, 'hidden_units': 256, 'dropout_rate': 0.7995848949268703, 'learning_rate': 0.0013784611426983328, 'weight_decay': 0.00042888995421033646, 'batch_size': 512, 'tree_depth': 11}
2024-10-31 20:27:24,996 - INFO - Trial 801: Train MSE=2.2883772935186113, Train R²=0.618332211460386
2024-10-31 20:27:24,996 - INFO - Trial 801: Test MSE=2.235088586807251, Test R²=0.6362932920455933
2024-10-31 20:27:24,996 - INFO - ============================================================================================================================================================================================================================================================================================================
2024-10-31 20:27:24,997 - INFO - Trial 801 finished with value: 2.235088586807251 and parameters: {'hidden_layers': 1, 'hidden_units': 256, 'dropout_rate': 0.7995848949268703, 'learning_rate': 0.0013784611426983328, 'weight_decay': 0.00042888995421033646, 'batch_size': 512, 'tree_depth': 11}. Best is trial 601 with value: 2.1809195450374057.
2024-10-31 20:28:08,907 - INFO - Parameters: {'hidden_layers': 1, 'hidden_units': 256, 'dropout_rate': 0.735133268086706, 'learning_rate': 0.0015021810029948305, 'weight_decay': 0.00044260964035208907, 'batch_size': 512, 'tree_depth': 11}
2024-10-31 20:28:08,907 - INFO - Trial 802: Train MSE=1.790761181286403, Train R²=0.7019844800233841
2024-10-31 20:28:08,907 - INFO - Trial 802: Test MSE=2.2500027247837613, Test R²=0.6337697846548898
2024-10-31 20:28:08,907 - INFO - ============================================================================================================================================================================================================================================================================================================
2024-10-31 20:28:08,909 - INFO - Trial 802 finished with value: 2.2500027247837613 and parameters: {'hidden_layers': 1, 'hidden_units': 256, 'dropout_rate': 0.735133268086706, 'learning_rate': 0.0015021810029948305, 'weight_decay': 0.00044260964035208907, 'batch_size': 512, 'tree_depth': 11}. Best is trial 601 with value: 2.1809195450374057.
2024-10-31 20:28:50,852 - INFO - Parameters: {'hidden_layers': 1, 'hidden_units': 256, 'dropout_rate': 0.7767514707348008, 'learning_rate': 0.0013337469667309293, 'weight_decay': 0.00045920633025429156, 'batch_size': 512, 'tree_depth': 8}
2024-10-31 20:28:50,852 - INFO - Trial 803: Train MSE=2.5316376430647716, Train R²=0.5764571279287338
2024-10-31 20:28:50,852 - INFO - Trial 803: Test MSE=2.28937714440482, Test R²=0.6271861621311733
2024-10-31 20:28:50,852 - INFO - ============================================================================================================================================================================================================================================================================================================
2024-10-31 20:28:50,853 - INFO - Trial 803 finished with value: 2.28937714440482 and parameters: {'hidden_layers': 1, 'hidden_units': 256, 'dropout_rate': 0.7767514707348008, 'learning_rate': 0.0013337469667309293, 'weight_decay': 0.00045920633025429156, 'batch_size': 512, 'tree_depth': 8}. Best is trial 601 with value: 2.1809195450374057.
2024-10-31 20:29:35,494 - INFO - Parameters: {'hidden_layers': 1, 'hidden_units': 256, 'dropout_rate': 0.7838254058828635, 'learning_rate': 0.0012149494740971985, 'weight_decay': 0.0009319072197346049, 'batch_size': 512, 'tree_depth': 11}
2024-10-31 20:29:35,495 - INFO - Trial 804: Train MSE=2.235200456210545, Train R²=0.6276003548077175
2024-10-31 20:29:35,495 - INFO - Trial 804: Test MSE=2.2357384817940846, Test R²=0.6361474735396249
2024-10-31 20:29:35,495 - INFO - ============================================================================================================================================================================================================================================================================================================
2024-10-31 20:29:35,496 - INFO - Trial 804 finished with value: 2.2357384817940846 and parameters: {'hidden_layers': 1, 'hidden_units': 256, 'dropout_rate': 0.7838254058828635, 'learning_rate': 0.0012149494740971985, 'weight_decay': 0.0009319072197346049, 'batch_size': 512, 'tree_depth': 11}. Best is trial 601 with value: 2.1809195450374057.
2024-10-31 20:30:13,362 - INFO - Parameters: {'hidden_layers': 1, 'hidden_units': 256, 'dropout_rate': 0.7606479559956297, 'learning_rate': 0.0016206380561387995, 'weight_decay': 0.0008963411185306167, 'batch_size': 1024, 'tree_depth': 11}
2024-10-31 20:30:13,362 - INFO - Trial 805: Train MSE=2.2759987115859985, Train R²=0.6218729146889278
2024-10-31 20:30:13,363 - INFO - Trial 805: Test MSE=2.24133962392807, Test R²=0.6325771659612656
2024-10-31 20:30:13,363 - INFO - ============================================================================================================================================================================================================================================================================================================
