2024-10-31 19:29:50,353 - INFO - Trial 710 finished with value: 2.243167076792036 and parameters: {'hidden_layers': 1, 'hidden_units': 256, 'dropout_rate': 0.799722905036425, 'learning_rate': 0.0015530122741771236, 'weight_decay': 0.0003066341448940099, 'batch_size': 512, 'tree_depth': 11}. Best is trial 601 with value: 2.1809195450374057.
2024-10-31 19:30:23,730 - INFO - Parameters: {'hidden_layers': 1, 'hidden_units': 256, 'dropout_rate': 0.7711319915556331, 'learning_rate': 0.0012447844437269632, 'weight_decay': 0.00024322118331776183, 'batch_size': 512, 'tree_depth': 11}
2024-10-31 19:30:23,730 - INFO - Trial 711: Train MSE=2.106417898620878, Train R²=0.6496554676975522
2024-10-31 19:30:23,731 - INFO - Trial 711: Test MSE=2.2097319194248746, Test R²=0.6402124762535095
2024-10-31 19:30:23,731 - INFO - ============================================================================================================================================================================================================================================================================================================
2024-10-31 19:30:23,732 - INFO - Trial 711 finished with value: 2.2097319194248746 and parameters: {'hidden_layers': 1, 'hidden_units': 256, 'dropout_rate': 0.7711319915556331, 'learning_rate': 0.0012447844437269632, 'weight_decay': 0.00024322118331776183, 'batch_size': 512, 'tree_depth': 11}. Best is trial 601 with value: 2.1809195450374057.
2024-10-31 19:30:59,659 - INFO - Parameters: {'hidden_layers': 4, 'hidden_units': 256, 'dropout_rate': 0.7648218219638137, 'learning_rate': 0.0011748962926616902, 'weight_decay': 0.0002217403498107211, 'batch_size': 512, 'tree_depth': 9}
2024-10-31 19:30:59,659 - INFO - Trial 712: Train MSE=2.892700186797551, Train R²=0.5193164199590683
2024-10-31 19:30:59,659 - INFO - Trial 712: Test MSE=2.3533835411071777, Test R²=0.6170765246663775
2024-10-31 19:30:59,659 - INFO - ============================================================================================================================================================================================================================================================================================================
2024-10-31 19:30:59,661 - INFO - Trial 712 finished with value: 2.3533835411071777 and parameters: {'hidden_layers': 4, 'hidden_units': 256, 'dropout_rate': 0.7648218219638137, 'learning_rate': 0.0011748962926616902, 'weight_decay': 0.0002217403498107211, 'batch_size': 512, 'tree_depth': 9}. Best is trial 601 with value: 2.1809195450374057.
2024-10-31 19:31:31,272 - INFO - Parameters: {'hidden_layers': 1, 'hidden_units': 256, 'dropout_rate': 0.7711598989245286, 'learning_rate': 0.0010407978623947483, 'weight_decay': 0.00022380982136999778, 'batch_size': 512, 'tree_depth': 12}
2024-10-31 19:31:31,272 - INFO - Trial 713: Train MSE=2.2896948882511685, Train R²=0.6194075409855161
2024-10-31 19:31:31,273 - INFO - Trial 713: Test MSE=2.230070539883205, Test R²=0.6369686467306954
2024-10-31 19:31:31,273 - INFO - ============================================================================================================================================================================================================================================================================================================
2024-10-31 19:31:31,274 - INFO - Trial 713 finished with value: 2.230070539883205 and parameters: {'hidden_layers': 1, 'hidden_units': 256, 'dropout_rate': 0.7711598989245286, 'learning_rate': 0.0010407978623947483, 'weight_decay': 0.00022380982136999778, 'batch_size': 512, 'tree_depth': 12}. Best is trial 601 with value: 2.1809195450374057.
2024-10-31 19:32:02,403 - INFO - Parameters: {'hidden_layers': 1, 'hidden_units': 256, 'dropout_rate': 0.7454802848902107, 'learning_rate': 0.0012838642570145355, 'weight_decay': 0.00023799879918849742, 'batch_size': 512, 'tree_depth': 11}
2024-10-31 19:32:02,403 - INFO - Trial 714: Train MSE=1.9436318363462175, Train R²=0.6769385486841202
2024-10-31 19:32:02,403 - INFO - Trial 714: Test MSE=2.2257435832704817, Test R²=0.6376886027199882
2024-10-31 19:32:02,403 - INFO - ============================================================================================================================================================================================================================================================================================================
2024-10-31 19:32:02,405 - INFO - Trial 714 finished with value: 2.2257435832704817 and parameters: {'hidden_layers': 1, 'hidden_units': 256, 'dropout_rate': 0.7454802848902107, 'learning_rate': 0.0012838642570145355, 'weight_decay': 0.00023799879918849742, 'batch_size': 512, 'tree_depth': 11}. Best is trial 601 with value: 2.1809195450374057.
2024-10-31 19:32:33,856 - INFO - Parameters: {'hidden_layers': 1, 'hidden_units': 256, 'dropout_rate': 0.7920614074450874, 'learning_rate': 0.001127983733192217, 'weight_decay': 0.0002461734844850576, 'batch_size': 512, 'tree_depth': 10}
2024-10-31 19:32:33,856 - INFO - Trial 715: Train MSE=2.5150988016809737, Train R²=0.5807691812515259
2024-10-31 19:32:33,856 - INFO - Trial 715: Test MSE=2.2375741686139787, Test R²=0.6359199455806187
2024-10-31 19:32:33,856 - INFO - ============================================================================================================================================================================================================================================================================================================
2024-10-31 19:32:33,858 - INFO - Trial 715 finished with value: 2.2375741686139787 and parameters: {'hidden_layers': 1, 'hidden_units': 256, 'dropout_rate': 0.7920614074450874, 'learning_rate': 0.001127983733192217, 'weight_decay': 0.0002461734844850576, 'batch_size': 512, 'tree_depth': 10}. Best is trial 601 with value: 2.1809195450374057.
2024-10-31 19:33:05,541 - INFO - Parameters: {'hidden_layers': 1, 'hidden_units': 256, 'dropout_rate': 0.780303372497014, 'learning_rate': 0.0012369217131887819, 'weight_decay': 0.00025342486605345067, 'batch_size': 512, 'tree_depth': 11}
2024-10-31 19:33:05,541 - INFO - Trial 716: Train MSE=2.2026125405515944, Train R²=0.6339892042534692
2024-10-31 19:33:05,542 - INFO - Trial 716: Test MSE=2.2227874313082014, Test R²=0.6381079128810337
2024-10-31 19:33:05,542 - INFO - ============================================================================================================================================================================================================================================================================================================
2024-10-31 19:33:05,543 - INFO - Trial 716 finished with value: 2.2227874313082014 and parameters: {'hidden_layers': 1, 'hidden_units': 256, 'dropout_rate': 0.780303372497014, 'learning_rate': 0.0012369217131887819, 'weight_decay': 0.00025342486605345067, 'batch_size': 512, 'tree_depth': 11}. Best is trial 601 with value: 2.1809195450374057.
2024-10-31 19:33:37,818 - INFO - Parameters: {'hidden_layers': 1, 'hidden_units': 512, 'dropout_rate': 0.758999794412499, 'learning_rate': 0.001052651122471866, 'weight_decay': 0.0002367567090264196, 'batch_size': 512, 'tree_depth': 11}
2024-10-31 19:33:37,818 - INFO - Trial 717: Train MSE=1.8905108869075775, Train R²=0.6854940567697797
2024-10-31 19:33:37,818 - INFO - Trial 717: Test MSE=2.2430340221949985, Test R²=0.6348410078457424
2024-10-31 19:33:37,818 - INFO - ============================================================================================================================================================================================================================================================================================================
2024-10-31 19:33:37,819 - INFO - Trial 717 finished with value: 2.2430340221949985 and parameters: {'hidden_layers': 1, 'hidden_units': 512, 'dropout_rate': 0.758999794412499, 'learning_rate': 0.001052651122471866, 'weight_decay': 0.0002367567090264196, 'batch_size': 512, 'tree_depth': 11}. Best is trial 601 with value: 2.1809195450374057.
2024-10-31 19:34:19,654 - INFO - Parameters: {'hidden_layers': 1, 'hidden_units': 128, 'dropout_rate': 0.7910643243973732, 'learning_rate': 0.0009809447401997469, 'weight_decay': 0.00023206363849352378, 'batch_size': 512, 'tree_depth': 12}
2024-10-31 19:34:19,654 - INFO - Trial 718: Train MSE=3.0151128939219882, Train R²=0.4965393862554005
2024-10-31 19:34:19,654 - INFO - Trial 718: Test MSE=2.264760596411569, Test R²=0.6313665764672416
2024-10-31 19:34:19,655 - INFO - ============================================================================================================================================================================================================================================================================================================
2024-10-31 19:34:19,656 - INFO - Trial 718 finished with value: 2.264760596411569 and parameters: {'hidden_layers': 1, 'hidden_units': 128, 'dropout_rate': 0.7910643243973732, 'learning_rate': 0.0009809447401997469, 'weight_decay': 0.00023206363849352378, 'batch_size': 512, 'tree_depth': 12}. Best is trial 601 with value: 2.1809195450374057.
2024-10-31 19:34:51,332 - INFO - Parameters: {'hidden_layers': 1, 'hidden_units': 256, 'dropout_rate': 0.7741168329602375, 'learning_rate': 0.0026182488704835334, 'weight_decay': 0.0002132616223264793, 'batch_size': 512, 'tree_depth': 11}
2024-10-31 19:34:51,332 - INFO - Trial 719: Train MSE=1.9607634501797813, Train R²=0.6731056123971939
2024-10-31 19:34:51,333 - INFO - Trial 719: Test MSE=2.2555633783340454, Test R²=0.6327930092811584
2024-10-31 19:34:51,333 - INFO - ============================================================================================================================================================================================================================================================================================================
2024-10-31 19:34:51,334 - INFO - Trial 719 finished with value: 2.2555633783340454 and parameters: {'hidden_layers': 1, 'hidden_units': 256, 'dropout_rate': 0.7741168329602375, 'learning_rate': 0.0026182488704835334, 'weight_decay': 0.0002132616223264793, 'batch_size': 512, 'tree_depth': 11}. Best is trial 601 with value: 2.1809195450374057.
2024-10-31 19:36:04,774 - INFO - Parameters: {'hidden_layers': 1, 'hidden_units': 256, 'dropout_rate': 0.7848785772229446, 'learning_rate': 0.0011971462466291787, 'weight_decay': 0.00023962593244174983, 'batch_size': 128, 'tree_depth': 11}
2024-10-31 19:36:04,774 - INFO - Trial 720: Train MSE=1.806597916143281, Train R²=0.6945802377802985
2024-10-31 19:36:04,774 - INFO - Trial 720: Test MSE=2.2542448937892914, Test R²=0.6255302833659309
2024-10-31 19:36:04,774 - INFO - ============================================================================================================================================================================================================================================================================================================
2024-10-31 19:36:04,775 - INFO - Trial 720 finished with value: 2.2542448937892914 and parameters: {'hidden_layers': 1, 'hidden_units': 256, 'dropout_rate': 0.7848785772229446, 'learning_rate': 0.0011971462466291787, 'weight_decay': 0.00023962593244174983, 'batch_size': 128, 'tree_depth': 11}. Best is trial 601 with value: 2.1809195450374057.
2024-10-31 19:36:35,665 - INFO - Parameters: {'hidden_layers': 1, 'hidden_units': 256, 'dropout_rate': 0.7995299105633112, 'learning_rate': 0.000868607294216955, 'weight_decay': 0.00026127274241434685, 'batch_size': 512, 'tree_depth': 11}
2024-10-31 19:36:35,665 - INFO - Trial 721: Train MSE=2.7024832538196017, Train R²=0.5500440469809941
2024-10-31 19:36:35,665 - INFO - Trial 721: Test MSE=2.2732904297964915, Test R²=0.6299543295587812
2024-10-31 19:36:35,665 - INFO - ============================================================================================================================================================================================================================================================================================================
2024-10-31 19:36:35,667 - INFO - Trial 721 finished with value: 2.2732904297964915 and parameters: {'hidden_layers': 1, 'hidden_units': 256, 'dropout_rate': 0.7995299105633112, 'learning_rate': 0.000868607294216955, 'weight_decay': 0.00026127274241434685, 'batch_size': 512, 'tree_depth': 11}. Best is trial 601 with value: 2.1809195450374057.
2024-10-31 19:37:07,879 - INFO - Parameters: {'hidden_layers': 1, 'hidden_units': 256, 'dropout_rate': 0.6281154396773898, 'learning_rate': 0.0011141562494261397, 'weight_decay': 0.00025373108012807387, 'batch_size': 512, 'tree_depth': 12}
2024-10-31 19:37:07,879 - INFO - Trial 722: Train MSE=1.3178507047040122, Train R²=0.7810213203941073
2024-10-31 19:37:07,879 - INFO - Trial 722: Test MSE=2.34673844064985, Test R²=0.6178524323872158
2024-10-31 19:37:07,879 - INFO - ============================================================================================================================================================================================================================================================================================================
2024-10-31 19:37:07,881 - INFO - Trial 722 finished with value: 2.34673844064985 and parameters: {'hidden_layers': 1, 'hidden_units': 256, 'dropout_rate': 0.6281154396773898, 'learning_rate': 0.0011141562494261397, 'weight_decay': 0.00025373108012807387, 'batch_size': 512, 'tree_depth': 12}. Best is trial 601 with value: 2.1809195450374057.
2024-10-31 19:37:41,447 - INFO - Parameters: {'hidden_layers': 1, 'hidden_units': 256, 'dropout_rate': 0.7998065395297848, 'learning_rate': 0.0013055020642771685, 'weight_decay': 0.00024486442449616377, 'batch_size': 512, 'tree_depth': 11}
2024-10-31 19:37:41,448 - INFO - Trial 723: Train MSE=2.431442712034498, Train R²=0.5949405005999974
2024-10-31 19:37:41,448 - INFO - Trial 723: Test MSE=2.2328611442020962, Test R²=0.6364837118557521
2024-10-31 19:37:41,448 - INFO - ============================================================================================================================================================================================================================================================================================================
2024-10-31 19:37:41,449 - INFO - Trial 723 finished with value: 2.2328611442020962 and parameters: {'hidden_layers': 1, 'hidden_units': 256, 'dropout_rate': 0.7998065395297848, 'learning_rate': 0.0013055020642771685, 'weight_decay': 0.00024486442449616377, 'batch_size': 512, 'tree_depth': 11}. Best is trial 601 with value: 2.1809195450374057.
2024-10-31 19:38:13,862 - INFO - Parameters: {'hidden_layers': 1, 'hidden_units': 256, 'dropout_rate': 0.7673485547808195, 'learning_rate': 0.000959081532822993, 'weight_decay': 0.0002675162727099548, 'batch_size': 512, 'tree_depth': 12}
2024-10-31 19:38:13,862 - INFO - Trial 724: Train MSE=2.256578964846475, Train R²=0.6236960291862488
2024-10-31 19:38:13,862 - INFO - Trial 724: Test MSE=2.2160320622580394, Test R²=0.6392137152808053
2024-10-31 19:38:13,862 - INFO - ============================================================================================================================================================================================================================================================================================================
2024-10-31 19:38:13,865 - INFO - Trial 724 finished with value: 2.2160320622580394 and parameters: {'hidden_layers': 1, 'hidden_units': 256, 'dropout_rate': 0.7673485547808195, 'learning_rate': 0.000959081532822993, 'weight_decay': 0.0002675162727099548, 'batch_size': 512, 'tree_depth': 12}. Best is trial 601 with value: 2.1809195450374057.
2024-10-31 19:38:45,761 - INFO - Parameters: {'hidden_layers': 1, 'hidden_units': 256, 'dropout_rate': 0.7832297670086988, 'learning_rate': 0.0011307205980916964, 'weight_decay': 0.00023058862607007935, 'batch_size': 512, 'tree_depth': 11}
2024-10-31 19:38:45,761 - INFO - Trial 725: Train MSE=2.217331745794841, Train R²=0.6310100236109325
2024-10-31 19:38:45,761 - INFO - Trial 725: Test MSE=2.2418717997414723, Test R²=0.635068586894444
2024-10-31 19:38:45,761 - INFO - ============================================================================================================================================================================================================================================================================================================
2024-10-31 19:38:45,762 - INFO - Trial 725 finished with value: 2.2418717997414723 and parameters: {'hidden_layers': 1, 'hidden_units': 256, 'dropout_rate': 0.7832297670086988, 'learning_rate': 0.0011307205980916964, 'weight_decay': 0.00023058862607007935, 'batch_size': 512, 'tree_depth': 11}. Best is trial 601 with value: 2.1809195450374057.
2024-10-31 19:39:21,259 - INFO - Parameters: {'hidden_layers': 1, 'hidden_units': 256, 'dropout_rate': 0.7744359047516268, 'learning_rate': 0.005511921896496343, 'weight_decay': 0.00036490705215642385, 'batch_size': 512, 'tree_depth': 11}
2024-10-31 19:39:21,259 - INFO - Trial 726: Train MSE=1.9367847655500685, Train R²=0.6781120087419238
2024-10-31 19:39:21,259 - INFO - Trial 726: Test MSE=2.2389412948063443, Test R²=0.6354712588446481
2024-10-31 19:39:21,259 - INFO - ============================================================================================================================================================================================================================================================================================================
2024-10-31 19:39:21,261 - INFO - Trial 726 finished with value: 2.2389412948063443 and parameters: {'hidden_layers': 1, 'hidden_units': 256, 'dropout_rate': 0.7744359047516268, 'learning_rate': 0.005511921896496343, 'weight_decay': 0.00036490705215642385, 'batch_size': 512, 'tree_depth': 11}. Best is trial 601 with value: 2.1809195450374057.
2024-10-31 19:39:55,106 - INFO - Parameters: {'hidden_layers': 1, 'hidden_units': 256, 'dropout_rate': 0.7917339594971976, 'learning_rate': 0.0023443376018925, 'weight_decay': 0.0002626865755225368, 'batch_size': 512, 'tree_depth': 12}
2024-10-31 19:39:55,106 - INFO - Trial 727: Train MSE=2.1027140574795857, Train R²=0.6500903580869947
2024-10-31 19:39:55,106 - INFO - Trial 727: Test MSE=2.216061455862863, Test R²=0.639417290687561
2024-10-31 19:39:55,106 - INFO - ============================================================================================================================================================================================================================================================================================================
2024-10-31 19:39:55,108 - INFO - Trial 727 finished with value: 2.216061455862863 and parameters: {'hidden_layers': 1, 'hidden_units': 256, 'dropout_rate': 0.7917339594971976, 'learning_rate': 0.0023443376018925, 'weight_decay': 0.0002626865755225368, 'batch_size': 512, 'tree_depth': 12}. Best is trial 601 with value: 2.1809195450374057.
2024-10-31 19:40:26,486 - INFO - Parameters: {'hidden_layers': 1, 'hidden_units': 256, 'dropout_rate': 0.7829383828641294, 'learning_rate': 0.0013633882333414598, 'weight_decay': 0.00022176711126203506, 'batch_size': 512, 'tree_depth': 11}
2024-10-31 19:40:26,486 - INFO - Trial 728: Train MSE=2.2178352815764293, Train R²=0.6303354437862124
2024-10-31 19:40:26,486 - INFO - Trial 728: Test MSE=2.2364812067576816, Test R²=0.6358984793935504
2024-10-31 19:40:26,486 - INFO - ============================================================================================================================================================================================================================================================================================================
2024-10-31 19:40:26,488 - INFO - Trial 728 finished with value: 2.2364812067576816 and parameters: {'hidden_layers': 1, 'hidden_units': 256, 'dropout_rate': 0.7829383828641294, 'learning_rate': 0.0013633882333414598, 'weight_decay': 0.00022176711126203506, 'batch_size': 512, 'tree_depth': 11}. Best is trial 601 with value: 2.1809195450374057.
2024-10-31 19:40:53,824 - INFO - Parameters: {'hidden_layers': 1, 'hidden_units': 256, 'dropout_rate': 0.7880473281666873, 'learning_rate': 0.000730586207079003, 'weight_decay': 0.00024346033809438832, 'batch_size': 1024, 'tree_depth': 11}
2024-10-31 19:40:53,824 - INFO - Trial 729: Train MSE=3.4252916233880177, Train R²=0.43076713170324055
2024-10-31 19:40:53,824 - INFO - Trial 729: Test MSE=2.2634111642837524, Test R²=0.6291132867336273
2024-10-31 19:40:53,824 - INFO - ============================================================================================================================================================================================================================================================================================================
