2024-10-31 21:22:51,386 - INFO - Trial 881 finished with value: 2.251637978213174 and parameters: {'hidden_layers': 1, 'hidden_units': 256, 'dropout_rate': 0.782260160304695, 'learning_rate': 0.0012972913680962357, 'weight_decay': 0.0003131972501260113, 'batch_size': 256, 'tree_depth': 12}. Best is trial 601 with value: 2.1809195450374057.
2024-10-31 21:23:24,173 - INFO - Parameters: {'hidden_layers': 1, 'hidden_units': 256, 'dropout_rate': 0.791959002988403, 'learning_rate': 0.0011262087158505543, 'weight_decay': 0.000295554900348934, 'batch_size': 512, 'tree_depth': 12}
2024-10-31 21:23:24,173 - INFO - Trial 882: Train MSE=2.3803505982671465, Train R²=0.6041483325617654
2024-10-31 21:23:24,173 - INFO - Trial 882: Test MSE=2.240194865635463, Test R²=0.6355192576135907
2024-10-31 21:23:24,173 - INFO - ============================================================================================================================================================================================================================================================================================================
2024-10-31 21:23:24,174 - INFO - Trial 882 finished with value: 2.240194865635463 and parameters: {'hidden_layers': 1, 'hidden_units': 256, 'dropout_rate': 0.791959002988403, 'learning_rate': 0.0011262087158505543, 'weight_decay': 0.000295554900348934, 'batch_size': 512, 'tree_depth': 12}. Best is trial 601 with value: 2.1809195450374057.
2024-10-31 21:23:58,587 - INFO - Parameters: {'hidden_layers': 2, 'hidden_units': 256, 'dropout_rate': 0.7753509673836086, 'learning_rate': 0.0001865480439028316, 'weight_decay': 0.00027374020147664946, 'batch_size': 512, 'tree_depth': 12}
2024-10-31 21:23:58,587 - INFO - Trial 883: Train MSE=5.723814232008798, Train R²=0.045240474598748345
2024-10-31 21:23:58,587 - INFO - Trial 883: Test MSE=2.8899081775120328, Test R²=0.5298522881099156
2024-10-31 21:23:58,587 - INFO - ============================================================================================================================================================================================================================================================================================================
2024-10-31 21:23:58,589 - INFO - Trial 883 finished with value: 2.8899081775120328 and parameters: {'hidden_layers': 2, 'hidden_units': 256, 'dropout_rate': 0.7753509673836086, 'learning_rate': 0.0001865480439028316, 'weight_decay': 0.00027374020147664946, 'batch_size': 512, 'tree_depth': 12}. Best is trial 601 with value: 2.1809195450374057.
2024-10-31 21:24:30,279 - INFO - Parameters: {'hidden_layers': 1, 'hidden_units': 256, 'dropout_rate': 0.7830367144223623, 'learning_rate': 0.0010284167794834596, 'weight_decay': 0.00032119568358613906, 'batch_size': 512, 'tree_depth': 12}
2024-10-31 21:24:30,279 - INFO - Trial 884: Train MSE=2.291964794908251, Train R²=0.6184971183538437
2024-10-31 21:24:30,279 - INFO - Trial 884: Test MSE=2.254414643560137, Test R²=0.6330521787915911
2024-10-31 21:24:30,279 - INFO - ============================================================================================================================================================================================================================================================================================================
2024-10-31 21:24:30,280 - INFO - Trial 884 finished with value: 2.254414643560137 and parameters: {'hidden_layers': 1, 'hidden_units': 256, 'dropout_rate': 0.7830367144223623, 'learning_rate': 0.0010284167794834596, 'weight_decay': 0.00032119568358613906, 'batch_size': 512, 'tree_depth': 12}. Best is trial 601 with value: 2.1809195450374057.
2024-10-31 21:25:05,839 - INFO - Parameters: {'hidden_layers': 1, 'hidden_units': 256, 'dropout_rate': 0.759131675514912, 'learning_rate': 0.0060465468306823335, 'weight_decay': 0.0002891861244488416, 'batch_size': 512, 'tree_depth': 12}
2024-10-31 21:25:05,839 - INFO - Trial 885: Train MSE=1.8637324827057975, Train R²=0.6898753749472755
2024-10-31 21:25:05,839 - INFO - Trial 885: Test MSE=2.421107428414481, Test R²=0.6057796222823006
2024-10-31 21:25:05,839 - INFO - ============================================================================================================================================================================================================================================================================================================
2024-10-31 21:25:05,840 - INFO - Trial 885 finished with value: 2.421107428414481 and parameters: {'hidden_layers': 1, 'hidden_units': 256, 'dropout_rate': 0.759131675514912, 'learning_rate': 0.0060465468306823335, 'weight_decay': 0.0002891861244488416, 'batch_size': 512, 'tree_depth': 12}. Best is trial 601 with value: 2.1809195450374057.
2024-10-31 21:25:39,857 - INFO - Parameters: {'hidden_layers': 1, 'hidden_units': 256, 'dropout_rate': 0.7996860688597753, 'learning_rate': 0.0014138647606054527, 'weight_decay': 0.0007858078457742275, 'batch_size': 512, 'tree_depth': 12}
2024-10-31 21:25:39,858 - INFO - Trial 886: Train MSE=2.314721473625728, Train R²=0.6142111420631409
2024-10-31 21:25:39,858 - INFO - Trial 886: Test MSE=2.2449244431086948, Test R²=0.6345630628722054
2024-10-31 21:25:39,858 - INFO - ============================================================================================================================================================================================================================================================================================================
2024-10-31 21:25:39,859 - INFO - Trial 886 finished with value: 2.2449244431086948 and parameters: {'hidden_layers': 1, 'hidden_units': 256, 'dropout_rate': 0.7996860688597753, 'learning_rate': 0.0014138647606054527, 'weight_decay': 0.0007858078457742275, 'batch_size': 512, 'tree_depth': 12}. Best is trial 601 with value: 2.1809195450374057.
2024-10-31 21:26:12,100 - INFO - Parameters: {'hidden_layers': 1, 'hidden_units': 256, 'dropout_rate': 0.7692776423739288, 'learning_rate': 0.0012186500792318905, 'weight_decay': 0.00025908853055360445, 'batch_size': 512, 'tree_depth': 12}
2024-10-31 21:26:12,100 - INFO - Trial 887: Train MSE=2.1119653838021413, Train R²=0.6484767092125756
2024-10-31 21:26:12,101 - INFO - Trial 887: Test MSE=2.2448374373572215, Test R²=0.6344667673110962
2024-10-31 21:26:12,101 - INFO - ============================================================================================================================================================================================================================================================================================================
2024-10-31 21:26:12,102 - INFO - Trial 887 finished with value: 2.2448374373572215 and parameters: {'hidden_layers': 1, 'hidden_units': 256, 'dropout_rate': 0.7692776423739288, 'learning_rate': 0.0012186500792318905, 'weight_decay': 0.00025908853055360445, 'batch_size': 512, 'tree_depth': 12}. Best is trial 601 with value: 2.1809195450374057.
2024-10-31 21:27:29,596 - INFO - Parameters: {'hidden_layers': 1, 'hidden_units': 256, 'dropout_rate': 0.7998905163989309, 'learning_rate': 0.002136766544222902, 'weight_decay': 0.00028036816847380454, 'batch_size': 128, 'tree_depth': 12}
2024-10-31 21:27:29,596 - INFO - Trial 888: Train MSE=1.9537016823887825, Train R²=0.6692258385675294
2024-10-31 21:27:29,597 - INFO - Trial 888: Test MSE=2.254182360001973, Test R²=0.627500404204641
2024-10-31 21:27:29,597 - INFO - ============================================================================================================================================================================================================================================================================================================
2024-10-31 21:27:29,598 - INFO - Trial 888 finished with value: 2.254182360001973 and parameters: {'hidden_layers': 1, 'hidden_units': 256, 'dropout_rate': 0.7998905163989309, 'learning_rate': 0.002136766544222902, 'weight_decay': 0.00028036816847380454, 'batch_size': 128, 'tree_depth': 12}. Best is trial 601 with value: 2.1809195450374057.
2024-10-31 21:28:03,300 - INFO - Parameters: {'hidden_layers': 1, 'hidden_units': 512, 'dropout_rate': 0.7853005706211458, 'learning_rate': 0.0011384746472208945, 'weight_decay': 0.0003122070476330755, 'batch_size': 512, 'tree_depth': 12}
2024-10-31 21:28:03,300 - INFO - Trial 889: Train MSE=2.0061267486640384, Train R²=0.6663310825824738
2024-10-31 21:28:03,300 - INFO - Trial 889: Test MSE=2.234780260494777, Test R²=0.636377922126225
2024-10-31 21:28:03,300 - INFO - ============================================================================================================================================================================================================================================================================================================
2024-10-31 21:28:03,301 - INFO - Trial 889 finished with value: 2.234780260494777 and parameters: {'hidden_layers': 1, 'hidden_units': 512, 'dropout_rate': 0.7853005706211458, 'learning_rate': 0.0011384746472208945, 'weight_decay': 0.0003122070476330755, 'batch_size': 512, 'tree_depth': 12}. Best is trial 601 with value: 2.1809195450374057.
2024-10-31 21:28:35,283 - INFO - Parameters: {'hidden_layers': 1, 'hidden_units': 256, 'dropout_rate': 0.743019371185605, 'learning_rate': 0.0013152125589298061, 'weight_decay': 0.00033483562287924494, 'batch_size': 512, 'tree_depth': 12}
2024-10-31 21:28:35,283 - INFO - Trial 890: Train MSE=1.9500111724649156, Train R²=0.6747297197580338
2024-10-31 21:28:35,283 - INFO - Trial 890: Test MSE=2.2457659414836337, Test R²=0.6344517469406128
2024-10-31 21:28:35,283 - INFO - ============================================================================================================================================================================================================================================================================================================
2024-10-31 21:28:35,284 - INFO - Trial 890 finished with value: 2.2457659414836337 and parameters: {'hidden_layers': 1, 'hidden_units': 256, 'dropout_rate': 0.743019371185605, 'learning_rate': 0.0013152125589298061, 'weight_decay': 0.00033483562287924494, 'batch_size': 512, 'tree_depth': 12}. Best is trial 601 with value: 2.1809195450374057.
2024-10-31 21:29:08,371 - INFO - Parameters: {'hidden_layers': 1, 'hidden_units': 128, 'dropout_rate': 0.7766426531103303, 'learning_rate': 0.001057782934121705, 'weight_decay': 0.0002942171011782941, 'batch_size': 512, 'tree_depth': 10}
2024-10-31 21:29:08,371 - INFO - Trial 891: Train MSE=2.903466062886374, Train R²=0.5162004019532885
2024-10-31 21:29:08,371 - INFO - Trial 891: Test MSE=2.2497380461011613, Test R²=0.6338002000536237
2024-10-31 21:29:08,372 - INFO - ============================================================================================================================================================================================================================================================================================================
2024-10-31 21:29:08,372 - INFO - Trial 891 finished with value: 2.2497380461011613 and parameters: {'hidden_layers': 1, 'hidden_units': 128, 'dropout_rate': 0.7766426531103303, 'learning_rate': 0.001057782934121705, 'weight_decay': 0.0002942171011782941, 'batch_size': 512, 'tree_depth': 10}. Best is trial 601 with value: 2.1809195450374057.
2024-10-31 21:29:41,052 - INFO - Parameters: {'hidden_layers': 1, 'hidden_units': 256, 'dropout_rate': 0.7903283906159378, 'learning_rate': 0.0014459275423810026, 'weight_decay': 0.00026667051042412803, 'batch_size': 512, 'tree_depth': 12}
2024-10-31 21:29:41,052 - INFO - Trial 892: Train MSE=2.2634324175970897, Train R²=0.623437626021249
2024-10-31 21:29:41,052 - INFO - Trial 892: Test MSE=2.2340629952294484, Test R²=0.6364236899784633
2024-10-31 21:29:41,052 - INFO - ============================================================================================================================================================================================================================================================================================================
2024-10-31 21:29:41,054 - INFO - Trial 892 finished with value: 2.2340629952294484 and parameters: {'hidden_layers': 1, 'hidden_units': 256, 'dropout_rate': 0.7903283906159378, 'learning_rate': 0.0014459275423810026, 'weight_decay': 0.00026667051042412803, 'batch_size': 512, 'tree_depth': 12}. Best is trial 601 with value: 2.1809195450374057.
2024-10-31 21:30:14,383 - INFO - Parameters: {'hidden_layers': 1, 'hidden_units': 256, 'dropout_rate': 0.7572538881549398, 'learning_rate': 0.0011893233035814238, 'weight_decay': 0.00042275236222540796, 'batch_size': 512, 'tree_depth': 12}
2024-10-31 21:30:14,383 - INFO - Trial 893: Train MSE=2.0337790080479214, Train R²=0.6619292071887425
2024-10-31 21:30:14,383 - INFO - Trial 893: Test MSE=2.2103838409696306, Test R²=0.6402409587587629
2024-10-31 21:30:14,384 - INFO - ============================================================================================================================================================================================================================================================================================================
2024-10-31 21:30:14,385 - INFO - Trial 893 finished with value: 2.2103838409696306 and parameters: {'hidden_layers': 1, 'hidden_units': 256, 'dropout_rate': 0.7572538881549398, 'learning_rate': 0.0011893233035814238, 'weight_decay': 0.00042275236222540796, 'batch_size': 512, 'tree_depth': 12}. Best is trial 601 with value: 2.1809195450374057.
2024-10-31 21:30:45,958 - INFO - Parameters: {'hidden_layers': 1, 'hidden_units': 256, 'dropout_rate': 0.7465177371528854, 'learning_rate': 0.000992304247724882, 'weight_decay': 0.00039290526439219404, 'batch_size': 512, 'tree_depth': 12}
2024-10-31 21:30:45,958 - INFO - Trial 894: Train MSE=2.059909680059978, Train R²=0.6574588801179614
2024-10-31 21:30:45,958 - INFO - Trial 894: Test MSE=2.2542361531938826, Test R²=0.6330363750457764
2024-10-31 21:30:45,958 - INFO - ============================================================================================================================================================================================================================================================================================================
2024-10-31 21:30:45,959 - INFO - Trial 894 finished with value: 2.2542361531938826 and parameters: {'hidden_layers': 1, 'hidden_units': 256, 'dropout_rate': 0.7465177371528854, 'learning_rate': 0.000992304247724882, 'weight_decay': 0.00039290526439219404, 'batch_size': 512, 'tree_depth': 12}. Best is trial 601 with value: 2.1809195450374057.
2024-10-31 21:31:19,075 - INFO - Parameters: {'hidden_layers': 1, 'hidden_units': 256, 'dropout_rate': 0.7538462160587128, 'learning_rate': 0.0011829911734669706, 'weight_decay': 0.0004140804524142163, 'batch_size': 512, 'tree_depth': 12}
2024-10-31 21:31:19,075 - INFO - Trial 895: Train MSE=1.984163271529334, Train R²=0.6703678688832692
2024-10-31 21:31:19,076 - INFO - Trial 895: Test MSE=2.2377958638327464, Test R²=0.6357505236353193
2024-10-31 21:31:19,076 - INFO - ============================================================================================================================================================================================================================================================================================================
2024-10-31 21:31:19,077 - INFO - Trial 895 finished with value: 2.2377958638327464 and parameters: {'hidden_layers': 1, 'hidden_units': 256, 'dropout_rate': 0.7538462160587128, 'learning_rate': 0.0011829911734669706, 'weight_decay': 0.0004140804524142163, 'batch_size': 512, 'tree_depth': 12}. Best is trial 601 with value: 2.1809195450374057.
2024-10-31 21:31:58,683 - INFO - Parameters: {'hidden_layers': 1, 'hidden_units': 256, 'dropout_rate': 0.7279487972066555, 'learning_rate': 0.0010889900040918297, 'weight_decay': 0.0004161739927233845, 'batch_size': 512, 'tree_depth': 12}
2024-10-31 21:31:58,683 - INFO - Trial 896: Train MSE=1.9066635029656547, Train R²=0.68239754651274
2024-10-31 21:31:58,683 - INFO - Trial 896: Test MSE=2.26931665624891, Test R²=0.6306602954864502
2024-10-31 21:31:58,683 - INFO - ============================================================================================================================================================================================================================================================================================================
2024-10-31 21:31:58,684 - INFO - Trial 896 finished with value: 2.26931665624891 and parameters: {'hidden_layers': 1, 'hidden_units': 256, 'dropout_rate': 0.7279487972066555, 'learning_rate': 0.0010889900040918297, 'weight_decay': 0.0004161739927233845, 'batch_size': 512, 'tree_depth': 12}. Best is trial 601 with value: 2.1809195450374057.
2024-10-31 21:32:33,686 - INFO - Parameters: {'hidden_layers': 3, 'hidden_units': 256, 'dropout_rate': 0.7537259720724976, 'learning_rate': 0.0009925789557024202, 'weight_decay': 0.0004291924787307685, 'batch_size': 512, 'tree_depth': 12}
2024-10-31 21:32:33,686 - INFO - Trial 897: Train MSE=2.5623870491981506, Train R²=0.5737162381410599
2024-10-31 21:32:33,686 - INFO - Trial 897: Test MSE=2.2471296957560947, Test R²=0.6342830317361015
2024-10-31 21:32:33,686 - INFO - ============================================================================================================================================================================================================================================================================================================
2024-10-31 21:32:33,688 - INFO - Trial 897 finished with value: 2.2471296957560947 and parameters: {'hidden_layers': 3, 'hidden_units': 256, 'dropout_rate': 0.7537259720724976, 'learning_rate': 0.0009925789557024202, 'weight_decay': 0.0004291924787307685, 'batch_size': 512, 'tree_depth': 12}. Best is trial 601 with value: 2.1809195450374057.
2024-10-31 21:33:05,672 - INFO - Parameters: {'hidden_layers': 1, 'hidden_units': 256, 'dropout_rate': 0.7611387128040534, 'learning_rate': 0.004417049242132898, 'weight_decay': 0.00043256894895333245, 'batch_size': 512, 'tree_depth': 12}
2024-10-31 21:33:05,673 - INFO - Trial 898: Train MSE=1.9102819136210851, Train R²=0.6819190340382713
2024-10-31 21:33:05,673 - INFO - Trial 898: Test MSE=2.247886896133423, Test R²=0.6342851519584656
2024-10-31 21:33:05,673 - INFO - ============================================================================================================================================================================================================================================================================================================
2024-10-31 21:33:05,674 - INFO - Trial 898 finished with value: 2.247886896133423 and parameters: {'hidden_layers': 1, 'hidden_units': 256, 'dropout_rate': 0.7611387128040534, 'learning_rate': 0.004417049242132898, 'weight_decay': 0.00043256894895333245, 'batch_size': 512, 'tree_depth': 12}. Best is trial 601 with value: 2.1809195450374057.
2024-10-31 21:33:42,324 - INFO - Parameters: {'hidden_layers': 1, 'hidden_units': 256, 'dropout_rate': 0.7590386654731603, 'learning_rate': 0.0012433462071309905, 'weight_decay': 0.0004787251193301084, 'batch_size': 512, 'tree_depth': 12}
2024-10-31 21:33:42,324 - INFO - Trial 899: Train MSE=1.9652370725359236, Train R²=0.6733100414276123
2024-10-31 21:33:42,324 - INFO - Trial 899: Test MSE=2.2445007732936313, Test R²=0.6347044450896127
2024-10-31 21:33:42,325 - INFO - ============================================================================================================================================================================================================================================================================================================
2024-10-31 21:33:42,326 - INFO - Trial 899 finished with value: 2.2445007732936313 and parameters: {'hidden_layers': 1, 'hidden_units': 256, 'dropout_rate': 0.7590386654731603, 'learning_rate': 0.0012433462071309905, 'weight_decay': 0.0004787251193301084, 'batch_size': 512, 'tree_depth': 12}. Best is trial 601 with value: 2.1809195450374057.
2024-10-31 21:34:14,176 - INFO - Parameters: {'hidden_layers': 1, 'hidden_units': 256, 'dropout_rate': 0.7354132937929584, 'learning_rate': 0.0011491991927788298, 'weight_decay': 0.00045062052771658277, 'batch_size': 512, 'tree_depth': 12}
2024-10-31 21:34:14,177 - INFO - Trial 900: Train MSE=1.8923189342021942, Train R²=0.6843969055584499
2024-10-31 21:34:14,177 - INFO - Trial 900: Test MSE=2.2878425972802297, Test R²=0.6276658007076809
2024-10-31 21:34:14,177 - INFO - ============================================================================================================================================================================================================================================================================================================
