2024-10-31 11:49:58,485 - INFO - Trial 45 finished with value: 2.2916233369282315 and parameters: {'hidden_layers': 1, 'hidden_units': 1024, 'dropout_rate': 0.7806528722981457, 'learning_rate': 0.0006266126671222861, 'weight_decay': 0.0005406182144821066, 'batch_size': 128, 'tree_depth': 8}. Best is trial 11 with value: 2.2355153220040456.
2024-10-31 11:51:55,799 - INFO - Parameters: {'hidden_layers': 2, 'hidden_units': 256, 'dropout_rate': 0.7031283447674863, 'learning_rate': 0.001320750253590853, 'weight_decay': 0.0003923279828535525, 'batch_size': 256, 'tree_depth': 12}
2024-10-31 11:51:55,800 - INFO - Trial 46: Train MSE=1.658269933291844, Train R²=0.7228243744799069
2024-10-31 11:51:55,800 - INFO - Trial 46: Test MSE=2.274058963571276, Test R²=0.6283978862421853
2024-10-31 11:51:55,800 - INFO - ============================================================================================================================================================================================================================================================================================================
2024-10-31 11:51:55,801 - INFO - Trial 46 finished with value: 2.274058963571276 and parameters: {'hidden_layers': 2, 'hidden_units': 256, 'dropout_rate': 0.7031283447674863, 'learning_rate': 0.001320750253590853, 'weight_decay': 0.0003923279828535525, 'batch_size': 256, 'tree_depth': 12}. Best is trial 11 with value: 2.2355153220040456.
2024-10-31 11:55:24,632 - INFO - Parameters: {'hidden_layers': 3, 'hidden_units': 256, 'dropout_rate': 0.6723072118144303, 'learning_rate': 0.002091967672497386, 'weight_decay': 0.0006824851576297837, 'batch_size': 128, 'tree_depth': 10}
2024-10-31 11:55:24,632 - INFO - Trial 47: Train MSE=1.9151576363614626, Train R²=0.6768982490258557
2024-10-31 11:55:24,633 - INFO - Trial 47: Test MSE=2.317900227648871, Test R²=0.6156764860664096
2024-10-31 11:55:24,633 - INFO - ============================================================================================================================================================================================================================================================================================================
2024-10-31 11:55:24,635 - INFO - Trial 47 finished with value: 2.317900227648871 and parameters: {'hidden_layers': 3, 'hidden_units': 256, 'dropout_rate': 0.6723072118144303, 'learning_rate': 0.002091967672497386, 'weight_decay': 0.0006824851576297837, 'batch_size': 128, 'tree_depth': 10}. Best is trial 11 with value: 2.2355153220040456.
2024-10-31 11:56:23,335 - INFO - Parameters: {'hidden_layers': 3, 'hidden_units': 256, 'dropout_rate': 0.7997340254145536, 'learning_rate': 0.0009470294286310811, 'weight_decay': 0.0006042175320940876, 'batch_size': 1024, 'tree_depth': 9}
2024-10-31 11:56:23,335 - INFO - Trial 48: Train MSE=3.7925034080232893, Train R²=0.37147726331438335
2024-10-31 11:56:23,335 - INFO - Trial 48: Test MSE=2.6076061129570007, Test R²=0.5729980617761612
2024-10-31 11:56:23,336 - INFO - ============================================================================================================================================================================================================================================================================================================
2024-10-31 11:56:23,337 - INFO - Trial 48 finished with value: 2.6076061129570007 and parameters: {'hidden_layers': 3, 'hidden_units': 256, 'dropout_rate': 0.7997340254145536, 'learning_rate': 0.0009470294286310811, 'weight_decay': 0.0006042175320940876, 'batch_size': 1024, 'tree_depth': 9}. Best is trial 11 with value: 2.2355153220040456.
2024-10-31 11:57:40,173 - INFO - Parameters: {'hidden_layers': 1, 'hidden_units': 256, 'dropout_rate': 0.300163594460496, 'learning_rate': 0.002602534700569137, 'weight_decay': 0.0005055065168557395, 'batch_size': 512, 'tree_depth': 8}
2024-10-31 11:57:40,173 - INFO - Trial 49: Train MSE=0.789101025887898, Train R²=0.8687620077814374
2024-10-31 11:57:40,173 - INFO - Trial 49: Test MSE=2.5780857631138394, Test R²=0.580175348690578
2024-10-31 11:57:40,173 - INFO - ============================================================================================================================================================================================================================================================================================================
2024-10-31 11:57:40,175 - INFO - Trial 49 finished with value: 2.5780857631138394 and parameters: {'hidden_layers': 1, 'hidden_units': 256, 'dropout_rate': 0.300163594460496, 'learning_rate': 0.002602534700569137, 'weight_decay': 0.0005055065168557395, 'batch_size': 512, 'tree_depth': 8}. Best is trial 11 with value: 2.2355153220040456.
2024-10-31 12:02:24,054 - INFO - Parameters: {'hidden_layers': 3, 'hidden_units': 1024, 'dropout_rate': 0.759312413641887, 'learning_rate': 0.0036792535298351622, 'weight_decay': 0.00042235577629940656, 'batch_size': 128, 'tree_depth': 10}
2024-10-31 12:02:24,054 - INFO - Trial 50: Train MSE=2.366508881960596, Train R²=0.6003656802432877
2024-10-31 12:02:24,054 - INFO - Trial 50: Test MSE=2.3227263391017914, Test R²=0.6148403435945511
2024-10-31 12:02:24,054 - INFO - ============================================================================================================================================================================================================================================================================================================
2024-10-31 12:02:24,056 - INFO - Trial 50 finished with value: 2.3227263391017914 and parameters: {'hidden_layers': 3, 'hidden_units': 1024, 'dropout_rate': 0.759312413641887, 'learning_rate': 0.0036792535298351622, 'weight_decay': 0.00042235577629940656, 'batch_size': 128, 'tree_depth': 10}. Best is trial 11 with value: 2.2355153220040456.
2024-10-31 12:03:30,169 - INFO - Parameters: {'hidden_layers': 1, 'hidden_units': 256, 'dropout_rate': 0.7996886942707498, 'learning_rate': 0.0017146071261998777, 'weight_decay': 0.0004853969034599153, 'batch_size': 512, 'tree_depth': 10}
2024-10-31 12:03:30,170 - INFO - Trial 51: Train MSE=2.384993485042027, Train R²=0.601358026266098
2024-10-31 12:03:30,170 - INFO - Trial 51: Test MSE=2.2633341380528043, Test R²=0.6314814516476223
2024-10-31 12:03:30,170 - INFO - ============================================================================================================================================================================================================================================================================================================
2024-10-31 12:03:30,171 - INFO - Trial 51 finished with value: 2.2633341380528043 and parameters: {'hidden_layers': 1, 'hidden_units': 256, 'dropout_rate': 0.7996886942707498, 'learning_rate': 0.0017146071261998777, 'weight_decay': 0.0004853969034599153, 'batch_size': 512, 'tree_depth': 10}. Best is trial 11 with value: 2.2355153220040456.
2024-10-31 12:04:41,986 - INFO - Parameters: {'hidden_layers': 1, 'hidden_units': 256, 'dropout_rate': 0.7791942786495561, 'learning_rate': 0.0010274012168256105, 'weight_decay': 0.0005159780823750042, 'batch_size': 512, 'tree_depth': 11}
2024-10-31 12:04:41,987 - INFO - Trial 52: Train MSE=2.2686178428786143, Train R²=0.6218671947717667
2024-10-31 12:04:41,987 - INFO - Trial 52: Test MSE=2.2365188768931796, Test R²=0.6359049933297294
2024-10-31 12:04:41,987 - INFO - ============================================================================================================================================================================================================================================================================================================
2024-10-31 12:04:41,988 - INFO - Trial 52 finished with value: 2.2365188768931796 and parameters: {'hidden_layers': 1, 'hidden_units': 256, 'dropout_rate': 0.7791942786495561, 'learning_rate': 0.0010274012168256105, 'weight_decay': 0.0005159780823750042, 'batch_size': 512, 'tree_depth': 11}. Best is trial 11 with value: 2.2355153220040456.
2024-10-31 12:05:57,398 - INFO - Parameters: {'hidden_layers': 1, 'hidden_units': 256, 'dropout_rate': 0.7769571806505591, 'learning_rate': 0.0007694097228678055, 'weight_decay': 0.0006539524985493234, 'batch_size': 512, 'tree_depth': 11}
2024-10-31 12:05:57,398 - INFO - Trial 53: Train MSE=2.4994491253580366, Train R²=0.5833631668772016
2024-10-31 12:05:57,398 - INFO - Trial 53: Test MSE=2.237601178033011, Test R²=0.6358708483832223
2024-10-31 12:05:57,398 - INFO - ============================================================================================================================================================================================================================================================================================================
2024-10-31 12:05:57,400 - INFO - Trial 53 finished with value: 2.237601178033011 and parameters: {'hidden_layers': 1, 'hidden_units': 256, 'dropout_rate': 0.7769571806505591, 'learning_rate': 0.0007694097228678055, 'weight_decay': 0.0006539524985493234, 'batch_size': 512, 'tree_depth': 11}. Best is trial 11 with value: 2.2355153220040456.
2024-10-31 12:07:10,967 - INFO - Parameters: {'hidden_layers': 1, 'hidden_units': 256, 'dropout_rate': 0.7417504772534782, 'learning_rate': 0.0005473047777788125, 'weight_decay': 0.000634005585552564, 'batch_size': 512, 'tree_depth': 11}
2024-10-31 12:07:10,968 - INFO - Trial 54: Train MSE=2.5926762223243713, Train R²=0.5677983909845352
2024-10-31 12:07:10,968 - INFO - Trial 54: Test MSE=2.250788790839059, Test R²=0.6335945129394531
2024-10-31 12:07:10,969 - INFO - ============================================================================================================================================================================================================================================================================================================
2024-10-31 12:07:10,971 - INFO - Trial 54 finished with value: 2.250788790839059 and parameters: {'hidden_layers': 1, 'hidden_units': 256, 'dropout_rate': 0.7417504772534782, 'learning_rate': 0.0005473047777788125, 'weight_decay': 0.000634005585552564, 'batch_size': 512, 'tree_depth': 11}. Best is trial 11 with value: 2.2355153220040456.
2024-10-31 12:08:35,756 - INFO - Parameters: {'hidden_layers': 1, 'hidden_units': 256, 'dropout_rate': 0.7182089402448653, 'learning_rate': 0.0007578299329080534, 'weight_decay': 0.0008932810967487501, 'batch_size': 512, 'tree_depth': 12}
2024-10-31 12:08:35,757 - INFO - Trial 55: Train MSE=2.0599514288561687, Train R²=0.6572482628481728
2024-10-31 12:08:35,757 - INFO - Trial 55: Test MSE=2.2936714717320035, Test R²=0.6268301010131836
2024-10-31 12:08:35,757 - INFO - ============================================================================================================================================================================================================================================================================================================
2024-10-31 12:08:35,759 - INFO - Trial 55 finished with value: 2.2936714717320035 and parameters: {'hidden_layers': 1, 'hidden_units': 256, 'dropout_rate': 0.7182089402448653, 'learning_rate': 0.0007578299329080534, 'weight_decay': 0.0008932810967487501, 'batch_size': 512, 'tree_depth': 12}. Best is trial 11 with value: 2.2355153220040456.
2024-10-31 12:12:17,661 - INFO - Parameters: {'hidden_layers': 1, 'hidden_units': 128, 'dropout_rate': 0.4365894909362352, 'learning_rate': 0.0013321406734129269, 'weight_decay': 0.0005557231620957867, 'batch_size': 128, 'tree_depth': 11}
2024-10-31 12:12:17,661 - INFO - Trial 56: Train MSE=0.9793844744563103, Train R²=0.8333501794508525
2024-10-31 12:12:17,661 - INFO - Trial 56: Test MSE=2.466228178569249, Test R²=0.5896018083606448
2024-10-31 12:12:17,661 - INFO - ============================================================================================================================================================================================================================================================================================================
2024-10-31 12:12:17,662 - INFO - Trial 56 finished with value: 2.466228178569249 and parameters: {'hidden_layers': 1, 'hidden_units': 128, 'dropout_rate': 0.4365894909362352, 'learning_rate': 0.0013321406734129269, 'weight_decay': 0.0005557231620957867, 'batch_size': 128, 'tree_depth': 11}. Best is trial 11 with value: 2.2355153220040456.
2024-10-31 12:13:39,784 - INFO - Parameters: {'hidden_layers': 1, 'hidden_units': 256, 'dropout_rate': 0.7658343341126131, 'learning_rate': 0.000818496878758456, 'weight_decay': 0.0006865352797856871, 'batch_size': 512, 'tree_depth': 11}
2024-10-31 12:13:39,784 - INFO - Trial 57: Train MSE=2.285946709769113, Train R²=0.6195127453122821
2024-10-31 12:13:39,785 - INFO - Trial 57: Test MSE=2.262990270342146, Test R²=0.6315644979476929
2024-10-31 12:13:39,785 - INFO - ============================================================================================================================================================================================================================================================================================================
2024-10-31 12:13:39,786 - INFO - Trial 57 finished with value: 2.262990270342146 and parameters: {'hidden_layers': 1, 'hidden_units': 256, 'dropout_rate': 0.7658343341126131, 'learning_rate': 0.000818496878758456, 'weight_decay': 0.0006865352797856871, 'batch_size': 512, 'tree_depth': 11}. Best is trial 11 with value: 2.2355153220040456.
2024-10-31 12:17:19,726 - INFO - Parameters: {'hidden_layers': 1, 'hidden_units': 256, 'dropout_rate': 0.7288940799698718, 'learning_rate': 0.0018942275681936834, 'weight_decay': 0.0007742223436075106, 'batch_size': 128, 'tree_depth': 12}
2024-10-31 12:17:19,726 - INFO - Trial 58: Train MSE=1.8604060006993157, Train R²=0.6852563034210887
2024-10-31 12:17:19,727 - INFO - Trial 58: Test MSE=2.338557792561395, Test R²=0.6126405490296227
2024-10-31 12:17:19,727 - INFO - ============================================================================================================================================================================================================================================================================================================
2024-10-31 12:17:19,729 - INFO - Trial 58 finished with value: 2.338557792561395 and parameters: {'hidden_layers': 1, 'hidden_units': 256, 'dropout_rate': 0.7288940799698718, 'learning_rate': 0.0018942275681936834, 'weight_decay': 0.0007742223436075106, 'batch_size': 128, 'tree_depth': 12}. Best is trial 11 with value: 2.2355153220040456.
2024-10-31 12:19:36,379 - INFO - Parameters: {'hidden_layers': 4, 'hidden_units': 512, 'dropout_rate': 0.7812563183993487, 'learning_rate': 0.0013571890486667104, 'weight_decay': 0.0005734745596057662, 'batch_size': 256, 'tree_depth': 11}
2024-10-31 12:19:36,380 - INFO - Trial 59: Train MSE=2.0004293684448515, Train R²=0.6652818183813777
2024-10-31 12:19:36,380 - INFO - Trial 59: Test MSE=2.260484346321651, Test R²=0.6299026012420654
2024-10-31 12:19:36,380 - INFO - ============================================================================================================================================================================================================================================================================================================
2024-10-31 12:19:36,383 - INFO - Trial 59 finished with value: 2.260484346321651 and parameters: {'hidden_layers': 4, 'hidden_units': 512, 'dropout_rate': 0.7812563183993487, 'learning_rate': 0.0013571890486667104, 'weight_decay': 0.0005734745596057662, 'batch_size': 256, 'tree_depth': 11}. Best is trial 11 with value: 2.2355153220040456.
2024-10-31 12:20:56,704 - INFO - Parameters: {'hidden_layers': 3, 'hidden_units': 256, 'dropout_rate': 0.692339906541981, 'learning_rate': 0.0004908533579705707, 'weight_decay': 0.00023857974678005383, 'batch_size': 512, 'tree_depth': 12}
2024-10-31 12:20:56,704 - INFO - Trial 60: Train MSE=3.0961882642337253, Train R²=0.48348104528018404
2024-10-31 12:20:56,704 - INFO - Trial 60: Test MSE=2.2885491847991943, Test R²=0.6275088957377842
2024-10-31 12:20:56,704 - INFO - ============================================================================================================================================================================================================================================================================================================
2024-10-31 12:20:56,705 - INFO - Trial 60 finished with value: 2.2885491847991943 and parameters: {'hidden_layers': 3, 'hidden_units': 256, 'dropout_rate': 0.692339906541981, 'learning_rate': 0.0004908533579705707, 'weight_decay': 0.00023857974678005383, 'batch_size': 512, 'tree_depth': 12}. Best is trial 11 with value: 2.2355153220040456.
2024-10-31 12:21:58,943 - INFO - Parameters: {'hidden_layers': 1, 'hidden_units': 256, 'dropout_rate': 0.7808830346676304, 'learning_rate': 0.0011419170618450815, 'weight_decay': 0.00046647362879288345, 'batch_size': 512, 'tree_depth': 9}
2024-10-31 12:21:58,944 - INFO - Trial 61: Train MSE=2.5389423881258284, Train R²=0.5781325144427163
2024-10-31 12:21:58,944 - INFO - Trial 61: Test MSE=2.2282741921288625, Test R²=0.6372610330581665
2024-10-31 12:21:58,944 - INFO - ============================================================================================================================================================================================================================================================================================================
2024-10-31 12:21:58,946 - INFO - Trial 61 finished with value: 2.2282741921288625 and parameters: {'hidden_layers': 1, 'hidden_units': 256, 'dropout_rate': 0.7808830346676304, 'learning_rate': 0.0011419170618450815, 'weight_decay': 0.00046647362879288345, 'batch_size': 512, 'tree_depth': 9}. Best is trial 61 with value: 2.2282741921288625.
2024-10-31 12:22:49,148 - INFO - Parameters: {'hidden_layers': 1, 'hidden_units': 256, 'dropout_rate': 0.7583244209890848, 'learning_rate': 0.0009658326621539509, 'weight_decay': 0.00046250630734460686, 'batch_size': 512, 'tree_depth': 11}
2024-10-31 12:22:49,148 - INFO - Trial 62: Train MSE=2.186973214149475, Train R²=0.6350415710891996
2024-10-31 12:22:49,148 - INFO - Trial 62: Test MSE=2.2456311838967458, Test R²=0.6345122115952628
2024-10-31 12:22:49,148 - INFO - ============================================================================================================================================================================================================================================================================================================
2024-10-31 12:22:49,150 - INFO - Trial 62 finished with value: 2.2456311838967458 and parameters: {'hidden_layers': 1, 'hidden_units': 256, 'dropout_rate': 0.7583244209890848, 'learning_rate': 0.0009658326621539509, 'weight_decay': 0.00046250630734460686, 'batch_size': 512, 'tree_depth': 11}. Best is trial 61 with value: 2.2282741921288625.
2024-10-31 12:23:28,004 - INFO - Parameters: {'hidden_layers': 1, 'hidden_units': 256, 'dropout_rate': 0.7596856018253849, 'learning_rate': 0.0006831142797183733, 'weight_decay': 0.0003738614335667116, 'batch_size': 512, 'tree_depth': 11}
2024-10-31 12:23:28,004 - INFO - Trial 63: Train MSE=2.4610082507133484, Train R²=0.5895106984036309
2024-10-31 12:23:28,004 - INFO - Trial 63: Test MSE=2.28311174256461, Test R²=0.6283412831170219
2024-10-31 12:23:28,004 - INFO - ============================================================================================================================================================================================================================================================================================================
2024-10-31 12:23:28,006 - INFO - Trial 63 finished with value: 2.28311174256461 and parameters: {'hidden_layers': 1, 'hidden_units': 256, 'dropout_rate': 0.7596856018253849, 'learning_rate': 0.0006831142797183733, 'weight_decay': 0.0003738614335667116, 'batch_size': 512, 'tree_depth': 11}. Best is trial 61 with value: 2.2282741921288625.
2024-10-31 12:24:05,929 - INFO - Parameters: {'hidden_layers': 1, 'hidden_units': 256, 'dropout_rate': 0.78239609490902, 'learning_rate': 0.0009384403396335634, 'weight_decay': 0.0004731619168586565, 'batch_size': 512, 'tree_depth': 10}
2024-10-31 12:24:05,929 - INFO - Trial 64: Train MSE=2.496741669518607, Train R²=0.5830565478120532
2024-10-31 12:24:05,929 - INFO - Trial 64: Test MSE=2.2351443426949635, Test R²=0.6363831503050668
2024-10-31 12:24:05,929 - INFO - ============================================================================================================================================================================================================================================================================================================
