2024-10-31 19:52:19,864 - INFO - Trial 748 finished with value: 2.2503689527511597 and parameters: {'hidden_layers': 1, 'hidden_units': 256, 'dropout_rate': 0.7747597353256654, 'learning_rate': 0.0014193963176712858, 'weight_decay': 0.00030486930233270605, 'batch_size': 512, 'tree_depth': 12}. Best is trial 601 with value: 2.1809195450374057.
2024-10-31 19:52:52,517 - INFO - Parameters: {'hidden_layers': 1, 'hidden_units': 256, 'dropout_rate': 0.7896649152235499, 'learning_rate': 0.0011187846805296624, 'weight_decay': 0.00031733334060047333, 'batch_size': 512, 'tree_depth': 11}
2024-10-31 19:52:52,517 - INFO - Trial 749: Train MSE=2.3406136206218173, Train R²=0.6107945293188095
2024-10-31 19:52:52,517 - INFO - Trial 749: Test MSE=2.218749761581421, Test R²=0.6389529534748623
2024-10-31 19:52:52,517 - INFO - ============================================================================================================================================================================================================================================================================================================
2024-10-31 19:52:52,518 - INFO - Trial 749 finished with value: 2.218749761581421 and parameters: {'hidden_layers': 1, 'hidden_units': 256, 'dropout_rate': 0.7896649152235499, 'learning_rate': 0.0011187846805296624, 'weight_decay': 0.00031733334060047333, 'batch_size': 512, 'tree_depth': 11}. Best is trial 601 with value: 2.1809195450374057.
2024-10-31 19:53:25,774 - INFO - Parameters: {'hidden_layers': 1, 'hidden_units': 256, 'dropout_rate': 0.790470757923067, 'learning_rate': 0.0009500618883599068, 'weight_decay': 0.00019331286957512294, 'batch_size': 512, 'tree_depth': 11}
2024-10-31 19:53:25,774 - INFO - Trial 750: Train MSE=2.5070492880684987, Train R²=0.5824634730815887
2024-10-31 19:53:25,774 - INFO - Trial 750: Test MSE=2.242667998586382, Test R²=0.6350334797586713
2024-10-31 19:53:25,774 - INFO - ============================================================================================================================================================================================================================================================================================================
2024-10-31 19:53:25,776 - INFO - Trial 750 finished with value: 2.242667998586382 and parameters: {'hidden_layers': 1, 'hidden_units': 256, 'dropout_rate': 0.790470757923067, 'learning_rate': 0.0009500618883599068, 'weight_decay': 0.00019331286957512294, 'batch_size': 512, 'tree_depth': 11}. Best is trial 601 with value: 2.1809195450374057.
2024-10-31 19:53:59,597 - INFO - Parameters: {'hidden_layers': 1, 'hidden_units': 256, 'dropout_rate': 0.7640285144668822, 'learning_rate': 0.0021371568591208763, 'weight_decay': 0.0003482813038806992, 'batch_size': 512, 'tree_depth': 11}
2024-10-31 19:53:59,597 - INFO - Trial 751: Train MSE=1.9122230666024345, Train R²=0.6819544839007514
2024-10-31 19:53:59,597 - INFO - Trial 751: Test MSE=2.2184391362326488, Test R²=0.6387657863753182
2024-10-31 19:53:59,597 - INFO - ============================================================================================================================================================================================================================================================================================================
2024-10-31 19:53:59,599 - INFO - Trial 751 finished with value: 2.2184391362326488 and parameters: {'hidden_layers': 1, 'hidden_units': 256, 'dropout_rate': 0.7640285144668822, 'learning_rate': 0.0021371568591208763, 'weight_decay': 0.0003482813038806992, 'batch_size': 512, 'tree_depth': 11}. Best is trial 601 with value: 2.1809195450374057.
2024-10-31 19:54:32,799 - INFO - Parameters: {'hidden_layers': 1, 'hidden_units': 256, 'dropout_rate': 0.7773634888898698, 'learning_rate': 0.0013447725428197756, 'weight_decay': 0.00025566597345938084, 'batch_size': 512, 'tree_depth': 11}
2024-10-31 19:54:32,800 - INFO - Trial 752: Train MSE=2.1292678075177327, Train R²=0.6461812193904605
2024-10-31 19:54:32,800 - INFO - Trial 752: Test MSE=2.25643447467259, Test R²=0.6325990898268563
2024-10-31 19:54:32,800 - INFO - ============================================================================================================================================================================================================================================================================================================
2024-10-31 19:54:32,802 - INFO - Trial 752 finished with value: 2.25643447467259 and parameters: {'hidden_layers': 1, 'hidden_units': 256, 'dropout_rate': 0.7773634888898698, 'learning_rate': 0.0013447725428197756, 'weight_decay': 0.00025566597345938084, 'batch_size': 512, 'tree_depth': 11}. Best is trial 601 with value: 2.1809195450374057.
2024-10-31 19:55:00,787 - INFO - Parameters: {'hidden_layers': 1, 'hidden_units': 256, 'dropout_rate': 0.33399806319210384, 'learning_rate': 0.0008671617779553493, 'weight_decay': 0.0006826651101171968, 'batch_size': 1024, 'tree_depth': 12}
2024-10-31 19:55:00,787 - INFO - Trial 753: Train MSE=0.8650271339075906, Train R²=0.8563513287476131
2024-10-31 19:55:00,787 - INFO - Trial 753: Test MSE=2.517831027507782, Test R²=0.5872595310211182
2024-10-31 19:55:00,787 - INFO - ============================================================================================================================================================================================================================================================================================================
2024-10-31 19:55:00,789 - INFO - Trial 753 finished with value: 2.517831027507782 and parameters: {'hidden_layers': 1, 'hidden_units': 256, 'dropout_rate': 0.33399806319210384, 'learning_rate': 0.0008671617779553493, 'weight_decay': 0.0006826651101171968, 'batch_size': 1024, 'tree_depth': 12}. Best is trial 601 with value: 2.1809195450374057.
2024-10-31 19:55:34,410 - INFO - Parameters: {'hidden_layers': 1, 'hidden_units': 256, 'dropout_rate': 0.7847360583253308, 'learning_rate': 0.00010343414117437345, 'weight_decay': 0.00021595610910736342, 'batch_size': 512, 'tree_depth': 11}
2024-10-31 19:55:34,410 - INFO - Trial 754: Train MSE=8.825277021953038, Train R²=-0.47385913133621216
2024-10-31 19:55:34,410 - INFO - Trial 754: Test MSE=3.570843355996268, Test R²=0.4187922648021153
2024-10-31 19:55:34,410 - INFO - ============================================================================================================================================================================================================================================================================================================
2024-10-31 19:55:34,412 - INFO - Trial 754 finished with value: 3.570843355996268 and parameters: {'hidden_layers': 1, 'hidden_units': 256, 'dropout_rate': 0.7847360583253308, 'learning_rate': 0.00010343414117437345, 'weight_decay': 0.00021595610910736342, 'batch_size': 512, 'tree_depth': 11}. Best is trial 601 with value: 2.1809195450374057.
2024-10-31 19:56:07,221 - INFO - Parameters: {'hidden_layers': 1, 'hidden_units': 256, 'dropout_rate': 0.7914551354276961, 'learning_rate': 0.0010332476262996141, 'weight_decay': 0.0002707816948172649, 'batch_size': 512, 'tree_depth': 11}
2024-10-31 19:56:07,221 - INFO - Trial 755: Train MSE=2.401352448122842, Train R²=0.6011678853205272
2024-10-31 19:56:07,222 - INFO - Trial 755: Test MSE=2.216592993055071, Test R²=0.6392937047140939
2024-10-31 19:56:07,222 - INFO - ============================================================================================================================================================================================================================================================================================================
2024-10-31 19:56:07,223 - INFO - Trial 755 finished with value: 2.216592993055071 and parameters: {'hidden_layers': 1, 'hidden_units': 256, 'dropout_rate': 0.7914551354276961, 'learning_rate': 0.0010332476262996141, 'weight_decay': 0.0002707816948172649, 'batch_size': 512, 'tree_depth': 11}. Best is trial 601 with value: 2.1809195450374057.
2024-10-31 19:56:40,537 - INFO - Parameters: {'hidden_layers': 2, 'hidden_units': 256, 'dropout_rate': 0.799993371906865, 'learning_rate': 0.001148497903884426, 'weight_decay': 0.00029065445960475757, 'batch_size': 512, 'tree_depth': 12}
2024-10-31 19:56:40,537 - INFO - Trial 756: Train MSE=2.6566917215074812, Train R²=0.5585727883236749
2024-10-31 19:56:40,537 - INFO - Trial 756: Test MSE=2.2609809807368686, Test R²=0.6319407820701599
2024-10-31 19:56:40,537 - INFO - ============================================================================================================================================================================================================================================================================================================
2024-10-31 19:56:40,538 - INFO - Trial 756 finished with value: 2.2609809807368686 and parameters: {'hidden_layers': 2, 'hidden_units': 256, 'dropout_rate': 0.799993371906865, 'learning_rate': 0.001148497903884426, 'weight_decay': 0.00029065445960475757, 'batch_size': 512, 'tree_depth': 12}. Best is trial 601 with value: 2.1809195450374057.
2024-10-31 19:57:33,012 - INFO - Parameters: {'hidden_layers': 1, 'hidden_units': 1024, 'dropout_rate': 0.770224399989672, 'learning_rate': 0.002394153434518679, 'weight_decay': 0.00032065120340539905, 'batch_size': 256, 'tree_depth': 10}
2024-10-31 19:57:33,012 - INFO - Trial 757: Train MSE=1.682922431400844, Train R²=0.7197254928095
2024-10-31 19:57:33,012 - INFO - Trial 757: Test MSE=2.3046784571238925, Test R²=0.623220465012959
2024-10-31 19:57:33,012 - INFO - ============================================================================================================================================================================================================================================================================================================
2024-10-31 19:57:33,013 - INFO - Trial 757 finished with value: 2.3046784571238925 and parameters: {'hidden_layers': 1, 'hidden_units': 1024, 'dropout_rate': 0.770224399989672, 'learning_rate': 0.002394153434518679, 'weight_decay': 0.00032065120340539905, 'batch_size': 256, 'tree_depth': 10}. Best is trial 601 with value: 2.1809195450374057.
2024-10-31 19:58:05,673 - INFO - Parameters: {'hidden_layers': 1, 'hidden_units': 256, 'dropout_rate': 0.7799271221817178, 'learning_rate': 0.002875673332168165, 'weight_decay': 0.00023012881438844038, 'batch_size': 512, 'tree_depth': 11}
2024-10-31 19:58:05,673 - INFO - Trial 758: Train MSE=1.9043743184634618, Train R²=0.6820177542311805
2024-10-31 19:58:05,673 - INFO - Trial 758: Test MSE=2.2321554252079556, Test R²=0.6367352945463998
2024-10-31 19:58:05,673 - INFO - ============================================================================================================================================================================================================================================================================================================
2024-10-31 19:58:05,674 - INFO - Trial 758 finished with value: 2.2321554252079556 and parameters: {'hidden_layers': 1, 'hidden_units': 256, 'dropout_rate': 0.7799271221817178, 'learning_rate': 0.002875673332168165, 'weight_decay': 0.00023012881438844038, 'batch_size': 512, 'tree_depth': 11}. Best is trial 601 with value: 2.1809195450374057.
2024-10-31 19:58:38,478 - INFO - Parameters: {'hidden_layers': 1, 'hidden_units': 256, 'dropout_rate': 0.7551580176008813, 'learning_rate': 0.0001421140932817492, 'weight_decay': 0.00030384675358737726, 'batch_size': 512, 'tree_depth': 7}
2024-10-31 19:58:38,478 - INFO - Trial 759: Train MSE=6.524080225399563, Train R²=-0.0850444563797542
2024-10-31 19:58:38,478 - INFO - Trial 759: Test MSE=2.5528981345040456, Test R²=0.5846489838191441
2024-10-31 19:58:38,478 - INFO - ============================================================================================================================================================================================================================================================================================================
2024-10-31 19:58:38,479 - INFO - Trial 759 finished with value: 2.5528981345040456 and parameters: {'hidden_layers': 1, 'hidden_units': 256, 'dropout_rate': 0.7551580176008813, 'learning_rate': 0.0001421140932817492, 'weight_decay': 0.00030384675358737726, 'batch_size': 512, 'tree_depth': 7}. Best is trial 601 with value: 2.1809195450374057.
2024-10-31 19:59:13,793 - INFO - Parameters: {'hidden_layers': 1, 'hidden_units': 256, 'dropout_rate': 0.7901705842970229, 'learning_rate': 0.0012624061360353702, 'weight_decay': 0.0004226028740354189, 'batch_size': 512, 'tree_depth': 11}
2024-10-31 19:59:13,793 - INFO - Trial 760: Train MSE=2.229612801756178, Train R²=0.6284843449081693
2024-10-31 19:59:13,793 - INFO - Trial 760: Test MSE=2.2274244172232494, Test R²=0.6374562552997044
2024-10-31 19:59:13,793 - INFO - ============================================================================================================================================================================================================================================================================================================
2024-10-31 19:59:13,794 - INFO - Trial 760 finished with value: 2.2274244172232494 and parameters: {'hidden_layers': 1, 'hidden_units': 256, 'dropout_rate': 0.7901705842970229, 'learning_rate': 0.0012624061360353702, 'weight_decay': 0.0004226028740354189, 'batch_size': 512, 'tree_depth': 11}. Best is trial 601 with value: 2.1809195450374057.
2024-10-31 19:59:47,700 - INFO - Parameters: {'hidden_layers': 1, 'hidden_units': 256, 'dropout_rate': 0.775486346382051, 'learning_rate': 0.0009766946117553846, 'weight_decay': 0.0002828527597060415, 'batch_size': 512, 'tree_depth': 12}
2024-10-31 19:59:47,700 - INFO - Trial 761: Train MSE=2.29423634495054, Train R²=0.6182124295404979
2024-10-31 19:59:47,700 - INFO - Trial 761: Test MSE=2.208996994154794, Test R²=0.6404264909880502
2024-10-31 19:59:47,700 - INFO - ============================================================================================================================================================================================================================================================================================================
2024-10-31 19:59:47,702 - INFO - Trial 761 finished with value: 2.208996994154794 and parameters: {'hidden_layers': 1, 'hidden_units': 256, 'dropout_rate': 0.775486346382051, 'learning_rate': 0.0009766946117553846, 'weight_decay': 0.0002828527597060415, 'batch_size': 512, 'tree_depth': 12}. Best is trial 601 with value: 2.1809195450374057.
2024-10-31 20:00:21,710 - INFO - Parameters: {'hidden_layers': 1, 'hidden_units': 256, 'dropout_rate': 0.7534727938370218, 'learning_rate': 0.001059241151391238, 'weight_decay': 0.00028004670058843394, 'batch_size': 512, 'tree_depth': 12}
2024-10-31 20:00:21,710 - INFO - Trial 762: Train MSE=2.071003402982439, Train R²=0.6553768558161599
2024-10-31 20:00:21,710 - INFO - Trial 762: Test MSE=2.2544839722769603, Test R²=0.6329990540231977
2024-10-31 20:00:21,710 - INFO - ============================================================================================================================================================================================================================================================================================================
2024-10-31 20:00:21,712 - INFO - Trial 762 finished with value: 2.2544839722769603 and parameters: {'hidden_layers': 1, 'hidden_units': 256, 'dropout_rate': 0.7534727938370218, 'learning_rate': 0.001059241151391238, 'weight_decay': 0.00028004670058843394, 'batch_size': 512, 'tree_depth': 12}. Best is trial 601 with value: 2.1809195450374057.
2024-10-31 20:00:56,434 - INFO - Parameters: {'hidden_layers': 1, 'hidden_units': 256, 'dropout_rate': 0.7656306850894969, 'learning_rate': 0.0011550445328472755, 'weight_decay': 0.0002657213878406045, 'batch_size': 512, 'tree_depth': 12}
2024-10-31 20:00:56,434 - INFO - Trial 763: Train MSE=2.151523389986583, Train R²=0.6416425577231816
2024-10-31 20:00:56,435 - INFO - Trial 763: Test MSE=2.243398513112749, Test R²=0.6348458358219692
2024-10-31 20:00:56,435 - INFO - ============================================================================================================================================================================================================================================================================================================
2024-10-31 20:00:56,436 - INFO - Trial 763 finished with value: 2.243398513112749 and parameters: {'hidden_layers': 1, 'hidden_units': 256, 'dropout_rate': 0.7656306850894969, 'learning_rate': 0.0011550445328472755, 'weight_decay': 0.0002657213878406045, 'batch_size': 512, 'tree_depth': 12}. Best is trial 601 with value: 2.1809195450374057.
2024-10-31 20:01:31,009 - INFO - Parameters: {'hidden_layers': 1, 'hidden_units': 256, 'dropout_rate': 0.7668136941273718, 'learning_rate': 0.0014106934455544334, 'weight_decay': 0.0002763709962105549, 'batch_size': 512, 'tree_depth': 12}
2024-10-31 20:01:31,010 - INFO - Trial 764: Train MSE=2.0565211389745985, Train R²=0.6572519413062504
2024-10-31 20:01:31,010 - INFO - Trial 764: Test MSE=2.218422600201198, Test R²=0.6387126956667218
2024-10-31 20:01:31,010 - INFO - ============================================================================================================================================================================================================================================================================================================
2024-10-31 20:01:31,011 - INFO - Trial 764 finished with value: 2.218422600201198 and parameters: {'hidden_layers': 1, 'hidden_units': 256, 'dropout_rate': 0.7668136941273718, 'learning_rate': 0.0014106934455544334, 'weight_decay': 0.0002763709962105549, 'batch_size': 512, 'tree_depth': 12}. Best is trial 601 with value: 2.1809195450374057.
2024-10-31 20:02:51,935 - INFO - Parameters: {'hidden_layers': 1, 'hidden_units': 512, 'dropout_rate': 0.7749722021892606, 'learning_rate': 0.003343107975422524, 'weight_decay': 0.0002588240079588205, 'batch_size': 128, 'tree_depth': 12}
2024-10-31 20:02:51,935 - INFO - Trial 765: Train MSE=1.9696707416857993, Train R²=0.6669173379029546
2024-10-31 20:02:51,935 - INFO - Trial 765: Test MSE=2.2693412687097276, Test R²=0.6243252243314471
2024-10-31 20:02:51,935 - INFO - ============================================================================================================================================================================================================================================================================================================
2024-10-31 20:02:51,938 - INFO - Trial 765 finished with value: 2.2693412687097276 and parameters: {'hidden_layers': 1, 'hidden_units': 512, 'dropout_rate': 0.7749722021892606, 'learning_rate': 0.003343107975422524, 'weight_decay': 0.0002588240079588205, 'batch_size': 128, 'tree_depth': 12}. Best is trial 601 with value: 2.1809195450374057.
2024-10-31 20:03:26,415 - INFO - Parameters: {'hidden_layers': 1, 'hidden_units': 256, 'dropout_rate': 0.7760890676258229, 'learning_rate': 0.0009916906087595748, 'weight_decay': 0.00024439608147623914, 'batch_size': 512, 'tree_depth': 12}
2024-10-31 20:03:26,415 - INFO - Trial 766: Train MSE=2.299917161464691, Train R²=0.6174531025545937
2024-10-31 20:03:26,415 - INFO - Trial 766: Test MSE=2.252983467919486, Test R²=0.6333552598953247
2024-10-31 20:03:26,415 - INFO - ============================================================================================================================================================================================================================================================================================================
2024-10-31 20:03:26,417 - INFO - Trial 766 finished with value: 2.252983467919486 and parameters: {'hidden_layers': 1, 'hidden_units': 256, 'dropout_rate': 0.7760890676258229, 'learning_rate': 0.0009916906087595748, 'weight_decay': 0.00024439608147623914, 'batch_size': 512, 'tree_depth': 12}. Best is trial 601 with value: 2.1809195450374057.
2024-10-31 20:04:02,027 - INFO - Parameters: {'hidden_layers': 1, 'hidden_units': 256, 'dropout_rate': 0.7633723894006025, 'learning_rate': 0.0012858124882367337, 'weight_decay': 0.000284973759556075, 'batch_size': 512, 'tree_depth': 12}
2024-10-31 20:04:02,027 - INFO - Trial 767: Train MSE=2.0947492761271342, Train R²=0.651374625308173
2024-10-31 20:04:02,027 - INFO - Trial 767: Test MSE=2.2352531296866283, Test R²=0.6360285537583488
2024-10-31 20:04:02,027 - INFO - ============================================================================================================================================================================================================================================================================================================
