2024-10-31 12:24:05,930 - INFO - Trial 64 finished with value: 2.2351443426949635 and parameters: {'hidden_layers': 1, 'hidden_units': 256, 'dropout_rate': 0.78239609490902, 'learning_rate': 0.0009384403396335634, 'weight_decay': 0.0004731619168586565, 'batch_size': 512, 'tree_depth': 10}. Best is trial 61 with value: 2.2282741921288625.
2024-10-31 12:24:44,126 - INFO - Parameters: {'hidden_layers': 1, 'hidden_units': 256, 'dropout_rate': 0.7818248385810582, 'learning_rate': 0.0008892932274447738, 'weight_decay': 0.0005232491569321345, 'batch_size': 512, 'tree_depth': 9}
2024-10-31 12:24:44,126 - INFO - Trial 65: Train MSE=2.699811007295336, Train R²=0.5515112153121403
2024-10-31 12:24:44,126 - INFO - Trial 65: Test MSE=2.2508939674922397, Test R²=0.633528334753854
2024-10-31 12:24:44,126 - INFO - ============================================================================================================================================================================================================================================================================================================
2024-10-31 12:24:44,128 - INFO - Trial 65 finished with value: 2.2508939674922397 and parameters: {'hidden_layers': 1, 'hidden_units': 256, 'dropout_rate': 0.7818248385810582, 'learning_rate': 0.0008892932274447738, 'weight_decay': 0.0005232491569321345, 'batch_size': 512, 'tree_depth': 9}. Best is trial 61 with value: 2.2282741921288625.
2024-10-31 12:26:09,272 - INFO - Parameters: {'hidden_layers': 1, 'hidden_units': 256, 'dropout_rate': 0.7366701523115173, 'learning_rate': 0.0014132535815935324, 'weight_decay': 0.00035564605784944213, 'batch_size': 128, 'tree_depth': 10}
2024-10-31 12:26:09,272 - INFO - Trial 66: Train MSE=1.7431236409715243, Train R²=0.7057189169738974
2024-10-31 12:26:09,272 - INFO - Trial 66: Test MSE=2.3344617017677853, Test R²=0.6134675656046186
2024-10-31 12:26:09,272 - INFO - ============================================================================================================================================================================================================================================================================================================
2024-10-31 12:26:09,273 - INFO - Trial 66 finished with value: 2.3344617017677853 and parameters: {'hidden_layers': 1, 'hidden_units': 256, 'dropout_rate': 0.7366701523115173, 'learning_rate': 0.0014132535815935324, 'weight_decay': 0.00035564605784944213, 'batch_size': 128, 'tree_depth': 10}. Best is trial 61 with value: 2.2282741921288625.
2024-10-31 12:26:50,221 - INFO - Parameters: {'hidden_layers': 1, 'hidden_units': 256, 'dropout_rate': 0.7823117941293422, 'learning_rate': 0.00012701512074993603, 'weight_decay': 0.0003981663088809725, 'batch_size': 512, 'tree_depth': 9}
2024-10-31 12:26:50,221 - INFO - Trial 67: Train MSE=7.47154564516885, Train R²=-0.24636005929538182
2024-10-31 12:26:50,221 - INFO - Trial 67: Test MSE=2.6598294462476457, Test R²=0.56715042250497
2024-10-31 12:26:50,221 - INFO - ============================================================================================================================================================================================================================================================================================================
2024-10-31 12:26:50,222 - INFO - Trial 67 finished with value: 2.6598294462476457 and parameters: {'hidden_layers': 1, 'hidden_units': 256, 'dropout_rate': 0.7823117941293422, 'learning_rate': 0.00012701512074993603, 'weight_decay': 0.0003981663088809725, 'batch_size': 512, 'tree_depth': 9}. Best is trial 61 with value: 2.2282741921288625.
2024-10-31 12:27:27,804 - INFO - Parameters: {'hidden_layers': 1, 'hidden_units': 128, 'dropout_rate': 0.7483796571368411, 'learning_rate': 0.0011125518411963155, 'weight_decay': 0.0005189675078627674, 'batch_size': 512, 'tree_depth': 9}
2024-10-31 12:27:27,804 - INFO - Trial 68: Train MSE=2.682488662855966, Train R²=0.5539196899959019
2024-10-31 12:27:27,804 - INFO - Trial 68: Test MSE=2.251838139125279, Test R²=0.6336997151374817
2024-10-31 12:27:27,804 - INFO - ============================================================================================================================================================================================================================================================================================================
2024-10-31 12:27:27,805 - INFO - Trial 68 finished with value: 2.251838139125279 and parameters: {'hidden_layers': 1, 'hidden_units': 128, 'dropout_rate': 0.7483796571368411, 'learning_rate': 0.0011125518411963155, 'weight_decay': 0.0005189675078627674, 'batch_size': 512, 'tree_depth': 9}. Best is trial 61 with value: 2.2282741921288625.
2024-10-31 12:29:15,949 - INFO - Parameters: {'hidden_layers': 1, 'hidden_units': 1024, 'dropout_rate': 0.5471618120884595, 'learning_rate': 0.0003919284314245324, 'weight_decay': 0.0004716368952190893, 'batch_size': 128, 'tree_depth': 10}
2024-10-31 12:29:15,949 - INFO - Trial 69: Train MSE=0.8838083855807781, Train R²=0.8513325532632214
2024-10-31 12:29:15,949 - INFO - Trial 69: Test MSE=2.4722712337970734, Test R²=0.5892055119786944
2024-10-31 12:29:15,949 - INFO - ============================================================================================================================================================================================================================================================================================================
2024-10-31 12:29:15,950 - INFO - Trial 69 finished with value: 2.4722712337970734 and parameters: {'hidden_layers': 1, 'hidden_units': 1024, 'dropout_rate': 0.5471618120884595, 'learning_rate': 0.0003919284314245324, 'weight_decay': 0.0004716368952190893, 'batch_size': 128, 'tree_depth': 10}. Best is trial 61 with value: 2.2282741921288625.
2024-10-31 12:29:46,647 - INFO - Parameters: {'hidden_layers': 1, 'hidden_units': 256, 'dropout_rate': 0.7694625311514001, 'learning_rate': 0.0007321654670778624, 'weight_decay': 0.0006516271611789068, 'batch_size': 1024, 'tree_depth': 10}
2024-10-31 12:29:46,647 - INFO - Trial 70: Train MSE=3.311778800828116, Train R²=0.44968987362725393
2024-10-31 12:29:46,647 - INFO - Trial 70: Test MSE=2.271475315093994, Test R²=0.6277419626712799
2024-10-31 12:29:46,647 - INFO - ============================================================================================================================================================================================================================================================================================================
2024-10-31 12:29:46,648 - INFO - Trial 70 finished with value: 2.271475315093994 and parameters: {'hidden_layers': 1, 'hidden_units': 256, 'dropout_rate': 0.7694625311514001, 'learning_rate': 0.0007321654670778624, 'weight_decay': 0.0006516271611789068, 'batch_size': 1024, 'tree_depth': 10}. Best is trial 61 with value: 2.2282741921288625.
2024-10-31 12:30:16,581 - INFO - Parameters: {'hidden_layers': 1, 'hidden_units': 256, 'dropout_rate': 0.7880710371044848, 'learning_rate': 0.0010171677565096414, 'weight_decay': 0.00047269080469750465, 'batch_size': 512, 'tree_depth': 11}
2024-10-31 12:30:16,581 - INFO - Trial 71: Train MSE=2.4023787464414323, Train R²=0.5988881417683193
2024-10-31 12:30:16,581 - INFO - Trial 71: Test MSE=2.2171244961874828, Test R²=0.6391094752720424
2024-10-31 12:30:16,581 - INFO - ============================================================================================================================================================================================================================================================================================================
2024-10-31 12:30:16,582 - INFO - Trial 71 finished with value: 2.2171244961874828 and parameters: {'hidden_layers': 1, 'hidden_units': 256, 'dropout_rate': 0.7880710371044848, 'learning_rate': 0.0010171677565096414, 'weight_decay': 0.00047269080469750465, 'batch_size': 512, 'tree_depth': 11}. Best is trial 71 with value: 2.2171244961874828.
2024-10-31 12:30:54,244 - INFO - Parameters: {'hidden_layers': 1, 'hidden_units': 256, 'dropout_rate': 0.7882593756164985, 'learning_rate': 0.0015451650590928678, 'weight_decay': 0.00031769887426425793, 'batch_size': 512, 'tree_depth': 11}
2024-10-31 12:30:54,244 - INFO - Trial 72: Train MSE=2.1639454449926103, Train R²=0.6394598803349903
2024-10-31 12:30:54,244 - INFO - Trial 72: Test MSE=2.2163165637425015, Test R²=0.6391593558447701
2024-10-31 12:30:54,245 - INFO - ============================================================================================================================================================================================================================================================================================================
2024-10-31 12:30:54,246 - INFO - Trial 72 finished with value: 2.2163165637425015 and parameters: {'hidden_layers': 1, 'hidden_units': 256, 'dropout_rate': 0.7882593756164985, 'learning_rate': 0.0015451650590928678, 'weight_decay': 0.00031769887426425793, 'batch_size': 512, 'tree_depth': 11}. Best is trial 72 with value: 2.2163165637425015.
2024-10-31 12:31:32,266 - INFO - Parameters: {'hidden_layers': 1, 'hidden_units': 256, 'dropout_rate': 0.7840372619538002, 'learning_rate': 0.0015225164952580284, 'weight_decay': 0.00032050025340631106, 'batch_size': 512, 'tree_depth': 11}
2024-10-31 12:31:32,266 - INFO - Trial 73: Train MSE=2.2030075703348433, Train R²=0.6313656185354505
2024-10-31 12:31:32,266 - INFO - Trial 73: Test MSE=2.245856319155012, Test R²=0.6343412228993007
2024-10-31 12:31:32,266 - INFO - ============================================================================================================================================================================================================================================================================================================
2024-10-31 12:31:32,268 - INFO - Trial 73 finished with value: 2.245856319155012 and parameters: {'hidden_layers': 1, 'hidden_units': 256, 'dropout_rate': 0.7840372619538002, 'learning_rate': 0.0015225164952580284, 'weight_decay': 0.00032050025340631106, 'batch_size': 512, 'tree_depth': 11}. Best is trial 72 with value: 2.2163165637425015.
2024-10-31 12:32:07,607 - INFO - Parameters: {'hidden_layers': 1, 'hidden_units': 256, 'dropout_rate': 0.7612692732128806, 'learning_rate': 0.00083559650649334, 'weight_decay': 0.0002536483551213401, 'batch_size': 512, 'tree_depth': 11}
2024-10-31 12:32:07,607 - INFO - Trial 74: Train MSE=2.3028258851596286, Train R²=0.6165211605174201
2024-10-31 12:32:07,608 - INFO - Trial 74: Test MSE=2.234851700919015, Test R²=0.6363084486552647
2024-10-31 12:32:07,608 - INFO - ============================================================================================================================================================================================================================================================================================================
2024-10-31 12:32:07,609 - INFO - Trial 74 finished with value: 2.234851700919015 and parameters: {'hidden_layers': 1, 'hidden_units': 256, 'dropout_rate': 0.7612692732128806, 'learning_rate': 0.00083559650649334, 'weight_decay': 0.0002536483551213401, 'batch_size': 512, 'tree_depth': 11}. Best is trial 72 with value: 2.2163165637425015.
2024-10-31 12:32:45,979 - INFO - Parameters: {'hidden_layers': 1, 'hidden_units': 256, 'dropout_rate': 0.7268304698410085, 'learning_rate': 0.0008331985501202144, 'weight_decay': 0.00023689091429637287, 'batch_size': 512, 'tree_depth': 11}
2024-10-31 12:32:45,979 - INFO - Trial 75: Train MSE=2.0734300145081113, Train R²=0.6543323482785907
2024-10-31 12:32:45,980 - INFO - Trial 75: Test MSE=2.263540267944336, Test R²=0.6314776710101536
2024-10-31 12:32:45,980 - INFO - ============================================================================================================================================================================================================================================================================================================
2024-10-31 12:32:45,981 - INFO - Trial 75 finished with value: 2.263540267944336 and parameters: {'hidden_layers': 1, 'hidden_units': 256, 'dropout_rate': 0.7268304698410085, 'learning_rate': 0.0008331985501202144, 'weight_decay': 0.00023689091429637287, 'batch_size': 512, 'tree_depth': 11}. Best is trial 72 with value: 2.2163165637425015.
2024-10-31 12:33:24,299 - INFO - Parameters: {'hidden_layers': 1, 'hidden_units': 256, 'dropout_rate': 0.7654278397439568, 'learning_rate': 0.0005941399677981248, 'weight_decay': 0.00019339084963380354, 'batch_size': 512, 'tree_depth': 11}
2024-10-31 12:33:24,300 - INFO - Trial 76: Train MSE=2.6362008452415466, Train R²=0.5616854982716697
2024-10-31 12:33:24,300 - INFO - Trial 76: Test MSE=2.224835923739842, Test R²=0.6378520131111145
2024-10-31 12:33:24,300 - INFO - ============================================================================================================================================================================================================================================================================================================
2024-10-31 12:33:24,301 - INFO - Trial 76 finished with value: 2.224835923739842 and parameters: {'hidden_layers': 1, 'hidden_units': 256, 'dropout_rate': 0.7654278397439568, 'learning_rate': 0.0005941399677981248, 'weight_decay': 0.00019339084963380354, 'batch_size': 512, 'tree_depth': 11}. Best is trial 72 with value: 2.2163165637425015.
2024-10-31 12:34:01,913 - INFO - Parameters: {'hidden_layers': 1, 'hidden_units': 256, 'dropout_rate': 0.6042374933136334, 'learning_rate': 0.0005609204837060557, 'weight_decay': 0.00018247213800771413, 'batch_size': 512, 'tree_depth': 11}
2024-10-31 12:34:01,913 - INFO - Trial 77: Train MSE=1.7058555952140264, Train R²=0.7153759854180473
2024-10-31 12:34:01,913 - INFO - Trial 77: Test MSE=2.3507814747946605, Test R²=0.6174513357026237
2024-10-31 12:34:01,914 - INFO - ============================================================================================================================================================================================================================================================================================================
2024-10-31 12:34:01,915 - INFO - Trial 77 finished with value: 2.3507814747946605 and parameters: {'hidden_layers': 1, 'hidden_units': 256, 'dropout_rate': 0.6042374933136334, 'learning_rate': 0.0005609204837060557, 'weight_decay': 0.00018247213800771413, 'batch_size': 512, 'tree_depth': 11}. Best is trial 72 with value: 2.2163165637425015.
2024-10-31 12:34:43,431 - INFO - Parameters: {'hidden_layers': 1, 'hidden_units': 512, 'dropout_rate': 0.7537454167089829, 'learning_rate': 0.0009866804882267045, 'weight_decay': 0.0002695040511068107, 'batch_size': 512, 'tree_depth': 11}
2024-10-31 12:34:43,431 - INFO - Trial 78: Train MSE=1.8983257498059953, Train R²=0.684381365776062
2024-10-31 12:34:43,431 - INFO - Trial 78: Test MSE=2.247733507837568, Test R²=0.6341649975095477
2024-10-31 12:34:43,431 - INFO - ============================================================================================================================================================================================================================================================================================================
2024-10-31 12:34:43,432 - INFO - Trial 78 finished with value: 2.247733507837568 and parameters: {'hidden_layers': 1, 'hidden_units': 512, 'dropout_rate': 0.7537454167089829, 'learning_rate': 0.0009866804882267045, 'weight_decay': 0.0002695040511068107, 'batch_size': 512, 'tree_depth': 11}. Best is trial 72 with value: 2.2163165637425015.
2024-10-31 12:35:20,815 - INFO - Parameters: {'hidden_layers': 1, 'hidden_units': 256, 'dropout_rate': 0.7637021446210694, 'learning_rate': 0.0019056774251893852, 'weight_decay': 0.00013738712571606412, 'batch_size': 512, 'tree_depth': 11}
2024-10-31 12:35:20,815 - INFO - Trial 79: Train MSE=1.9024115800857544, Train R²=0.6831586807966232
2024-10-31 12:35:20,815 - INFO - Trial 79: Test MSE=2.23751814024789, Test R²=0.6355492642947606
2024-10-31 12:35:20,815 - INFO - ============================================================================================================================================================================================================================================================================================================
2024-10-31 12:35:20,816 - INFO - Trial 79 finished with value: 2.23751814024789 and parameters: {'hidden_layers': 1, 'hidden_units': 256, 'dropout_rate': 0.7637021446210694, 'learning_rate': 0.0019056774251893852, 'weight_decay': 0.00013738712571606412, 'batch_size': 512, 'tree_depth': 11}. Best is trial 72 with value: 2.2163165637425015.
2024-10-31 12:36:01,334 - INFO - Parameters: {'hidden_layers': 1, 'hidden_units': 256, 'dropout_rate': 0.7032502152799457, 'learning_rate': 0.000620796283336584, 'weight_decay': 0.000195385444761399, 'batch_size': 512, 'tree_depth': 6}
2024-10-31 12:36:01,334 - INFO - Trial 80: Train MSE=3.0774715627942766, Train R²=0.48808735821928295
2024-10-31 12:36:01,334 - INFO - Trial 80: Test MSE=2.438591684613909, Test R²=0.6029768330710275
2024-10-31 12:36:01,334 - INFO - ============================================================================================================================================================================================================================================================================================================
2024-10-31 12:36:01,334 - INFO - Trial 80 finished with value: 2.438591684613909 and parameters: {'hidden_layers': 1, 'hidden_units': 256, 'dropout_rate': 0.7032502152799457, 'learning_rate': 0.000620796283336584, 'weight_decay': 0.000195385444761399, 'batch_size': 512, 'tree_depth': 6}. Best is trial 72 with value: 2.2163165637425015.
2024-10-31 12:36:39,339 - INFO - Parameters: {'hidden_layers': 1, 'hidden_units': 256, 'dropout_rate': 0.7663981502256131, 'learning_rate': 0.0025303471267687926, 'weight_decay': 0.00014871601321006124, 'batch_size': 512, 'tree_depth': 11}
2024-10-31 12:36:39,339 - INFO - Trial 81: Train MSE=1.8359528992857252, Train R²=0.6941531811441694
2024-10-31 12:36:39,339 - INFO - Trial 81: Test MSE=2.278803927557809, Test R²=0.6290351322719029
2024-10-31 12:36:39,339 - INFO - ============================================================================================================================================================================================================================================================================================================
2024-10-31 12:36:39,340 - INFO - Trial 81 finished with value: 2.278803927557809 and parameters: {'hidden_layers': 1, 'hidden_units': 256, 'dropout_rate': 0.7663981502256131, 'learning_rate': 0.0025303471267687926, 'weight_decay': 0.00014871601321006124, 'batch_size': 512, 'tree_depth': 11}. Best is trial 72 with value: 2.2163165637425015.
2024-10-31 12:37:17,150 - INFO - Parameters: {'hidden_layers': 1, 'hidden_units': 256, 'dropout_rate': 0.7902126574930642, 'learning_rate': 0.0018446526967683709, 'weight_decay': 0.00013281624598592663, 'batch_size': 512, 'tree_depth': 11}
2024-10-31 12:37:17,151 - INFO - Trial 82: Train MSE=2.1491001418658664, Train R²=0.6421542593411037
2024-10-31 12:37:17,151 - INFO - Trial 82: Test MSE=2.225222042628697, Test R²=0.6376107590539115
2024-10-31 12:37:17,151 - INFO - ============================================================================================================================================================================================================================================================================================================
2024-10-31 12:37:17,152 - INFO - Trial 82 finished with value: 2.225222042628697 and parameters: {'hidden_layers': 1, 'hidden_units': 256, 'dropout_rate': 0.7902126574930642, 'learning_rate': 0.0018446526967683709, 'weight_decay': 0.00013281624598592663, 'batch_size': 512, 'tree_depth': 11}. Best is trial 72 with value: 2.2163165637425015.
2024-10-31 12:37:54,945 - INFO - Parameters: {'hidden_layers': 1, 'hidden_units': 256, 'dropout_rate': 0.7839399723367159, 'learning_rate': 0.0016076068982865672, 'weight_decay': 0.00010300660010200377, 'batch_size': 512, 'tree_depth': 11}
2024-10-31 12:37:54,945 - INFO - Trial 83: Train MSE=2.1803304638181413, Train R²=0.6366606972047261
2024-10-31 12:37:54,945 - INFO - Trial 83: Test MSE=2.243169443947928, Test R²=0.6348466277122498
2024-10-31 12:37:54,945 - INFO - ============================================================================================================================================================================================================================================================================================================
