2024-10-31 09:56:10,183 - INFO - Trial 0 finished with value: 2.3198165552956715 and parameters: {'hidden_layers': 3, 'hidden_units': 512, 'dropout_rate': 0.7208089460633437, 'learning_rate': 0.00224108222113318, 'weight_decay': 0.00010811376213320458, 'batch_size': 512, 'tree_depth': 10}. Best is trial 0 with value: 2.3198165552956715.
2024-10-31 09:56:21,267 - WARNING - Trial 1 failed with parameters: {'hidden_layers': 2, 'hidden_units': 256, 'dropout_rate': 0.738081523028094, 'learning_rate': 0.001324599787980482, 'weight_decay': 0.00033123494589636543, 'batch_size': 512, 'tree_depth': 6} because of the following error: KeyboardInterrupt().
Traceback (most recent call last):
  File "c:\Users\Nico\anaconda3\envs\dev310-mldl\lib\site-packages\optuna\study\_optimize.py", line 197, in _run_trial
    value_or_values = func(trial)
  File "C:\Users\Nico\AppData\Local\Temp\ipykernel_32248\383003963.py", line 41, in objective
    metrics = trainer.fit(dl_train, dl_test, num_epochs=100)
  File "C:\Users\Nico\AppData\Local\Temp\ipykernel_32248\2713248567.py", line 81, in fit
    test_loss, test_r2 = self.test_step(dataloader_test)
  File "C:\Users\Nico\AppData\Local\Temp\ipykernel_32248\2713248567.py", line 61, in test_step
    pred_y = self.model(batch_x)
  File "c:\Users\Nico\anaconda3\envs\dev310-mldl\lib\site-packages\torch\nn\modules\module.py", line 1553, in _wrapped_call_impl
    return self._call_impl(*args, **kwargs)
  File "c:\Users\Nico\anaconda3\envs\dev310-mldl\lib\site-packages\torch\nn\modules\module.py", line 1562, in _call_impl
    return forward_call(*args, **kwargs)
  File "c:\Users\Nico\anaconda3\envs\dev310-mldl\lib\site-packages\torch\nn\modules\container.py", line 219, in forward
    input = module(input)
  File "c:\Users\Nico\anaconda3\envs\dev310-mldl\lib\site-packages\torch\nn\modules\module.py", line 1553, in _wrapped_call_impl
    return self._call_impl(*args, **kwargs)
  File "c:\Users\Nico\anaconda3\envs\dev310-mldl\lib\site-packages\torch\nn\modules\module.py", line 1562, in _call_impl
    return forward_call(*args, **kwargs)
  File "c:\Users\Nico\anaconda3\envs\dev310-mldl\lib\site-packages\torch\nn\modules\linear.py", line 117, in forward
    return F.linear(input, self.weight, self.bias)
KeyboardInterrupt
2024-10-31 09:56:21,272 - WARNING - Trial 1 failed with value None.
2024-10-31 09:59:45,113 - INFO - A new study created in memory with name: no-name-6d287149-bb58-4d65-ab19-e3925138ecb2
2024-10-31 10:00:27,622 - INFO - Trial 0 finished with value: 2.733866035938263 and parameters: {'hidden_layers': 1, 'hidden_units': 1024, 'dropout_rate': 0.5663567501618574, 'learning_rate': 0.00012291305879425494, 'weight_decay': 0.0009017658594331733, 'batch_size': 1024, 'tree_depth': 6}. Best is trial 0 with value: 2.733866035938263.
2024-10-31 10:01:48,807 - INFO - Trial 1 finished with value: 2.422694069998605 and parameters: {'hidden_layers': 1, 'hidden_units': 1024, 'dropout_rate': 0.7387329914727925, 'learning_rate': 0.0068878410879292295, 'weight_decay': 0.0005503708714467666, 'batch_size': 512, 'tree_depth': 6}. Best is trial 1 with value: 2.422694069998605.
2024-10-31 10:03:49,950 - INFO - Trial number: 0
2024-10-31 10:03:49,951 - INFO - Parameters: {'hidden_layers': 1, 'hidden_units': 1024, 'dropout_rate': 0.5663567501618574, 'learning_rate': 0.00012291305879425494, 'weight_decay': 0.0009017658594331733, 'batch_size': 1024, 'tree_depth': 6}
2024-10-31 10:03:49,951 - INFO - Value (MSE): 2.733866035938263
2024-10-31 10:03:49,951 - INFO - Trial number: 1
2024-10-31 10:03:49,951 - INFO - Parameters: {'hidden_layers': 1, 'hidden_units': 1024, 'dropout_rate': 0.7387329914727925, 'learning_rate': 0.0068878410879292295, 'weight_decay': 0.0005503708714467666, 'batch_size': 512, 'tree_depth': 6}
2024-10-31 10:03:49,951 - INFO - Value (MSE): 2.422694069998605
2024-10-31 10:04:02,343 - INFO - A new study created in memory with name: no-name-8ad6a0e7-a801-46c1-94e8-4be6bf52b886
2024-10-31 10:04:05,180 - WARNING - Trial 0 failed with parameters: {'hidden_layers': 3, 'hidden_units': 1024, 'dropout_rate': 0.4466028098190823, 'learning_rate': 0.00019557752620186577, 'weight_decay': 0.00037897929402631, 'batch_size': 1024, 'tree_depth': 6} because of the following error: KeyboardInterrupt().
Traceback (most recent call last):
  File "c:\Users\Nico\anaconda3\envs\dev310-mldl\lib\site-packages\optuna\study\_optimize.py", line 197, in _run_trial
    value_or_values = func(trial)
  File "C:\Users\Nico\AppData\Local\Temp\ipykernel_32248\4174905845.py", line 41, in objective
    metrics = trainer.fit(dl_train, dl_test, num_epochs=100)
  File "C:\Users\Nico\AppData\Local\Temp\ipykernel_32248\2713248567.py", line 81, in fit
    test_loss, test_r2 = self.test_step(dataloader_test)
  File "C:\Users\Nico\AppData\Local\Temp\ipykernel_32248\2713248567.py", line 67, in test_step
    r2 = self.r2_metric(pred_y, batch_y)
  File "c:\Users\Nico\anaconda3\envs\dev310-mldl\lib\site-packages\torch\nn\modules\module.py", line 1553, in _wrapped_call_impl
    return self._call_impl(*args, **kwargs)
  File "c:\Users\Nico\anaconda3\envs\dev310-mldl\lib\site-packages\torch\nn\modules\module.py", line 1562, in _call_impl
    return forward_call(*args, **kwargs)
  File "c:\Users\Nico\anaconda3\envs\dev310-mldl\lib\site-packages\torchmetrics\metric.py", line 312, in forward
    self._forward_cache = self._forward_reduce_state_update(*args, **kwargs)
  File "c:\Users\Nico\anaconda3\envs\dev310-mldl\lib\site-packages\torchmetrics\metric.py", line 387, in _forward_reduce_state_update
    self._reduce_states(global_state)
  File "c:\Users\Nico\anaconda3\envs\dev310-mldl\lib\site-packages\torchmetrics\metric.py", line 433, in _reduce_states
    setattr(self, attr, reduced)
  File "c:\Users\Nico\anaconda3\envs\dev310-mldl\lib\site-packages\torchmetrics\metric.py", line 734, in __setattr__
    def __setattr__(self, name: str, value: Any) -> None:
KeyboardInterrupt
2024-10-31 10:04:05,181 - WARNING - Trial 0 failed with value None.
2024-10-31 10:04:20,976 - INFO - A new study created in memory with name: no-name-4933e0ad-a9d3-423f-84c5-48d9d2b69ba1
2024-10-31 10:06:04,892 - WARNING - Trial 0 failed with parameters: {'hidden_layers': 1, 'hidden_units': 128, 'dropout_rate': 0.30436882918229713, 'learning_rate': 0.0010976657256142048, 'weight_decay': 0.0009590485013504912, 'batch_size': 256, 'tree_depth': 8} because of the following error: KeyboardInterrupt().
Traceback (most recent call last):
  File "c:\Users\Nico\anaconda3\envs\dev310-mldl\lib\site-packages\optuna\study\_optimize.py", line 197, in _run_trial
    value_or_values = func(trial)
  File "C:\Users\Nico\AppData\Local\Temp\ipykernel_32248\1284544714.py", line 41, in objective
    metrics = trainer.fit(dl_train, dl_test, num_epochs=100)
  File "C:\Users\Nico\AppData\Local\Temp\ipykernel_32248\2713248567.py", line 80, in fit
    train_loss, train_r2 = self.train_step(dataloader_train)
  File "C:\Users\Nico\AppData\Local\Temp\ipykernel_32248\2713248567.py", line 24, in train_step
    for iteration, (batch_x, batch_y) in enumerate(dataloader):
  File "c:\Users\Nico\anaconda3\envs\dev310-mldl\lib\site-packages\torch\utils\data\dataloader.py", line 630, in __next__
    data = self._next_data()
  File "c:\Users\Nico\anaconda3\envs\dev310-mldl\lib\site-packages\torch\utils\data\dataloader.py", line 673, in _next_data
    data = self._dataset_fetcher.fetch(index)  # may raise StopIteration
  File "c:\Users\Nico\anaconda3\envs\dev310-mldl\lib\site-packages\torch\utils\data\_utils\fetch.py", line 55, in fetch
    return self.collate_fn(data)
  File "c:\Users\Nico\anaconda3\envs\dev310-mldl\lib\site-packages\torch\utils\data\_utils\collate.py", line 317, in default_collate
    return collate(batch, collate_fn_map=default_collate_fn_map)
  File "c:\Users\Nico\anaconda3\envs\dev310-mldl\lib\site-packages\torch\utils\data\_utils\collate.py", line 174, in collate
    return [collate(samples, collate_fn_map=collate_fn_map) for samples in transposed]  # Backwards compatibility.
  File "c:\Users\Nico\anaconda3\envs\dev310-mldl\lib\site-packages\torch\utils\data\_utils\collate.py", line 174, in <listcomp>
    return [collate(samples, collate_fn_map=collate_fn_map) for samples in transposed]  # Backwards compatibility.
  File "c:\Users\Nico\anaconda3\envs\dev310-mldl\lib\site-packages\torch\utils\data\_utils\collate.py", line 142, in collate
    return collate_fn_map[elem_type](batch, collate_fn_map=collate_fn_map)
  File "c:\Users\Nico\anaconda3\envs\dev310-mldl\lib\site-packages\torch\utils\data\_utils\collate.py", line 214, in collate_tensor_fn
    return torch.stack(batch, 0, out=out)
KeyboardInterrupt
2024-10-31 10:06:04,905 - WARNING - Trial 0 failed with value None.
2024-10-31 10:06:44,894 - INFO - A new study created in memory with name: no-name-0406e6e1-9742-4a2d-8a37-d562664dc991
2024-10-31 10:07:41,569 - INFO - Trial 0 finished with value: 2.3350892663002014 and parameters: {'hidden_layers': 3, 'hidden_units': 512, 'dropout_rate': 0.6711745830927888, 'learning_rate': 0.0052623728130298305, 'weight_decay': 0.000415112577305699, 'batch_size': 1024, 'tree_depth': 12}. Best is trial 0 with value: 2.3350892663002014.
2024-10-31 10:08:19,432 - INFO - Trial 1 finished with value: 2.9048869013786316 and parameters: {'hidden_layers': 1, 'hidden_units': 512, 'dropout_rate': 0.5277090060510381, 'learning_rate': 0.00015774055289169506, 'weight_decay': 0.0002669113959443583, 'batch_size': 1024, 'tree_depth': 6}. Best is trial 0 with value: 2.3350892663002014.
2024-10-31 10:09:50,567 - INFO - A new study created in memory with name: no-name-7c0a08f7-c67f-49d5-88ef-7e7e66cce3bf
2024-10-31 10:12:35,983 - WARNING - Trial 0 failed with parameters: {'hidden_layers': 4, 'hidden_units': 128, 'dropout_rate': 0.40984687399863645, 'learning_rate': 0.0015354657620293799, 'weight_decay': 0.0003253691499915003, 'batch_size': 128, 'tree_depth': 9} because of the following error: ValueError('No trials are completed yet.').
Traceback (most recent call last):
  File "c:\Users\Nico\anaconda3\envs\dev310-mldl\lib\site-packages\optuna\study\_optimize.py", line 197, in _run_trial
    value_or_values = func(trial)
  File "C:\Users\Nico\AppData\Local\Temp\ipykernel_32248\2686767681.py", line 53, in objective
    print(f"最佳參數: {study.best_params}")
  File "c:\Users\Nico\anaconda3\envs\dev310-mldl\lib\site-packages\optuna\study\study.py", line 119, in best_params
    return self.best_trial.params
  File "c:\Users\Nico\anaconda3\envs\dev310-mldl\lib\site-packages\optuna\study\study.py", line 162, in best_trial
    best_trial = self._storage.get_best_trial(self._study_id)
  File "c:\Users\Nico\anaconda3\envs\dev310-mldl\lib\site-packages\optuna\storages\_in_memory.py", line 232, in get_best_trial
    raise ValueError("No trials are completed yet.")
ValueError: No trials are completed yet.
2024-10-31 10:12:35,986 - WARNING - Trial 0 failed with value None.
2024-10-31 10:13:50,653 - INFO - A new study created in memory with name: no-name-8ff608e3-722c-448b-bad3-45a4b6c084ec
2024-10-31 10:13:54,845 - WARNING - Trial 0 failed with parameters: {'hidden_layers': 3, 'hidden_units': 512, 'dropout_rate': 0.7539856231255171, 'learning_rate': 0.0035897621703080904, 'weight_decay': 0.00027383533027138587, 'batch_size': 1024, 'tree_depth': 8} because of the following error: KeyboardInterrupt().
Traceback (most recent call last):
  File "c:\Users\Nico\anaconda3\envs\dev310-mldl\lib\site-packages\optuna\study\_optimize.py", line 197, in _run_trial
    value_or_values = func(trial)
  File "C:\Users\Nico\AppData\Local\Temp\ipykernel_32248\2695735953.py", line 41, in objective
    metrics = trainer.fit(dl_train, dl_test, num_epochs=100)
  File "C:\Users\Nico\AppData\Local\Temp\ipykernel_32248\2713248567.py", line 81, in fit
    test_loss, test_r2 = self.test_step(dataloader_test)
  File "C:\Users\Nico\AppData\Local\Temp\ipykernel_32248\2713248567.py", line 57, in test_step
    for batch_x, batch_y in dataloader:
  File "c:\Users\Nico\anaconda3\envs\dev310-mldl\lib\site-packages\torch\utils\data\dataloader.py", line 630, in __next__
    data = self._next_data()
  File "c:\Users\Nico\anaconda3\envs\dev310-mldl\lib\site-packages\torch\utils\data\dataloader.py", line 673, in _next_data
    data = self._dataset_fetcher.fetch(index)  # may raise StopIteration
  File "c:\Users\Nico\anaconda3\envs\dev310-mldl\lib\site-packages\torch\utils\data\_utils\fetch.py", line 52, in fetch
    data = [self.dataset[idx] for idx in possibly_batched_index]
  File "c:\Users\Nico\anaconda3\envs\dev310-mldl\lib\site-packages\torch\utils\data\_utils\fetch.py", line 52, in <listcomp>
    data = [self.dataset[idx] for idx in possibly_batched_index]
  File "c:\Users\Nico\anaconda3\envs\dev310-mldl\lib\site-packages\torch\utils\data\dataset.py", line 211, in __getitem__
    return tuple(tensor[index] for tensor in self.tensors)
  File "c:\Users\Nico\anaconda3\envs\dev310-mldl\lib\site-packages\torch\utils\data\dataset.py", line 211, in <genexpr>
    return tuple(tensor[index] for tensor in self.tensors)
KeyboardInterrupt
2024-10-31 10:13:54,847 - WARNING - Trial 0 failed with value None.
2024-10-31 10:14:15,122 - INFO - A new study created in memory with name: no-name-69ab1b1d-bfd4-404c-a92a-cf431a86b47b
2024-10-31 10:18:02,556 - INFO - Parameters: {'hidden_layers': 2, 'hidden_units': 1024, 'dropout_rate': 0.4187100418219091, 'learning_rate': 0.0003174077427345149, 'weight_decay': 0.00017452413550431113, 'batch_size': 128, 'tree_depth': 11}
2024-10-31 10:18:02,556 - INFO - Trial 0: Train MSE=0.6601551954767534, Train R²=0.8882952162197658
2024-10-31 10:18:02,556 - INFO - Trial 0: Test MSE=2.4791237882205417, Test R²=0.5885741540363857
2024-10-31 10:18:02,556 - INFO - ============================================================================================================================================================================================================================================================================================================
2024-10-31 10:18:02,558 - INFO - Trial 0 finished with value: 2.4791237882205417 and parameters: {'hidden_layers': 2, 'hidden_units': 1024, 'dropout_rate': 0.4187100418219091, 'learning_rate': 0.0003174077427345149, 'weight_decay': 0.00017452413550431113, 'batch_size': 128, 'tree_depth': 11}. Best is trial 0 with value: 2.4791237882205417.
2024-10-31 10:18:55,591 - INFO - Parameters: {'hidden_layers': 4, 'hidden_units': 256, 'dropout_rate': 0.47641602723876286, 'learning_rate': 0.008529670101702806, 'weight_decay': 0.0009988098662988248, 'batch_size': 1024, 'tree_depth': 12}
2024-10-31 10:18:55,592 - INFO - Trial 1: Train MSE=1.3646704384258814, Train R²=0.7734536698886326
2024-10-31 10:18:55,592 - INFO - Trial 1: Test MSE=2.415984630584717, Test R²=0.6037010848522186
2024-10-31 10:18:55,592 - INFO - ============================================================================================================================================================================================================================================================================================================
2024-10-31 10:18:55,595 - INFO - Trial 1 finished with value: 2.415984630584717 and parameters: {'hidden_layers': 4, 'hidden_units': 256, 'dropout_rate': 0.47641602723876286, 'learning_rate': 0.008529670101702806, 'weight_decay': 0.0009988098662988248, 'batch_size': 1024, 'tree_depth': 12}. Best is trial 1 with value: 2.415984630584717.
2024-10-31 10:20:07,588 - INFO - Parameters: {'hidden_layers': 2, 'hidden_units': 512, 'dropout_rate': 0.3958255370146791, 'learning_rate': 0.0004587088315100256, 'weight_decay': 0.000680239322850629, 'batch_size': 512, 'tree_depth': 10}
2024-10-31 10:20:07,589 - INFO - Trial 2: Train MSE=1.1218806675502233, Train R²=0.8128689719097955
2024-10-31 10:20:07,590 - INFO - Trial 2: Test MSE=2.5135222503117154, Test R²=0.5906861850193569
2024-10-31 10:20:07,590 - INFO - ============================================================================================================================================================================================================================================================================================================
2024-10-31 10:20:07,592 - INFO - Trial 2 finished with value: 2.5135222503117154 and parameters: {'hidden_layers': 2, 'hidden_units': 512, 'dropout_rate': 0.3958255370146791, 'learning_rate': 0.0004587088315100256, 'weight_decay': 0.000680239322850629, 'batch_size': 512, 'tree_depth': 10}. Best is trial 1 with value: 2.415984630584717.
2024-10-31 10:20:49,793 - INFO - Parameters: {'hidden_layers': 2, 'hidden_units': 512, 'dropout_rate': 0.6453568665495353, 'learning_rate': 0.005429811759080869, 'weight_decay': 0.0008053707999247414, 'batch_size': 1024, 'tree_depth': 10}
2024-10-31 10:20:49,793 - INFO - Trial 3: Train MSE=1.3763095566204615, Train R²=0.7715301981994084
2024-10-31 10:20:49,794 - INFO - Trial 3: Test MSE=2.356587827205658, Test R²=0.61372309923172
2024-10-31 10:20:49,794 - INFO - ============================================================================================================================================================================================================================================================================================================
2024-10-31 10:20:49,794 - INFO - Trial 3 finished with value: 2.356587827205658 and parameters: {'hidden_layers': 2, 'hidden_units': 512, 'dropout_rate': 0.6453568665495353, 'learning_rate': 0.005429811759080869, 'weight_decay': 0.0008053707999247414, 'batch_size': 1024, 'tree_depth': 10}. Best is trial 3 with value: 2.356587827205658.
2024-10-31 10:21:35,695 - INFO - Parameters: {'hidden_layers': 1, 'hidden_units': 128, 'dropout_rate': 0.42736243570344307, 'learning_rate': 0.0016412956938509232, 'weight_decay': 0.00022673162391216963, 'batch_size': 1024, 'tree_depth': 7}
2024-10-31 10:21:35,695 - INFO - Trial 4: Train MSE=1.6374141488756453, Train R²=0.7280742057732174
2024-10-31 10:21:35,695 - INFO - Trial 4: Test MSE=2.434241473674774, Test R²=0.6012215614318848
2024-10-31 10:21:35,695 - INFO - ============================================================================================================================================================================================================================================================================================================
2024-10-31 10:21:35,696 - INFO - Trial 4 finished with value: 2.434241473674774 and parameters: {'hidden_layers': 1, 'hidden_units': 128, 'dropout_rate': 0.42736243570344307, 'learning_rate': 0.0016412956938509232, 'weight_decay': 0.00022673162391216963, 'batch_size': 1024, 'tree_depth': 7}. Best is trial 3 with value: 2.356587827205658.
2024-10-31 10:25:23,984 - INFO - Parameters: {'hidden_layers': 2, 'hidden_units': 1024, 'dropout_rate': 0.5649827708177766, 'learning_rate': 0.0006250937555549244, 'weight_decay': 0.00012109436195538007, 'batch_size': 128, 'tree_depth': 6}
2024-10-31 10:25:23,984 - INFO - Trial 5: Train MSE=2.1768747302038327, Train R²=0.631538137793541
2024-10-31 10:25:23,984 - INFO - Trial 5: Test MSE=2.421499490737915, Test R²=0.6000220711742129
2024-10-31 10:25:23,984 - INFO - ============================================================================================================================================================================================================================================================================================================
2024-10-31 10:25:23,985 - INFO - Trial 5 finished with value: 2.421499490737915 and parameters: {'hidden_layers': 2, 'hidden_units': 1024, 'dropout_rate': 0.5649827708177766, 'learning_rate': 0.0006250937555549244, 'weight_decay': 0.00012109436195538007, 'batch_size': 128, 'tree_depth': 6}. Best is trial 3 with value: 2.356587827205658.
2024-10-31 10:27:42,375 - INFO - Parameters: {'hidden_layers': 3, 'hidden_units': 1024, 'dropout_rate': 0.6612043036463369, 'learning_rate': 0.0029093138167612465, 'weight_decay': 0.0003042487909052301, 'batch_size': 256, 'tree_depth': 11}
2024-10-31 10:27:42,375 - INFO - Trial 6: Train MSE=1.2951134677444185, Train R²=0.783400433404105
2024-10-31 10:27:42,376 - INFO - Trial 6: Test MSE=2.4106775862830028, Test R²=0.6059377065726689
2024-10-31 10:27:42,376 - INFO - ============================================================================================================================================================================================================================================================================================================
2024-10-31 10:27:42,376 - INFO - Trial 6 finished with value: 2.4106775862830028 and parameters: {'hidden_layers': 3, 'hidden_units': 1024, 'dropout_rate': 0.6612043036463369, 'learning_rate': 0.0029093138167612465, 'weight_decay': 0.0003042487909052301, 'batch_size': 256, 'tree_depth': 11}. Best is trial 3 with value: 2.356587827205658.
2024-10-31 10:31:08,625 - INFO - Parameters: {'hidden_layers': 3, 'hidden_units': 256, 'dropout_rate': 0.7487396845718308, 'learning_rate': 0.0009244550100650817, 'weight_decay': 0.0006259377052001034, 'batch_size': 128, 'tree_depth': 10}
2024-10-31 10:31:08,625 - INFO - Trial 7: Train MSE=1.9786330269915717, Train R²=0.6660139283963612
2024-10-31 10:31:08,625 - INFO - Trial 7: Test MSE=2.300841518810817, Test R²=0.6191944820540292
2024-10-31 10:31:08,625 - INFO - ============================================================================================================================================================================================================================================================================================================
