2024-10-31 14:25:19,135 - INFO - Trial 254 finished with value: 2.260608196258545 and parameters: {'hidden_layers': 1, 'hidden_units': 256, 'dropout_rate': 0.7757976906842453, 'learning_rate': 0.0010564578301078223, 'weight_decay': 0.00031453043604469784, 'batch_size': 1024, 'tree_depth': 11}. Best is trial 104 with value: 2.1955713714872087.
2024-10-31 14:25:53,436 - INFO - Parameters: {'hidden_layers': 1, 'hidden_units': 128, 'dropout_rate': 0.7995122864266795, 'learning_rate': 0.0009462585414815267, 'weight_decay': 0.0002821211264140643, 'batch_size': 512, 'tree_depth': 11}
2024-10-31 14:25:53,436 - INFO - Trial 255: Train MSE=3.1417715634618486, Train R²=0.477296199117388
2024-10-31 14:25:53,436 - INFO - Trial 255: Test MSE=2.295411995479039, Test R²=0.6264267989567348
2024-10-31 14:25:53,436 - INFO - ============================================================================================================================================================================================================================================================================================================
2024-10-31 14:25:53,438 - INFO - Trial 255 finished with value: 2.295411995479039 and parameters: {'hidden_layers': 1, 'hidden_units': 128, 'dropout_rate': 0.7995122864266795, 'learning_rate': 0.0009462585414815267, 'weight_decay': 0.0002821211264140643, 'batch_size': 512, 'tree_depth': 11}. Best is trial 104 with value: 2.1955713714872087.
2024-10-31 14:26:28,362 - INFO - Parameters: {'hidden_layers': 1, 'hidden_units': 256, 'dropout_rate': 0.5882977112059433, 'learning_rate': 0.0036535376355622635, 'weight_decay': 0.0003399881918483534, 'batch_size': 512, 'tree_depth': 11}
2024-10-31 14:26:28,362 - INFO - Trial 256: Train MSE=1.13605740240642, Train R²=0.8106634851012912
2024-10-31 14:26:28,362 - INFO - Trial 256: Test MSE=2.3350514343806674, Test R²=0.6197178108351571
2024-10-31 14:26:28,362 - INFO - ============================================================================================================================================================================================================================================================================================================
2024-10-31 14:26:28,363 - INFO - Trial 256 finished with value: 2.3350514343806674 and parameters: {'hidden_layers': 1, 'hidden_units': 256, 'dropout_rate': 0.5882977112059433, 'learning_rate': 0.0036535376355622635, 'weight_decay': 0.0003399881918483534, 'batch_size': 512, 'tree_depth': 11}. Best is trial 104 with value: 2.1955713714872087.
2024-10-31 14:27:03,748 - INFO - Parameters: {'hidden_layers': 1, 'hidden_units': 256, 'dropout_rate': 0.7611705419737819, 'learning_rate': 0.0012501447979256627, 'weight_decay': 0.0002692418316568665, 'batch_size': 512, 'tree_depth': 11}
2024-10-31 14:27:03,749 - INFO - Trial 257: Train MSE=2.061615909848894, Train R²=0.6569511017629078
2024-10-31 14:27:03,749 - INFO - Trial 257: Test MSE=2.230088915143694, Test R²=0.6369145427431379
2024-10-31 14:27:03,749 - INFO - ============================================================================================================================================================================================================================================================================================================
2024-10-31 14:27:03,750 - INFO - Trial 257 finished with value: 2.230088915143694 and parameters: {'hidden_layers': 1, 'hidden_units': 256, 'dropout_rate': 0.7611705419737819, 'learning_rate': 0.0012501447979256627, 'weight_decay': 0.0002692418316568665, 'batch_size': 512, 'tree_depth': 11}. Best is trial 104 with value: 2.1955713714872087.
2024-10-31 14:27:40,938 - INFO - Parameters: {'hidden_layers': 1, 'hidden_units': 256, 'dropout_rate': 0.7828759290415652, 'learning_rate': 0.0013766709673173555, 'weight_decay': 0.00032432677197847886, 'batch_size': 512, 'tree_depth': 11}
2024-10-31 14:27:40,939 - INFO - Trial 258: Train MSE=2.165830820798874, Train R²=0.6385820763451713
2024-10-31 14:27:40,939 - INFO - Trial 258: Test MSE=2.2330487966537476, Test R²=0.6365885819707598
2024-10-31 14:27:40,940 - INFO - ============================================================================================================================================================================================================================================================================================================
2024-10-31 14:27:40,941 - INFO - Trial 258 finished with value: 2.2330487966537476 and parameters: {'hidden_layers': 1, 'hidden_units': 256, 'dropout_rate': 0.7828759290415652, 'learning_rate': 0.0013766709673173555, 'weight_decay': 0.00032432677197847886, 'batch_size': 512, 'tree_depth': 11}. Best is trial 104 with value: 2.1955713714872087.
2024-10-31 14:28:17,815 - INFO - Parameters: {'hidden_layers': 1, 'hidden_units': 256, 'dropout_rate': 0.7702781895259979, 'learning_rate': 0.0011149113469978598, 'weight_decay': 0.0003039350163222974, 'batch_size': 512, 'tree_depth': 11}
2024-10-31 14:28:17,815 - INFO - Trial 259: Train MSE=2.246490938322885, Train R²=0.6263044817107064
2024-10-31 14:28:17,815 - INFO - Trial 259: Test MSE=2.2422830377306258, Test R²=0.6349885293415615
2024-10-31 14:28:17,816 - INFO - ============================================================================================================================================================================================================================================================================================================
2024-10-31 14:28:17,817 - INFO - Trial 259 finished with value: 2.2422830377306258 and parameters: {'hidden_layers': 1, 'hidden_units': 256, 'dropout_rate': 0.7702781895259979, 'learning_rate': 0.0011149113469978598, 'weight_decay': 0.0003039350163222974, 'batch_size': 512, 'tree_depth': 11}. Best is trial 104 with value: 2.1955713714872087.
2024-10-31 14:28:54,736 - INFO - Parameters: {'hidden_layers': 1, 'hidden_units': 256, 'dropout_rate': 0.7874429782138885, 'learning_rate': 0.00042433684815638674, 'weight_decay': 0.00035123861431803636, 'batch_size': 512, 'tree_depth': 11}
2024-10-31 14:28:54,736 - INFO - Trial 260: Train MSE=3.325757009642465, Train R²=0.44701375705855234
2024-10-31 14:28:54,736 - INFO - Trial 260: Test MSE=2.387437582015991, Test R²=0.6114882486207145
2024-10-31 14:28:54,736 - INFO - ============================================================================================================================================================================================================================================================================================================
2024-10-31 14:28:54,740 - INFO - Trial 260 finished with value: 2.387437582015991 and parameters: {'hidden_layers': 1, 'hidden_units': 256, 'dropout_rate': 0.7874429782138885, 'learning_rate': 0.00042433684815638674, 'weight_decay': 0.00035123861431803636, 'batch_size': 512, 'tree_depth': 11}. Best is trial 104 with value: 2.1955713714872087.
2024-10-31 14:29:28,891 - INFO - Parameters: {'hidden_layers': 1, 'hidden_units': 128, 'dropout_rate': 0.7553865245664733, 'learning_rate': 0.0010404930253204727, 'weight_decay': 0.0001544473738985297, 'batch_size': 512, 'tree_depth': 10}
2024-10-31 14:29:28,891 - INFO - Trial 261: Train MSE=2.670979772295271, Train R²=0.5543557895081384
2024-10-31 14:29:28,891 - INFO - Trial 261: Test MSE=2.268834182194301, Test R²=0.6306495666503906
2024-10-31 14:29:28,891 - INFO - ============================================================================================================================================================================================================================================================================================================
2024-10-31 14:29:28,893 - INFO - Trial 261 finished with value: 2.268834182194301 and parameters: {'hidden_layers': 1, 'hidden_units': 128, 'dropout_rate': 0.7553865245664733, 'learning_rate': 0.0010404930253204727, 'weight_decay': 0.0001544473738985297, 'batch_size': 512, 'tree_depth': 10}. Best is trial 104 with value: 2.1955713714872087.
2024-10-31 14:30:03,945 - INFO - Parameters: {'hidden_layers': 1, 'hidden_units': 256, 'dropout_rate': 0.5287659684147862, 'learning_rate': 0.0012007313626132253, 'weight_decay': 0.000241014744748256, 'batch_size': 512, 'tree_depth': 11}
2024-10-31 14:30:03,945 - INFO - Trial 262: Train MSE=0.9542062772171838, Train R²=0.8407827019691467
2024-10-31 14:30:03,945 - INFO - Trial 262: Test MSE=2.430058002471924, Test R²=0.6044861504009792
2024-10-31 14:30:03,945 - INFO - ============================================================================================================================================================================================================================================================================================================
2024-10-31 14:30:03,946 - INFO - Trial 262 finished with value: 2.430058002471924 and parameters: {'hidden_layers': 1, 'hidden_units': 256, 'dropout_rate': 0.5287659684147862, 'learning_rate': 0.0012007313626132253, 'weight_decay': 0.000241014744748256, 'batch_size': 512, 'tree_depth': 11}. Best is trial 104 with value: 2.1955713714872087.
2024-10-31 14:30:39,054 - INFO - Parameters: {'hidden_layers': 1, 'hidden_units': 512, 'dropout_rate': 0.7912616969827883, 'learning_rate': 0.0009355783985941697, 'weight_decay': 0.0002874596620870361, 'batch_size': 512, 'tree_depth': 12}
2024-10-31 14:30:39,054 - INFO - Trial 263: Train MSE=2.160137491566794, Train R²=0.6406463874237878
2024-10-31 14:30:39,054 - INFO - Trial 263: Test MSE=2.2530863285064697, Test R²=0.6331769483430045
2024-10-31 14:30:39,054 - INFO - ============================================================================================================================================================================================================================================================================================================
2024-10-31 14:30:39,055 - INFO - Trial 263 finished with value: 2.2530863285064697 and parameters: {'hidden_layers': 1, 'hidden_units': 512, 'dropout_rate': 0.7912616969827883, 'learning_rate': 0.0009355783985941697, 'weight_decay': 0.0002874596620870361, 'batch_size': 512, 'tree_depth': 12}. Best is trial 104 with value: 2.1955713714872087.
2024-10-31 14:31:12,065 - INFO - Parameters: {'hidden_layers': 1, 'hidden_units': 256, 'dropout_rate': 0.7998246561649098, 'learning_rate': 0.0007220162834278009, 'weight_decay': 0.0003131746846211282, 'batch_size': 512, 'tree_depth': 11}
2024-10-31 14:31:12,065 - INFO - Trial 264: Train MSE=2.71361175605229, Train R²=0.5488109056438718
2024-10-31 14:31:12,066 - INFO - Trial 264: Test MSE=2.2335491350718906, Test R²=0.6365000350134713
2024-10-31 14:31:12,066 - INFO - ============================================================================================================================================================================================================================================================================================================
2024-10-31 14:31:12,068 - INFO - Trial 264 finished with value: 2.2335491350718906 and parameters: {'hidden_layers': 1, 'hidden_units': 256, 'dropout_rate': 0.7998246561649098, 'learning_rate': 0.0007220162834278009, 'weight_decay': 0.0003131746846211282, 'batch_size': 512, 'tree_depth': 11}. Best is trial 104 with value: 2.1955713714872087.
2024-10-31 14:31:59,278 - INFO - Parameters: {'hidden_layers': 1, 'hidden_units': 256, 'dropout_rate': 0.7759910549930852, 'learning_rate': 0.001373148144713501, 'weight_decay': 0.0003314312038659845, 'batch_size': 256, 'tree_depth': 12}
2024-10-31 14:31:59,278 - INFO - Trial 265: Train MSE=1.8945576463426863, Train R²=0.6832976735063961
2024-10-31 14:31:59,278 - INFO - Trial 265: Test MSE=2.2621824996812, Test R²=0.6294733711651394
2024-10-31 14:31:59,279 - INFO - ============================================================================================================================================================================================================================================================================================================
2024-10-31 14:31:59,280 - INFO - Trial 265 finished with value: 2.2621824996812 and parameters: {'hidden_layers': 1, 'hidden_units': 256, 'dropout_rate': 0.7759910549930852, 'learning_rate': 0.001373148144713501, 'weight_decay': 0.0003314312038659845, 'batch_size': 256, 'tree_depth': 12}. Best is trial 104 with value: 2.1955713714872087.
2024-10-31 14:33:15,542 - INFO - Parameters: {'hidden_layers': 1, 'hidden_units': 256, 'dropout_rate': 0.7643339216337499, 'learning_rate': 0.0011114442308786747, 'weight_decay': 0.0003003441039489181, 'batch_size': 128, 'tree_depth': 12}
2024-10-31 14:33:15,542 - INFO - Trial 266: Train MSE=1.7145900108984538, Train R²=0.7117738010627883
2024-10-31 14:33:15,542 - INFO - Trial 266: Test MSE=2.293543577194214, Test R²=0.620099099619048
2024-10-31 14:33:15,542 - INFO - ============================================================================================================================================================================================================================================================================================================
2024-10-31 14:33:15,544 - INFO - Trial 266 finished with value: 2.293543577194214 and parameters: {'hidden_layers': 1, 'hidden_units': 256, 'dropout_rate': 0.7643339216337499, 'learning_rate': 0.0011114442308786747, 'weight_decay': 0.0003003441039489181, 'batch_size': 128, 'tree_depth': 12}. Best is trial 104 with value: 2.1955713714872087.
2024-10-31 14:33:48,903 - INFO - Parameters: {'hidden_layers': 1, 'hidden_units': 256, 'dropout_rate': 0.7824173670087472, 'learning_rate': 0.0005491900486519997, 'weight_decay': 0.0002289947205569662, 'batch_size': 512, 'tree_depth': 11}
2024-10-31 14:33:48,903 - INFO - Trial 267: Train MSE=2.9968550886426653, Train R²=0.500798476593835
2024-10-31 14:33:48,903 - INFO - Trial 267: Test MSE=2.2912117753710066, Test R²=0.627132168837956
2024-10-31 14:33:48,903 - INFO - ============================================================================================================================================================================================================================================================================================================
2024-10-31 14:33:48,905 - INFO - Trial 267 finished with value: 2.2912117753710066 and parameters: {'hidden_layers': 1, 'hidden_units': 256, 'dropout_rate': 0.7824173670087472, 'learning_rate': 0.0005491900486519997, 'weight_decay': 0.0002289947205569662, 'batch_size': 512, 'tree_depth': 11}. Best is trial 104 with value: 2.1955713714872087.
2024-10-31 14:34:22,416 - INFO - Parameters: {'hidden_layers': 1, 'hidden_units': 256, 'dropout_rate': 0.7908181677499604, 'learning_rate': 0.002021588859092198, 'weight_decay': 0.00032132582886131456, 'batch_size': 512, 'tree_depth': 12}
2024-10-31 14:34:22,416 - INFO - Trial 268: Train MSE=2.085411242076329, Train R²=0.6532222905329296
2024-10-31 14:34:22,416 - INFO - Trial 268: Test MSE=2.2379387617111206, Test R²=0.6357392924172538
2024-10-31 14:34:22,416 - INFO - ============================================================================================================================================================================================================================================================================================================
2024-10-31 14:34:22,417 - INFO - Trial 268 finished with value: 2.2379387617111206 and parameters: {'hidden_layers': 1, 'hidden_units': 256, 'dropout_rate': 0.7908181677499604, 'learning_rate': 0.002021588859092198, 'weight_decay': 0.00032132582886131456, 'batch_size': 512, 'tree_depth': 12}. Best is trial 104 with value: 2.1955713714872087.
2024-10-31 14:34:55,400 - INFO - Parameters: {'hidden_layers': 1, 'hidden_units': 128, 'dropout_rate': 0.7750971448618882, 'learning_rate': 0.000866514436604398, 'weight_decay': 0.00027611617749526417, 'batch_size': 512, 'tree_depth': 11}
2024-10-31 14:34:55,401 - INFO - Trial 269: Train MSE=2.8864365901265825, Train R²=0.5192396832363946
2024-10-31 14:34:55,401 - INFO - Trial 269: Test MSE=2.2377511092594693, Test R²=0.6357458404132298
2024-10-31 14:34:55,401 - INFO - ============================================================================================================================================================================================================================================================================================================
2024-10-31 14:34:55,402 - INFO - Trial 269 finished with value: 2.2377511092594693 and parameters: {'hidden_layers': 1, 'hidden_units': 128, 'dropout_rate': 0.7750971448618882, 'learning_rate': 0.000866514436604398, 'weight_decay': 0.00027611617749526417, 'batch_size': 512, 'tree_depth': 11}. Best is trial 104 with value: 2.1955713714872087.
2024-10-31 14:35:30,076 - INFO - Parameters: {'hidden_layers': 2, 'hidden_units': 256, 'dropout_rate': 0.7998921223015502, 'learning_rate': 0.006844736014675733, 'weight_decay': 0.0003442994093010978, 'batch_size': 512, 'tree_depth': 12}
2024-10-31 14:35:30,077 - INFO - Trial 270: Train MSE=2.2692476383277347, Train R²=0.6226562687328884
2024-10-31 14:35:30,077 - INFO - Trial 270: Test MSE=2.2937137229102, Test R²=0.6265778541564941
2024-10-31 14:35:30,077 - INFO - ============================================================================================================================================================================================================================================================================================================
2024-10-31 14:35:30,078 - INFO - Trial 270 finished with value: 2.2937137229102 and parameters: {'hidden_layers': 2, 'hidden_units': 256, 'dropout_rate': 0.7998921223015502, 'learning_rate': 0.006844736014675733, 'weight_decay': 0.0003442994093010978, 'batch_size': 512, 'tree_depth': 12}. Best is trial 104 with value: 2.1955713714872087.
2024-10-31 14:36:02,273 - INFO - Parameters: {'hidden_layers': 1, 'hidden_units': 256, 'dropout_rate': 0.782021700707502, 'learning_rate': 0.0012397360651961499, 'weight_decay': 0.0002556311424051837, 'batch_size': 512, 'tree_depth': 11}
2024-10-31 14:36:02,273 - INFO - Trial 271: Train MSE=2.213414111307689, Train R²=0.6319164293152946
2024-10-31 14:36:02,273 - INFO - Trial 271: Test MSE=2.238250800541469, Test R²=0.6356343967573983
2024-10-31 14:36:02,274 - INFO - ============================================================================================================================================================================================================================================================================================================
2024-10-31 14:36:02,275 - INFO - Trial 271 finished with value: 2.238250800541469 and parameters: {'hidden_layers': 1, 'hidden_units': 256, 'dropout_rate': 0.782021700707502, 'learning_rate': 0.0012397360651961499, 'weight_decay': 0.0002556311424051837, 'batch_size': 512, 'tree_depth': 11}. Best is trial 104 with value: 2.1955713714872087.
2024-10-31 14:36:35,745 - INFO - Parameters: {'hidden_layers': 1, 'hidden_units': 256, 'dropout_rate': 0.7687870852954353, 'learning_rate': 0.007960118268532811, 'weight_decay': 0.00029128426302068, 'batch_size': 512, 'tree_depth': 12}
2024-10-31 14:36:35,745 - INFO - Trial 272: Train MSE=1.98371399300439, Train R²=0.6696095892361232
2024-10-31 14:36:35,745 - INFO - Trial 272: Test MSE=2.2681277138846263, Test R²=0.6305355685097831
2024-10-31 14:36:35,745 - INFO - ============================================================================================================================================================================================================================================================================================================
2024-10-31 14:36:35,746 - INFO - Trial 272 finished with value: 2.2681277138846263 and parameters: {'hidden_layers': 1, 'hidden_units': 256, 'dropout_rate': 0.7687870852954353, 'learning_rate': 0.007960118268532811, 'weight_decay': 0.00029128426302068, 'batch_size': 512, 'tree_depth': 12}. Best is trial 104 with value: 2.1955713714872087.
2024-10-31 14:37:10,046 - INFO - Parameters: {'hidden_layers': 1, 'hidden_units': 256, 'dropout_rate': 0.7505168384224971, 'learning_rate': 0.0010023250809285294, 'weight_decay': 0.0002124360453142366, 'batch_size': 512, 'tree_depth': 12}
2024-10-31 14:37:10,046 - INFO - Trial 273: Train MSE=2.043136958565031, Train R²=0.6603858598640987
2024-10-31 14:37:10,046 - INFO - Trial 273: Test MSE=2.245595710618155, Test R²=0.63437648330416
2024-10-31 14:37:10,046 - INFO - ============================================================================================================================================================================================================================================================================================================
