2024-10-31 01:22:45,417 - INFO - Trial 0: Train MSE=1.128563744681222, Train R²=0.8122617942946297
2024-10-31 01:22:45,418 - INFO - Trial 0: Test MSE=2.391941726207733, Test R²=0.6078067719936371
2024-10-31 01:22:45,418 - INFO - ============================================================================================================================================================================================================================================================================================================
2024-10-31 01:23:23,384 - INFO - Trial 1: Train MSE=1.1519915504114968, Train R²=0.8083500989845821
2024-10-31 01:23:23,384 - INFO - Trial 1: Test MSE=2.56627242905753, Test R²=0.5828624197414943
2024-10-31 01:23:23,384 - INFO - ============================================================================================================================================================================================================================================================================================================
2024-10-31 01:23:56,513 - INFO - Trial 2: Train MSE=3.2384531838553294, Train R²=0.46057269615786417
2024-10-31 01:23:56,514 - INFO - Trial 2: Test MSE=2.270256314958845, Test R²=0.6305238434246608
2024-10-31 01:23:56,514 - INFO - ============================================================================================================================================================================================================================================================================================================
2024-10-31 01:24:28,730 - INFO - Trial 3: Train MSE=1.7826328788484846, Train R²=0.7035035490989685
2024-10-31 01:24:28,730 - INFO - Trial 3: Test MSE=2.723130702972412, Test R²=0.5534303337335587
2024-10-31 01:24:28,730 - INFO - ============================================================================================================================================================================================================================================================================================================
2024-10-31 01:25:16,219 - INFO - Trial 4: Train MSE=1.125473482268197, Train R²=0.8129804730415344
2024-10-31 01:25:16,219 - INFO - Trial 4: Test MSE=2.3747497967311313, Test R²=0.6132715174130031
2024-10-31 01:25:16,219 - INFO - ============================================================================================================================================================================================================================================================================================================
2024-10-31 01:25:47,787 - INFO - Trial 5: Train MSE=5.445538180215018, Train R²=0.09495720267295837
2024-10-31 01:25:47,787 - INFO - Trial 5: Test MSE=2.6025391817092896, Test R²=0.5735529810190201
2024-10-31 01:25:47,787 - INFO - ============================================================================================================================================================================================================================================================================================================
2024-10-31 01:26:58,929 - INFO - Trial 6: Train MSE=2.1659977084824016, Train R²=0.6330098610903535
2024-10-31 01:26:58,929 - INFO - Trial 6: Test MSE=2.4310970093522752, Test R²=0.5986739099025726
2024-10-31 01:26:58,929 - INFO - ============================================================================================================================================================================================================================================================================================================
2024-10-31 01:27:22,733 - INFO - Trial 7: Train MSE=0.7619488494736808, Train R²=0.873390964099339
2024-10-31 01:27:22,733 - INFO - Trial 7: Test MSE=2.4607259035110474, Test R²=0.596337616443634
2024-10-31 01:27:22,733 - INFO - ============================================================================================================================================================================================================================================================================================================
2024-10-31 01:28:25,053 - INFO - Trial 8: Train MSE=0.632004229085786, Train R²=0.8945958720786231
2024-10-31 01:28:25,053 - INFO - Trial 8: Test MSE=2.498436450958252, Test R²=0.5914708248206547
2024-10-31 01:28:25,053 - INFO - ============================================================================================================================================================================================================================================================================================================
2024-10-31 01:30:07,977 - INFO - Trial 9: Train MSE=2.0716224536299706, Train R²=0.6495871022343636
2024-10-31 01:30:07,978 - INFO - Trial 9: Test MSE=2.398819931915828, Test R²=0.6031741521188191
2024-10-31 01:30:07,978 - INFO - ============================================================================================================================================================================================================================================================================================================
2024-10-31 01:30:43,090 - INFO - Trial 10: Train MSE=5.528779591832842, Train R²=0.07845442635672432
2024-10-31 01:30:43,090 - INFO - Trial 10: Test MSE=3.406125443322318, Test R²=0.4458014794758388
2024-10-31 01:30:43,090 - INFO - ============================================================================================================================================================================================================================================================================================================
2024-10-31 01:31:15,380 - INFO - Trial 11: Train MSE=3.3492619821003506, Train R²=0.4428133943251201
2024-10-31 01:31:15,380 - INFO - Trial 11: Test MSE=2.289835844721113, Test R²=0.6272320577076503
2024-10-31 01:31:15,380 - INFO - ============================================================================================================================================================================================================================================================================================================
2024-10-31 01:31:59,674 - INFO - Trial 12: Train MSE=4.322522018636976, Train R²=0.2808937728404999
2024-10-31 01:31:59,674 - INFO - Trial 12: Test MSE=2.5005147457122803, Test R²=0.5932815670967102
2024-10-31 01:31:59,674 - INFO - ============================================================================================================================================================================================================================================================================================================
2024-10-31 01:32:39,989 - INFO - Trial 13: Train MSE=3.4964915088244846, Train R²=0.41754648089408875
2024-10-31 01:32:39,989 - INFO - Trial 13: Test MSE=2.458282845360892, Test R²=0.5999941059521267
2024-10-31 01:32:39,989 - INFO - ============================================================================================================================================================================================================================================================================================================
2024-10-31 01:33:42,836 - INFO - Trial 14: Train MSE=2.6206121615001132, Train R²=0.5621277455772672
2024-10-31 01:33:42,836 - INFO - Trial 14: Test MSE=2.399476110935211, Test R²=0.6072004778044564
2024-10-31 01:33:42,836 - INFO - ============================================================================================================================================================================================================================================================================================================
2024-10-31 01:34:31,537 - INFO - Trial 15: Train MSE=4.203698635101318, Train R²=0.29666987487248014
2024-10-31 01:34:31,537 - INFO - Trial 15: Test MSE=2.6586126599993025, Test R²=0.5674605199268886
2024-10-31 01:34:31,537 - INFO - ============================================================================================================================================================================================================================================================================================================
2024-10-31 01:35:11,994 - INFO - Trial 16: Train MSE=1.4020128548145294, Train R²=0.7662551764930997
2024-10-31 01:35:11,994 - INFO - Trial 16: Test MSE=2.316169261932373, Test R²=0.6231117844581604
2024-10-31 01:35:11,994 - INFO - ============================================================================================================================================================================================================================================================================================================
2024-10-31 01:35:45,805 - INFO - Trial 17: Train MSE=3.5603099380220686, Train R²=0.40663241914340426
2024-10-31 01:35:45,805 - INFO - Trial 17: Test MSE=2.3746373994009837, Test R²=0.6135355234146118
2024-10-31 01:35:45,806 - INFO - ============================================================================================================================================================================================================================================================================================================
2024-10-31 01:36:49,193 - INFO - Trial 18: Train MSE=1.8720420130661555, Train R²=0.6871169922607285
2024-10-31 01:36:49,194 - INFO - Trial 18: Test MSE=2.27155647959028, Test R²=0.6285218894481659
2024-10-31 01:36:49,194 - INFO - ============================================================================================================================================================================================================================================================================================================
2024-10-31 01:37:50,530 - INFO - Trial 19: Train MSE=1.575766914657184, Train R²=0.7359251784426826
2024-10-31 01:37:50,530 - INFO - Trial 19: Test MSE=2.3305357694625854, Test R²=0.6185608931950161
2024-10-31 01:37:50,530 - INFO - ============================================================================================================================================================================================================================================================================================================
2024-10-31 01:38:47,655 - INFO - Trial 20: Train MSE=1.210996504340853, Train R²=0.7975036331585476
2024-10-31 01:38:47,655 - INFO - Trial 20: Test MSE=2.386968799999782, Test R²=0.6087923858846936
2024-10-31 01:38:47,655 - INFO - ============================================================================================================================================================================================================================================================================================================
2024-10-31 01:39:56,829 - INFO - Trial 21: Train MSE=2.2818829395941327, Train R²=0.6176804889525686
2024-10-31 01:39:56,830 - INFO - Trial 21: Test MSE=2.248301727431161, Test R²=0.6324667206832341
2024-10-31 01:39:56,830 - INFO - ============================================================================================================================================================================================================================================================================================================
2024-10-31 01:41:05,064 - INFO - Trial 22: Train MSE=1.729771375656128, Train R²=0.7112118612442698
2024-10-31 01:41:05,064 - INFO - Trial 22: Test MSE=2.299329629966191, Test R²=0.6239436098507473
2024-10-31 01:41:05,064 - INFO - ============================================================================================================================================================================================================================================================================================================
2024-10-31 01:41:53,515 - INFO - Trial 23: Train MSE=3.3600485708032335, Train R²=0.43997128840003696
2024-10-31 01:41:53,515 - INFO - Trial 23: Test MSE=2.7493180547441756, Test R²=0.5497096606663295
2024-10-31 01:41:53,515 - INFO - ============================================================================================================================================================================================================================================================================================================
2024-10-31 01:43:01,798 - INFO - Trial 24: Train MSE=1.4155744633504324, Train R²=0.7627920902201107
2024-10-31 01:43:01,798 - INFO - Trial 24: Test MSE=2.359564925943102, Test R²=0.6135531067848206
2024-10-31 01:43:01,798 - INFO - ============================================================================================================================================================================================================================================================================================================
2024-10-31 01:44:10,428 - INFO - Trial 25: Train MSE=1.395412483385631, Train R²=0.7656509120549474
2024-10-31 01:44:10,429 - INFO - Trial 25: Test MSE=2.351610149656023, Test R²=0.6150705303464618
2024-10-31 01:44:10,429 - INFO - ============================================================================================================================================================================================================================================================================================================
2024-10-31 01:45:29,451 - INFO - Trial 26: Train MSE=3.404320478439331, Train R²=0.42536938935518265
2024-10-31 01:45:29,451 - INFO - Trial 26: Test MSE=2.816460362502507, Test R²=0.5313123379434858
2024-10-31 01:45:29,451 - INFO - ============================================================================================================================================================================================================================================================================================================
2024-10-31 01:46:21,178 - INFO - Trial 27: Train MSE=2.334052813904626, Train R²=0.6099834793380329
2024-10-31 01:46:21,178 - INFO - Trial 27: Test MSE=2.3553877898624966, Test R²=0.6137036468301501
2024-10-31 01:46:21,178 - INFO - ============================================================================================================================================================================================================================================================================================================
2024-10-31 01:47:19,097 - INFO - Trial 28: Train MSE=2.1527571380138397, Train R²=0.6403378280145782
2024-10-31 01:47:19,097 - INFO - Trial 28: Test MSE=2.259375172001975, Test R²=0.6299865118094853
2024-10-31 01:47:19,097 - INFO - ============================================================================================================================================================================================================================================================================================================
2024-10-31 01:49:04,284 - INFO - Trial 29: Train MSE=2.4999643713235855, Train R²=0.580767325524773
2024-10-31 01:49:04,284 - INFO - Trial 29: Test MSE=2.340231720890318, Test R²=0.6122805944510868
2024-10-31 01:49:04,284 - INFO - ============================================================================================================================================================================================================================================================================================================
2024-10-31 01:49:35,387 - INFO - Trial 30: Train MSE=2.8357251031058177, Train R²=0.5284637468201774
2024-10-31 01:49:35,387 - INFO - Trial 30: Test MSE=2.2753772139549255, Test R²=0.6271035373210907
2024-10-31 01:49:35,387 - INFO - ============================================================================================================================================================================================================================================================================================================
2024-10-31 01:50:32,781 - INFO - Trial 31: Train MSE=2.3133131052766527, Train R²=0.6121717542409897
2024-10-31 01:50:32,782 - INFO - Trial 31: Test MSE=2.271859245640891, Test R²=0.6283329895564488
2024-10-31 01:50:32,782 - INFO - ============================================================================================================================================================================================================================================================================================================
2024-10-31 01:51:30,670 - INFO - Trial 32: Train MSE=0.8889525703021458, Train R²=0.8509025520512036
2024-10-31 01:51:30,670 - INFO - Trial 32: Test MSE=2.3915902631623402, Test R²=0.6082943890775953
2024-10-31 01:51:30,670 - INFO - ============================================================================================================================================================================================================================================================================================================
2024-10-31 01:52:27,973 - INFO - Trial 33: Train MSE=3.352971021618162, Train R²=0.43844858024801525
2024-10-31 01:52:27,974 - INFO - Trial 33: Test MSE=2.3886057138442993, Test R²=0.6092025084154946
2024-10-31 01:52:27,974 - INFO - ============================================================================================================================================================================================================================================================================================================
2024-10-31 01:53:29,433 - INFO - Trial 34: Train MSE=1.6996651270559855, Train R²=0.7128949803965432
2024-10-31 01:53:29,433 - INFO - Trial 34: Test MSE=2.3220215950693404, Test R²=0.6202952265739441
2024-10-31 01:53:29,433 - INFO - ============================================================================================================================================================================================================================================================================================================
2024-10-31 01:54:25,399 - INFO - Trial 35: Train MSE=1.341678717306682, Train R²=0.774086132645607
2024-10-31 01:54:25,399 - INFO - Trial 35: Test MSE=2.320348697049277, Test R²=0.6202573435647147
2024-10-31 01:54:25,399 - INFO - ============================================================================================================================================================================================================================================================================================================
2024-10-31 01:54:56,896 - INFO - Trial 36: Train MSE=4.783174276351929, Train R²=0.2059158342225211
2024-10-31 01:54:56,896 - INFO - Trial 36: Test MSE=2.508412003517151, Test R²=0.5889697968959808
2024-10-31 01:54:56,896 - INFO - ============================================================================================================================================================================================================================================================================================================
2024-10-31 01:55:44,455 - INFO - Trial 37: Train MSE=1.0833924753325326, Train R²=0.8183823951653072
2024-10-31 01:55:44,456 - INFO - Trial 37: Test MSE=2.364799806049892, Test R²=0.6126667516572135
2024-10-31 01:55:44,456 - INFO - ============================================================================================================================================================================================================================================================================================================
2024-10-31 01:56:17,341 - INFO - Trial 38: Train MSE=1.7070986713681902, Train R²=0.7165100617068154
2024-10-31 01:56:17,341 - INFO - Trial 38: Test MSE=2.3316659331321716, Test R²=0.6176570504903793
2024-10-31 01:56:17,341 - INFO - ============================================================================================================================================================================================================================================================================================================
2024-10-31 01:57:39,015 - INFO - Trial 39: Train MSE=1.984926130090441, Train R²=0.6647857762873173
2024-10-31 01:57:39,015 - INFO - Trial 39: Test MSE=2.318788468837738, Test R²=0.61554397216865
2024-10-31 01:57:39,015 - INFO - ============================================================================================================================================================================================================================================================================================================
2024-10-31 01:58:27,703 - INFO - Trial 40: Train MSE=1.4751238312040056, Train R²=0.7527332039816039
2024-10-31 01:58:27,703 - INFO - Trial 40: Test MSE=2.4314091375895908, Test R²=0.6012930997780391
2024-10-31 01:58:27,703 - INFO - ============================================================================================================================================================================================================================================================================================================
2024-10-31 01:59:12,300 - INFO - Trial 41: Train MSE=2.3984881596905843, Train R²=0.5978001302906445
2024-10-31 01:59:12,300 - INFO - Trial 41: Test MSE=2.294474354812