2024-10-31 16:11:14,616 - INFO - Trial 425 finished with value: 2.235358016831534 and parameters: {'hidden_layers': 1, 'hidden_units': 256, 'dropout_rate': 0.7999948286036153, 'learning_rate': 0.0007831350358450263, 'weight_decay': 0.00048644323241220724, 'batch_size': 512, 'tree_depth': 11}. Best is trial 104 with value: 2.1955713714872087.
2024-10-31 16:11:58,961 - INFO - Parameters: {'hidden_layers': 1, 'hidden_units': 256, 'dropout_rate': 0.7538825396278223, 'learning_rate': 0.0011530451995918004, 'weight_decay': 0.0003943939433692899, 'batch_size': 512, 'tree_depth': 11}
2024-10-31 16:11:58,961 - INFO - Trial 426: Train MSE=1.988826939037868, Train R²=0.6686706479106631
2024-10-31 16:11:58,961 - INFO - Trial 426: Test MSE=2.257013968058995, Test R²=0.6327668258122036
2024-10-31 16:11:58,961 - INFO - ============================================================================================================================================================================================================================================================================================================
2024-10-31 16:11:58,962 - INFO - Trial 426 finished with value: 2.257013968058995 and parameters: {'hidden_layers': 1, 'hidden_units': 256, 'dropout_rate': 0.7538825396278223, 'learning_rate': 0.0011530451995918004, 'weight_decay': 0.0003943939433692899, 'batch_size': 512, 'tree_depth': 11}. Best is trial 104 with value: 2.1955713714872087.
2024-10-31 16:12:44,280 - INFO - Parameters: {'hidden_layers': 1, 'hidden_units': 256, 'dropout_rate': 0.7902997764704741, 'learning_rate': 0.001229120449999474, 'weight_decay': 0.00042635870581814276, 'batch_size': 512, 'tree_depth': 11}
2024-10-31 16:12:44,280 - INFO - Trial 427: Train MSE=2.3282378145626614, Train R²=0.6130110727889198
2024-10-31 16:12:44,281 - INFO - Trial 427: Test MSE=2.259839483669826, Test R²=0.6320933359009879
2024-10-31 16:12:44,281 - INFO - ============================================================================================================================================================================================================================================================================================================
2024-10-31 16:12:44,282 - INFO - Trial 427 finished with value: 2.259839483669826 and parameters: {'hidden_layers': 1, 'hidden_units': 256, 'dropout_rate': 0.7902997764704741, 'learning_rate': 0.001229120449999474, 'weight_decay': 0.00042635870581814276, 'batch_size': 512, 'tree_depth': 11}. Best is trial 104 with value: 2.1955713714872087.
2024-10-31 16:13:29,359 - INFO - Parameters: {'hidden_layers': 1, 'hidden_units': 256, 'dropout_rate': 0.7689144496238501, 'learning_rate': 0.001065383966818353, 'weight_decay': 0.0004751139003130455, 'batch_size': 512, 'tree_depth': 11}
2024-10-31 16:13:29,360 - INFO - Trial 428: Train MSE=2.16314520580428, Train R²=0.6401466046060834
2024-10-31 16:13:29,360 - INFO - Trial 428: Test MSE=2.243255921772548, Test R²=0.6348647730691093
2024-10-31 16:13:29,360 - INFO - ============================================================================================================================================================================================================================================================================================================
2024-10-31 16:13:29,361 - INFO - Trial 428 finished with value: 2.243255921772548 and parameters: {'hidden_layers': 1, 'hidden_units': 256, 'dropout_rate': 0.7689144496238501, 'learning_rate': 0.001065383966818353, 'weight_decay': 0.0004751139003130455, 'batch_size': 512, 'tree_depth': 11}. Best is trial 104 with value: 2.1955713714872087.
2024-10-31 16:14:14,549 - INFO - Parameters: {'hidden_layers': 1, 'hidden_units': 256, 'dropout_rate': 0.7813160674403544, 'learning_rate': 0.0009060546919362159, 'weight_decay': 0.0003673586682781758, 'batch_size': 512, 'tree_depth': 11}
2024-10-31 16:14:14,549 - INFO - Trial 429: Train MSE=2.4274339420454845, Train R²=0.5963073372840881
2024-10-31 16:14:14,549 - INFO - Trial 429: Test MSE=2.276941708156041, Test R²=0.6292886052812848
2024-10-31 16:14:14,549 - INFO - ============================================================================================================================================================================================================================================================================================================
2024-10-31 16:14:14,550 - INFO - Trial 429 finished with value: 2.276941708156041 and parameters: {'hidden_layers': 1, 'hidden_units': 256, 'dropout_rate': 0.7813160674403544, 'learning_rate': 0.0009060546919362159, 'weight_decay': 0.0003673586682781758, 'batch_size': 512, 'tree_depth': 11}. Best is trial 104 with value: 2.1955713714872087.
2024-10-31 16:14:59,748 - INFO - Parameters: {'hidden_layers': 1, 'hidden_units': 256, 'dropout_rate': 0.7907727741093245, 'learning_rate': 0.0010034965958564644, 'weight_decay': 0.0005058715380366456, 'batch_size': 512, 'tree_depth': 11}
2024-10-31 16:14:59,748 - INFO - Trial 430: Train MSE=2.4262326700346812, Train R²=0.5962941476276943
2024-10-31 16:14:59,748 - INFO - Trial 430: Test MSE=2.213839190346854, Test R²=0.6395901356424604
2024-10-31 16:14:59,748 - INFO - ============================================================================================================================================================================================================================================================================================================
2024-10-31 16:14:59,749 - INFO - Trial 430 finished with value: 2.213839190346854 and parameters: {'hidden_layers': 1, 'hidden_units': 256, 'dropout_rate': 0.7907727741093245, 'learning_rate': 0.0010034965958564644, 'weight_decay': 0.0005058715380366456, 'batch_size': 512, 'tree_depth': 11}. Best is trial 104 with value: 2.1955713714872087.
2024-10-31 16:15:32,415 - INFO - Parameters: {'hidden_layers': 1, 'hidden_units': 256, 'dropout_rate': 0.7896198857776138, 'learning_rate': 0.0008346560954971334, 'weight_decay': 0.0005323519542628844, 'batch_size': 1024, 'tree_depth': 11}
2024-10-31 16:15:32,416 - INFO - Trial 431: Train MSE=3.1763748271124705, Train R²=0.47245595284870695
2024-10-31 16:15:32,416 - INFO - Trial 431: Test MSE=2.251676619052887, Test R²=0.6309066414833069
2024-10-31 16:15:32,416 - INFO - ============================================================================================================================================================================================================================================================================================================
2024-10-31 16:15:32,417 - INFO - Trial 431 finished with value: 2.251676619052887 and parameters: {'hidden_layers': 1, 'hidden_units': 256, 'dropout_rate': 0.7896198857776138, 'learning_rate': 0.0008346560954971334, 'weight_decay': 0.0005323519542628844, 'batch_size': 1024, 'tree_depth': 11}. Best is trial 104 with value: 2.1955713714872087.
2024-10-31 16:16:10,400 - INFO - Parameters: {'hidden_layers': 1, 'hidden_units': 256, 'dropout_rate': 0.7995610263150907, 'learning_rate': 0.000985575450078934, 'weight_decay': 0.0005363623139581146, 'batch_size': 512, 'tree_depth': 11}
2024-10-31 16:16:10,400 - INFO - Trial 432: Train MSE=2.481548982007163, Train R²=0.586076061640467
2024-10-31 16:16:10,400 - INFO - Trial 432: Test MSE=2.238970007215227, Test R²=0.6355936697551182
2024-10-31 16:16:10,400 - INFO - ============================================================================================================================================================================================================================================================================================================
2024-10-31 16:16:10,402 - INFO - Trial 432 finished with value: 2.238970007215227 and parameters: {'hidden_layers': 1, 'hidden_units': 256, 'dropout_rate': 0.7995610263150907, 'learning_rate': 0.000985575450078934, 'weight_decay': 0.0005363623139581146, 'batch_size': 512, 'tree_depth': 11}. Best is trial 104 with value: 2.1955713714872087.
2024-10-31 16:16:55,552 - INFO - Parameters: {'hidden_layers': 1, 'hidden_units': 256, 'dropout_rate': 0.7750687371192528, 'learning_rate': 0.009215176808700128, 'weight_decay': 0.0005048023356963024, 'batch_size': 512, 'tree_depth': 11}
2024-10-31 16:16:55,552 - INFO - Trial 433: Train MSE=2.1993693709373474, Train R²=0.6340351083448955
2024-10-31 16:16:55,553 - INFO - Trial 433: Test MSE=2.2457103048052107, Test R²=0.6345455135617938
2024-10-31 16:16:55,553 - INFO - ============================================================================================================================================================================================================================================================================================================
2024-10-31 16:16:55,554 - INFO - Trial 433 finished with value: 2.2457103048052107 and parameters: {'hidden_layers': 1, 'hidden_units': 256, 'dropout_rate': 0.7750687371192528, 'learning_rate': 0.009215176808700128, 'weight_decay': 0.0005048023356963024, 'batch_size': 512, 'tree_depth': 11}. Best is trial 104 with value: 2.1955713714872087.
2024-10-31 16:17:40,762 - INFO - Parameters: {'hidden_layers': 1, 'hidden_units': 256, 'dropout_rate': 0.7921249018033076, 'learning_rate': 0.000722701350214018, 'weight_decay': 0.00048117340618891973, 'batch_size': 512, 'tree_depth': 11}
2024-10-31 16:17:40,762 - INFO - Trial 434: Train MSE=2.672335854598454, Train R²=0.5552618162972587
2024-10-31 16:17:40,762 - INFO - Trial 434: Test MSE=2.2407198633466447, Test R²=0.6353802766118731
2024-10-31 16:17:40,762 - INFO - ============================================================================================================================================================================================================================================================================================================
2024-10-31 16:17:40,763 - INFO - Trial 434 finished with value: 2.2407198633466447 and parameters: {'hidden_layers': 1, 'hidden_units': 256, 'dropout_rate': 0.7921249018033076, 'learning_rate': 0.000722701350214018, 'weight_decay': 0.00048117340618891973, 'batch_size': 512, 'tree_depth': 11}. Best is trial 104 with value: 2.1955713714872087.
2024-10-31 16:18:42,787 - INFO - Parameters: {'hidden_layers': 1, 'hidden_units': 256, 'dropout_rate': 0.7901208201657813, 'learning_rate': 0.0009681959545482708, 'weight_decay': 0.000567184447207124, 'batch_size': 256, 'tree_depth': 11}
2024-10-31 16:18:42,787 - INFO - Trial 435: Train MSE=2.0461935443537578, Train R²=0.6576182767748833
2024-10-31 16:18:42,787 - INFO - Trial 435: Test MSE=2.243264760289873, Test R²=0.6331300905772618
2024-10-31 16:18:42,787 - INFO - ============================================================================================================================================================================================================================================================================================================
2024-10-31 16:18:42,788 - INFO - Trial 435 finished with value: 2.243264760289873 and parameters: {'hidden_layers': 1, 'hidden_units': 256, 'dropout_rate': 0.7901208201657813, 'learning_rate': 0.0009681959545482708, 'weight_decay': 0.000567184447207124, 'batch_size': 256, 'tree_depth': 11}. Best is trial 104 with value: 2.1955713714872087.
2024-10-31 16:19:28,256 - INFO - Parameters: {'hidden_layers': 1, 'hidden_units': 256, 'dropout_rate': 0.7658065546799427, 'learning_rate': 0.0008511074552861538, 'weight_decay': 0.0005091055981569257, 'batch_size': 512, 'tree_depth': 11}
2024-10-31 16:19:28,256 - INFO - Trial 436: Train MSE=2.2950913310050964, Train R²=0.617532804608345
2024-10-31 16:19:28,256 - INFO - Trial 436: Test MSE=2.261785728590829, Test R²=0.6318809049470084
2024-10-31 16:19:28,256 - INFO - ============================================================================================================================================================================================================================================================================================================
2024-10-31 16:19:28,257 - INFO - Trial 436 finished with value: 2.261785728590829 and parameters: {'hidden_layers': 1, 'hidden_units': 256, 'dropout_rate': 0.7658065546799427, 'learning_rate': 0.0008511074552861538, 'weight_decay': 0.0005091055981569257, 'batch_size': 512, 'tree_depth': 11}. Best is trial 104 with value: 2.1955713714872087.
2024-10-31 16:20:13,617 - INFO - Parameters: {'hidden_layers': 1, 'hidden_units': 256, 'dropout_rate': 0.79999331583303, 'learning_rate': 0.008411029331015072, 'weight_decay': 0.000493943668072451, 'batch_size': 512, 'tree_depth': 11}
2024-10-31 16:20:13,617 - INFO - Trial 437: Train MSE=2.2837852154459273, Train R²=0.6201460148606982
2024-10-31 16:20:13,617 - INFO - Trial 437: Test MSE=2.2205147402627126, Test R²=0.6385374324662345
2024-10-31 16:20:13,618 - INFO - ============================================================================================================================================================================================================================================================================================================
2024-10-31 16:20:13,620 - INFO - Trial 437 finished with value: 2.2205147402627126 and parameters: {'hidden_layers': 1, 'hidden_units': 256, 'dropout_rate': 0.79999331583303, 'learning_rate': 0.008411029331015072, 'weight_decay': 0.000493943668072451, 'batch_size': 512, 'tree_depth': 11}. Best is trial 104 with value: 2.1955713714872087.
2024-10-31 16:20:58,885 - INFO - Parameters: {'hidden_layers': 1, 'hidden_units': 256, 'dropout_rate': 0.7793435000238781, 'learning_rate': 0.0010309419520645746, 'weight_decay': 0.0005196550884832288, 'batch_size': 512, 'tree_depth': 11}
2024-10-31 16:20:58,885 - INFO - Trial 438: Train MSE=2.2968459810529436, Train R²=0.6168609857559204
2024-10-31 16:20:58,885 - INFO - Trial 438: Test MSE=2.25562926701137, Test R²=0.6327604055404663
2024-10-31 16:20:58,886 - INFO - ============================================================================================================================================================================================================================================================================================================
2024-10-31 16:20:58,887 - INFO - Trial 438 finished with value: 2.25562926701137 and parameters: {'hidden_layers': 1, 'hidden_units': 256, 'dropout_rate': 0.7793435000238781, 'learning_rate': 0.0010309419520645746, 'weight_decay': 0.0005196550884832288, 'batch_size': 512, 'tree_depth': 11}. Best is trial 104 with value: 2.1955713714872087.
2024-10-31 16:21:43,744 - INFO - Parameters: {'hidden_layers': 1, 'hidden_units': 256, 'dropout_rate': 0.7851912353463448, 'learning_rate': 0.0009228656970263519, 'weight_decay': 0.00047916582210805203, 'batch_size': 512, 'tree_depth': 11}
2024-10-31 16:21:43,744 - INFO - Trial 439: Train MSE=2.4193898183958873, Train R²=0.5963349086897713
2024-10-31 16:21:43,744 - INFO - Trial 439: Test MSE=2.275632517678397, Test R²=0.6296177932194301
2024-10-31 16:21:43,744 - INFO - ============================================================================================================================================================================================================================================================================================================
2024-10-31 16:21:43,745 - INFO - Trial 439 finished with value: 2.275632517678397 and parameters: {'hidden_layers': 1, 'hidden_units': 256, 'dropout_rate': 0.7851912353463448, 'learning_rate': 0.0009228656970263519, 'weight_decay': 0.00047916582210805203, 'batch_size': 512, 'tree_depth': 11}. Best is trial 104 with value: 2.1955713714872087.
2024-10-31 16:22:29,940 - INFO - Parameters: {'hidden_layers': 1, 'hidden_units': 1024, 'dropout_rate': 0.4642438558769773, 'learning_rate': 0.0010593847396022694, 'weight_decay': 0.00045584777183771294, 'batch_size': 512, 'tree_depth': 11}
2024-10-31 16:22:29,940 - INFO - Trial 440: Train MSE=0.6541088776929038, Train R²=0.8909630796739033
2024-10-31 16:22:29,940 - INFO - Trial 440: Test MSE=2.494830472128732, Test R²=0.5936682905469622
2024-10-31 16:22:29,940 - INFO - ============================================================================================================================================================================================================================================================================================================
2024-10-31 16:22:29,941 - INFO - Trial 440 finished with value: 2.494830472128732 and parameters: {'hidden_layers': 1, 'hidden_units': 1024, 'dropout_rate': 0.4642438558769773, 'learning_rate': 0.0010593847396022694, 'weight_decay': 0.00045584777183771294, 'batch_size': 512, 'tree_depth': 11}. Best is trial 104 with value: 2.1955713714872087.
2024-10-31 16:23:06,893 - INFO - Parameters: {'hidden_layers': 1, 'hidden_units': 256, 'dropout_rate': 0.7740567937552957, 'learning_rate': 0.009934439115267825, 'weight_decay': 0.0005765824340169536, 'batch_size': 512, 'tree_depth': 11}
2024-10-31 16:23:06,893 - INFO - Trial 441: Train MSE=2.299782416650227, Train R²=0.6172633873564857
2024-10-31 16:23:06,894 - INFO - Trial 441: Test MSE=2.2407935006277904, Test R²=0.6352759855134147
2024-10-31 16:23:06,894 - INFO - ============================================================================================================================================================================================================================================================================================================
2024-10-31 16:23:06,895 - INFO - Trial 441 finished with value: 2.2407935006277904 and parameters: {'hidden_layers': 1, 'hidden_units': 256, 'dropout_rate': 0.7740567937552957, 'learning_rate': 0.009934439115267825, 'weight_decay': 0.0005765824340169536, 'batch_size': 512, 'tree_depth': 11}. Best is trial 104 with value: 2.1955713714872087.
2024-10-31 16:23:45,067 - INFO - Parameters: {'hidden_layers': 1, 'hidden_units': 256, 'dropout_rate': 0.7895123436982893, 'learning_rate': 0.0012884023355495154, 'weight_decay': 0.00043582469914444673, 'batch_size': 512, 'tree_depth': 11}
2024-10-31 16:23:45,067 - INFO - Trial 442: Train MSE=2.2759936366762434, Train R²=0.621064196739878
2024-10-31 16:23:45,067 - INFO - Trial 442: Test MSE=2.2206969261169434, Test R²=0.6384394764900208
2024-10-31 16:23:45,067 - INFO - ============================================================================================================================================================================================================================================================================================================
2024-10-31 16:23:45,068 - INFO - Trial 442 finished with value: 2.2206969261169434 and parameters: {'hidden_layers': 1, 'hidden_units': 256, 'dropout_rate': 0.7895123436982893, 'learning_rate': 0.0012884023355495154, 'weight_decay': 0.00043582469914444673, 'batch_size': 512, 'tree_depth': 11}. Best is trial 104 with value: 2.1955713714872087.
2024-10-31 16:24:23,407 - INFO - Parameters: {'hidden_layers': 1, 'hidden_units': 256, 'dropout_rate': 0.7652531375422535, 'learning_rate': 0.0078016089684129816, 'weight_decay': 0.0005548286441098257, 'batch_size': 512, 'tree_depth': 11}
2024-10-31 16:24:23,407 - INFO - Trial 443: Train MSE=2.14795030440603, Train R²=0.6427506059408188
2024-10-31 16:24:23,408 - INFO - Trial 443: Test MSE=2.2424711670194353, Test R²=0.6351783275604248
2024-10-31 16:24:23,408 - INFO - ============================================================================================================================================================================================================================================================================================================
2024-10-31 16:24:23,409 - INFO - Trial 443 finished with value: 2.2424711670194353 and parameters: {'hidden_layers': 1, 'hidden_units': 256, 'dropout_rate': 0.7652531375422535, 'learning_rate': 0.0078016089684129816, 'weight_decay': 0.0005548286441098257, 'batch_size': 512, 'tree_depth': 11}. Best is trial 104 with value: 2.1955713714872087.
2024-10-31 16:26:03,831 - INFO - Parameters: {'hidden_layers': 1, 'hidden_units': 256, 'dropout_rate': 0.7422033159495791, 'learning_rate': 0.0008936509408497386, 'weight_decay': 0.00034844225114235325, 'batch_size': 128, 'tree_depth': 12}
2024-10-31 16:26:03,831 - INFO - Trial 444: Train MSE=1.6493309975734778, Train R²=0.7190258018672466
2024-10-31 16:26:03,831 - INFO - Trial 444: Test MSE=2.2754548277173723, Test R²=0.6233018572841372
2024-10-31 16:26:03,831 - INFO - ============================================================================================================================================================================================================================================================================================================
