2024-10-31 14:00:41,986 - INFO - Trial 216 finished with value: 2.309312275477818 and parameters: {'hidden_layers': 1, 'hidden_units': 1024, 'dropout_rate': 0.7770718663104199, 'learning_rate': 0.0020062207409380565, 'weight_decay': 0.0003243295700073022, 'batch_size': 512, 'tree_depth': 12}. Best is trial 104 with value: 2.1955713714872087.
2024-10-31 14:01:09,919 - INFO - Parameters: {'hidden_layers': 1, 'hidden_units': 256, 'dropout_rate': 0.7703006661615954, 'learning_rate': 0.0018604153118710403, 'weight_decay': 0.000285099863808316, 'batch_size': 1024, 'tree_depth': 12}
2024-10-31 14:01:09,919 - INFO - Trial 217: Train MSE=2.280042733464922, Train R²=0.6212717975888934
2024-10-31 14:01:09,919 - INFO - Trial 217: Test MSE=2.263847231864929, Test R²=0.6288122087717056
2024-10-31 14:01:09,920 - INFO - ============================================================================================================================================================================================================================================================================================================
2024-10-31 14:01:09,921 - INFO - Trial 217 finished with value: 2.263847231864929 and parameters: {'hidden_layers': 1, 'hidden_units': 256, 'dropout_rate': 0.7703006661615954, 'learning_rate': 0.0018604153118710403, 'weight_decay': 0.000285099863808316, 'batch_size': 1024, 'tree_depth': 12}. Best is trial 104 with value: 2.1955713714872087.
2024-10-31 14:01:51,070 - INFO - Parameters: {'hidden_layers': 1, 'hidden_units': 256, 'dropout_rate': 0.7611113771797584, 'learning_rate': 0.0025080933374040386, 'weight_decay': 0.00034124462249438366, 'batch_size': 512, 'tree_depth': 12}
2024-10-31 14:01:51,070 - INFO - Trial 218: Train MSE=1.8264686933585577, Train R²=0.6961803351129804
2024-10-31 14:01:51,071 - INFO - Trial 218: Test MSE=2.2340905496052335, Test R²=0.636398698602404
2024-10-31 14:01:51,071 - INFO - ============================================================================================================================================================================================================================================================================================================
2024-10-31 14:01:51,072 - INFO - Trial 218 finished with value: 2.2340905496052335 and parameters: {'hidden_layers': 1, 'hidden_units': 256, 'dropout_rate': 0.7611113771797584, 'learning_rate': 0.0025080933374040386, 'weight_decay': 0.00034124462249438366, 'batch_size': 512, 'tree_depth': 12}. Best is trial 104 with value: 2.1955713714872087.
2024-10-31 14:02:30,671 - INFO - Parameters: {'hidden_layers': 1, 'hidden_units': 256, 'dropout_rate': 0.7915127902104762, 'learning_rate': 0.0016611893507762806, 'weight_decay': 0.0003660953089093344, 'batch_size': 512, 'tree_depth': 12}
2024-10-31 14:02:30,672 - INFO - Trial 219: Train MSE=2.22218890275274, Train R²=0.6303623488971165
2024-10-31 14:02:30,672 - INFO - Trial 219: Test MSE=2.2282657963888988, Test R²=0.6372856327465602
2024-10-31 14:02:30,672 - INFO - ============================================================================================================================================================================================================================================================================================================
2024-10-31 14:02:30,673 - INFO - Trial 219 finished with value: 2.2282657963888988 and parameters: {'hidden_layers': 1, 'hidden_units': 256, 'dropout_rate': 0.7915127902104762, 'learning_rate': 0.0016611893507762806, 'weight_decay': 0.0003660953089093344, 'batch_size': 512, 'tree_depth': 12}. Best is trial 104 with value: 2.1955713714872087.
2024-10-31 14:03:03,345 - INFO - Parameters: {'hidden_layers': 1, 'hidden_units': 128, 'dropout_rate': 0.77751828081481, 'learning_rate': 0.0021988559626187395, 'weight_decay': 0.00022153873088772322, 'batch_size': 512, 'tree_depth': 12}
2024-10-31 14:03:03,345 - INFO - Trial 220: Train MSE=2.4714652470179965, Train R²=0.5886105469294957
2024-10-31 14:03:03,346 - INFO - Trial 220: Test MSE=2.286024740764073, Test R²=0.6279199378831046
2024-10-31 14:03:03,346 - INFO - ============================================================================================================================================================================================================================================================================================================
2024-10-31 14:03:03,347 - INFO - Trial 220 finished with value: 2.286024740764073 and parameters: {'hidden_layers': 1, 'hidden_units': 128, 'dropout_rate': 0.77751828081481, 'learning_rate': 0.0021988559626187395, 'weight_decay': 0.00022153873088772322, 'batch_size': 512, 'tree_depth': 12}. Best is trial 104 with value: 2.1955713714872087.
2024-10-31 14:03:35,503 - INFO - Parameters: {'hidden_layers': 1, 'hidden_units': 256, 'dropout_rate': 0.7874507470832011, 'learning_rate': 0.0013125533456225232, 'weight_decay': 0.0003024692470949272, 'batch_size': 512, 'tree_depth': 11}
2024-10-31 14:03:35,503 - INFO - Trial 221: Train MSE=2.1968275351183757, Train R²=0.6344376355409622
2024-10-31 14:03:35,503 - INFO - Trial 221: Test MSE=2.2437547274998257, Test R²=0.6346744980130877
2024-10-31 14:03:35,503 - INFO - ============================================================================================================================================================================================================================================================================================================
2024-10-31 14:03:35,504 - INFO - Trial 221 finished with value: 2.2437547274998257 and parameters: {'hidden_layers': 1, 'hidden_units': 256, 'dropout_rate': 0.7874507470832011, 'learning_rate': 0.0013125533456225232, 'weight_decay': 0.0003024692470949272, 'batch_size': 512, 'tree_depth': 11}. Best is trial 104 with value: 2.1955713714872087.
2024-10-31 14:04:17,286 - INFO - Parameters: {'hidden_layers': 1, 'hidden_units': 256, 'dropout_rate': 0.799824296997185, 'learning_rate': 0.008394827436096926, 'weight_decay': 0.0003145770465594066, 'batch_size': 512, 'tree_depth': 12}
2024-10-31 14:04:17,287 - INFO - Trial 222: Train MSE=2.118679485150746, Train R²=0.6469922895942416
2024-10-31 14:04:17,287 - INFO - Trial 222: Test MSE=2.242599844932556, Test R²=0.6349187578473773
2024-10-31 14:04:17,287 - INFO - ============================================================================================================================================================================================================================================================================================================
2024-10-31 14:04:17,289 - INFO - Trial 222 finished with value: 2.242599844932556 and parameters: {'hidden_layers': 1, 'hidden_units': 256, 'dropout_rate': 0.799824296997185, 'learning_rate': 0.008394827436096926, 'weight_decay': 0.0003145770465594066, 'batch_size': 512, 'tree_depth': 12}. Best is trial 104 with value: 2.1955713714872087.
2024-10-31 14:04:56,693 - INFO - Parameters: {'hidden_layers': 1, 'hidden_units': 256, 'dropout_rate': 0.7838802461904029, 'learning_rate': 0.00144069803230997, 'weight_decay': 0.0002974740950382131, 'batch_size': 512, 'tree_depth': 12}
2024-10-31 14:04:56,693 - INFO - Trial 223: Train MSE=2.218133785894939, Train R²=0.6310518490416663
2024-10-31 14:04:56,693 - INFO - Trial 223: Test MSE=2.243441036769322, Test R²=0.6346930435725621
2024-10-31 14:04:56,693 - INFO - ============================================================================================================================================================================================================================================================================================================
2024-10-31 14:04:56,695 - INFO - Trial 223 finished with value: 2.243441036769322 and parameters: {'hidden_layers': 1, 'hidden_units': 256, 'dropout_rate': 0.7838802461904029, 'learning_rate': 0.00144069803230997, 'weight_decay': 0.0002974740950382131, 'batch_size': 512, 'tree_depth': 12}. Best is trial 104 with value: 2.1955713714872087.
2024-10-31 14:05:34,783 - INFO - Parameters: {'hidden_layers': 1, 'hidden_units': 256, 'dropout_rate': 0.7756027234787671, 'learning_rate': 0.0006200808154952465, 'weight_decay': 0.00011871277165195598, 'batch_size': 512, 'tree_depth': 11}
2024-10-31 14:05:34,783 - INFO - Trial 224: Train MSE=2.7716723339898244, Train R²=0.5377315155097416
2024-10-31 14:05:34,783 - INFO - Trial 224: Test MSE=2.249338388442993, Test R²=0.633902268750327
2024-10-31 14:05:34,783 - INFO - ============================================================================================================================================================================================================================================================================================================
2024-10-31 14:05:34,784 - INFO - Trial 224 finished with value: 2.249338388442993 and parameters: {'hidden_layers': 1, 'hidden_units': 256, 'dropout_rate': 0.7756027234787671, 'learning_rate': 0.0006200808154952465, 'weight_decay': 0.00011871277165195598, 'batch_size': 512, 'tree_depth': 11}. Best is trial 104 with value: 2.1955713714872087.
2024-10-31 14:06:06,927 - INFO - Parameters: {'hidden_layers': 1, 'hidden_units': 256, 'dropout_rate': 0.7907803208533964, 'learning_rate': 0.009841748206761449, 'weight_decay': 0.0003103620358164864, 'batch_size': 512, 'tree_depth': 12}
2024-10-31 14:06:06,927 - INFO - Trial 225: Train MSE=2.173363459961755, Train R²=0.6386242040566036
2024-10-31 14:06:06,928 - INFO - Trial 225: Test MSE=2.242883937699454, Test R²=0.6351375324385506
2024-10-31 14:06:06,928 - INFO - ============================================================================================================================================================================================================================================================================================================
2024-10-31 14:06:06,929 - INFO - Trial 225 finished with value: 2.242883937699454 and parameters: {'hidden_layers': 1, 'hidden_units': 256, 'dropout_rate': 0.7907803208533964, 'learning_rate': 0.009841748206761449, 'weight_decay': 0.0003103620358164864, 'batch_size': 512, 'tree_depth': 12}. Best is trial 104 with value: 2.1955713714872087.
2024-10-31 14:06:36,818 - INFO - Parameters: {'hidden_layers': 1, 'hidden_units': 256, 'dropout_rate': 0.7686757148373127, 'learning_rate': 0.0011902238287934278, 'weight_decay': 0.0003335632333355751, 'batch_size': 512, 'tree_depth': 11}
2024-10-31 14:06:36,818 - INFO - Trial 226: Train MSE=2.144901522568294, Train R²=0.6427351172481265
2024-10-31 14:06:36,818 - INFO - Trial 226: Test MSE=2.2705884660993303, Test R²=0.6303530250276838
2024-10-31 14:06:36,818 - INFO - ============================================================================================================================================================================================================================================================================================================
2024-10-31 14:06:36,820 - INFO - Trial 226 finished with value: 2.2705884660993303 and parameters: {'hidden_layers': 1, 'hidden_units': 256, 'dropout_rate': 0.7686757148373127, 'learning_rate': 0.0011902238287934278, 'weight_decay': 0.0003335632333355751, 'batch_size': 512, 'tree_depth': 11}. Best is trial 104 with value: 2.1955713714872087.
2024-10-31 14:07:13,812 - INFO - Parameters: {'hidden_layers': 1, 'hidden_units': 256, 'dropout_rate': 0.7830577124842849, 'learning_rate': 0.0018423892598842747, 'weight_decay': 0.0002703322925639368, 'batch_size': 512, 'tree_depth': 12}
2024-10-31 14:07:13,813 - INFO - Trial 227: Train MSE=2.049632123538426, Train R²=0.6586321996791022
2024-10-31 14:07:13,813 - INFO - Trial 227: Test MSE=2.2310986859457835, Test R²=0.6369059341294425
2024-10-31 14:07:13,813 - INFO - ============================================================================================================================================================================================================================================================================================================
2024-10-31 14:07:13,814 - INFO - Trial 227 finished with value: 2.2310986859457835 and parameters: {'hidden_layers': 1, 'hidden_units': 256, 'dropout_rate': 0.7830577124842849, 'learning_rate': 0.0018423892598842747, 'weight_decay': 0.0002703322925639368, 'batch_size': 512, 'tree_depth': 12}. Best is trial 104 with value: 2.1955713714872087.
2024-10-31 14:07:52,963 - INFO - Parameters: {'hidden_layers': 1, 'hidden_units': 256, 'dropout_rate': 0.7504838899400165, 'learning_rate': 0.0009680028876214508, 'weight_decay': 0.00028774973432765246, 'batch_size': 512, 'tree_depth': 12}
2024-10-31 14:07:52,963 - INFO - Trial 228: Train MSE=2.1358360605580464, Train R²=0.6444845838206155
2024-10-31 14:07:52,963 - INFO - Trial 228: Test MSE=2.28370932170323, Test R²=0.6282516632761274
2024-10-31 14:07:52,963 - INFO - ============================================================================================================================================================================================================================================================================================================
2024-10-31 14:07:52,964 - INFO - Trial 228 finished with value: 2.28370932170323 and parameters: {'hidden_layers': 1, 'hidden_units': 256, 'dropout_rate': 0.7504838899400165, 'learning_rate': 0.0009680028876214508, 'weight_decay': 0.00028774973432765246, 'batch_size': 512, 'tree_depth': 12}. Best is trial 104 with value: 2.1955713714872087.
2024-10-31 14:08:47,713 - INFO - Parameters: {'hidden_layers': 1, 'hidden_units': 256, 'dropout_rate': 0.7899421288290024, 'learning_rate': 0.0012783401071930014, 'weight_decay': 0.000321292934834507, 'batch_size': 256, 'tree_depth': 11}
2024-10-31 14:08:47,713 - INFO - Trial 229: Train MSE=2.001468409385, Train R²=0.6663055377347129
2024-10-31 14:08:47,714 - INFO - Trial 229: Test MSE=2.2694715006010875, Test R²=0.6287057186876025
2024-10-31 14:08:47,714 - INFO - ============================================================================================================================================================================================================================================================================================================
2024-10-31 14:08:47,715 - INFO - Trial 229 finished with value: 2.2694715006010875 and parameters: {'hidden_layers': 1, 'hidden_units': 256, 'dropout_rate': 0.7899421288290024, 'learning_rate': 0.0012783401071930014, 'weight_decay': 0.000321292934834507, 'batch_size': 256, 'tree_depth': 11}. Best is trial 104 with value: 2.1955713714872087.
2024-10-31 14:09:30,891 - INFO - Parameters: {'hidden_layers': 1, 'hidden_units': 512, 'dropout_rate': 0.7760411082994154, 'learning_rate': 0.0015548364307240215, 'weight_decay': 0.00030008925824136803, 'batch_size': 512, 'tree_depth': 12}
2024-10-31 14:09:30,891 - INFO - Trial 230: Train MSE=1.777481632573264, Train R²=0.7036315543310983
2024-10-31 14:09:30,891 - INFO - Trial 230: Test MSE=2.3470681735447476, Test R²=0.6180514437811715
2024-10-31 14:09:30,891 - INFO - ============================================================================================================================================================================================================================================================================================================
2024-10-31 14:09:30,892 - INFO - Trial 230 finished with value: 2.3470681735447476 and parameters: {'hidden_layers': 1, 'hidden_units': 512, 'dropout_rate': 0.7760411082994154, 'learning_rate': 0.0015548364307240215, 'weight_decay': 0.00030008925824136803, 'batch_size': 512, 'tree_depth': 12}. Best is trial 104 with value: 2.1955713714872087.
2024-10-31 14:10:06,755 - INFO - Parameters: {'hidden_layers': 1, 'hidden_units': 256, 'dropout_rate': 0.7931499364716077, 'learning_rate': 0.0017076848668314951, 'weight_decay': 0.00036889701533448886, 'batch_size': 512, 'tree_depth': 12}
2024-10-31 14:10:06,756 - INFO - Trial 231: Train MSE=2.203471226351602, Train R²=0.6324136917080198
2024-10-31 14:10:06,756 - INFO - Trial 231: Test MSE=2.259873492377145, Test R²=0.6319954480443682
2024-10-31 14:10:06,756 - INFO - ============================================================================================================================================================================================================================================================================================================
2024-10-31 14:10:06,757 - INFO - Trial 231 finished with value: 2.259873492377145 and parameters: {'hidden_layers': 1, 'hidden_units': 256, 'dropout_rate': 0.7931499364716077, 'learning_rate': 0.0017076848668314951, 'weight_decay': 0.00036889701533448886, 'batch_size': 512, 'tree_depth': 12}. Best is trial 104 with value: 2.1955713714872087.
2024-10-31 14:10:45,308 - INFO - Parameters: {'hidden_layers': 1, 'hidden_units': 256, 'dropout_rate': 0.7919510298766786, 'learning_rate': 0.001717360658646486, 'weight_decay': 0.00035363261772628206, 'batch_size': 512, 'tree_depth': 12}
2024-10-31 14:10:45,308 - INFO - Trial 232: Train MSE=2.1795428778444017, Train R²=0.6371863377945763
2024-10-31 14:10:45,308 - INFO - Trial 232: Test MSE=2.2332280022757396, Test R²=0.6365057740892682
2024-10-31 14:10:45,308 - INFO - ============================================================================================================================================================================================================================================================================================================
2024-10-31 14:10:45,310 - INFO - Trial 232 finished with value: 2.2332280022757396 and parameters: {'hidden_layers': 1, 'hidden_units': 256, 'dropout_rate': 0.7919510298766786, 'learning_rate': 0.001717360658646486, 'weight_decay': 0.00035363261772628206, 'batch_size': 512, 'tree_depth': 12}. Best is trial 104 with value: 2.1955713714872087.
2024-10-31 14:11:24,360 - INFO - Parameters: {'hidden_layers': 1, 'hidden_units': 256, 'dropout_rate': 0.7996184569233542, 'learning_rate': 0.0014604379701983964, 'weight_decay': 0.00038607684286913436, 'batch_size': 512, 'tree_depth': 12}
2024-10-31 14:11:24,360 - INFO - Trial 233: Train MSE=2.320723933832986, Train R²=0.6130822449922562
2024-10-31 14:11:24,361 - INFO - Trial 233: Test MSE=2.232090098517282, Test R²=0.6367064544132778
2024-10-31 14:11:24,361 - INFO - ============================================================================================================================================================================================================================================================================================================
2024-10-31 14:11:24,364 - INFO - Trial 233 finished with value: 2.232090098517282 and parameters: {'hidden_layers': 1, 'hidden_units': 256, 'dropout_rate': 0.7996184569233542, 'learning_rate': 0.0014604379701983964, 'weight_decay': 0.00038607684286913436, 'batch_size': 512, 'tree_depth': 12}. Best is trial 104 with value: 2.1955713714872087.
2024-10-31 14:11:58,465 - INFO - Parameters: {'hidden_layers': 1, 'hidden_units': 256, 'dropout_rate': 0.7825402694294568, 'learning_rate': 0.008876966166147615, 'weight_decay': 0.0004059696093533778, 'batch_size': 512, 'tree_depth': 12}
2024-10-31 14:11:58,465 - INFO - Trial 234: Train MSE=2.1562401482037137, Train R²=0.6411406376532146
2024-10-31 14:11:58,465 - INFO - Trial 234: Test MSE=2.22696966784341, Test R²=0.63751163652965
2024-10-31 14:11:58,465 - INFO - ============================================================================================================================================================================================================================================================================================================
2024-10-31 14:11:58,466 - INFO - Trial 234 finished with value: 2.22696966784341 and parameters: {'hidden_layers': 1, 'hidden_units': 256, 'dropout_rate': 0.7825402694294568, 'learning_rate': 0.008876966166147615, 'weight_decay': 0.0004059696093533778, 'batch_size': 512, 'tree_depth': 12}. Best is trial 104 with value: 2.1955713714872087.
2024-10-31 14:12:38,780 - INFO - Parameters: {'hidden_layers': 1, 'hidden_units': 256, 'dropout_rate': 0.7818381671699486, 'learning_rate': 0.00848719306135097, 'weight_decay': 0.0004130002331616737, 'batch_size': 512, 'tree_depth': 12}
2024-10-31 14:12:38,780 - INFO - Trial 235: Train MSE=2.1647919757025584, Train R²=0.6391913039343697
2024-10-31 14:12:38,781 - INFO - Trial 235: Test MSE=2.2706442219870433, Test R²=0.6303758195468357
2024-10-31 14:12:38,781 - INFO - ============================================================================================================================================================================================================================================================================================================
