2024-10-31 13:33:52,016 - INFO - Trial 178 finished with value: 2.3678841590881348 and parameters: {'hidden_layers': 1, 'hidden_units': 256, 'dropout_rate': 0.6016647024292117, 'learning_rate': 0.001264340823566805, 'weight_decay': 0.00033738032488235374, 'batch_size': 512, 'tree_depth': 11}. Best is trial 104 with value: 2.1955713714872087.
2024-10-31 13:34:30,368 - INFO - Parameters: {'hidden_layers': 1, 'hidden_units': 256, 'dropout_rate': 0.7722414629870005, 'learning_rate': 0.000978225331960038, 'weight_decay': 0.0004958559959590662, 'batch_size': 512, 'tree_depth': 11}
2024-10-31 13:34:30,368 - INFO - Trial 179: Train MSE=2.308227138859885, Train R²=0.6156486123800278
2024-10-31 13:34:30,368 - INFO - Trial 179: Test MSE=2.2613539014543806, Test R²=0.632180494921548
2024-10-31 13:34:30,368 - INFO - ============================================================================================================================================================================================================================================================================================================
2024-10-31 13:34:30,370 - INFO - Trial 179 finished with value: 2.2613539014543806 and parameters: {'hidden_layers': 1, 'hidden_units': 256, 'dropout_rate': 0.7722414629870005, 'learning_rate': 0.000978225331960038, 'weight_decay': 0.0004958559959590662, 'batch_size': 512, 'tree_depth': 11}. Best is trial 104 with value: 2.1955713714872087.
2024-10-31 13:35:07,994 - INFO - Parameters: {'hidden_layers': 1, 'hidden_units': 256, 'dropout_rate': 0.787992887156105, 'learning_rate': 0.0014437465515094326, 'weight_decay': 0.00031658650840205764, 'batch_size': 512, 'tree_depth': 11}
2024-10-31 13:35:07,994 - INFO - Trial 180: Train MSE=2.231641743864332, Train R²=0.628081847514425
2024-10-31 13:35:07,994 - INFO - Trial 180: Test MSE=2.250669138772147, Test R²=0.6335279856409345
2024-10-31 13:35:07,994 - INFO - ============================================================================================================================================================================================================================================================================================================
2024-10-31 13:35:07,995 - INFO - Trial 180 finished with value: 2.250669138772147 and parameters: {'hidden_layers': 1, 'hidden_units': 256, 'dropout_rate': 0.787992887156105, 'learning_rate': 0.0014437465515094326, 'weight_decay': 0.00031658650840205764, 'batch_size': 512, 'tree_depth': 11}. Best is trial 104 with value: 2.1955713714872087.
2024-10-31 13:35:45,125 - INFO - Parameters: {'hidden_layers': 1, 'hidden_units': 256, 'dropout_rate': 0.7784086376649103, 'learning_rate': 0.0001789333093848736, 'weight_decay': 0.0002805846714555983, 'batch_size': 512, 'tree_depth': 11}
2024-10-31 13:35:45,125 - INFO - Trial 181: Train MSE=5.692476766450064, Train R²=0.04962324670382908
2024-10-31 13:35:45,125 - INFO - Trial 181: Test MSE=2.4727204527173723, Test R²=0.5975881133760724
2024-10-31 13:35:45,125 - INFO - ============================================================================================================================================================================================================================================================================================================
2024-10-31 13:35:45,126 - INFO - Trial 181 finished with value: 2.4727204527173723 and parameters: {'hidden_layers': 1, 'hidden_units': 256, 'dropout_rate': 0.7784086376649103, 'learning_rate': 0.0001789333093848736, 'weight_decay': 0.0002805846714555983, 'batch_size': 512, 'tree_depth': 11}. Best is trial 104 with value: 2.1955713714872087.
2024-10-31 13:36:21,979 - INFO - Parameters: {'hidden_layers': 1, 'hidden_units': 256, 'dropout_rate': 0.7872381145738119, 'learning_rate': 0.0011303972771200808, 'weight_decay': 0.00030592615233481803, 'batch_size': 512, 'tree_depth': 11}
2024-10-31 13:36:21,979 - INFO - Trial 182: Train MSE=2.304970417703901, Train R²=0.6156309438603265
2024-10-31 13:36:21,979 - INFO - Trial 182: Test MSE=2.2279113020215715, Test R²=0.6372483032090324
2024-10-31 13:36:21,979 - INFO - ============================================================================================================================================================================================================================================================================================================
2024-10-31 13:36:21,980 - INFO - Trial 182 finished with value: 2.2279113020215715 and parameters: {'hidden_layers': 1, 'hidden_units': 256, 'dropout_rate': 0.7872381145738119, 'learning_rate': 0.0011303972771200808, 'weight_decay': 0.00030592615233481803, 'batch_size': 512, 'tree_depth': 11}. Best is trial 104 with value: 2.1955713714872087.
2024-10-31 13:36:59,282 - INFO - Parameters: {'hidden_layers': 1, 'hidden_units': 256, 'dropout_rate': 0.7985075017608307, 'learning_rate': 0.0011802362992179064, 'weight_decay': 0.0003053176668778794, 'batch_size': 512, 'tree_depth': 11}
2024-10-31 13:36:59,282 - INFO - Trial 183: Train MSE=2.37237777028765, Train R²=0.6054817544562476
2024-10-31 13:36:59,282 - INFO - Trial 183: Test MSE=2.2365587949752808, Test R²=0.6359683445521763
2024-10-31 13:36:59,282 - INFO - ============================================================================================================================================================================================================================================================================================================
2024-10-31 13:36:59,283 - INFO - Trial 183 finished with value: 2.2365587949752808 and parameters: {'hidden_layers': 1, 'hidden_units': 256, 'dropout_rate': 0.7985075017608307, 'learning_rate': 0.0011802362992179064, 'weight_decay': 0.0003053176668778794, 'batch_size': 512, 'tree_depth': 11}. Best is trial 104 with value: 2.1955713714872087.
2024-10-31 13:37:35,627 - INFO - Parameters: {'hidden_layers': 1, 'hidden_units': 256, 'dropout_rate': 0.7885210475701044, 'learning_rate': 0.0009141200417809101, 'weight_decay': 0.00032492306369453133, 'batch_size': 512, 'tree_depth': 11}
2024-10-31 13:37:35,627 - INFO - Trial 184: Train MSE=2.4284395149775913, Train R²=0.5959994282041278
2024-10-31 13:37:35,627 - INFO - Trial 184: Test MSE=2.2513937609536305, Test R²=0.6336364150047302
2024-10-31 13:37:35,627 - INFO - ============================================================================================================================================================================================================================================================================================================
2024-10-31 13:37:35,628 - INFO - Trial 184 finished with value: 2.2513937609536305 and parameters: {'hidden_layers': 1, 'hidden_units': 256, 'dropout_rate': 0.7885210475701044, 'learning_rate': 0.0009141200417809101, 'weight_decay': 0.00032492306369453133, 'batch_size': 512, 'tree_depth': 11}. Best is trial 104 with value: 2.1955713714872087.
2024-10-31 13:38:12,996 - INFO - Parameters: {'hidden_layers': 1, 'hidden_units': 256, 'dropout_rate': 0.7678478263241372, 'learning_rate': 0.001358166306851204, 'weight_decay': 0.0003553404798372207, 'batch_size': 512, 'tree_depth': 11}
2024-10-31 13:38:12,996 - INFO - Trial 185: Train MSE=2.068633556365967, Train R²=0.6559850743838719
2024-10-31 13:38:12,996 - INFO - Trial 185: Test MSE=2.2592593942369734, Test R²=0.6322422453335353
2024-10-31 13:38:12,996 - INFO - ============================================================================================================================================================================================================================================================================================================
2024-10-31 13:38:12,998 - INFO - Trial 185 finished with value: 2.2592593942369734 and parameters: {'hidden_layers': 1, 'hidden_units': 256, 'dropout_rate': 0.7678478263241372, 'learning_rate': 0.001358166306851204, 'weight_decay': 0.0003553404798372207, 'batch_size': 512, 'tree_depth': 11}. Best is trial 104 with value: 2.1955713714872087.
2024-10-31 13:38:48,757 - INFO - Parameters: {'hidden_layers': 1, 'hidden_units': 128, 'dropout_rate': 0.7844224504646242, 'learning_rate': 0.0011083966915192884, 'weight_decay': 0.00038430491800467637, 'batch_size': 512, 'tree_depth': 11}
2024-10-31 13:38:48,757 - INFO - Trial 186: Train MSE=2.8680747662271773, Train R²=0.5231424357209887
2024-10-31 13:38:48,757 - INFO - Trial 186: Test MSE=2.2506582736968994, Test R²=0.6336831024714878
2024-10-31 13:38:48,757 - INFO - ============================================================================================================================================================================================================================================================================================================
2024-10-31 13:38:48,759 - INFO - Trial 186 finished with value: 2.2506582736968994 and parameters: {'hidden_layers': 1, 'hidden_units': 128, 'dropout_rate': 0.7844224504646242, 'learning_rate': 0.0011083966915192884, 'weight_decay': 0.00038430491800467637, 'batch_size': 512, 'tree_depth': 11}. Best is trial 104 with value: 2.1955713714872087.
2024-10-31 13:39:25,405 - INFO - Parameters: {'hidden_layers': 1, 'hidden_units': 256, 'dropout_rate': 0.7574555150445479, 'learning_rate': 0.00099491284219132, 'weight_decay': 0.0003088243228060068, 'batch_size': 512, 'tree_depth': 11}
2024-10-31 13:39:25,405 - INFO - Trial 187: Train MSE=2.2173154013497487, Train R²=0.6291381248406002
2024-10-31 13:39:25,405 - INFO - Trial 187: Test MSE=2.24925320489066, Test R²=0.6340081436293465
2024-10-31 13:39:25,405 - INFO - ============================================================================================================================================================================================================================================================================================================
2024-10-31 13:39:25,406 - INFO - Trial 187 finished with value: 2.24925320489066 and parameters: {'hidden_layers': 1, 'hidden_units': 256, 'dropout_rate': 0.7574555150445479, 'learning_rate': 0.00099491284219132, 'weight_decay': 0.0003088243228060068, 'batch_size': 512, 'tree_depth': 11}. Best is trial 104 with value: 2.1955713714872087.
2024-10-31 13:40:05,892 - INFO - Parameters: {'hidden_layers': 1, 'hidden_units': 512, 'dropout_rate': 0.7991242373168636, 'learning_rate': 0.0008040790614273976, 'weight_decay': 0.000341042438427233, 'batch_size': 512, 'tree_depth': 11}
2024-10-31 13:40:05,892 - INFO - Trial 188: Train MSE=2.3535913825035095, Train R²=0.6066930570772716
2024-10-31 13:40:05,892 - INFO - Trial 188: Test MSE=2.317626340048654, Test R²=0.6227839503969465
2024-10-31 13:40:05,892 - INFO - ============================================================================================================================================================================================================================================================================================================
2024-10-31 13:40:05,893 - INFO - Trial 188 finished with value: 2.317626340048654 and parameters: {'hidden_layers': 1, 'hidden_units': 512, 'dropout_rate': 0.7991242373168636, 'learning_rate': 0.0008040790614273976, 'weight_decay': 0.000341042438427233, 'batch_size': 512, 'tree_depth': 11}. Best is trial 104 with value: 2.1955713714872087.
2024-10-31 13:40:43,004 - INFO - Parameters: {'hidden_layers': 1, 'hidden_units': 256, 'dropout_rate': 0.774346623459486, 'learning_rate': 0.0012481924571631033, 'weight_decay': 0.0002459320606971206, 'batch_size': 512, 'tree_depth': 11}
2024-10-31 13:40:43,004 - INFO - Trial 189: Train MSE=2.182592890092305, Train R²=0.63661932519504
2024-10-31 13:40:43,004 - INFO - Trial 189: Test MSE=2.235335503305708, Test R²=0.6361441101346698
2024-10-31 13:40:43,004 - INFO - ============================================================================================================================================================================================================================================================================================================
2024-10-31 13:40:43,006 - INFO - Trial 189 finished with value: 2.235335503305708 and parameters: {'hidden_layers': 1, 'hidden_units': 256, 'dropout_rate': 0.774346623459486, 'learning_rate': 0.0012481924571631033, 'weight_decay': 0.0002459320606971206, 'batch_size': 512, 'tree_depth': 11}. Best is trial 104 with value: 2.1955713714872087.
2024-10-31 13:42:05,165 - INFO - Parameters: {'hidden_layers': 1, 'hidden_units': 256, 'dropout_rate': 0.7888288781537455, 'learning_rate': 0.0016329451671352716, 'weight_decay': 0.00029317798159481367, 'batch_size': 128, 'tree_depth': 12}
2024-10-31 13:42:05,165 - INFO - Trial 190: Train MSE=1.8262182995676994, Train R²=0.6913437539977687
2024-10-31 13:42:05,165 - INFO - Trial 190: Test MSE=2.279766729899815, Test R²=0.6222368500062397
2024-10-31 13:42:05,165 - INFO - ============================================================================================================================================================================================================================================================================================================
2024-10-31 13:42:05,166 - INFO - Trial 190 finished with value: 2.279766729899815 and parameters: {'hidden_layers': 1, 'hidden_units': 256, 'dropout_rate': 0.7888288781537455, 'learning_rate': 0.0016329451671352716, 'weight_decay': 0.00029317798159481367, 'batch_size': 128, 'tree_depth': 12}. Best is trial 104 with value: 2.1955713714872087.
2024-10-31 13:42:41,937 - INFO - Parameters: {'hidden_layers': 1, 'hidden_units': 256, 'dropout_rate': 0.7791526155397629, 'learning_rate': 0.0010437666445842174, 'weight_decay': 0.0002821054452408127, 'batch_size': 512, 'tree_depth': 11}
2024-10-31 13:42:41,938 - INFO - Trial 191: Train MSE=2.2873976145471846, Train R²=0.6189620558704648
2024-10-31 13:42:41,938 - INFO - Trial 191: Test MSE=2.2735177789415633, Test R²=0.630050003528595
2024-10-31 13:42:41,938 - INFO - ============================================================================================================================================================================================================================================================================================================
2024-10-31 13:42:41,941 - INFO - Trial 191 finished with value: 2.2735177789415633 and parameters: {'hidden_layers': 1, 'hidden_units': 256, 'dropout_rate': 0.7791526155397629, 'learning_rate': 0.0010437666445842174, 'weight_decay': 0.0002821054452408127, 'batch_size': 512, 'tree_depth': 11}. Best is trial 104 with value: 2.1955713714872087.
2024-10-31 13:43:18,455 - INFO - Parameters: {'hidden_layers': 1, 'hidden_units': 256, 'dropout_rate': 0.7713600322341461, 'learning_rate': 0.0014669175964689828, 'weight_decay': 0.0003253027676493955, 'batch_size': 512, 'tree_depth': 12}
2024-10-31 13:43:18,455 - INFO - Trial 192: Train MSE=2.0734183490276337, Train R²=0.6551370301416942
2024-10-31 13:43:18,455 - INFO - Trial 192: Test MSE=2.2238817044666837, Test R²=0.6381147674151829
2024-10-31 13:43:18,455 - INFO - ============================================================================================================================================================================================================================================================================================================
2024-10-31 13:43:18,457 - INFO - Trial 192 finished with value: 2.2238817044666837 and parameters: {'hidden_layers': 1, 'hidden_units': 256, 'dropout_rate': 0.7713600322341461, 'learning_rate': 0.0014669175964689828, 'weight_decay': 0.0003253027676493955, 'batch_size': 512, 'tree_depth': 12}. Best is trial 104 with value: 2.1955713714872087.
2024-10-31 13:43:55,092 - INFO - Parameters: {'hidden_layers': 1, 'hidden_units': 256, 'dropout_rate': 0.6648491770565107, 'learning_rate': 0.0013448772418055176, 'weight_decay': 0.0003205887213499682, 'batch_size': 512, 'tree_depth': 12}
2024-10-31 13:43:55,092 - INFO - Trial 193: Train MSE=1.4016741897378648, Train R²=0.7667080483266285
2024-10-31 13:43:55,092 - INFO - Trial 193: Test MSE=2.3296150820595876, Test R²=0.6205599733761379
2024-10-31 13:43:55,092 - INFO - ============================================================================================================================================================================================================================================================================================================
2024-10-31 13:43:55,093 - INFO - Trial 193 finished with value: 2.3296150820595876 and parameters: {'hidden_layers': 1, 'hidden_units': 256, 'dropout_rate': 0.6648491770565107, 'learning_rate': 0.0013448772418055176, 'weight_decay': 0.0003205887213499682, 'batch_size': 512, 'tree_depth': 12}. Best is trial 104 with value: 2.1955713714872087.
2024-10-31 13:44:32,045 - INFO - Parameters: {'hidden_layers': 1, 'hidden_units': 256, 'dropout_rate': 0.7685238513125536, 'learning_rate': 0.001541798571290758, 'weight_decay': 0.00036953776729065497, 'batch_size': 512, 'tree_depth': 12}
2024-10-31 13:44:32,045 - INFO - Trial 194: Train MSE=2.0188374561922893, Train R²=0.6640945907149997
2024-10-31 13:44:32,046 - INFO - Trial 194: Test MSE=2.2379209995269775, Test R²=0.635692800794329
2024-10-31 13:44:32,046 - INFO - ============================================================================================================================================================================================================================================================================================================
2024-10-31 13:44:32,047 - INFO - Trial 194 finished with value: 2.2379209995269775 and parameters: {'hidden_layers': 1, 'hidden_units': 256, 'dropout_rate': 0.7685238513125536, 'learning_rate': 0.001541798571290758, 'weight_decay': 0.00036953776729065497, 'batch_size': 512, 'tree_depth': 12}. Best is trial 104 with value: 2.1955713714872087.
2024-10-31 13:45:09,662 - INFO - Parameters: {'hidden_layers': 1, 'hidden_units': 256, 'dropout_rate': 0.7901253130445807, 'learning_rate': 0.0011356115810688195, 'weight_decay': 0.0003060089364163102, 'batch_size': 512, 'tree_depth': 12}
2024-10-31 13:45:09,662 - INFO - Trial 195: Train MSE=2.33393166746412, Train R²=0.6115870092596326
2024-10-31 13:45:09,662 - INFO - Trial 195: Test MSE=2.2461575099400113, Test R²=0.6344442708151681
2024-10-31 13:45:09,662 - INFO - ============================================================================================================================================================================================================================================================================================================
2024-10-31 13:45:09,664 - INFO - Trial 195 finished with value: 2.2461575099400113 and parameters: {'hidden_layers': 1, 'hidden_units': 256, 'dropout_rate': 0.7901253130445807, 'learning_rate': 0.0011356115810688195, 'weight_decay': 0.0003060089364163102, 'batch_size': 512, 'tree_depth': 12}. Best is trial 104 with value: 2.1955713714872087.
2024-10-31 13:45:45,404 - INFO - Parameters: {'hidden_layers': 1, 'hidden_units': 256, 'dropout_rate': 0.7602464249421998, 'learning_rate': 0.00176360796037837, 'weight_decay': 0.000186515504333974, 'batch_size': 512, 'tree_depth': 6}
2024-10-31 13:45:45,404 - INFO - Trial 196: Train MSE=2.925394126347133, Train R²=0.5135710878031594
2024-10-31 13:45:45,404 - INFO - Trial 196: Test MSE=2.437955788203648, Test R²=0.6030876891953605
2024-10-31 13:45:45,404 - INFO - ============================================================================================================================================================================================================================================================================================================
2024-10-31 13:45:45,405 - INFO - Trial 196 finished with value: 2.437955788203648 and parameters: {'hidden_layers': 1, 'hidden_units': 256, 'dropout_rate': 0.7602464249421998, 'learning_rate': 0.00176360796037837, 'weight_decay': 0.000186515504333974, 'batch_size': 512, 'tree_depth': 6}. Best is trial 104 with value: 2.1955713714872087.
2024-10-31 13:46:37,959 - INFO - Parameters: {'hidden_layers': 1, 'hidden_units': 256, 'dropout_rate': 0.7998731867425362, 'learning_rate': 0.0014226044531113681, 'weight_decay': 0.00033117392030576685, 'batch_size': 256, 'tree_depth': 12}
2024-10-31 13:46:37,960 - INFO - Trial 197: Train MSE=2.0512944949524745, Train R²=0.6576737346393722
2024-10-31 13:46:37,960 - INFO - Trial 197: Test MSE=2.22670716047287, Test R²=0.6359201329095023
2024-10-31 13:46:37,960 - INFO - ============================================================================================================================================================================================================================================================================================================
