2024-10-31 15:00:17,112 - INFO - Trial 311 finished with value: 2.2749753849846974 and parameters: {'hidden_layers': 1, 'hidden_units': 256, 'dropout_rate': 0.7668643429782007, 'learning_rate': 0.0004667623155987225, 'weight_decay': 0.0003734956399203295, 'batch_size': 512, 'tree_depth': 11}. Best is trial 104 with value: 2.1955713714872087.
2024-10-31 15:00:52,901 - INFO - Parameters: {'hidden_layers': 1, 'hidden_units': 256, 'dropout_rate': 0.786489111308414, 'learning_rate': 0.000605330752512378, 'weight_decay': 0.0002896363917728532, 'batch_size': 512, 'tree_depth': 11}
2024-10-31 15:00:52,901 - INFO - Trial 312: Train MSE=2.842351351465498, Train R²=0.5270121714898518
2024-10-31 15:00:52,902 - INFO - Trial 312: Test MSE=2.2235044070652554, Test R²=0.6381915467126029
2024-10-31 15:00:52,902 - INFO - ============================================================================================================================================================================================================================================================================================================
2024-10-31 15:00:52,903 - INFO - Trial 312 finished with value: 2.2235044070652554 and parameters: {'hidden_layers': 1, 'hidden_units': 256, 'dropout_rate': 0.786489111308414, 'learning_rate': 0.000605330752512378, 'weight_decay': 0.0002896363917728532, 'batch_size': 512, 'tree_depth': 11}. Best is trial 104 with value: 2.1955713714872087.
2024-10-31 15:01:27,749 - INFO - Parameters: {'hidden_layers': 1, 'hidden_units': 256, 'dropout_rate': 0.7878567217048233, 'learning_rate': 0.0005877923507205125, 'weight_decay': 0.0002883884295038998, 'batch_size': 512, 'tree_depth': 11}
2024-10-31 15:01:27,749 - INFO - Trial 313: Train MSE=2.9256247537476674, Train R²=0.5129131419318063
2024-10-31 15:01:27,749 - INFO - Trial 313: Test MSE=2.2404095785958424, Test R²=0.6353983879089355
2024-10-31 15:01:27,749 - INFO - ============================================================================================================================================================================================================================================================================================================
2024-10-31 15:01:27,750 - INFO - Trial 313 finished with value: 2.2404095785958424 and parameters: {'hidden_layers': 1, 'hidden_units': 256, 'dropout_rate': 0.7878567217048233, 'learning_rate': 0.0005877923507205125, 'weight_decay': 0.0002883884295038998, 'batch_size': 512, 'tree_depth': 11}. Best is trial 104 with value: 2.1955713714872087.
2024-10-31 15:02:03,262 - INFO - Parameters: {'hidden_layers': 1, 'hidden_units': 256, 'dropout_rate': 0.7911893458159905, 'learning_rate': 0.0006967946091419891, 'weight_decay': 0.0002975105650660572, 'batch_size': 512, 'tree_depth': 11}
2024-10-31 15:02:03,262 - INFO - Trial 314: Train MSE=2.7621557457106456, Train R²=0.5405011411224093
2024-10-31 15:02:03,262 - INFO - Trial 314: Test MSE=2.257162775312151, Test R²=0.6326183165822711
2024-10-31 15:02:03,262 - INFO - ============================================================================================================================================================================================================================================================================================================
2024-10-31 15:02:03,264 - INFO - Trial 314 finished with value: 2.257162775312151 and parameters: {'hidden_layers': 1, 'hidden_units': 256, 'dropout_rate': 0.7911893458159905, 'learning_rate': 0.0006967946091419891, 'weight_decay': 0.0002975105650660572, 'batch_size': 512, 'tree_depth': 11}. Best is trial 104 with value: 2.1955713714872087.
2024-10-31 15:02:40,112 - INFO - Parameters: {'hidden_layers': 1, 'hidden_units': 256, 'dropout_rate': 0.7791045275914096, 'learning_rate': 0.0005303679339995108, 'weight_decay': 0.0002778174348922288, 'batch_size': 512, 'tree_depth': 11}
2024-10-31 15:02:40,112 - INFO - Trial 315: Train MSE=2.990746319293976, Train R²=0.5034572907856533
2024-10-31 15:02:40,113 - INFO - Trial 315: Test MSE=2.2425573553357805, Test R²=0.6350008164133344
2024-10-31 15:02:40,113 - INFO - ============================================================================================================================================================================================================================================================================================================
2024-10-31 15:02:40,114 - INFO - Trial 315 finished with value: 2.2425573553357805 and parameters: {'hidden_layers': 1, 'hidden_units': 256, 'dropout_rate': 0.7791045275914096, 'learning_rate': 0.0005303679339995108, 'weight_decay': 0.0002778174348922288, 'batch_size': 512, 'tree_depth': 11}. Best is trial 104 with value: 2.1955713714872087.
2024-10-31 15:03:15,781 - INFO - Parameters: {'hidden_layers': 1, 'hidden_units': 256, 'dropout_rate': 0.7920495206512393, 'learning_rate': 0.00090686840307164, 'weight_decay': 0.0003119990365559097, 'batch_size': 512, 'tree_depth': 11}
2024-10-31 15:03:15,781 - INFO - Trial 316: Train MSE=2.5261176994868686, Train R²=0.5797369735581535
2024-10-31 15:03:15,782 - INFO - Trial 316: Test MSE=2.213295715195792, Test R²=0.6397808279309954
2024-10-31 15:03:15,782 - INFO - ============================================================================================================================================================================================================================================================================================================
2024-10-31 15:03:15,783 - INFO - Trial 316 finished with value: 2.213295715195792 and parameters: {'hidden_layers': 1, 'hidden_units': 256, 'dropout_rate': 0.7920495206512393, 'learning_rate': 0.00090686840307164, 'weight_decay': 0.0003119990365559097, 'batch_size': 512, 'tree_depth': 11}. Best is trial 104 with value: 2.1955713714872087.
2024-10-31 15:03:51,160 - INFO - Parameters: {'hidden_layers': 1, 'hidden_units': 256, 'dropout_rate': 0.7923255268109999, 'learning_rate': 0.0007835043569157785, 'weight_decay': 0.0003130510020200256, 'batch_size': 512, 'tree_depth': 11}
2024-10-31 15:03:51,160 - INFO - Trial 317: Train MSE=2.6807574885232106, Train R²=0.5543123462370464
2024-10-31 15:03:51,160 - INFO - Trial 317: Test MSE=2.261257529258728, Test R²=0.6319500378199986
2024-10-31 15:03:51,160 - INFO - ============================================================================================================================================================================================================================================================================================================
2024-10-31 15:03:51,161 - INFO - Trial 317 finished with value: 2.261257529258728 and parameters: {'hidden_layers': 1, 'hidden_units': 256, 'dropout_rate': 0.7923255268109999, 'learning_rate': 0.0007835043569157785, 'weight_decay': 0.0003130510020200256, 'batch_size': 512, 'tree_depth': 11}. Best is trial 104 with value: 2.1955713714872087.
2024-10-31 15:04:26,260 - INFO - Parameters: {'hidden_layers': 1, 'hidden_units': 256, 'dropout_rate': 0.7796822363036067, 'learning_rate': 0.0005956093244160369, 'weight_decay': 0.00031189703264511496, 'batch_size': 512, 'tree_depth': 10}
2024-10-31 15:04:26,262 - INFO - Trial 318: Train MSE=2.9027320742607117, Train R²=0.5158046058246067
2024-10-31 15:04:26,262 - INFO - Trial 318: Test MSE=2.29692542552948, Test R²=0.6262370603425162
2024-10-31 15:04:26,262 - INFO - ============================================================================================================================================================================================================================================================================================================
2024-10-31 15:04:26,264 - INFO - Trial 318 finished with value: 2.29692542552948 and parameters: {'hidden_layers': 1, 'hidden_units': 256, 'dropout_rate': 0.7796822363036067, 'learning_rate': 0.0005956093244160369, 'weight_decay': 0.00031189703264511496, 'batch_size': 512, 'tree_depth': 10}. Best is trial 104 with value: 2.1955713714872087.
2024-10-31 15:04:59,597 - INFO - Parameters: {'hidden_layers': 1, 'hidden_units': 256, 'dropout_rate': 0.7993204639830682, 'learning_rate': 0.0006454674671642585, 'weight_decay': 0.0002037989453626309, 'batch_size': 512, 'tree_depth': 11}
2024-10-31 15:04:59,597 - INFO - Trial 319: Train MSE=2.892799300806863, Train R²=0.5183803204979215
2024-10-31 15:04:59,597 - INFO - Trial 319: Test MSE=2.2887275900159563, Test R²=0.6274818011692592
2024-10-31 15:04:59,597 - INFO - ============================================================================================================================================================================================================================================================================================================
2024-10-31 15:04:59,599 - INFO - Trial 319 finished with value: 2.2887275900159563 and parameters: {'hidden_layers': 1, 'hidden_units': 256, 'dropout_rate': 0.7993204639830682, 'learning_rate': 0.0006454674671642585, 'weight_decay': 0.0002037989453626309, 'batch_size': 512, 'tree_depth': 11}. Best is trial 104 with value: 2.1955713714872087.
2024-10-31 15:05:32,885 - INFO - Parameters: {'hidden_layers': 1, 'hidden_units': 256, 'dropout_rate': 0.7714968807256841, 'learning_rate': 0.0008848762469025358, 'weight_decay': 0.000289719546902605, 'batch_size': 512, 'tree_depth': 11}
2024-10-31 15:05:32,885 - INFO - Trial 320: Train MSE=2.3402422070503235, Train R²=0.610345048563821
2024-10-31 15:05:32,886 - INFO - Trial 320: Test MSE=2.231447764805385, Test R²=0.6367784142494202
2024-10-31 15:05:32,886 - INFO - ============================================================================================================================================================================================================================================================================================================
2024-10-31 15:05:32,888 - INFO - Trial 320 finished with value: 2.231447764805385 and parameters: {'hidden_layers': 1, 'hidden_units': 256, 'dropout_rate': 0.7714968807256841, 'learning_rate': 0.0008848762469025358, 'weight_decay': 0.000289719546902605, 'batch_size': 512, 'tree_depth': 11}. Best is trial 104 with value: 2.1955713714872087.
2024-10-31 15:06:49,714 - INFO - Parameters: {'hidden_layers': 1, 'hidden_units': 512, 'dropout_rate': 0.7851791360086856, 'learning_rate': 0.0009396294712272587, 'weight_decay': 0.00032438316013634264, 'batch_size': 128, 'tree_depth': 11}
2024-10-31 15:06:49,714 - INFO - Trial 321: Train MSE=1.6798520269138473, Train R²=0.7140897570976189
2024-10-31 15:06:49,714 - INFO - Trial 321: Test MSE=2.349821380206517, Test R²=0.6114542824881417
2024-10-31 15:06:49,715 - INFO - ============================================================================================================================================================================================================================================================================================================
2024-10-31 15:06:49,715 - INFO - Trial 321 finished with value: 2.349821380206517 and parameters: {'hidden_layers': 1, 'hidden_units': 512, 'dropout_rate': 0.7851791360086856, 'learning_rate': 0.0009396294712272587, 'weight_decay': 0.00032438316013634264, 'batch_size': 128, 'tree_depth': 11}. Best is trial 104 with value: 2.1955713714872087.
2024-10-31 15:07:25,244 - INFO - Parameters: {'hidden_layers': 1, 'hidden_units': 256, 'dropout_rate': 0.7763419977575623, 'learning_rate': 0.0010327375042350902, 'weight_decay': 0.00030770730083694276, 'batch_size': 512, 'tree_depth': 11}
2024-10-31 15:07:25,244 - INFO - Trial 322: Train MSE=2.297393492289952, Train R²=0.618145057133266
2024-10-31 15:07:25,244 - INFO - Trial 322: Test MSE=2.244136333465576, Test R²=0.6347389306340899
2024-10-31 15:07:25,245 - INFO - ============================================================================================================================================================================================================================================================================================================
2024-10-31 15:07:25,246 - INFO - Trial 322 finished with value: 2.244136333465576 and parameters: {'hidden_layers': 1, 'hidden_units': 256, 'dropout_rate': 0.7763419977575623, 'learning_rate': 0.0010327375042350902, 'weight_decay': 0.00030770730083694276, 'batch_size': 512, 'tree_depth': 11}. Best is trial 104 with value: 2.1955713714872087.
2024-10-31 15:08:01,814 - INFO - Parameters: {'hidden_layers': 1, 'hidden_units': 256, 'dropout_rate': 0.7888640816532474, 'learning_rate': 0.0008819513999893183, 'weight_decay': 0.0003287920550691704, 'batch_size': 512, 'tree_depth': 11}
2024-10-31 15:08:01,814 - INFO - Trial 323: Train MSE=2.5097916551998685, Train R²=0.5827829561063221
2024-10-31 15:08:01,814 - INFO - Trial 323: Test MSE=2.2124219962528775, Test R²=0.639921954699925
2024-10-31 15:08:01,814 - INFO - ============================================================================================================================================================================================================================================================================================================
2024-10-31 15:08:01,815 - INFO - Trial 323 finished with value: 2.2124219962528775 and parameters: {'hidden_layers': 1, 'hidden_units': 256, 'dropout_rate': 0.7888640816532474, 'learning_rate': 0.0008819513999893183, 'weight_decay': 0.0003287920550691704, 'batch_size': 512, 'tree_depth': 11}. Best is trial 104 with value: 2.1955713714872087.
2024-10-31 15:08:38,107 - INFO - Parameters: {'hidden_layers': 1, 'hidden_units': 256, 'dropout_rate': 0.7906558562743297, 'learning_rate': 0.0009130629540293798, 'weight_decay': 0.00033254150481596453, 'batch_size': 512, 'tree_depth': 11}
2024-10-31 15:08:38,107 - INFO - Trial 324: Train MSE=2.503662782055991, Train R²=0.5831605557884488
2024-10-31 15:08:38,108 - INFO - Trial 324: Test MSE=2.2424701281956265, Test R²=0.6349656922476632
2024-10-31 15:08:38,108 - INFO - ============================================================================================================================================================================================================================================================================================================
2024-10-31 15:08:38,109 - INFO - Trial 324 finished with value: 2.2424701281956265 and parameters: {'hidden_layers': 1, 'hidden_units': 256, 'dropout_rate': 0.7906558562743297, 'learning_rate': 0.0009130629540293798, 'weight_decay': 0.00033254150481596453, 'batch_size': 512, 'tree_depth': 11}. Best is trial 104 with value: 2.1955713714872087.
2024-10-31 15:09:13,176 - INFO - Parameters: {'hidden_layers': 1, 'hidden_units': 256, 'dropout_rate': 0.7999665722286972, 'learning_rate': 0.0008252592384630699, 'weight_decay': 0.00032184107713538945, 'batch_size': 512, 'tree_depth': 11}
2024-10-31 15:09:13,176 - INFO - Trial 325: Train MSE=2.694188356399536, Train R²=0.5512027846915382
2024-10-31 15:09:13,177 - INFO - Trial 325: Test MSE=2.245104363986424, Test R²=0.6345803652490888
2024-10-31 15:09:13,177 - INFO - ============================================================================================================================================================================================================================================================================================================
2024-10-31 15:09:13,178 - INFO - Trial 325 finished with value: 2.245104363986424 and parameters: {'hidden_layers': 1, 'hidden_units': 256, 'dropout_rate': 0.7999665722286972, 'learning_rate': 0.0008252592384630699, 'weight_decay': 0.00032184107713538945, 'batch_size': 512, 'tree_depth': 11}. Best is trial 104 with value: 2.1955713714872087.
2024-10-31 15:09:54,397 - INFO - Parameters: {'hidden_layers': 4, 'hidden_units': 256, 'dropout_rate': 0.7850226379999211, 'learning_rate': 0.0009881844580770971, 'weight_decay': 0.0002969258281948992, 'batch_size': 512, 'tree_depth': 11}
2024-10-31 15:09:54,397 - INFO - Trial 326: Train MSE=3.1050711699894498, Train R²=0.48411907255649567
2024-10-31 15:09:54,398 - INFO - Trial 326: Test MSE=2.835507903780256, Test R²=0.5386558771133423
2024-10-31 15:09:54,398 - INFO - ============================================================================================================================================================================================================================================================================================================
2024-10-31 15:09:54,399 - INFO - Trial 326 finished with value: 2.835507903780256 and parameters: {'hidden_layers': 4, 'hidden_units': 256, 'dropout_rate': 0.7850226379999211, 'learning_rate': 0.0009881844580770971, 'weight_decay': 0.0002969258281948992, 'batch_size': 512, 'tree_depth': 11}. Best is trial 104 with value: 2.1955713714872087.
2024-10-31 15:10:30,188 - INFO - Parameters: {'hidden_layers': 1, 'hidden_units': 256, 'dropout_rate': 0.6551521416029433, 'learning_rate': 0.0010370094413067051, 'weight_decay': 0.00033911108172874835, 'batch_size': 512, 'tree_depth': 11}
2024-10-31 15:10:30,189 - INFO - Trial 327: Train MSE=1.4531779629843575, Train R²=0.7577092115368161
2024-10-31 15:10:30,189 - INFO - Trial 327: Test MSE=2.305900079863412, Test R²=0.624696501663753
2024-10-31 15:10:30,189 - INFO - ============================================================================================================================================================================================================================================================================================================
2024-10-31 15:10:30,191 - INFO - Trial 327 finished with value: 2.305900079863412 and parameters: {'hidden_layers': 1, 'hidden_units': 256, 'dropout_rate': 0.6551521416029433, 'learning_rate': 0.0010370094413067051, 'weight_decay': 0.00033911108172874835, 'batch_size': 512, 'tree_depth': 11}. Best is trial 104 with value: 2.1955713714872087.
2024-10-31 15:11:06,169 - INFO - Parameters: {'hidden_layers': 1, 'hidden_units': 256, 'dropout_rate': 0.7914104457237693, 'learning_rate': 0.0008343287381266479, 'weight_decay': 0.0003064624471668707, 'batch_size': 512, 'tree_depth': 11}
2024-10-31 15:11:06,170 - INFO - Trial 328: Train MSE=2.548023922102792, Train R²=0.5754429889576775
2024-10-31 15:11:06,170 - INFO - Trial 328: Test MSE=2.2572464772633145, Test R²=0.6325533900942121
2024-10-31 15:11:06,170 - INFO - ============================================================================================================================================================================================================================================================================================================
2024-10-31 15:11:06,171 - INFO - Trial 328 finished with value: 2.2572464772633145 and parameters: {'hidden_layers': 1, 'hidden_units': 256, 'dropout_rate': 0.7914104457237693, 'learning_rate': 0.0008343287381266479, 'weight_decay': 0.0003064624471668707, 'batch_size': 512, 'tree_depth': 11}. Best is trial 104 with value: 2.1955713714872087.
2024-10-31 15:11:41,409 - INFO - Parameters: {'hidden_layers': 1, 'hidden_units': 256, 'dropout_rate': 0.7998486234915642, 'learning_rate': 0.0011182030938283606, 'weight_decay': 0.0002834881986118199, 'batch_size': 512, 'tree_depth': 11}
2024-10-31 15:11:41,409 - INFO - Trial 329: Train MSE=2.4581492032323564, Train R²=0.591613552400044
2024-10-31 15:11:41,409 - INFO - Trial 329: Test MSE=2.239879778453282, Test R²=0.6354819280760629
2024-10-31 15:11:41,409 - INFO - ============================================================================================================================================================================================================================================================================================================
2024-10-31 15:11:41,410 - INFO - Trial 329 finished with value: 2.239879778453282 and parameters: {'hidden_layers': 1, 'hidden_units': 256, 'dropout_rate': 0.7998486234915642, 'learning_rate': 0.0011182030938283606, 'weight_decay': 0.0002834881986118199, 'batch_size': 512, 'tree_depth': 11}. Best is trial 104 with value: 2.1955713714872087.
2024-10-31 15:12:19,810 - INFO - Parameters: {'hidden_layers': 3, 'hidden_units': 256, 'dropout_rate': 0.7775774951436051, 'learning_rate': 0.0008932776768885634, 'weight_decay': 0.00032117576068363033, 'batch_size': 512, 'tree_depth': 11}
2024-10-31 15:12:19,811 - INFO - Trial 330: Train MSE=2.912822587149484, Train R²=0.5153397108827319
2024-10-31 15:12:19,811 - INFO - Trial 330: Test MSE=2.301307031086513, Test R²=0.6255769729614258
2024-10-31 15:12:19,811 - INFO - ============================================================================================================================================================================================================================================================================================================
