2024-10-31 19:40:53,826 - INFO - Trial 729 finished with value: 2.2634111642837524 and parameters: {'hidden_layers': 1, 'hidden_units': 256, 'dropout_rate': 0.7880473281666873, 'learning_rate': 0.000730586207079003, 'weight_decay': 0.00024346033809438832, 'batch_size': 1024, 'tree_depth': 11}. Best is trial 601 with value: 2.1809195450374057.
2024-10-31 19:41:28,196 - INFO - Parameters: {'hidden_layers': 3, 'hidden_units': 256, 'dropout_rate': 0.7999963379595354, 'learning_rate': 0.0010114888554271088, 'weight_decay': 0.00034764899016735456, 'batch_size': 512, 'tree_depth': 11}
2024-10-31 19:41:28,196 - INFO - Trial 730: Train MSE=2.976811945438385, Train R²=0.5047390162944794
2024-10-31 19:41:28,196 - INFO - Trial 730: Test MSE=2.2667915480477467, Test R²=0.6311864342008319
2024-10-31 19:41:28,196 - INFO - ============================================================================================================================================================================================================================================================================================================
2024-10-31 19:41:28,198 - INFO - Trial 730 finished with value: 2.2667915480477467 and parameters: {'hidden_layers': 3, 'hidden_units': 256, 'dropout_rate': 0.7999963379595354, 'learning_rate': 0.0010114888554271088, 'weight_decay': 0.00034764899016735456, 'batch_size': 512, 'tree_depth': 11}. Best is trial 601 with value: 2.1809195450374057.
2024-10-31 19:42:00,683 - INFO - Parameters: {'hidden_layers': 2, 'hidden_units': 256, 'dropout_rate': 0.7585670540517541, 'learning_rate': 0.0008756163852621919, 'weight_decay': 0.00027512196728333397, 'batch_size': 512, 'tree_depth': 10}
2024-10-31 19:42:00,683 - INFO - Trial 731: Train MSE=2.657551739897047, Train R²=0.5579873919487
2024-10-31 19:42:00,683 - INFO - Trial 731: Test MSE=2.246374385697501, Test R²=0.6344570176942008
2024-10-31 19:42:00,684 - INFO - ============================================================================================================================================================================================================================================================================================================
2024-10-31 19:42:00,685 - INFO - Trial 731 finished with value: 2.246374385697501 and parameters: {'hidden_layers': 2, 'hidden_units': 256, 'dropout_rate': 0.7585670540517541, 'learning_rate': 0.0008756163852621919, 'weight_decay': 0.00027512196728333397, 'batch_size': 512, 'tree_depth': 10}. Best is trial 601 with value: 2.1809195450374057.
2024-10-31 19:42:35,972 - INFO - Parameters: {'hidden_layers': 1, 'hidden_units': 1024, 'dropout_rate': 0.7717761722064056, 'learning_rate': 0.0012318374310002324, 'weight_decay': 0.00033064778080926153, 'batch_size': 512, 'tree_depth': 12}
2024-10-31 19:42:35,972 - INFO - Trial 732: Train MSE=1.758602419069835, Train R²=0.7075823077133724
2024-10-31 19:42:35,972 - INFO - Trial 732: Test MSE=2.265690411840166, Test R²=0.6312024593353271
2024-10-31 19:42:35,972 - INFO - ============================================================================================================================================================================================================================================================================================================
2024-10-31 19:42:35,973 - INFO - Trial 732 finished with value: 2.265690411840166 and parameters: {'hidden_layers': 1, 'hidden_units': 1024, 'dropout_rate': 0.7717761722064056, 'learning_rate': 0.0012318374310002324, 'weight_decay': 0.00033064778080926153, 'batch_size': 512, 'tree_depth': 12}. Best is trial 601 with value: 2.1809195450374057.
2024-10-31 19:43:21,402 - INFO - Parameters: {'hidden_layers': 1, 'hidden_units': 256, 'dropout_rate': 0.7905301745873322, 'learning_rate': 0.0011122840622236633, 'weight_decay': 0.0002595854195778666, 'batch_size': 256, 'tree_depth': 11}
2024-10-31 19:43:21,402 - INFO - Trial 733: Train MSE=1.9985220283269882, Train R²=0.6663700821144241
2024-10-31 19:43:21,402 - INFO - Trial 733: Test MSE=2.2643079331942966, Test R²=0.6296248606273106
2024-10-31 19:43:21,402 - INFO - ============================================================================================================================================================================================================================================================================================================
2024-10-31 19:43:21,403 - INFO - Trial 733 finished with value: 2.2643079331942966 and parameters: {'hidden_layers': 1, 'hidden_units': 256, 'dropout_rate': 0.7905301745873322, 'learning_rate': 0.0011122840622236633, 'weight_decay': 0.0002595854195778666, 'batch_size': 256, 'tree_depth': 11}. Best is trial 601 with value: 2.1809195450374057.
2024-10-31 19:43:56,445 - INFO - Parameters: {'hidden_layers': 1, 'hidden_units': 256, 'dropout_rate': 0.7796385068513207, 'learning_rate': 0.0009657662038301309, 'weight_decay': 0.00027350502701404677, 'batch_size': 512, 'tree_depth': 11}
2024-10-31 19:43:56,446 - INFO - Trial 734: Train MSE=2.32411561693464, Train R²=0.6134248269455773
2024-10-31 19:43:56,446 - INFO - Trial 734: Test MSE=2.2325559854507446, Test R²=0.6368040783064706
2024-10-31 19:43:56,446 - INFO - ============================================================================================================================================================================================================================================================================================================
2024-10-31 19:43:56,448 - INFO - Trial 734 finished with value: 2.2325559854507446 and parameters: {'hidden_layers': 1, 'hidden_units': 256, 'dropout_rate': 0.7796385068513207, 'learning_rate': 0.0009657662038301309, 'weight_decay': 0.00027350502701404677, 'batch_size': 512, 'tree_depth': 11}. Best is trial 601 with value: 2.1809195450374057.
2024-10-31 19:44:29,135 - INFO - Parameters: {'hidden_layers': 1, 'hidden_units': 256, 'dropout_rate': 0.5630923956554188, 'learning_rate': 0.001396900936766638, 'weight_decay': 0.00024875734578262763, 'batch_size': 512, 'tree_depth': 12}
2024-10-31 19:44:29,135 - INFO - Trial 735: Train MSE=0.9949638949973243, Train R²=0.8341102791684014
2024-10-31 19:44:29,135 - INFO - Trial 735: Test MSE=2.406373977661133, Test R²=0.6083442057882037
2024-10-31 19:44:29,135 - INFO - ============================================================================================================================================================================================================================================================================================================
2024-10-31 19:44:29,137 - INFO - Trial 735 finished with value: 2.406373977661133 and parameters: {'hidden_layers': 1, 'hidden_units': 256, 'dropout_rate': 0.5630923956554188, 'learning_rate': 0.001396900936766638, 'weight_decay': 0.00024875734578262763, 'batch_size': 512, 'tree_depth': 12}. Best is trial 601 with value: 2.1809195450374057.
2024-10-31 19:45:00,336 - INFO - Parameters: {'hidden_layers': 1, 'hidden_units': 256, 'dropout_rate': 0.7673710959726024, 'learning_rate': 0.0012322449605564102, 'weight_decay': 0.0003259823946989993, 'batch_size': 512, 'tree_depth': 11}
2024-10-31 19:45:00,336 - INFO - Trial 736: Train MSE=2.072663737194879, Train R²=0.6543483350958142
2024-10-31 19:45:00,336 - INFO - Trial 736: Test MSE=2.2520552022116527, Test R²=0.6335318769727435
2024-10-31 19:45:00,336 - INFO - ============================================================================================================================================================================================================================================================================================================
2024-10-31 19:45:00,337 - INFO - Trial 736 finished with value: 2.2520552022116527 and parameters: {'hidden_layers': 1, 'hidden_units': 256, 'dropout_rate': 0.7673710959726024, 'learning_rate': 0.0012322449605564102, 'weight_decay': 0.0003259823946989993, 'batch_size': 512, 'tree_depth': 11}. Best is trial 601 with value: 2.1809195450374057.
2024-10-31 19:45:34,028 - INFO - Parameters: {'hidden_layers': 1, 'hidden_units': 256, 'dropout_rate': 0.7501035003322978, 'learning_rate': 0.0027323634455392056, 'weight_decay': 0.00020666768255119187, 'batch_size': 512, 'tree_depth': 11}
2024-10-31 19:45:34,028 - INFO - Trial 737: Train MSE=1.7789707311562128, Train R²=0.7040854138987405
2024-10-31 19:45:34,028 - INFO - Trial 737: Test MSE=2.2670468602861678, Test R²=0.6309768387249538
2024-10-31 19:45:34,028 - INFO - ============================================================================================================================================================================================================================================================================================================
2024-10-31 19:45:34,030 - INFO - Trial 737 finished with value: 2.2670468602861678 and parameters: {'hidden_layers': 1, 'hidden_units': 256, 'dropout_rate': 0.7501035003322978, 'learning_rate': 0.0027323634455392056, 'weight_decay': 0.00020666768255119187, 'batch_size': 512, 'tree_depth': 11}. Best is trial 601 with value: 2.1809195450374057.
2024-10-31 19:46:06,463 - INFO - Parameters: {'hidden_layers': 1, 'hidden_units': 256, 'dropout_rate': 0.790954173613764, 'learning_rate': 0.0010402126475110819, 'weight_decay': 0.0002826272058512833, 'batch_size': 512, 'tree_depth': 12}
2024-10-31 19:46:06,463 - INFO - Trial 738: Train MSE=2.4382978081703186, Train R²=0.5947633172784533
2024-10-31 19:46:06,463 - INFO - Trial 738: Test MSE=2.2314378193446567, Test R²=0.6369402153151376
2024-10-31 19:46:06,463 - INFO - ============================================================================================================================================================================================================================================================================================================
2024-10-31 19:46:06,465 - INFO - Trial 738 finished with value: 2.2314378193446567 and parameters: {'hidden_layers': 1, 'hidden_units': 256, 'dropout_rate': 0.790954173613764, 'learning_rate': 0.0010402126475110819, 'weight_decay': 0.0002826272058512833, 'batch_size': 512, 'tree_depth': 12}. Best is trial 601 with value: 2.1809195450374057.
2024-10-31 19:46:37,580 - INFO - Parameters: {'hidden_layers': 1, 'hidden_units': 256, 'dropout_rate': 0.7999124784778509, 'learning_rate': 0.0011666720701634017, 'weight_decay': 0.00023419213804095425, 'batch_size': 512, 'tree_depth': 11}
2024-10-31 19:46:37,581 - INFO - Trial 739: Train MSE=2.456751448767526, Train R²=0.5907138522182193
2024-10-31 19:46:37,581 - INFO - Trial 739: Test MSE=2.22405583517892, Test R²=0.6380473290170942
2024-10-31 19:46:37,581 - INFO - ============================================================================================================================================================================================================================================================================================================
2024-10-31 19:46:37,582 - INFO - Trial 739 finished with value: 2.22405583517892 and parameters: {'hidden_layers': 1, 'hidden_units': 256, 'dropout_rate': 0.7999124784778509, 'learning_rate': 0.0011666720701634017, 'weight_decay': 0.00023419213804095425, 'batch_size': 512, 'tree_depth': 11}. Best is trial 601 with value: 2.1809195450374057.
2024-10-31 19:47:51,629 - INFO - Parameters: {'hidden_layers': 1, 'hidden_units': 512, 'dropout_rate': 0.7796018944143172, 'learning_rate': 0.0008169787435773817, 'weight_decay': 0.0003561812100383073, 'batch_size': 128, 'tree_depth': 11}
2024-10-31 19:47:51,629 - INFO - Trial 740: Train MSE=1.7344844511577062, Train R²=0.7054331334573882
2024-10-31 19:47:51,629 - INFO - Trial 740: Test MSE=2.2545927677835738, Test R²=0.6263525422130313
2024-10-31 19:47:51,630 - INFO - ============================================================================================================================================================================================================================================================================================================
2024-10-31 19:47:51,630 - INFO - Trial 740 finished with value: 2.2545927677835738 and parameters: {'hidden_layers': 1, 'hidden_units': 512, 'dropout_rate': 0.7796018944143172, 'learning_rate': 0.0008169787435773817, 'weight_decay': 0.0003561812100383073, 'batch_size': 128, 'tree_depth': 11}. Best is trial 601 with value: 2.1809195450374057.
2024-10-31 19:48:26,433 - INFO - Parameters: {'hidden_layers': 1, 'hidden_units': 256, 'dropout_rate': 0.7833625060463683, 'learning_rate': 0.0009175073939431889, 'weight_decay': 0.0002536783245239229, 'batch_size': 512, 'tree_depth': 11}
2024-10-31 19:48:26,433 - INFO - Trial 741: Train MSE=2.4275634459086826, Train R²=0.5959091803857258
2024-10-31 19:48:26,433 - INFO - Trial 741: Test MSE=2.2262844358171736, Test R²=0.6375776188714164
2024-10-31 19:48:26,433 - INFO - ============================================================================================================================================================================================================================================================================================================
2024-10-31 19:48:26,434 - INFO - Trial 741 finished with value: 2.2262844358171736 and parameters: {'hidden_layers': 1, 'hidden_units': 256, 'dropout_rate': 0.7833625060463683, 'learning_rate': 0.0009175073939431889, 'weight_decay': 0.0002536783245239229, 'batch_size': 512, 'tree_depth': 11}. Best is trial 601 with value: 2.1809195450374057.
2024-10-31 19:48:59,790 - INFO - Parameters: {'hidden_layers': 1, 'hidden_units': 256, 'dropout_rate': 0.7723432249765488, 'learning_rate': 0.0012704290929068886, 'weight_decay': 0.000314691166069012, 'batch_size': 512, 'tree_depth': 12}
2024-10-31 19:48:59,791 - INFO - Trial 742: Train MSE=2.1147580913134982, Train R²=0.6473681649991444
2024-10-31 19:48:59,791 - INFO - Trial 742: Test MSE=2.2545069626399448, Test R²=0.6330529451370239
2024-10-31 19:48:59,791 - INFO - ============================================================================================================================================================================================================================================================================================================
2024-10-31 19:48:59,793 - INFO - Trial 742 finished with value: 2.2545069626399448 and parameters: {'hidden_layers': 1, 'hidden_units': 256, 'dropout_rate': 0.7723432249765488, 'learning_rate': 0.0012704290929068886, 'weight_decay': 0.000314691166069012, 'batch_size': 512, 'tree_depth': 12}. Best is trial 601 with value: 2.1809195450374057.
2024-10-31 19:49:33,165 - INFO - Parameters: {'hidden_layers': 1, 'hidden_units': 128, 'dropout_rate': 0.7999929652572043, 'learning_rate': 0.0010564232914914067, 'weight_decay': 0.00033636878660326416, 'batch_size': 512, 'tree_depth': 11}
2024-10-31 19:49:33,165 - INFO - Trial 743: Train MSE=2.99922205720629, Train R²=0.49992609875542776
2024-10-31 19:49:33,165 - INFO - Trial 743: Test MSE=2.2702823536736623, Test R²=0.6304950884410313
2024-10-31 19:49:33,165 - INFO - ============================================================================================================================================================================================================================================================================================================
2024-10-31 19:49:33,166 - INFO - Trial 743 finished with value: 2.2702823536736623 and parameters: {'hidden_layers': 1, 'hidden_units': 128, 'dropout_rate': 0.7999929652572043, 'learning_rate': 0.0010564232914914067, 'weight_decay': 0.00033636878660326416, 'batch_size': 512, 'tree_depth': 11}. Best is trial 601 with value: 2.1809195450374057.
2024-10-31 19:50:05,373 - INFO - Parameters: {'hidden_layers': 1, 'hidden_units': 256, 'dropout_rate': 0.7904996025856565, 'learning_rate': 0.0031302698320924516, 'weight_decay': 0.0002669550264933901, 'batch_size': 512, 'tree_depth': 11}
2024-10-31 19:50:05,373 - INFO - Trial 744: Train MSE=1.995158578668322, Train R²=0.6679369785955974
2024-10-31 19:50:05,373 - INFO - Trial 744: Test MSE=2.22337463923863, Test R²=0.6380687611443656
2024-10-31 19:50:05,373 - INFO - ============================================================================================================================================================================================================================================================================================================
2024-10-31 19:50:05,375 - INFO - Trial 744 finished with value: 2.22337463923863 and parameters: {'hidden_layers': 1, 'hidden_units': 256, 'dropout_rate': 0.7904996025856565, 'learning_rate': 0.0031302698320924516, 'weight_decay': 0.0002669550264933901, 'batch_size': 512, 'tree_depth': 11}. Best is trial 601 with value: 2.1809195450374057.
2024-10-31 19:50:40,073 - INFO - Parameters: {'hidden_layers': 1, 'hidden_units': 256, 'dropout_rate': 0.7379253288268945, 'learning_rate': 0.0064437130703381825, 'weight_decay': 0.00037821533735570804, 'batch_size': 512, 'tree_depth': 12}
2024-10-31 19:50:40,074 - INFO - Trial 745: Train MSE=1.8343892012323653, Train R²=0.6945552889789853
2024-10-31 19:50:40,074 - INFO - Trial 745: Test MSE=2.262442180088588, Test R²=0.631678581237793
2024-10-31 19:50:40,074 - INFO - ============================================================================================================================================================================================================================================================================================================
2024-10-31 19:50:40,076 - INFO - Trial 745 finished with value: 2.262442180088588 and parameters: {'hidden_layers': 1, 'hidden_units': 256, 'dropout_rate': 0.7379253288268945, 'learning_rate': 0.0064437130703381825, 'weight_decay': 0.00037821533735570804, 'batch_size': 512, 'tree_depth': 12}. Best is trial 601 with value: 2.1809195450374057.
2024-10-31 19:51:10,992 - INFO - Parameters: {'hidden_layers': 1, 'hidden_units': 256, 'dropout_rate': 0.7606410986939587, 'learning_rate': 0.0007863326124085371, 'weight_decay': 0.0002866652436706986, 'batch_size': 512, 'tree_depth': 9}
2024-10-31 19:51:10,992 - INFO - Trial 746: Train MSE=2.634527087211609, Train R²=0.5611344277858734
2024-10-31 19:51:10,992 - INFO - Trial 746: Test MSE=2.251528058733259, Test R²=0.6335777810641697
2024-10-31 19:51:10,993 - INFO - ============================================================================================================================================================================================================================================================================================================
2024-10-31 19:51:10,994 - INFO - Trial 746 finished with value: 2.251528058733259 and parameters: {'hidden_layers': 1, 'hidden_units': 256, 'dropout_rate': 0.7606410986939587, 'learning_rate': 0.0007863326124085371, 'weight_decay': 0.0002866652436706986, 'batch_size': 512, 'tree_depth': 9}. Best is trial 601 with value: 2.1809195450374057.
2024-10-31 19:51:42,935 - INFO - Parameters: {'hidden_layers': 1, 'hidden_units': 256, 'dropout_rate': 0.7834903149109378, 'learning_rate': 0.001203453595782902, 'weight_decay': 0.00024084491803389628, 'batch_size': 512, 'tree_depth': 11}
2024-10-31 19:51:42,935 - INFO - Trial 747: Train MSE=2.2857644643102373, Train R²=0.6193563725267138
2024-10-31 19:51:42,935 - INFO - Trial 747: Test MSE=2.2393994671957835, Test R²=0.6354996732303074
2024-10-31 19:51:42,935 - INFO - ============================================================================================================================================================================================================================================================================================================
2024-10-31 19:51:42,937 - INFO - Trial 747 finished with value: 2.2393994671957835 and parameters: {'hidden_layers': 1, 'hidden_units': 256, 'dropout_rate': 0.7834903149109378, 'learning_rate': 0.001203453595782902, 'weight_decay': 0.00024084491803389628, 'batch_size': 512, 'tree_depth': 11}. Best is trial 601 with value: 2.1809195450374057.
2024-10-31 19:52:19,861 - INFO - Parameters: {'hidden_layers': 1, 'hidden_units': 256, 'dropout_rate': 0.7747597353256654, 'learning_rate': 0.0014193963176712858, 'weight_decay': 0.00030486930233270605, 'batch_size': 512, 'tree_depth': 12}
2024-10-31 19:52:19,862 - INFO - Trial 748: Train MSE=2.0863854118755887, Train R²=0.6525223148720605
2024-10-31 19:52:19,862 - INFO - Trial 748: Test MSE=2.2503689527511597, Test R²=0.6336373005594526
2024-10-31 19:52:19,862 - INFO - ============================================================================================================================================================================================================================================================================================================
