2024-10-31 17:09:17,016 - INFO - Trial 501 finished with value: 2.225545201982771 and parameters: {'hidden_layers': 1, 'hidden_units': 256, 'dropout_rate': 0.7999378243035113, 'learning_rate': 0.0016465496275496682, 'weight_decay': 0.00032332295573525067, 'batch_size': 512, 'tree_depth': 12}. Best is trial 104 with value: 2.1955713714872087.
2024-10-31 17:09:56,004 - INFO - Parameters: {'hidden_layers': 2, 'hidden_units': 256, 'dropout_rate': 0.7466123485010671, 'learning_rate': 0.0013009962469383816, 'weight_decay': 0.00037734899707273764, 'batch_size': 512, 'tree_depth': 12}
2024-10-31 17:09:56,004 - INFO - Trial 502: Train MSE=2.1305553317070007, Train R²=0.6444537022284099
2024-10-31 17:09:56,004 - INFO - Trial 502: Test MSE=2.203608819416591, Test R²=0.6413065876279559
2024-10-31 17:09:56,004 - INFO - ============================================================================================================================================================================================================================================================================================================
2024-10-31 17:09:56,005 - INFO - Trial 502 finished with value: 2.203608819416591 and parameters: {'hidden_layers': 2, 'hidden_units': 256, 'dropout_rate': 0.7466123485010671, 'learning_rate': 0.0013009962469383816, 'weight_decay': 0.00037734899707273764, 'batch_size': 512, 'tree_depth': 12}. Best is trial 104 with value: 2.1955713714872087.
2024-10-31 17:10:34,565 - INFO - Parameters: {'hidden_layers': 2, 'hidden_units': 256, 'dropout_rate': 0.7827405447762902, 'learning_rate': 0.000214417393157066, 'weight_decay': 0.0003797577908024498, 'batch_size': 512, 'tree_depth': 12}
2024-10-31 17:10:34,565 - INFO - Trial 503: Train MSE=5.410974723952157, Train R²=0.0982400221484048
2024-10-31 17:10:34,565 - INFO - Trial 503: Test MSE=2.4936178752354214, Test R²=0.5942542467798505
2024-10-31 17:10:34,566 - INFO - ============================================================================================================================================================================================================================================================================================================
2024-10-31 17:10:34,567 - INFO - Trial 503 finished with value: 2.4936178752354214 and parameters: {'hidden_layers': 2, 'hidden_units': 256, 'dropout_rate': 0.7827405447762902, 'learning_rate': 0.000214417393157066, 'weight_decay': 0.0003797577908024498, 'batch_size': 512, 'tree_depth': 12}. Best is trial 104 with value: 2.1955713714872087.
2024-10-31 17:11:12,677 - INFO - Parameters: {'hidden_layers': 2, 'hidden_units': 256, 'dropout_rate': 0.7462252450258003, 'learning_rate': 0.0013136109125330107, 'weight_decay': 0.00038826886662981825, 'batch_size': 512, 'tree_depth': 12}
2024-10-31 17:11:12,677 - INFO - Trial 504: Train MSE=2.071634982313429, Train R²=0.6548635470015662
2024-10-31 17:11:12,678 - INFO - Trial 504: Test MSE=2.2526724679129466, Test R²=0.6332977073533195
2024-10-31 17:11:12,678 - INFO - ============================================================================================================================================================================================================================================================================================================
2024-10-31 17:11:12,679 - INFO - Trial 504 finished with value: 2.2526724679129466 and parameters: {'hidden_layers': 2, 'hidden_units': 256, 'dropout_rate': 0.7462252450258003, 'learning_rate': 0.0013136109125330107, 'weight_decay': 0.00038826886662981825, 'batch_size': 512, 'tree_depth': 12}. Best is trial 104 with value: 2.1955713714872087.
2024-10-31 17:11:50,638 - INFO - Parameters: {'hidden_layers': 3, 'hidden_units': 256, 'dropout_rate': 0.7919927538450295, 'learning_rate': 0.0014612315997854957, 'weight_decay': 0.0003683538108528389, 'batch_size': 512, 'tree_depth': 12}
2024-10-31 17:11:50,638 - INFO - Trial 505: Train MSE=2.688017649309976, Train R²=0.5515897465603692
2024-10-31 17:11:50,638 - INFO - Trial 505: Test MSE=2.268849645342146, Test R²=0.6307997788701739
2024-10-31 17:11:50,638 - INFO - ============================================================================================================================================================================================================================================================================================================
2024-10-31 17:11:50,640 - INFO - Trial 505 finished with value: 2.268849645342146 and parameters: {'hidden_layers': 3, 'hidden_units': 256, 'dropout_rate': 0.7919927538450295, 'learning_rate': 0.0014612315997854957, 'weight_decay': 0.0003683538108528389, 'batch_size': 512, 'tree_depth': 12}. Best is trial 104 with value: 2.1955713714872087.
2024-10-31 17:12:27,310 - INFO - Parameters: {'hidden_layers': 2, 'hidden_units': 256, 'dropout_rate': 0.7754369663014642, 'learning_rate': 0.001295953830047499, 'weight_decay': 0.0004055173528775596, 'batch_size': 512, 'tree_depth': 12}
2024-10-31 17:12:27,310 - INFO - Trial 506: Train MSE=2.423767081328801, Train R²=0.5959163563592094
2024-10-31 17:12:27,310 - INFO - Trial 506: Test MSE=2.2412772519247874, Test R²=0.6351399336542402
2024-10-31 17:12:27,310 - INFO - ============================================================================================================================================================================================================================================================================================================
2024-10-31 17:12:27,311 - INFO - Trial 506 finished with value: 2.2412772519247874 and parameters: {'hidden_layers': 2, 'hidden_units': 256, 'dropout_rate': 0.7754369663014642, 'learning_rate': 0.001295953830047499, 'weight_decay': 0.0004055173528775596, 'batch_size': 512, 'tree_depth': 12}. Best is trial 104 with value: 2.1955713714872087.
2024-10-31 17:13:00,734 - INFO - Parameters: {'hidden_layers': 3, 'hidden_units': 256, 'dropout_rate': 0.7604863568937344, 'learning_rate': 0.0012102683794698436, 'weight_decay': 0.000369014542924266, 'batch_size': 1024, 'tree_depth': 12}
2024-10-31 17:13:00,734 - INFO - Trial 507: Train MSE=3.056938477924892, Train R²=0.49217607719557627
2024-10-31 17:13:00,734 - INFO - Trial 507: Test MSE=2.3997435569763184, Test R²=0.6069341897964478
2024-10-31 17:13:00,734 - INFO - ============================================================================================================================================================================================================================================================================================================
2024-10-31 17:13:00,735 - INFO - Trial 507 finished with value: 2.3997435569763184 and parameters: {'hidden_layers': 3, 'hidden_units': 256, 'dropout_rate': 0.7604863568937344, 'learning_rate': 0.0012102683794698436, 'weight_decay': 0.000369014542924266, 'batch_size': 1024, 'tree_depth': 12}. Best is trial 104 with value: 2.1955713714872087.
2024-10-31 17:13:43,265 - INFO - Parameters: {'hidden_layers': 2, 'hidden_units': 256, 'dropout_rate': 0.7899185762488448, 'learning_rate': 0.0014308740038025114, 'weight_decay': 0.00033936977290038265, 'batch_size': 512, 'tree_depth': 12}
2024-10-31 17:13:43,266 - INFO - Trial 508: Train MSE=2.5094126037188937, Train R²=0.581759124994278
2024-10-31 17:13:43,266 - INFO - Trial 508: Test MSE=2.2602334192820956, Test R²=0.6321243388312203
2024-10-31 17:13:43,266 - INFO - ============================================================================================================================================================================================================================================================================================================
2024-10-31 17:13:43,267 - INFO - Trial 508 finished with value: 2.2602334192820956 and parameters: {'hidden_layers': 2, 'hidden_units': 256, 'dropout_rate': 0.7899185762488448, 'learning_rate': 0.0014308740038025114, 'weight_decay': 0.00033936977290038265, 'batch_size': 512, 'tree_depth': 12}. Best is trial 104 with value: 2.1955713714872087.
2024-10-31 17:14:41,311 - INFO - Parameters: {'hidden_layers': 1, 'hidden_units': 256, 'dropout_rate': 0.7781831351182921, 'learning_rate': 0.001566322338025626, 'weight_decay': 0.0003600545893149101, 'batch_size': 256, 'tree_depth': 12}
2024-10-31 17:14:41,311 - INFO - Trial 509: Train MSE=1.926737666130066, Train R²=0.6777073453579631
2024-10-31 17:14:41,311 - INFO - Trial 509: Test MSE=2.2653794373784746, Test R²=0.6295914947986603
2024-10-31 17:14:41,311 - INFO - ============================================================================================================================================================================================================================================================================================================
2024-10-31 17:14:41,312 - INFO - Trial 509 finished with value: 2.2653794373784746 and parameters: {'hidden_layers': 1, 'hidden_units': 256, 'dropout_rate': 0.7781831351182921, 'learning_rate': 0.001566322338025626, 'weight_decay': 0.0003600545893149101, 'batch_size': 256, 'tree_depth': 12}. Best is trial 104 with value: 2.1955713714872087.
2024-10-31 17:15:27,381 - INFO - Parameters: {'hidden_layers': 2, 'hidden_units': 256, 'dropout_rate': 0.7909161065571816, 'learning_rate': 0.0011658627882926063, 'weight_decay': 0.00030557860744204586, 'batch_size': 512, 'tree_depth': 12}
2024-10-31 17:15:27,381 - INFO - Trial 510: Train MSE=2.581044912338257, Train R²=0.5706042860235486
2024-10-31 17:15:27,381 - INFO - Trial 510: Test MSE=2.230904987880162, Test R²=0.6369739174842834
2024-10-31 17:15:27,381 - INFO - ============================================================================================================================================================================================================================================================================================================
2024-10-31 17:15:27,383 - INFO - Trial 510 finished with value: 2.230904987880162 and parameters: {'hidden_layers': 2, 'hidden_units': 256, 'dropout_rate': 0.7909161065571816, 'learning_rate': 0.0011658627882926063, 'weight_decay': 0.00030557860744204586, 'batch_size': 512, 'tree_depth': 12}. Best is trial 104 with value: 2.1955713714872087.
2024-10-31 17:16:12,841 - INFO - Parameters: {'hidden_layers': 1, 'hidden_units': 1024, 'dropout_rate': 0.7703704127509039, 'learning_rate': 0.0017911291442283647, 'weight_decay': 0.0003530341794813422, 'batch_size': 512, 'tree_depth': 12}
2024-10-31 17:16:12,841 - INFO - Trial 511: Train MSE=1.5921526508671897, Train R²=0.7351251457418714
2024-10-31 17:16:12,841 - INFO - Trial 511: Test MSE=2.2975354535239085, Test R²=0.6261678508349827
2024-10-31 17:16:12,842 - INFO - ============================================================================================================================================================================================================================================================================================================
2024-10-31 17:16:12,842 - INFO - Trial 511 finished with value: 2.2975354535239085 and parameters: {'hidden_layers': 1, 'hidden_units': 1024, 'dropout_rate': 0.7703704127509039, 'learning_rate': 0.0017911291442283647, 'weight_decay': 0.0003530341794813422, 'batch_size': 512, 'tree_depth': 12}. Best is trial 104 with value: 2.1955713714872087.
2024-10-31 17:16:56,991 - INFO - Parameters: {'hidden_layers': 1, 'hidden_units': 256, 'dropout_rate': 0.7849601269585091, 'learning_rate': 0.001126287253010024, 'weight_decay': 0.0002872683466759576, 'batch_size': 512, 'tree_depth': 11}
2024-10-31 17:16:56,991 - INFO - Trial 512: Train MSE=2.310848670346396, Train R²=0.6159430806125913
2024-10-31 17:16:56,991 - INFO - Trial 512: Test MSE=2.228894693510873, Test R²=0.63722277539117
2024-10-31 17:16:56,991 - INFO - ============================================================================================================================================================================================================================================================================================================
2024-10-31 17:16:56,992 - INFO - Trial 512 finished with value: 2.228894693510873 and parameters: {'hidden_layers': 1, 'hidden_units': 256, 'dropout_rate': 0.7849601269585091, 'learning_rate': 0.001126287253010024, 'weight_decay': 0.0002872683466759576, 'batch_size': 512, 'tree_depth': 11}. Best is trial 104 with value: 2.1955713714872087.
2024-10-31 17:17:42,427 - INFO - Parameters: {'hidden_layers': 1, 'hidden_units': 256, 'dropout_rate': 0.754539663711987, 'learning_rate': 0.0012969862829389906, 'weight_decay': 0.0003994517741790741, 'batch_size': 512, 'tree_depth': 11}
2024-10-31 17:17:42,427 - INFO - Trial 513: Train MSE=1.9924017020634242, Train R²=0.668271963085447
2024-10-31 17:17:42,427 - INFO - Trial 513: Test MSE=2.268455301012312, Test R²=0.6308819821902684
2024-10-31 17:17:42,427 - INFO - ============================================================================================================================================================================================================================================================================================================
2024-10-31 17:17:42,428 - INFO - Trial 513 finished with value: 2.268455301012312 and parameters: {'hidden_layers': 1, 'hidden_units': 256, 'dropout_rate': 0.754539663711987, 'learning_rate': 0.0012969862829389906, 'weight_decay': 0.0003994517741790741, 'batch_size': 512, 'tree_depth': 11}. Best is trial 104 with value: 2.1955713714872087.
2024-10-31 17:18:27,084 - INFO - Parameters: {'hidden_layers': 1, 'hidden_units': 256, 'dropout_rate': 0.5023804607469077, 'learning_rate': 0.0015367629549647673, 'weight_decay': 0.00032491239063429445, 'batch_size': 512, 'tree_depth': 12}
2024-10-31 17:18:27,084 - INFO - Trial 514: Train MSE=0.8401344908135278, Train R²=0.8597829065152577
2024-10-31 17:18:27,084 - INFO - Trial 514: Test MSE=2.4310368469783237, Test R²=0.6038619705608913
2024-10-31 17:18:27,084 - INFO - ============================================================================================================================================================================================================================================================================================================
2024-10-31 17:18:27,086 - INFO - Trial 514 finished with value: 2.4310368469783237 and parameters: {'hidden_layers': 1, 'hidden_units': 256, 'dropout_rate': 0.5023804607469077, 'learning_rate': 0.0015367629549647673, 'weight_decay': 0.00032491239063429445, 'batch_size': 512, 'tree_depth': 12}. Best is trial 104 with value: 2.1955713714872087.
2024-10-31 17:19:05,468 - INFO - Parameters: {'hidden_layers': 3, 'hidden_units': 256, 'dropout_rate': 0.7994829436412549, 'learning_rate': 0.0012096038463289876, 'weight_decay': 0.00030050520009367986, 'batch_size': 512, 'tree_depth': 10}
2024-10-31 17:19:05,468 - INFO - Trial 515: Train MSE=2.921915207590376, Train R²=0.5144545776503426
2024-10-31 17:19:05,468 - INFO - Trial 515: Test MSE=2.3038908072880337, Test R²=0.6250978537968227
2024-10-31 17:19:05,468 - INFO - ============================================================================================================================================================================================================================================================================================================
2024-10-31 17:19:05,469 - INFO - Trial 515 finished with value: 2.3038908072880337 and parameters: {'hidden_layers': 3, 'hidden_units': 256, 'dropout_rate': 0.7994829436412549, 'learning_rate': 0.0012096038463289876, 'weight_decay': 0.00030050520009367986, 'batch_size': 512, 'tree_depth': 10}. Best is trial 104 with value: 2.1955713714872087.
2024-10-31 17:19:43,015 - INFO - Parameters: {'hidden_layers': 1, 'hidden_units': 256, 'dropout_rate': 0.7778731715772618, 'learning_rate': 0.0013855376009435025, 'weight_decay': 0.00033733241747993054, 'batch_size': 512, 'tree_depth': 11}
2024-10-31 17:19:43,015 - INFO - Trial 516: Train MSE=2.138789117336273, Train R²=0.6442673525639943
2024-10-31 17:19:43,015 - INFO - Trial 516: Test MSE=2.234939660344805, Test R²=0.636345454624721
2024-10-31 17:19:43,015 - INFO - ============================================================================================================================================================================================================================================================================================================
2024-10-31 17:19:43,016 - INFO - Trial 516 finished with value: 2.234939660344805 and parameters: {'hidden_layers': 1, 'hidden_units': 256, 'dropout_rate': 0.7778731715772618, 'learning_rate': 0.0013855376009435025, 'weight_decay': 0.00033733241747993054, 'batch_size': 512, 'tree_depth': 11}. Best is trial 104 with value: 2.1955713714872087.
2024-10-31 17:21:16,839 - INFO - Parameters: {'hidden_layers': 1, 'hidden_units': 256, 'dropout_rate': 0.7999791321990625, 'learning_rate': 0.00108792212128219, 'weight_decay': 0.0002794794713544983, 'batch_size': 128, 'tree_depth': 11}
2024-10-31 17:21:16,839 - INFO - Trial 517: Train MSE=1.9495110916239875, Train R²=0.6691317100610051
2024-10-31 17:21:16,839 - INFO - Trial 517: Test MSE=2.2663407155445645, Test R²=0.6242282071283886
2024-10-31 17:21:16,839 - INFO - ============================================================================================================================================================================================================================================================================================================
2024-10-31 17:21:16,840 - INFO - Trial 517 finished with value: 2.2663407155445645 and parameters: {'hidden_layers': 1, 'hidden_units': 256, 'dropout_rate': 0.7999791321990625, 'learning_rate': 0.00108792212128219, 'weight_decay': 0.0002794794713544983, 'batch_size': 128, 'tree_depth': 11}. Best is trial 104 with value: 2.1955713714872087.
2024-10-31 17:22:02,352 - INFO - Parameters: {'hidden_layers': 1, 'hidden_units': 256, 'dropout_rate': 0.7288011721968123, 'learning_rate': 0.0016806668564366644, 'weight_decay': 0.0003156923685208414, 'batch_size': 512, 'tree_depth': 12}
2024-10-31 17:22:02,352 - INFO - Trial 518: Train MSE=1.7190195236887251, Train R²=0.713201350399426
2024-10-31 17:22:02,352 - INFO - Trial 518: Test MSE=2.244112525667463, Test R²=0.6347220284598214
2024-10-31 17:22:02,352 - INFO - ============================================================================================================================================================================================================================================================================================================
2024-10-31 17:22:02,353 - INFO - Trial 518 finished with value: 2.244112525667463 and parameters: {'hidden_layers': 1, 'hidden_units': 256, 'dropout_rate': 0.7288011721968123, 'learning_rate': 0.0016806668564366644, 'weight_decay': 0.0003156923685208414, 'batch_size': 512, 'tree_depth': 12}. Best is trial 104 with value: 2.1955713714872087.
2024-10-31 17:22:40,379 - INFO - Parameters: {'hidden_layers': 1, 'hidden_units': 512, 'dropout_rate': 0.7666060120438182, 'learning_rate': 0.0010308099404913497, 'weight_decay': 0.0002624077050298266, 'batch_size': 512, 'tree_depth': 11}
2024-10-31 17:22:40,379 - INFO - Trial 519: Train MSE=1.9304555782249995, Train R²=0.6790314465761185
2024-10-31 17:22:40,379 - INFO - Trial 519: Test MSE=2.2790165969303677, Test R²=0.6291191748210362
2024-10-31 17:22:40,379 - INFO - ============================================================================================================================================================================================================================================================================================================
2024-10-31 17:22:40,380 - INFO - Trial 519 finished with value: 2.2790165969303677 and parameters: {'hidden_layers': 1, 'hidden_units': 512, 'dropout_rate': 0.7666060120438182, 'learning_rate': 0.0010308099404913497, 'weight_decay': 0.0002624077050298266, 'batch_size': 512, 'tree_depth': 11}. Best is trial 104 with value: 2.1955713714872087.
2024-10-31 17:23:19,645 - INFO - Parameters: {'hidden_layers': 1, 'hidden_units': 256, 'dropout_rate': 0.7836293444685742, 'learning_rate': 0.001865190449027864, 'weight_decay': 0.00021340156032958264, 'batch_size': 512, 'tree_depth': 11}
2024-10-31 17:23:19,645 - INFO - Trial 520: Train MSE=2.064866683312825, Train R²=0.6569619200059346
2024-10-31 17:23:19,645 - INFO - Trial 520: Test MSE=2.249064121927534, Test R²=0.6338872398648944
2024-10-31 17:23:19,645 - INFO - ============================================================================================================================================================================================================================================================================================================
