2024-10-31 15:58:37,460 - INFO - Trial 406 finished with value: 2.2137936864580428 and parameters: {'hidden_layers': 1, 'hidden_units': 256, 'dropout_rate': 0.7771815659810173, 'learning_rate': 0.0015306709987590503, 'weight_decay': 0.0002980458962072268, 'batch_size': 512, 'tree_depth': 11}. Best is trial 104 with value: 2.1955713714872087.
2024-10-31 15:59:05,960 - INFO - Parameters: {'hidden_layers': 1, 'hidden_units': 256, 'dropout_rate': 0.7066998447128536, 'learning_rate': 0.0014850450660702833, 'weight_decay': 0.00029989665146121653, 'batch_size': 1024, 'tree_depth': 11}
2024-10-31 15:59:05,960 - INFO - Trial 407: Train MSE=1.9572661774499076, Train R²=0.6750352552958897
2024-10-31 15:59:05,960 - INFO - Trial 407: Test MSE=2.319454252719879, Test R²=0.6196349114179611
2024-10-31 15:59:05,960 - INFO - ============================================================================================================================================================================================================================================================================================================
2024-10-31 15:59:05,962 - INFO - Trial 407 finished with value: 2.319454252719879 and parameters: {'hidden_layers': 1, 'hidden_units': 256, 'dropout_rate': 0.7066998447128536, 'learning_rate': 0.0014850450660702833, 'weight_decay': 0.00029989665146121653, 'batch_size': 1024, 'tree_depth': 11}. Best is trial 104 with value: 2.1955713714872087.
2024-10-31 15:59:40,136 - INFO - Parameters: {'hidden_layers': 1, 'hidden_units': 256, 'dropout_rate': 0.7999984879079314, 'learning_rate': 0.0013353158775523731, 'weight_decay': 0.0003260815071879572, 'batch_size': 512, 'tree_depth': 12}
2024-10-31 15:59:40,136 - INFO - Trial 408: Train MSE=2.3840499435152327, Train R²=0.6030094687427793
2024-10-31 15:59:40,136 - INFO - Trial 408: Test MSE=2.2394037587302074, Test R²=0.6354885952813285
2024-10-31 15:59:40,136 - INFO - ============================================================================================================================================================================================================================================================================================================
2024-10-31 15:59:40,138 - INFO - Trial 408 finished with value: 2.2394037587302074 and parameters: {'hidden_layers': 1, 'hidden_units': 256, 'dropout_rate': 0.7999984879079314, 'learning_rate': 0.0013353158775523731, 'weight_decay': 0.0003260815071879572, 'batch_size': 512, 'tree_depth': 12}. Best is trial 104 with value: 2.1955713714872087.
2024-10-31 16:00:30,465 - INFO - Parameters: {'hidden_layers': 1, 'hidden_units': 256, 'dropout_rate': 0.7840920162100581, 'learning_rate': 0.0014947607723448538, 'weight_decay': 0.00034989997437231214, 'batch_size': 256, 'tree_depth': 11}
2024-10-31 16:00:30,465 - INFO - Trial 409: Train MSE=1.8895729907921381, Train R²=0.6843480723244804
2024-10-31 16:00:30,465 - INFO - Trial 409: Test MSE=2.260467222758702, Test R²=0.6299539293561663
2024-10-31 16:00:30,465 - INFO - ============================================================================================================================================================================================================================================================================================================
2024-10-31 16:00:30,467 - INFO - Trial 409 finished with value: 2.260467222758702 and parameters: {'hidden_layers': 1, 'hidden_units': 256, 'dropout_rate': 0.7840920162100581, 'learning_rate': 0.0014947607723448538, 'weight_decay': 0.00034989997437231214, 'batch_size': 256, 'tree_depth': 11}. Best is trial 104 with value: 2.1955713714872087.
2024-10-31 16:01:04,053 - INFO - Parameters: {'hidden_layers': 1, 'hidden_units': 256, 'dropout_rate': 0.6171418676451871, 'learning_rate': 0.0012420813032798063, 'weight_decay': 0.0003126019643184737, 'batch_size': 512, 'tree_depth': 11}
2024-10-31 16:01:04,053 - INFO - Trial 410: Train MSE=1.2254676818847656, Train R²=0.7958889326878956
2024-10-31 16:01:04,053 - INFO - Trial 410: Test MSE=2.339755501065935, Test R²=0.6189390335764203
2024-10-31 16:01:04,053 - INFO - ============================================================================================================================================================================================================================================================================================================
2024-10-31 16:01:04,054 - INFO - Trial 410 finished with value: 2.339755501065935 and parameters: {'hidden_layers': 1, 'hidden_units': 256, 'dropout_rate': 0.6171418676451871, 'learning_rate': 0.0012420813032798063, 'weight_decay': 0.0003126019643184737, 'batch_size': 512, 'tree_depth': 11}. Best is trial 104 with value: 2.1955713714872087.
2024-10-31 16:01:38,146 - INFO - Parameters: {'hidden_layers': 1, 'hidden_units': 256, 'dropout_rate': 0.7908764282742783, 'learning_rate': 0.0011437768551945927, 'weight_decay': 0.0002966287790796833, 'batch_size': 512, 'tree_depth': 12}
2024-10-31 16:01:38,146 - INFO - Trial 411: Train MSE=2.4010606919016158, Train R²=0.6014156746012824
2024-10-31 16:01:38,146 - INFO - Trial 411: Test MSE=2.2111131634031023, Test R²=0.64011378799166
2024-10-31 16:01:38,146 - INFO - ============================================================================================================================================================================================================================================================================================================
2024-10-31 16:01:38,147 - INFO - Trial 411 finished with value: 2.2111131634031023 and parameters: {'hidden_layers': 1, 'hidden_units': 256, 'dropout_rate': 0.7908764282742783, 'learning_rate': 0.0011437768551945927, 'weight_decay': 0.0002966287790796833, 'batch_size': 512, 'tree_depth': 12}. Best is trial 104 with value: 2.1955713714872087.
2024-10-31 16:02:11,152 - INFO - Parameters: {'hidden_layers': 1, 'hidden_units': 256, 'dropout_rate': 0.7609931593815922, 'learning_rate': 0.0011045237228594978, 'weight_decay': 0.0008789856516931124, 'batch_size': 512, 'tree_depth': 12}
2024-10-31 16:02:11,152 - INFO - Trial 412: Train MSE=2.109603979757854, Train R²=0.6490402328116553
2024-10-31 16:02:11,152 - INFO - Trial 412: Test MSE=2.2422310284205844, Test R²=0.6349557042121887
2024-10-31 16:02:11,152 - INFO - ============================================================================================================================================================================================================================================================================================================
2024-10-31 16:02:11,154 - INFO - Trial 412 finished with value: 2.2422310284205844 and parameters: {'hidden_layers': 1, 'hidden_units': 256, 'dropout_rate': 0.7609931593815922, 'learning_rate': 0.0011045237228594978, 'weight_decay': 0.0008789856516931124, 'batch_size': 512, 'tree_depth': 12}. Best is trial 104 with value: 2.1955713714872087.
2024-10-31 16:02:47,446 - INFO - Parameters: {'hidden_layers': 1, 'hidden_units': 1024, 'dropout_rate': 0.7723675608845879, 'learning_rate': 0.001163215711535947, 'weight_decay': 0.0002901029448875011, 'batch_size': 512, 'tree_depth': 11}
2024-10-31 16:02:47,446 - INFO - Trial 413: Train MSE=1.81325130377497, Train R²=0.6980543434619904
2024-10-31 16:02:47,446 - INFO - Trial 413: Test MSE=2.294693946838379, Test R²=0.6264772670609611
2024-10-31 16:02:47,446 - INFO - ============================================================================================================================================================================================================================================================================================================
2024-10-31 16:02:47,446 - INFO - Trial 413 finished with value: 2.294693946838379 and parameters: {'hidden_layers': 1, 'hidden_units': 1024, 'dropout_rate': 0.7723675608845879, 'learning_rate': 0.001163215711535947, 'weight_decay': 0.0002901029448875011, 'batch_size': 512, 'tree_depth': 11}. Best is trial 104 with value: 2.1955713714872087.
2024-10-31 16:03:20,713 - INFO - Parameters: {'hidden_layers': 1, 'hidden_units': 256, 'dropout_rate': 0.7826298427648803, 'learning_rate': 0.0009468511628436595, 'weight_decay': 0.00029882487838290623, 'batch_size': 512, 'tree_depth': 11}
2024-10-31 16:03:20,713 - INFO - Trial 414: Train MSE=2.3782469715390886, Train R²=0.6031449628727776
2024-10-31 16:03:20,713 - INFO - Trial 414: Test MSE=2.2299117871693204, Test R²=0.637204647064209
2024-10-31 16:03:20,713 - INFO - ============================================================================================================================================================================================================================================================================================================
2024-10-31 16:03:20,715 - INFO - Trial 414 finished with value: 2.2299117871693204 and parameters: {'hidden_layers': 1, 'hidden_units': 256, 'dropout_rate': 0.7826298427648803, 'learning_rate': 0.0009468511628436595, 'weight_decay': 0.00029882487838290623, 'batch_size': 512, 'tree_depth': 11}. Best is trial 104 with value: 2.1955713714872087.
2024-10-31 16:03:55,614 - INFO - Parameters: {'hidden_layers': 1, 'hidden_units': 256, 'dropout_rate': 0.7887944998950988, 'learning_rate': 0.0010595480673083152, 'weight_decay': 0.0004546907949480143, 'batch_size': 512, 'tree_depth': 11}
2024-10-31 16:03:55,614 - INFO - Trial 415: Train MSE=2.383821734360286, Train R²=0.6032695578677314
2024-10-31 16:03:55,614 - INFO - Trial 415: Test MSE=2.2090349197387695, Test R²=0.6403888634272984
2024-10-31 16:03:55,614 - INFO - ============================================================================================================================================================================================================================================================================================================
2024-10-31 16:03:55,616 - INFO - Trial 415 finished with value: 2.2090349197387695 and parameters: {'hidden_layers': 1, 'hidden_units': 256, 'dropout_rate': 0.7887944998950988, 'learning_rate': 0.0010595480673083152, 'weight_decay': 0.0004546907949480143, 'batch_size': 512, 'tree_depth': 11}. Best is trial 104 with value: 2.1955713714872087.
2024-10-31 16:04:29,386 - INFO - Parameters: {'hidden_layers': 1, 'hidden_units': 256, 'dropout_rate': 0.7905036152477228, 'learning_rate': 0.0010507025649405856, 'weight_decay': 0.00044210764657637736, 'batch_size': 512, 'tree_depth': 12}
2024-10-31 16:04:29,386 - INFO - Trial 416: Train MSE=2.398902177810669, Train R²=0.6010896776403699
2024-10-31 16:04:29,387 - INFO - Trial 416: Test MSE=2.2427925041743686, Test R²=0.6350871579987662
2024-10-31 16:04:29,387 - INFO - ============================================================================================================================================================================================================================================================================================================
2024-10-31 16:04:29,388 - INFO - Trial 416 finished with value: 2.2427925041743686 and parameters: {'hidden_layers': 1, 'hidden_units': 256, 'dropout_rate': 0.7905036152477228, 'learning_rate': 0.0010507025649405856, 'weight_decay': 0.00044210764657637736, 'batch_size': 512, 'tree_depth': 12}. Best is trial 104 with value: 2.1955713714872087.
2024-10-31 16:05:06,577 - INFO - Parameters: {'hidden_layers': 1, 'hidden_units': 256, 'dropout_rate': 0.7914686490273559, 'learning_rate': 0.0007543962978895408, 'weight_decay': 0.0005422922486764202, 'batch_size': 512, 'tree_depth': 11}
2024-10-31 16:05:06,577 - INFO - Trial 417: Train MSE=2.6271373203822543, Train R²=0.5624284190790994
2024-10-31 16:05:06,577 - INFO - Trial 417: Test MSE=2.2407268966947282, Test R²=0.6352493166923523
2024-10-31 16:05:06,577 - INFO - ============================================================================================================================================================================================================================================================================================================
2024-10-31 16:05:06,579 - INFO - Trial 417 finished with value: 2.2407268966947282 and parameters: {'hidden_layers': 1, 'hidden_units': 256, 'dropout_rate': 0.7914686490273559, 'learning_rate': 0.0007543962978895408, 'weight_decay': 0.0005422922486764202, 'batch_size': 512, 'tree_depth': 11}. Best is trial 104 with value: 2.1955713714872087.
2024-10-31 16:05:51,346 - INFO - Parameters: {'hidden_layers': 1, 'hidden_units': 256, 'dropout_rate': 0.7813781803867191, 'learning_rate': 0.0009124748812399829, 'weight_decay': 0.00039048445225026694, 'batch_size': 512, 'tree_depth': 11}
2024-10-31 16:05:51,346 - INFO - Trial 418: Train MSE=2.414233454636165, Train R²=0.5985541407551084
2024-10-31 16:05:51,346 - INFO - Trial 418: Test MSE=2.2159931319100514, Test R²=0.6394276108060565
2024-10-31 16:05:51,347 - INFO - ============================================================================================================================================================================================================================================================================================================
2024-10-31 16:05:51,348 - INFO - Trial 418 finished with value: 2.2159931319100514 and parameters: {'hidden_layers': 1, 'hidden_units': 256, 'dropout_rate': 0.7813781803867191, 'learning_rate': 0.0009124748812399829, 'weight_decay': 0.00039048445225026694, 'batch_size': 512, 'tree_depth': 11}. Best is trial 104 with value: 2.1955713714872087.
2024-10-31 16:07:22,721 - INFO - Parameters: {'hidden_layers': 1, 'hidden_units': 256, 'dropout_rate': 0.7787058357153008, 'learning_rate': 0.0008562104303707986, 'weight_decay': 0.000512618359692301, 'batch_size': 128, 'tree_depth': 11}
2024-10-31 16:07:22,721 - INFO - Trial 419: Train MSE=1.8590509848935264, Train R²=0.6865867919155529
2024-10-31 16:07:22,722 - INFO - Trial 419: Test MSE=2.2504185991627828, Test R²=0.6275776241506849
2024-10-31 16:07:22,722 - INFO - ============================================================================================================================================================================================================================================================================================================
2024-10-31 16:07:22,722 - INFO - Trial 419 finished with value: 2.2504185991627828 and parameters: {'hidden_layers': 1, 'hidden_units': 256, 'dropout_rate': 0.7787058357153008, 'learning_rate': 0.0008562104303707986, 'weight_decay': 0.000512618359692301, 'batch_size': 128, 'tree_depth': 11}. Best is trial 104 with value: 2.1955713714872087.
2024-10-31 16:08:01,695 - INFO - Parameters: {'hidden_layers': 1, 'hidden_units': 256, 'dropout_rate': 0.7829183554208655, 'learning_rate': 0.0009054221619623214, 'weight_decay': 0.00041399469986549834, 'batch_size': 512, 'tree_depth': 11}
2024-10-31 16:08:01,695 - INFO - Trial 420: Train MSE=2.3708058340208873, Train R²=0.6049369829041618
2024-10-31 16:08:01,696 - INFO - Trial 420: Test MSE=2.2312473910195485, Test R²=0.6368698733193534
2024-10-31 16:08:01,696 - INFO - ============================================================================================================================================================================================================================================================================================================
2024-10-31 16:08:01,697 - INFO - Trial 420 finished with value: 2.2312473910195485 and parameters: {'hidden_layers': 1, 'hidden_units': 256, 'dropout_rate': 0.7829183554208655, 'learning_rate': 0.0009054221619623214, 'weight_decay': 0.00041399469986549834, 'batch_size': 512, 'tree_depth': 11}. Best is trial 104 with value: 2.1955713714872087.
2024-10-31 16:08:42,825 - INFO - Parameters: {'hidden_layers': 2, 'hidden_units': 256, 'dropout_rate': 0.7636099137592273, 'learning_rate': 0.0009665261790603342, 'weight_decay': 0.00042150368050812646, 'batch_size': 512, 'tree_depth': 11}
2024-10-31 16:08:42,825 - INFO - Trial 421: Train MSE=2.500161635024207, Train R²=0.5847812167235783
2024-10-31 16:08:42,825 - INFO - Trial 421: Test MSE=2.2207013879503523, Test R²=0.6385361892836434
2024-10-31 16:08:42,825 - INFO - ============================================================================================================================================================================================================================================================================================================
2024-10-31 16:08:42,827 - INFO - Trial 421 finished with value: 2.2207013879503523 and parameters: {'hidden_layers': 2, 'hidden_units': 256, 'dropout_rate': 0.7636099137592273, 'learning_rate': 0.0009665261790603342, 'weight_decay': 0.00042150368050812646, 'batch_size': 512, 'tree_depth': 11}. Best is trial 104 with value: 2.1955713714872087.
2024-10-31 16:09:19,447 - INFO - Parameters: {'hidden_layers': 1, 'hidden_units': 256, 'dropout_rate': 0.7733862947384366, 'learning_rate': 0.000834184710973396, 'weight_decay': 0.00046422963658270157, 'batch_size': 512, 'tree_depth': 11}
2024-10-31 16:09:19,447 - INFO - Trial 422: Train MSE=2.342495424406869, Train R²=0.6102682266916547
2024-10-31 16:09:19,447 - INFO - Trial 422: Test MSE=2.225307055882045, Test R²=0.6377393688474383
2024-10-31 16:09:19,447 - INFO - ============================================================================================================================================================================================================================================================================================================
2024-10-31 16:09:19,449 - INFO - Trial 422 finished with value: 2.225307055882045 and parameters: {'hidden_layers': 1, 'hidden_units': 256, 'dropout_rate': 0.7733862947384366, 'learning_rate': 0.000834184710973396, 'weight_decay': 0.00046422963658270157, 'batch_size': 512, 'tree_depth': 11}. Best is trial 104 with value: 2.1955713714872087.
2024-10-31 16:09:57,909 - INFO - Parameters: {'hidden_layers': 1, 'hidden_units': 512, 'dropout_rate': 0.7897013020181803, 'learning_rate': 0.0010338339090215077, 'weight_decay': 0.00039451796852145145, 'batch_size': 512, 'tree_depth': 11}
2024-10-31 16:09:57,910 - INFO - Trial 423: Train MSE=2.134970392499651, Train R²=0.6449062206915447
2024-10-31 16:09:57,910 - INFO - Trial 423: Test MSE=2.244400075503758, Test R²=0.6347637091364179
2024-10-31 16:09:57,910 - INFO - ============================================================================================================================================================================================================================================================================================================
2024-10-31 16:09:57,910 - INFO - Trial 423 finished with value: 2.244400075503758 and parameters: {'hidden_layers': 1, 'hidden_units': 512, 'dropout_rate': 0.7897013020181803, 'learning_rate': 0.0010338339090215077, 'weight_decay': 0.00039451796852145145, 'batch_size': 512, 'tree_depth': 11}. Best is trial 104 with value: 2.1955713714872087.
2024-10-31 16:10:32,115 - INFO - Parameters: {'hidden_layers': 1, 'hidden_units': 256, 'dropout_rate': 0.780621120284073, 'learning_rate': 0.0009526380104398827, 'weight_decay': 0.0004543845055499085, 'batch_size': 512, 'tree_depth': 10}
2024-10-31 16:10:32,115 - INFO - Trial 424: Train MSE=2.4626445940562656, Train R²=0.5889539441892079
2024-10-31 16:10:32,115 - INFO - Trial 424: Test MSE=2.2537300246102467, Test R²=0.6332639285496303
2024-10-31 16:10:32,115 - INFO - ============================================================================================================================================================================================================================================================================================================
2024-10-31 16:10:32,116 - INFO - Trial 424 finished with value: 2.2537300246102467 and parameters: {'hidden_layers': 1, 'hidden_units': 256, 'dropout_rate': 0.780621120284073, 'learning_rate': 0.0009526380104398827, 'weight_decay': 0.0004543845055499085, 'batch_size': 512, 'tree_depth': 10}. Best is trial 104 with value: 2.1955713714872087.
2024-10-31 16:11:14,614 - INFO - Parameters: {'hidden_layers': 1, 'hidden_units': 256, 'dropout_rate': 0.7999948286036153, 'learning_rate': 0.0007831350358450263, 'weight_decay': 0.00048644323241220724, 'batch_size': 512, 'tree_depth': 11}
2024-10-31 16:11:14,614 - INFO - Trial 425: Train MSE=2.736766585281917, Train R²=0.5441972592047283
2024-10-31 16:11:14,614 - INFO - Trial 425: Test MSE=2.235358016831534, Test R²=0.6362822226115635
2024-10-31 16:11:14,614 - INFO - ============================================================================================================================================================================================================================================================================================================
