2024-10-31 15:46:53,230 - INFO - Trial 387 finished with value: 2.2458380120141164 and parameters: {'hidden_layers': 1, 'hidden_units': 256, 'dropout_rate': 0.7907878707300827, 'learning_rate': 0.0009195771024583214, 'weight_decay': 0.00028396974224215757, 'batch_size': 512, 'tree_depth': 11}. Best is trial 104 with value: 2.1955713714872087.
2024-10-31 15:47:26,284 - INFO - Parameters: {'hidden_layers': 1, 'hidden_units': 256, 'dropout_rate': 0.7762599179777494, 'learning_rate': 0.004542297668160522, 'weight_decay': 0.00032084419618490077, 'batch_size': 512, 'tree_depth': 12}
2024-10-31 15:47:26,284 - INFO - Trial 388: Train MSE=1.9595530756882258, Train R²=0.6734256212200437
2024-10-31 15:47:26,285 - INFO - Trial 388: Test MSE=2.24019718170166, Test R²=0.6353408013071332
2024-10-31 15:47:26,285 - INFO - ============================================================================================================================================================================================================================================================================================================
2024-10-31 15:47:26,287 - INFO - Trial 388 finished with value: 2.24019718170166 and parameters: {'hidden_layers': 1, 'hidden_units': 256, 'dropout_rate': 0.7762599179777494, 'learning_rate': 0.004542297668160522, 'weight_decay': 0.00032084419618490077, 'batch_size': 512, 'tree_depth': 12}. Best is trial 104 with value: 2.1955713714872087.
2024-10-31 15:47:59,072 - INFO - Parameters: {'hidden_layers': 1, 'hidden_units': 256, 'dropout_rate': 0.7907609512667094, 'learning_rate': 0.0016229570498884642, 'weight_decay': 0.00035257431571876003, 'batch_size': 512, 'tree_depth': 11}
2024-10-31 15:47:59,072 - INFO - Trial 389: Train MSE=2.2357138437884196, Train R²=0.6273802646568843
2024-10-31 15:47:59,072 - INFO - Trial 389: Test MSE=2.2306369032178606, Test R²=0.6369119712284633
2024-10-31 15:47:59,072 - INFO - ============================================================================================================================================================================================================================================================================================================
2024-10-31 15:47:59,074 - INFO - Trial 389 finished with value: 2.2306369032178606 and parameters: {'hidden_layers': 1, 'hidden_units': 256, 'dropout_rate': 0.7907609512667094, 'learning_rate': 0.0016229570498884642, 'weight_decay': 0.00035257431571876003, 'batch_size': 512, 'tree_depth': 11}. Best is trial 104 with value: 2.1955713714872087.
2024-10-31 15:48:33,741 - INFO - Parameters: {'hidden_layers': 1, 'hidden_units': 256, 'dropout_rate': 0.782139077718517, 'learning_rate': 0.0011502963936899718, 'weight_decay': 0.0002964328432104189, 'batch_size': 512, 'tree_depth': 11}
2024-10-31 15:48:33,741 - INFO - Trial 390: Train MSE=2.268351137638092, Train R²=0.6224387245518821
2024-10-31 15:48:33,741 - INFO - Trial 390: Test MSE=2.2172705105372836, Test R²=0.6391389880861554
2024-10-31 15:48:33,741 - INFO - ============================================================================================================================================================================================================================================================================================================
2024-10-31 15:48:33,743 - INFO - Trial 390 finished with value: 2.2172705105372836 and parameters: {'hidden_layers': 1, 'hidden_units': 256, 'dropout_rate': 0.782139077718517, 'learning_rate': 0.0011502963936899718, 'weight_decay': 0.0002964328432104189, 'batch_size': 512, 'tree_depth': 11}. Best is trial 104 with value: 2.1955713714872087.
2024-10-31 15:49:11,206 - INFO - Parameters: {'hidden_layers': 1, 'hidden_units': 1024, 'dropout_rate': 0.7920683977933327, 'learning_rate': 0.001141871213712855, 'weight_decay': 0.00029265142535496387, 'batch_size': 512, 'tree_depth': 11}
2024-10-31 15:49:11,206 - INFO - Trial 391: Train MSE=1.931144735642842, Train R²=0.6777148587363107
2024-10-31 15:49:11,206 - INFO - Trial 391: Test MSE=2.245164053780692, Test R²=0.6346031597682408
2024-10-31 15:49:11,206 - INFO - ============================================================================================================================================================================================================================================================================================================
2024-10-31 15:49:11,207 - INFO - Trial 391 finished with value: 2.245164053780692 and parameters: {'hidden_layers': 1, 'hidden_units': 1024, 'dropout_rate': 0.7920683977933327, 'learning_rate': 0.001141871213712855, 'weight_decay': 0.00029265142535496387, 'batch_size': 512, 'tree_depth': 11}. Best is trial 104 with value: 2.1955713714872087.
2024-10-31 15:49:43,729 - INFO - Parameters: {'hidden_layers': 1, 'hidden_units': 256, 'dropout_rate': 0.7995257614066098, 'learning_rate': 0.0012177330413077724, 'weight_decay': 0.0003030854441951733, 'batch_size': 512, 'tree_depth': 12}
2024-10-31 15:49:43,729 - INFO - Trial 392: Train MSE=2.4346990755626132, Train R²=0.5942392264093671
2024-10-31 15:49:43,730 - INFO - Trial 392: Test MSE=2.234511171068464, Test R²=0.63633793592453
2024-10-31 15:49:43,730 - INFO - ============================================================================================================================================================================================================================================================================================================
2024-10-31 15:49:43,731 - INFO - Trial 392 finished with value: 2.234511171068464 and parameters: {'hidden_layers': 1, 'hidden_units': 256, 'dropout_rate': 0.7995257614066098, 'learning_rate': 0.0012177330413077724, 'weight_decay': 0.0003030854441951733, 'batch_size': 512, 'tree_depth': 12}. Best is trial 104 with value: 2.1955713714872087.
2024-10-31 15:51:00,959 - INFO - Parameters: {'hidden_layers': 1, 'hidden_units': 256, 'dropout_rate': 0.7680125031296109, 'learning_rate': 0.0013243769535955247, 'weight_decay': 0.0003162812761526058, 'batch_size': 128, 'tree_depth': 8}
2024-10-31 15:51:00,959 - INFO - Trial 393: Train MSE=2.155036992260388, Train R²=0.6360686240451676
2024-10-31 15:51:00,959 - INFO - Trial 393: Test MSE=2.318042056901114, Test R²=0.6160787216254643
2024-10-31 15:51:00,959 - INFO - ============================================================================================================================================================================================================================================================================================================
2024-10-31 15:51:00,961 - INFO - Trial 393 finished with value: 2.318042056901114 and parameters: {'hidden_layers': 1, 'hidden_units': 256, 'dropout_rate': 0.7680125031296109, 'learning_rate': 0.0013243769535955247, 'weight_decay': 0.0003162812761526058, 'batch_size': 128, 'tree_depth': 8}. Best is trial 104 with value: 2.1955713714872087.
2024-10-31 15:51:36,256 - INFO - Parameters: {'hidden_layers': 1, 'hidden_units': 256, 'dropout_rate': 0.3037183348037461, 'learning_rate': 0.0009923212336012909, 'weight_decay': 0.0002635623038031377, 'batch_size': 512, 'tree_depth': 11}
2024-10-31 15:51:36,256 - INFO - Trial 394: Train MSE=0.5350109253610883, Train R²=0.9106954251016889
2024-10-31 15:51:36,256 - INFO - Trial 394: Test MSE=2.4969750813075473, Test R²=0.5932620338031224
2024-10-31 15:51:36,256 - INFO - ============================================================================================================================================================================================================================================================================================================
2024-10-31 15:51:36,257 - INFO - Trial 394 finished with value: 2.4969750813075473 and parameters: {'hidden_layers': 1, 'hidden_units': 256, 'dropout_rate': 0.3037183348037461, 'learning_rate': 0.0009923212336012909, 'weight_decay': 0.0002635623038031377, 'batch_size': 512, 'tree_depth': 11}. Best is trial 104 with value: 2.1955713714872087.
2024-10-31 15:52:10,580 - INFO - Parameters: {'hidden_layers': 1, 'hidden_units': 256, 'dropout_rate': 0.7837915852561675, 'learning_rate': 0.0011100714051849798, 'weight_decay': 0.00029380612385647317, 'batch_size': 512, 'tree_depth': 11}
2024-10-31 15:52:10,580 - INFO - Trial 395: Train MSE=2.3533975226538524, Train R²=0.6087703640971865
2024-10-31 15:52:10,581 - INFO - Trial 395: Test MSE=2.237662434577942, Test R²=0.6359575305666242
2024-10-31 15:52:10,581 - INFO - ============================================================================================================================================================================================================================================================================================================
2024-10-31 15:52:10,582 - INFO - Trial 395 finished with value: 2.237662434577942 and parameters: {'hidden_layers': 1, 'hidden_units': 256, 'dropout_rate': 0.7837915852561675, 'learning_rate': 0.0011100714051849798, 'weight_decay': 0.00029380612385647317, 'batch_size': 512, 'tree_depth': 11}. Best is trial 104 with value: 2.1955713714872087.
2024-10-31 15:52:45,713 - INFO - Parameters: {'hidden_layers': 1, 'hidden_units': 256, 'dropout_rate': 0.7505112463071711, 'learning_rate': 0.0011943458869256868, 'weight_decay': 0.00028055483703810465, 'batch_size': 512, 'tree_depth': 10}
2024-10-31 15:52:45,713 - INFO - Trial 396: Train MSE=2.0495669160570418, Train R²=0.6588337549141475
2024-10-31 15:52:45,713 - INFO - Trial 396: Test MSE=2.244000196456909, Test R²=0.6346179757799421
2024-10-31 15:52:45,713 - INFO - ============================================================================================================================================================================================================================================================================================================
2024-10-31 15:52:45,714 - INFO - Trial 396 finished with value: 2.244000196456909 and parameters: {'hidden_layers': 1, 'hidden_units': 256, 'dropout_rate': 0.7505112463071711, 'learning_rate': 0.0011943458869256868, 'weight_decay': 0.00028055483703810465, 'batch_size': 512, 'tree_depth': 10}. Best is trial 104 with value: 2.1955713714872087.
2024-10-31 15:53:19,230 - INFO - Parameters: {'hidden_layers': 1, 'hidden_units': 256, 'dropout_rate': 0.7999606173868247, 'learning_rate': 0.0008981825583461335, 'weight_decay': 0.00033353143598992545, 'batch_size': 512, 'tree_depth': 12}
2024-10-31 15:53:19,230 - INFO - Trial 397: Train MSE=2.5637955324990407, Train R²=0.5737703549010413
2024-10-31 15:53:19,231 - INFO - Trial 397: Test MSE=2.2294902290616716, Test R²=0.6370744194303241
2024-10-31 15:53:19,231 - INFO - ============================================================================================================================================================================================================================================================================================================
2024-10-31 15:53:19,233 - INFO - Trial 397 finished with value: 2.2294902290616716 and parameters: {'hidden_layers': 1, 'hidden_units': 256, 'dropout_rate': 0.7999606173868247, 'learning_rate': 0.0008981825583461335, 'weight_decay': 0.00033353143598992545, 'batch_size': 512, 'tree_depth': 12}. Best is trial 104 with value: 2.1955713714872087.
2024-10-31 15:53:54,592 - INFO - Parameters: {'hidden_layers': 1, 'hidden_units': 512, 'dropout_rate': 0.7741127632720655, 'learning_rate': 0.00968963378969916, 'weight_decay': 0.0003057777075126973, 'batch_size': 512, 'tree_depth': 11}
2024-10-31 15:53:54,592 - INFO - Trial 398: Train MSE=1.9888792421136583, Train R²=0.6689596538032804
2024-10-31 15:53:54,593 - INFO - Trial 398: Test MSE=2.3074051993233815, Test R²=0.6244968686785016
2024-10-31 15:53:54,593 - INFO - ============================================================================================================================================================================================================================================================================================================
2024-10-31 15:53:54,593 - INFO - Trial 398 finished with value: 2.3074051993233815 and parameters: {'hidden_layers': 1, 'hidden_units': 512, 'dropout_rate': 0.7741127632720655, 'learning_rate': 0.00968963378969916, 'weight_decay': 0.0003057777075126973, 'batch_size': 512, 'tree_depth': 11}. Best is trial 104 with value: 2.1955713714872087.
2024-10-31 15:54:29,257 - INFO - Parameters: {'hidden_layers': 1, 'hidden_units': 256, 'dropout_rate': 0.7839182119701738, 'learning_rate': 0.0007061867730148172, 'weight_decay': 0.0003254628641184873, 'batch_size': 512, 'tree_depth': 11}
2024-10-31 15:54:29,257 - INFO - Trial 399: Train MSE=2.6710805807794844, Train R²=0.555711607847895
2024-10-31 15:54:29,257 - INFO - Trial 399: Test MSE=2.244665333202907, Test R²=0.6345555697168622
2024-10-31 15:54:29,257 - INFO - ============================================================================================================================================================================================================================================================================================================
2024-10-31 15:54:29,259 - INFO - Trial 399 finished with value: 2.244665333202907 and parameters: {'hidden_layers': 1, 'hidden_units': 256, 'dropout_rate': 0.7839182119701738, 'learning_rate': 0.0007061867730148172, 'weight_decay': 0.0003254628641184873, 'batch_size': 512, 'tree_depth': 11}. Best is trial 104 with value: 2.1955713714872087.
2024-10-31 15:55:02,465 - INFO - Parameters: {'hidden_layers': 1, 'hidden_units': 256, 'dropout_rate': 0.790294851914358, 'learning_rate': 0.0010690319096755103, 'weight_decay': 0.0002768916772961896, 'batch_size': 512, 'tree_depth': 12}
2024-10-31 15:55:02,465 - INFO - Trial 400: Train MSE=2.395139855997903, Train R²=0.6019261798688343
2024-10-31 15:55:02,465 - INFO - Trial 400: Test MSE=2.2404882396970476, Test R²=0.6352752361978803
2024-10-31 15:55:02,465 - INFO - ============================================================================================================================================================================================================================================================================================================
2024-10-31 15:55:02,467 - INFO - Trial 400 finished with value: 2.2404882396970476 and parameters: {'hidden_layers': 1, 'hidden_units': 256, 'dropout_rate': 0.790294851914358, 'learning_rate': 0.0010690319096755103, 'weight_decay': 0.0002768916772961896, 'batch_size': 512, 'tree_depth': 12}. Best is trial 104 with value: 2.1955713714872087.
2024-10-31 15:55:35,887 - INFO - Parameters: {'hidden_layers': 1, 'hidden_units': 256, 'dropout_rate': 0.772673777745391, 'learning_rate': 0.0035390198233952908, 'weight_decay': 0.00036668238741275895, 'batch_size': 512, 'tree_depth': 11}
2024-10-31 15:55:35,888 - INFO - Trial 401: Train MSE=1.992226438862937, Train R²=0.6676880036081586
2024-10-31 15:55:35,888 - INFO - Trial 401: Test MSE=2.299804585320609, Test R²=0.625723830291203
2024-10-31 15:55:35,888 - INFO - ============================================================================================================================================================================================================================================================================================================
2024-10-31 15:55:35,889 - INFO - Trial 401 finished with value: 2.299804585320609 and parameters: {'hidden_layers': 1, 'hidden_units': 256, 'dropout_rate': 0.772673777745391, 'learning_rate': 0.0035390198233952908, 'weight_decay': 0.00036668238741275895, 'batch_size': 512, 'tree_depth': 11}. Best is trial 104 with value: 2.1955713714872087.
2024-10-31 15:56:08,420 - INFO - Parameters: {'hidden_layers': 1, 'hidden_units': 256, 'dropout_rate': 0.7630041576555834, 'learning_rate': 0.0008148932408736966, 'weight_decay': 0.00031006596810527, 'batch_size': 512, 'tree_depth': 12}
2024-10-31 15:56:08,420 - INFO - Trial 402: Train MSE=2.3260870575904846, Train R²=0.6128315883023399
2024-10-31 15:56:08,420 - INFO - Trial 402: Test MSE=2.2487399748393466, Test R²=0.6340210352625165
2024-10-31 15:56:08,420 - INFO - ============================================================================================================================================================================================================================================================================================================
2024-10-31 15:56:08,422 - INFO - Trial 402 finished with value: 2.2487399748393466 and parameters: {'hidden_layers': 1, 'hidden_units': 256, 'dropout_rate': 0.7630041576555834, 'learning_rate': 0.0008148932408736966, 'weight_decay': 0.00031006596810527, 'batch_size': 512, 'tree_depth': 12}. Best is trial 104 with value: 2.1955713714872087.
2024-10-31 15:56:47,414 - INFO - Parameters: {'hidden_layers': 1, 'hidden_units': 256, 'dropout_rate': 0.7824371656340224, 'learning_rate': 0.008441473536598033, 'weight_decay': 0.00033961200459665947, 'batch_size': 512, 'tree_depth': 11}
2024-10-31 15:56:47,414 - INFO - Trial 403: Train MSE=2.0862844799246107, Train R²=0.6526747984545571
2024-10-31 15:56:47,415 - INFO - Trial 403: Test MSE=2.239609956741333, Test R²=0.6354143619537354
2024-10-31 15:56:47,415 - INFO - ============================================================================================================================================================================================================================================================================================================
2024-10-31 15:56:47,416 - INFO - Trial 403 finished with value: 2.239609956741333 and parameters: {'hidden_layers': 1, 'hidden_units': 256, 'dropout_rate': 0.7824371656340224, 'learning_rate': 0.008441473536598033, 'weight_decay': 0.00033961200459665947, 'batch_size': 512, 'tree_depth': 11}. Best is trial 104 with value: 2.1955713714872087.
2024-10-31 15:57:25,936 - INFO - Parameters: {'hidden_layers': 1, 'hidden_units': 256, 'dropout_rate': 0.7907959497258465, 'learning_rate': 0.0009970417092558044, 'weight_decay': 0.00029163376542363026, 'batch_size': 512, 'tree_depth': 11}
2024-10-31 15:57:25,937 - INFO - Trial 404: Train MSE=2.4487878339631215, Train R²=0.5927143267222813
2024-10-31 15:57:25,937 - INFO - Trial 404: Test MSE=2.23007333278656, Test R²=0.6371532848903111
2024-10-31 15:57:25,937 - INFO - ============================================================================================================================================================================================================================================================================================================
2024-10-31 15:57:25,938 - INFO - Trial 404 finished with value: 2.23007333278656 and parameters: {'hidden_layers': 1, 'hidden_units': 256, 'dropout_rate': 0.7907959497258465, 'learning_rate': 0.0009970417092558044, 'weight_decay': 0.00029163376542363026, 'batch_size': 512, 'tree_depth': 11}. Best is trial 104 with value: 2.1955713714872087.
2024-10-31 15:58:02,294 - INFO - Parameters: {'hidden_layers': 1, 'hidden_units': 256, 'dropout_rate': 0.6372402964012323, 'learning_rate': 0.001359444761339376, 'weight_decay': 0.0003145633046586407, 'batch_size': 512, 'tree_depth': 12}
2024-10-31 15:58:02,294 - INFO - Trial 405: Train MSE=1.2879771760531835, Train R²=0.785767280629703
2024-10-31 15:58:02,294 - INFO - Trial 405: Test MSE=2.3528874261038646, Test R²=0.6167459828513009
2024-10-31 15:58:02,294 - INFO - ============================================================================================================================================================================================================================================================================================================
2024-10-31 15:58:02,295 - INFO - Trial 405 finished with value: 2.3528874261038646 and parameters: {'hidden_layers': 1, 'hidden_units': 256, 'dropout_rate': 0.6372402964012323, 'learning_rate': 0.001359444761339376, 'weight_decay': 0.0003145633046586407, 'batch_size': 512, 'tree_depth': 12}. Best is trial 104 with value: 2.1955713714872087.
2024-10-31 15:58:37,459 - INFO - Parameters: {'hidden_layers': 1, 'hidden_units': 256, 'dropout_rate': 0.7771815659810173, 'learning_rate': 0.0015306709987590503, 'weight_decay': 0.0002980458962072268, 'batch_size': 512, 'tree_depth': 11}
2024-10-31 15:58:37,459 - INFO - Trial 406: Train MSE=2.102941926036562, Train R²=0.6507674711091178
2024-10-31 15:58:37,459 - INFO - Trial 406: Test MSE=2.2137936864580428, Test R²=0.6395678690501622
2024-10-31 15:58:37,459 - INFO - ============================================================================================================================================================================================================================================================================================================
