2024-10-31 18:21:17,039 - INFO - Trial 596 finished with value: 2.2562453065599715 and parameters: {'hidden_layers': 1, 'hidden_units': 256, 'dropout_rate': 0.784916686536914, 'learning_rate': 0.0030326846790499832, 'weight_decay': 0.0002895287642462334, 'batch_size': 512, 'tree_depth': 11}. Best is trial 104 with value: 2.1955713714872087.
2024-10-31 18:21:53,383 - INFO - Parameters: {'hidden_layers': 1, 'hidden_units': 256, 'dropout_rate': 0.7919692272110127, 'learning_rate': 0.001568953012067258, 'weight_decay': 0.0002701341354791771, 'batch_size': 512, 'tree_depth': 11}
2024-10-31 18:21:53,383 - INFO - Trial 597: Train MSE=2.253086839403425, Train R²=0.6240637579134533
2024-10-31 18:21:53,383 - INFO - Trial 597: Test MSE=2.2453156879970004, Test R²=0.634572718824659
2024-10-31 18:21:53,383 - INFO - ============================================================================================================================================================================================================================================================================================================
2024-10-31 18:21:53,384 - INFO - Trial 597 finished with value: 2.2453156879970004 and parameters: {'hidden_layers': 1, 'hidden_units': 256, 'dropout_rate': 0.7919692272110127, 'learning_rate': 0.001568953012067258, 'weight_decay': 0.0002701341354791771, 'batch_size': 512, 'tree_depth': 11}. Best is trial 104 with value: 2.1955713714872087.
2024-10-31 18:22:27,587 - INFO - Parameters: {'hidden_layers': 1, 'hidden_units': 256, 'dropout_rate': 0.77591082785897, 'learning_rate': 0.0014049347295010857, 'weight_decay': 0.00029804878024845545, 'batch_size': 512, 'tree_depth': 8}
2024-10-31 18:22:27,587 - INFO - Trial 598: Train MSE=2.5728774751935686, Train R²=0.57205382840974
2024-10-31 18:22:27,587 - INFO - Trial 598: Test MSE=2.2931064707892284, Test R²=0.6267346399171012
2024-10-31 18:22:27,587 - INFO - ============================================================================================================================================================================================================================================================================================================
2024-10-31 18:22:27,588 - INFO - Trial 598 finished with value: 2.2931064707892284 and parameters: {'hidden_layers': 1, 'hidden_units': 256, 'dropout_rate': 0.77591082785897, 'learning_rate': 0.0014049347295010857, 'weight_decay': 0.00029804878024845545, 'batch_size': 512, 'tree_depth': 8}. Best is trial 104 with value: 2.1955713714872087.
2024-10-31 18:23:04,227 - INFO - Parameters: {'hidden_layers': 1, 'hidden_units': 256, 'dropout_rate': 0.7993745926742506, 'learning_rate': 0.0022534860725736375, 'weight_decay': 0.00030929001358379917, 'batch_size': 512, 'tree_depth': 12}
2024-10-31 18:23:04,228 - INFO - Trial 599: Train MSE=2.1698852479457855, Train R²=0.6393645299332482
2024-10-31 18:23:04,228 - INFO - Trial 599: Test MSE=2.241528476987566, Test R²=0.6351303202765328
2024-10-31 18:23:04,228 - INFO - ============================================================================================================================================================================================================================================================================================================
2024-10-31 18:23:04,229 - INFO - Trial 599 finished with value: 2.241528476987566 and parameters: {'hidden_layers': 1, 'hidden_units': 256, 'dropout_rate': 0.7993745926742506, 'learning_rate': 0.0022534860725736375, 'weight_decay': 0.00030929001358379917, 'batch_size': 512, 'tree_depth': 12}. Best is trial 104 with value: 2.1955713714872087.
2024-10-31 18:23:40,780 - INFO - Parameters: {'hidden_layers': 1, 'hidden_units': 256, 'dropout_rate': 0.7989596090919565, 'learning_rate': 0.0012719132886529528, 'weight_decay': 0.00028435773391569764, 'batch_size': 512, 'tree_depth': 11}
2024-10-31 18:23:40,780 - INFO - Trial 600: Train MSE=2.3858604856899808, Train R²=0.6019147293908256
2024-10-31 18:23:40,780 - INFO - Trial 600: Test MSE=2.202127354485648, Test R²=0.6415191548211234
2024-10-31 18:23:40,780 - INFO - ============================================================================================================================================================================================================================================================================================================
2024-10-31 18:23:40,782 - INFO - Trial 600 finished with value: 2.202127354485648 and parameters: {'hidden_layers': 1, 'hidden_units': 256, 'dropout_rate': 0.7989596090919565, 'learning_rate': 0.0012719132886529528, 'weight_decay': 0.00028435773391569764, 'batch_size': 512, 'tree_depth': 11}. Best is trial 104 with value: 2.1955713714872087.
2024-10-31 18:24:17,287 - INFO - Parameters: {'hidden_layers': 1, 'hidden_units': 256, 'dropout_rate': 0.7995991491433455, 'learning_rate': 0.005623627734610015, 'weight_decay': 0.00024797053276969004, 'batch_size': 512, 'tree_depth': 12}
2024-10-31 18:24:17,287 - INFO - Trial 601: Train MSE=2.0513070097991397, Train R²=0.6592411079577037
2024-10-31 18:24:17,287 - INFO - Trial 601: Test MSE=2.1809195450374057, Test R²=0.6449578319277082
2024-10-31 18:24:17,287 - INFO - ============================================================================================================================================================================================================================================================================================================
2024-10-31 18:24:17,288 - INFO - Trial 601 finished with value: 2.1809195450374057 and parameters: {'hidden_layers': 1, 'hidden_units': 256, 'dropout_rate': 0.7995991491433455, 'learning_rate': 0.005623627734610015, 'weight_decay': 0.00024797053276969004, 'batch_size': 512, 'tree_depth': 12}. Best is trial 601 with value: 2.1809195450374057.
2024-10-31 18:24:57,607 - INFO - Parameters: {'hidden_layers': 3, 'hidden_units': 256, 'dropout_rate': 0.7956489609323287, 'learning_rate': 0.005309076946988501, 'weight_decay': 0.00022565067903656513, 'batch_size': 512, 'tree_depth': 11}
2024-10-31 18:24:57,607 - INFO - Trial 602: Train MSE=2.262346782854625, Train R²=0.6238513035433633
2024-10-31 18:24:57,607 - INFO - Trial 602: Test MSE=2.2757398741585866, Test R²=0.6296038712774005
2024-10-31 18:24:57,607 - INFO - ============================================================================================================================================================================================================================================================================================================
2024-10-31 18:24:57,608 - INFO - Trial 602 finished with value: 2.2757398741585866 and parameters: {'hidden_layers': 3, 'hidden_units': 256, 'dropout_rate': 0.7956489609323287, 'learning_rate': 0.005309076946988501, 'weight_decay': 0.00022565067903656513, 'batch_size': 512, 'tree_depth': 11}. Best is trial 601 with value: 2.1809195450374057.
2024-10-31 18:25:34,352 - INFO - Parameters: {'hidden_layers': 1, 'hidden_units': 256, 'dropout_rate': 0.7989021696124269, 'learning_rate': 0.0043690303682198004, 'weight_decay': 0.00023655870611828957, 'batch_size': 512, 'tree_depth': 11}
2024-10-31 18:25:34,353 - INFO - Trial 603: Train MSE=2.051564335823059, Train R²=0.6587244548967907
2024-10-31 18:25:34,353 - INFO - Trial 603: Test MSE=2.2474674497331892, Test R²=0.6342309032167707
2024-10-31 18:25:34,353 - INFO - ============================================================================================================================================================================================================================================================================================================
2024-10-31 18:25:34,354 - INFO - Trial 603 finished with value: 2.2474674497331892 and parameters: {'hidden_layers': 1, 'hidden_units': 256, 'dropout_rate': 0.7989021696124269, 'learning_rate': 0.0043690303682198004, 'weight_decay': 0.00023655870611828957, 'batch_size': 512, 'tree_depth': 11}. Best is trial 601 with value: 2.1809195450374057.
2024-10-31 18:26:10,726 - INFO - Parameters: {'hidden_layers': 1, 'hidden_units': 256, 'dropout_rate': 0.7987245225343531, 'learning_rate': 0.003913042300559782, 'weight_decay': 0.00023399665624066645, 'batch_size': 512, 'tree_depth': 12}
2024-10-31 18:26:10,727 - INFO - Trial 604: Train MSE=2.133919413600649, Train R²=0.6456545974527087
2024-10-31 18:26:10,727 - INFO - Trial 604: Test MSE=2.236998677253723, Test R²=0.6358139089175633
2024-10-31 18:26:10,727 - INFO - ============================================================================================================================================================================================================================================================================================================
2024-10-31 18:26:10,728 - INFO - Trial 604 finished with value: 2.236998677253723 and parameters: {'hidden_layers': 1, 'hidden_units': 256, 'dropout_rate': 0.7987245225343531, 'learning_rate': 0.003913042300559782, 'weight_decay': 0.00023399665624066645, 'batch_size': 512, 'tree_depth': 12}. Best is trial 601 with value: 2.1809195450374057.
2024-10-31 18:26:48,751 - INFO - Parameters: {'hidden_layers': 1, 'hidden_units': 256, 'dropout_rate': 0.7992159864409386, 'learning_rate': 0.002545007914797989, 'weight_decay': 0.0002541913861229693, 'batch_size': 512, 'tree_depth': 11}
2024-10-31 18:26:48,751 - INFO - Trial 605: Train MSE=2.1194189148289815, Train R²=0.6483872873442513
2024-10-31 18:26:48,751 - INFO - Trial 605: Test MSE=2.237715653010777, Test R²=0.6357804111071995
2024-10-31 18:26:48,751 - INFO - ============================================================================================================================================================================================================================================================================================================
2024-10-31 18:26:48,752 - INFO - Trial 605 finished with value: 2.237715653010777 and parameters: {'hidden_layers': 1, 'hidden_units': 256, 'dropout_rate': 0.7992159864409386, 'learning_rate': 0.002545007914797989, 'weight_decay': 0.0002541913861229693, 'batch_size': 512, 'tree_depth': 11}. Best is trial 601 with value: 2.1809195450374057.
2024-10-31 18:27:24,899 - INFO - Parameters: {'hidden_layers': 1, 'hidden_units': 256, 'dropout_rate': 0.7854808381440399, 'learning_rate': 0.005059604498251683, 'weight_decay': 0.00024197494478182984, 'batch_size': 512, 'tree_depth': 12}
2024-10-31 18:27:24,899 - INFO - Trial 606: Train MSE=1.9766766045774733, Train R²=0.6713150675807681
2024-10-31 18:27:24,899 - INFO - Trial 606: Test MSE=2.2391482080732072, Test R²=0.635507847581591
2024-10-31 18:27:24,899 - INFO - ============================================================================================================================================================================================================================================================================================================
2024-10-31 18:27:24,900 - INFO - Trial 606 finished with value: 2.2391482080732072 and parameters: {'hidden_layers': 1, 'hidden_units': 256, 'dropout_rate': 0.7854808381440399, 'learning_rate': 0.005059604498251683, 'weight_decay': 0.00024197494478182984, 'batch_size': 512, 'tree_depth': 12}. Best is trial 601 with value: 2.1809195450374057.
2024-10-31 18:27:56,231 - INFO - Parameters: {'hidden_layers': 1, 'hidden_units': 256, 'dropout_rate': 0.7897928254575994, 'learning_rate': 0.001278207678969321, 'weight_decay': 0.00024902179536698537, 'batch_size': 1024, 'tree_depth': 11}
2024-10-31 18:27:56,231 - INFO - Trial 607: Train MSE=2.744297112737383, Train R²=0.5441949239798954
2024-10-31 18:27:56,231 - INFO - Trial 607: Test MSE=2.2627208828926086, Test R²=0.629153311252594
2024-10-31 18:27:56,231 - INFO - ============================================================================================================================================================================================================================================================================================================
2024-10-31 18:27:56,233 - INFO - Trial 607 finished with value: 2.2627208828926086 and parameters: {'hidden_layers': 1, 'hidden_units': 256, 'dropout_rate': 0.7897928254575994, 'learning_rate': 0.001278207678969321, 'weight_decay': 0.00024902179536698537, 'batch_size': 1024, 'tree_depth': 11}. Best is trial 601 with value: 2.1809195450374057.
2024-10-31 18:28:31,970 - INFO - Parameters: {'hidden_layers': 2, 'hidden_units': 1024, 'dropout_rate': 0.799207504197343, 'learning_rate': 0.0011518844686470454, 'weight_decay': 0.00025452683232714897, 'batch_size': 512, 'tree_depth': 11}
2024-10-31 18:28:31,970 - INFO - Trial 608: Train MSE=2.1687854060104916, Train R²=0.6386909995760236
2024-10-31 18:28:31,970 - INFO - Trial 608: Test MSE=2.3111025946480885, Test R²=0.6239030190876552
2024-10-31 18:28:31,970 - INFO - ============================================================================================================================================================================================================================================================================================================
2024-10-31 18:28:31,971 - INFO - Trial 608 finished with value: 2.3111025946480885 and parameters: {'hidden_layers': 2, 'hidden_units': 1024, 'dropout_rate': 0.799207504197343, 'learning_rate': 0.0011518844686470454, 'weight_decay': 0.00025452683232714897, 'batch_size': 512, 'tree_depth': 11}. Best is trial 601 with value: 2.1809195450374057.
2024-10-31 18:29:14,061 - INFO - Parameters: {'hidden_layers': 1, 'hidden_units': 256, 'dropout_rate': 0.799963759838914, 'learning_rate': 0.0012069306168052, 'weight_decay': 0.0002632206752325796, 'batch_size': 256, 'tree_depth': 10}
2024-10-31 18:29:14,061 - INFO - Trial 609: Train MSE=2.1480964911835536, Train R²=0.6399943221892629
2024-10-31 18:29:14,062 - INFO - Trial 609: Test MSE=2.239381287779127, Test R²=0.6341456004551479
2024-10-31 18:29:14,062 - INFO - ============================================================================================================================================================================================================================================================================================================
2024-10-31 18:29:14,063 - INFO - Trial 609 finished with value: 2.239381287779127 and parameters: {'hidden_layers': 1, 'hidden_units': 256, 'dropout_rate': 0.799963759838914, 'learning_rate': 0.0012069306168052, 'weight_decay': 0.0002632206752325796, 'batch_size': 256, 'tree_depth': 10}. Best is trial 601 with value: 2.1809195450374057.
2024-10-31 18:29:50,567 - INFO - Parameters: {'hidden_layers': 1, 'hidden_units': 256, 'dropout_rate': 0.785669586025379, 'learning_rate': 0.001083441079264328, 'weight_decay': 0.00026153307438710725, 'batch_size': 512, 'tree_depth': 11}
2024-10-31 18:29:50,567 - INFO - Trial 610: Train MSE=2.2548883046422685, Train R²=0.6250131619828088
2024-10-31 18:29:50,567 - INFO - Trial 610: Test MSE=2.2272357600075856, Test R²=0.6374351467405047
2024-10-31 18:29:50,567 - INFO - ============================================================================================================================================================================================================================================================================================================
2024-10-31 18:29:50,568 - INFO - Trial 610 finished with value: 2.2272357600075856 and parameters: {'hidden_layers': 1, 'hidden_units': 256, 'dropout_rate': 0.785669586025379, 'learning_rate': 0.001083441079264328, 'weight_decay': 0.00026153307438710725, 'batch_size': 512, 'tree_depth': 11}. Best is trial 601 with value: 2.1809195450374057.
2024-10-31 18:30:27,915 - INFO - Parameters: {'hidden_layers': 1, 'hidden_units': 256, 'dropout_rate': 0.7871999540464327, 'learning_rate': 0.0012173493715020665, 'weight_decay': 0.00022730007296881157, 'batch_size': 512, 'tree_depth': 12}
2024-10-31 18:30:27,915 - INFO - Trial 611: Train MSE=2.2246904713766917, Train R²=0.6293565779924393
2024-10-31 18:30:27,915 - INFO - Trial 611: Test MSE=2.2230078152247836, Test R²=0.6382244655064174
2024-10-31 18:30:27,915 - INFO - ============================================================================================================================================================================================================================================================================================================
2024-10-31 18:30:27,917 - INFO - Trial 611 finished with value: 2.2230078152247836 and parameters: {'hidden_layers': 1, 'hidden_units': 256, 'dropout_rate': 0.7871999540464327, 'learning_rate': 0.0012173493715020665, 'weight_decay': 0.00022730007296881157, 'batch_size': 512, 'tree_depth': 12}. Best is trial 601 with value: 2.1809195450374057.
2024-10-31 18:31:05,045 - INFO - Parameters: {'hidden_layers': 1, 'hidden_units': 256, 'dropout_rate': 0.7793097293824278, 'learning_rate': 0.0056419562879955806, 'weight_decay': 0.00027384019641219393, 'batch_size': 512, 'tree_depth': 11}
2024-10-31 18:31:05,045 - INFO - Trial 612: Train MSE=1.9901015971388136, Train R²=0.669138931802341
2024-10-31 18:31:05,045 - INFO - Trial 612: Test MSE=2.2557128156934465, Test R²=0.6329584717750549
2024-10-31 18:31:05,045 - INFO - ============================================================================================================================================================================================================================================================================================================
2024-10-31 18:31:05,046 - INFO - Trial 612 finished with value: 2.2557128156934465 and parameters: {'hidden_layers': 1, 'hidden_units': 256, 'dropout_rate': 0.7793097293824278, 'learning_rate': 0.0056419562879955806, 'weight_decay': 0.00027384019641219393, 'batch_size': 512, 'tree_depth': 11}. Best is trial 601 with value: 2.1809195450374057.
2024-10-31 18:31:42,502 - INFO - Parameters: {'hidden_layers': 1, 'hidden_units': 256, 'dropout_rate': 0.7893247035942867, 'learning_rate': 0.0013378666311876003, 'weight_decay': 0.00024502371818995236, 'batch_size': 512, 'tree_depth': 12}
2024-10-31 18:31:42,502 - INFO - Trial 613: Train MSE=2.273742586374283, Train R²=0.6217946708202362
2024-10-31 18:31:42,502 - INFO - Trial 613: Test MSE=2.257138524736677, Test R²=0.6325206671442304
2024-10-31 18:31:42,502 - INFO - ============================================================================================================================================================================================================================================================================================================
2024-10-31 18:31:42,504 - INFO - Trial 613 finished with value: 2.257138524736677 and parameters: {'hidden_layers': 1, 'hidden_units': 256, 'dropout_rate': 0.7893247035942867, 'learning_rate': 0.0013378666311876003, 'weight_decay': 0.00024502371818995236, 'batch_size': 512, 'tree_depth': 12}. Best is trial 601 with value: 2.1809195450374057.
2024-10-31 18:32:14,691 - INFO - Parameters: {'hidden_layers': 1, 'hidden_units': 256, 'dropout_rate': 0.7991983586643783, 'learning_rate': 0.003041196509765481, 'weight_decay': 0.00025761107172000535, 'batch_size': 512, 'tree_depth': 11}
2024-10-31 18:32:14,691 - INFO - Trial 614: Train MSE=2.145865572350366, Train R²=0.6431117100375039
2024-10-31 18:32:14,691 - INFO - Trial 614: Test MSE=2.2191705192838396, Test R²=0.6389158708708627
2024-10-31 18:32:14,691 - INFO - ============================================================================================================================================================================================================================================================================================================
2024-10-31 18:32:14,691 - INFO - Trial 614 finished with value: 2.2191705192838396 and parameters: {'hidden_layers': 1, 'hidden_units': 256, 'dropout_rate': 0.7991983586643783, 'learning_rate': 0.003041196509765481, 'weight_decay': 0.00025761107172000535, 'batch_size': 512, 'tree_depth': 11}. Best is trial 601 with value: 2.1809195450374057.
2024-10-31 18:32:47,864 - INFO - Parameters: {'hidden_layers': 4, 'hidden_units': 256, 'dropout_rate': 0.7768082196097421, 'learning_rate': 0.0048589325114015685, 'weight_decay': 0.00027424479286998173, 'batch_size': 512, 'tree_depth': 11}
2024-10-31 18:32:47,865 - INFO - Trial 615: Train MSE=2.2708067212785994, Train R²=0.622035665171487
2024-10-31 18:32:47,865 - INFO - Trial 615: Test MSE=2.3171491622924805, Test R²=0.6227419206074306
2024-10-31 18:32:47,865 - INFO - ============================================================================================================================================================================================================================================================================================================
