2024-10-31 19:19:35,094 - INFO - Trial 691 finished with value: 2.238205168928419 and parameters: {'hidden_layers': 1, 'hidden_units': 512, 'dropout_rate': 0.7894759914899341, 'learning_rate': 0.0015624060328426105, 'weight_decay': 0.00035369310349245075, 'batch_size': 128, 'tree_depth': 11}. Best is trial 601 with value: 2.1809195450374057.
2024-10-31 19:20:06,870 - INFO - Parameters: {'hidden_layers': 1, 'hidden_units': 256, 'dropout_rate': 0.7777574307481462, 'learning_rate': 0.0008017361575710754, 'weight_decay': 0.0007412125812192406, 'batch_size': 512, 'tree_depth': 12}
2024-10-31 19:20:06,871 - INFO - Trial 692: Train MSE=2.471236961228507, Train R²=0.5885355706725802
2024-10-31 19:20:06,871 - INFO - Trial 692: Test MSE=2.255598647253854, Test R²=0.6329015323093959
2024-10-31 19:20:06,871 - INFO - ============================================================================================================================================================================================================================================================================================================
2024-10-31 19:20:06,873 - INFO - Trial 692 finished with value: 2.255598647253854 and parameters: {'hidden_layers': 1, 'hidden_units': 256, 'dropout_rate': 0.7777574307481462, 'learning_rate': 0.0008017361575710754, 'weight_decay': 0.0007412125812192406, 'batch_size': 512, 'tree_depth': 12}. Best is trial 601 with value: 2.1809195450374057.
2024-10-31 19:20:39,016 - INFO - Parameters: {'hidden_layers': 1, 'hidden_units': 256, 'dropout_rate': 0.7860311447342193, 'learning_rate': 0.0011644988955073652, 'weight_decay': 0.00030195880569442097, 'batch_size': 512, 'tree_depth': 11}
2024-10-31 19:20:39,016 - INFO - Trial 693: Train MSE=2.33259163584028, Train R²=0.6117316165140697
2024-10-31 19:20:39,016 - INFO - Trial 693: Test MSE=2.226055928639003, Test R²=0.6376215219497681
2024-10-31 19:20:39,016 - INFO - ============================================================================================================================================================================================================================================================================================================
2024-10-31 19:20:39,018 - INFO - Trial 693 finished with value: 2.226055928639003 and parameters: {'hidden_layers': 1, 'hidden_units': 256, 'dropout_rate': 0.7860311447342193, 'learning_rate': 0.0011644988955073652, 'weight_decay': 0.00030195880569442097, 'batch_size': 512, 'tree_depth': 11}. Best is trial 601 with value: 2.1809195450374057.
2024-10-31 19:21:10,771 - INFO - Parameters: {'hidden_layers': 1, 'hidden_units': 128, 'dropout_rate': 0.7656771776368001, 'learning_rate': 0.000711493735947369, 'weight_decay': 0.0002496961530348896, 'batch_size': 512, 'tree_depth': 11}
2024-10-31 19:21:10,771 - INFO - Trial 694: Train MSE=3.0015539612088884, Train R²=0.4988159941775458
2024-10-31 19:21:10,771 - INFO - Trial 694: Test MSE=2.2509466920580183, Test R²=0.6335984127862113
2024-10-31 19:21:10,771 - INFO - ============================================================================================================================================================================================================================================================================================================
2024-10-31 19:21:10,773 - INFO - Trial 694 finished with value: 2.2509466920580183 and parameters: {'hidden_layers': 1, 'hidden_units': 128, 'dropout_rate': 0.7656771776368001, 'learning_rate': 0.000711493735947369, 'weight_decay': 0.0002496961530348896, 'batch_size': 512, 'tree_depth': 11}. Best is trial 601 with value: 2.1809195450374057.
2024-10-31 19:21:41,773 - INFO - Parameters: {'hidden_layers': 1, 'hidden_units': 256, 'dropout_rate': 0.7920849793103676, 'learning_rate': 0.0013881628324569919, 'weight_decay': 0.00032416542716975206, 'batch_size': 512, 'tree_depth': 10}
2024-10-31 19:21:41,774 - INFO - Trial 695: Train MSE=2.356095233133861, Train R²=0.6080005126340049
2024-10-31 19:21:41,774 - INFO - Trial 695: Test MSE=2.239938293184553, Test R²=0.6354073796953473
2024-10-31 19:21:41,774 - INFO - ============================================================================================================================================================================================================================================================================================================
2024-10-31 19:21:41,776 - INFO - Trial 695 finished with value: 2.239938293184553 and parameters: {'hidden_layers': 1, 'hidden_units': 256, 'dropout_rate': 0.7920849793103676, 'learning_rate': 0.0013881628324569919, 'weight_decay': 0.00032416542716975206, 'batch_size': 512, 'tree_depth': 10}. Best is trial 601 with value: 2.1809195450374057.
2024-10-31 19:22:14,248 - INFO - Parameters: {'hidden_layers': 2, 'hidden_units': 256, 'dropout_rate': 0.77505909954964, 'learning_rate': 0.0009210287929261543, 'weight_decay': 0.00026413488484506686, 'batch_size': 512, 'tree_depth': 12}
2024-10-31 19:22:14,248 - INFO - Trial 696: Train MSE=2.6001671637807573, Train R²=0.5671177910906928
2024-10-31 19:22:14,248 - INFO - Trial 696: Test MSE=2.2431309393474033, Test R²=0.6349138532366071
2024-10-31 19:22:14,248 - INFO - ============================================================================================================================================================================================================================================================================================================
2024-10-31 19:22:14,249 - INFO - Trial 696 finished with value: 2.2431309393474033 and parameters: {'hidden_layers': 2, 'hidden_units': 256, 'dropout_rate': 0.77505909954964, 'learning_rate': 0.0009210287929261543, 'weight_decay': 0.00026413488484506686, 'batch_size': 512, 'tree_depth': 12}. Best is trial 601 with value: 2.1809195450374057.
2024-10-31 19:22:45,952 - INFO - Parameters: {'hidden_layers': 1, 'hidden_units': 256, 'dropout_rate': 0.7909718541999661, 'learning_rate': 0.0010549259936739025, 'weight_decay': 0.000281500965753088, 'batch_size': 512, 'tree_depth': 11}
2024-10-31 19:22:45,952 - INFO - Trial 697: Train MSE=2.4348068492753163, Train R²=0.5944788157939911
2024-10-31 19:22:45,952 - INFO - Trial 697: Test MSE=2.2297628947666714, Test R²=0.6370746919087001
2024-10-31 19:22:45,952 - INFO - ============================================================================================================================================================================================================================================================================================================
2024-10-31 19:22:45,954 - INFO - Trial 697 finished with value: 2.2297628947666714 and parameters: {'hidden_layers': 1, 'hidden_units': 256, 'dropout_rate': 0.7909718541999661, 'learning_rate': 0.0010549259936739025, 'weight_decay': 0.000281500965753088, 'batch_size': 512, 'tree_depth': 11}. Best is trial 601 with value: 2.1809195450374057.
2024-10-31 19:23:17,455 - INFO - Parameters: {'hidden_layers': 1, 'hidden_units': 256, 'dropout_rate': 0.7780377492724968, 'learning_rate': 0.0012458992876413016, 'weight_decay': 0.00020177686323470632, 'batch_size': 512, 'tree_depth': 11}
2024-10-31 19:23:17,456 - INFO - Trial 698: Train MSE=2.190309537308557, Train R²=0.6348954971347537
2024-10-31 19:23:17,456 - INFO - Trial 698: Test MSE=2.2405104637145996, Test R²=0.6352911506380353
2024-10-31 19:23:17,456 - INFO - ============================================================================================================================================================================================================================================================================================================
2024-10-31 19:23:17,457 - INFO - Trial 698 finished with value: 2.2405104637145996 and parameters: {'hidden_layers': 1, 'hidden_units': 256, 'dropout_rate': 0.7780377492724968, 'learning_rate': 0.0012458992876413016, 'weight_decay': 0.00020177686323470632, 'batch_size': 512, 'tree_depth': 11}. Best is trial 601 with value: 2.1809195450374057.
2024-10-31 19:23:49,407 - INFO - Parameters: {'hidden_layers': 1, 'hidden_units': 256, 'dropout_rate': 0.6828037694450264, 'learning_rate': 0.0010088221880804808, 'weight_decay': 0.00031110052672979566, 'batch_size': 512, 'tree_depth': 11}
2024-10-31 19:23:49,407 - INFO - Trial 699: Train MSE=1.6222566834517889, Train R²=0.7291812513555799
2024-10-31 19:23:49,408 - INFO - Trial 699: Test MSE=2.333339214324951, Test R²=0.6200729267937797
2024-10-31 19:23:49,408 - INFO - ============================================================================================================================================================================================================================================================================================================
2024-10-31 19:23:49,409 - INFO - Trial 699 finished with value: 2.333339214324951 and parameters: {'hidden_layers': 1, 'hidden_units': 256, 'dropout_rate': 0.6828037694450264, 'learning_rate': 0.0010088221880804808, 'weight_decay': 0.00031110052672979566, 'batch_size': 512, 'tree_depth': 11}. Best is trial 601 with value: 2.1809195450374057.
2024-10-31 19:24:21,470 - INFO - Parameters: {'hidden_layers': 1, 'hidden_units': 256, 'dropout_rate': 0.7998091236056886, 'learning_rate': 0.0011492728717985745, 'weight_decay': 0.000335911544815158, 'batch_size': 512, 'tree_depth': 12}
2024-10-31 19:24:21,470 - INFO - Trial 700: Train MSE=2.4229772048337117, Train R²=0.5964216377053942
2024-10-31 19:24:21,470 - INFO - Trial 700: Test MSE=2.215037294796535, Test R²=0.6394209946904864
2024-10-31 19:24:21,470 - INFO - ============================================================================================================================================================================================================================================================================================================
2024-10-31 19:24:21,472 - INFO - Trial 700 finished with value: 2.215037294796535 and parameters: {'hidden_layers': 1, 'hidden_units': 256, 'dropout_rate': 0.7998091236056886, 'learning_rate': 0.0011492728717985745, 'weight_decay': 0.000335911544815158, 'batch_size': 512, 'tree_depth': 12}. Best is trial 601 with value: 2.1809195450374057.
2024-10-31 19:24:52,174 - INFO - Parameters: {'hidden_layers': 1, 'hidden_units': 256, 'dropout_rate': 0.7644362260556499, 'learning_rate': 0.0041459434758316285, 'weight_decay': 0.00022930175358278028, 'batch_size': 512, 'tree_depth': 11}
2024-10-31 19:24:52,175 - INFO - Trial 701: Train MSE=1.8808500639029913, Train R²=0.6871887935059411
2024-10-31 19:24:52,175 - INFO - Trial 701: Test MSE=2.2302039010184154, Test R²=0.6369067941393171
2024-10-31 19:24:52,175 - INFO - ============================================================================================================================================================================================================================================================================================================
2024-10-31 19:24:52,175 - INFO - Trial 701 finished with value: 2.2302039010184154 and parameters: {'hidden_layers': 1, 'hidden_units': 256, 'dropout_rate': 0.7644362260556499, 'learning_rate': 0.0041459434758316285, 'weight_decay': 0.00022930175358278028, 'batch_size': 512, 'tree_depth': 11}. Best is trial 601 with value: 2.1809195450374057.
2024-10-31 19:25:23,593 - INFO - Parameters: {'hidden_layers': 1, 'hidden_units': 256, 'dropout_rate': 0.7849376118333776, 'learning_rate': 0.0021195074424125247, 'weight_decay': 0.00029739074625210554, 'batch_size': 512, 'tree_depth': 12}
2024-10-31 19:25:23,593 - INFO - Trial 702: Train MSE=2.0880882143974304, Train R²=0.6522785318749291
2024-10-31 19:25:23,593 - INFO - Trial 702: Test MSE=2.237816180501665, Test R²=0.6356544239180428
2024-10-31 19:25:23,593 - INFO - ============================================================================================================================================================================================================================================================================================================
2024-10-31 19:25:23,595 - INFO - Trial 702 finished with value: 2.237816180501665 and parameters: {'hidden_layers': 1, 'hidden_units': 256, 'dropout_rate': 0.7849376118333776, 'learning_rate': 0.0021195074424125247, 'weight_decay': 0.00029739074625210554, 'batch_size': 512, 'tree_depth': 12}. Best is trial 601 with value: 2.1809195450374057.
2024-10-31 19:25:54,411 - INFO - Parameters: {'hidden_layers': 1, 'hidden_units': 256, 'dropout_rate': 0.7901718913832019, 'learning_rate': 0.0008955193252869176, 'weight_decay': 0.0002466268128977477, 'batch_size': 512, 'tree_depth': 11}
2024-10-31 19:25:54,411 - INFO - Trial 703: Train MSE=2.4265696236065457, Train R²=0.5956816928727287
2024-10-31 19:25:54,411 - INFO - Trial 703: Test MSE=2.233187368937901, Test R²=0.6365622707775661
2024-10-31 19:25:54,412 - INFO - ============================================================================================================================================================================================================================================================================================================
2024-10-31 19:25:54,413 - INFO - Trial 703 finished with value: 2.233187368937901 and parameters: {'hidden_layers': 1, 'hidden_units': 256, 'dropout_rate': 0.7901718913832019, 'learning_rate': 0.0008955193252869176, 'weight_decay': 0.0002466268128977477, 'batch_size': 512, 'tree_depth': 11}. Best is trial 601 with value: 2.1809195450374057.
2024-10-31 19:26:20,828 - INFO - Parameters: {'hidden_layers': 1, 'hidden_units': 256, 'dropout_rate': 0.772579442065333, 'learning_rate': 0.0013696112256980297, 'weight_decay': 0.0002746176983803467, 'batch_size': 1024, 'tree_depth': 11}
2024-10-31 19:26:20,828 - INFO - Trial 704: Train MSE=2.481619324002947, Train R²=0.5882377454212734
2024-10-31 19:26:20,828 - INFO - Trial 704: Test MSE=2.253878951072693, Test R²=0.630604088306427
2024-10-31 19:26:20,828 - INFO - ============================================================================================================================================================================================================================================================================================================
2024-10-31 19:26:20,829 - INFO - Trial 704 finished with value: 2.253878951072693 and parameters: {'hidden_layers': 1, 'hidden_units': 256, 'dropout_rate': 0.772579442065333, 'learning_rate': 0.0013696112256980297, 'weight_decay': 0.0002746176983803467, 'batch_size': 1024, 'tree_depth': 11}. Best is trial 601 with value: 2.1809195450374057.
2024-10-31 19:26:53,371 - INFO - Parameters: {'hidden_layers': 1, 'hidden_units': 256, 'dropout_rate': 0.6945318477546103, 'learning_rate': 0.0010769388926425182, 'weight_decay': 0.00028716855284017216, 'batch_size': 512, 'tree_depth': 12}
2024-10-31 19:26:53,371 - INFO - Trial 705: Train MSE=1.6379935613700323, Train R²=0.7277117903743472
2024-10-31 19:26:53,371 - INFO - Trial 705: Test MSE=2.2969509533473422, Test R²=0.6259892582893372
2024-10-31 19:26:53,372 - INFO - ============================================================================================================================================================================================================================================================================================================
2024-10-31 19:26:53,373 - INFO - Trial 705 finished with value: 2.2969509533473422 and parameters: {'hidden_layers': 1, 'hidden_units': 256, 'dropout_rate': 0.6945318477546103, 'learning_rate': 0.0010769388926425182, 'weight_decay': 0.00028716855284017216, 'batch_size': 512, 'tree_depth': 12}. Best is trial 601 with value: 2.1809195450374057.
2024-10-31 19:27:27,872 - INFO - Parameters: {'hidden_layers': 1, 'hidden_units': 1024, 'dropout_rate': 0.782860338720179, 'learning_rate': 0.0008124259774773403, 'weight_decay': 0.0002576680751293896, 'batch_size': 512, 'tree_depth': 11}
2024-10-31 19:27:27,872 - INFO - Trial 706: Train MSE=2.103722563811711, Train R²=0.6500156628234046
2024-10-31 19:27:27,872 - INFO - Trial 706: Test MSE=2.323707342147827, Test R²=0.6218780108860561
2024-10-31 19:27:27,872 - INFO - ============================================================================================================================================================================================================================================================================================================
2024-10-31 19:27:27,873 - INFO - Trial 706 finished with value: 2.323707342147827 and parameters: {'hidden_layers': 1, 'hidden_units': 1024, 'dropout_rate': 0.782860338720179, 'learning_rate': 0.0008124259774773403, 'weight_decay': 0.0002576680751293896, 'batch_size': 512, 'tree_depth': 11}. Best is trial 601 with value: 2.1809195450374057.
2024-10-31 19:28:00,082 - INFO - Parameters: {'hidden_layers': 1, 'hidden_units': 256, 'dropout_rate': 0.7548782057825767, 'learning_rate': 0.003004517469462824, 'weight_decay': 0.0003427422493830737, 'batch_size': 512, 'tree_depth': 11}
2024-10-31 19:28:00,082 - INFO - Trial 707: Train MSE=1.8057114354201727, Train R²=0.6999078456844602
2024-10-31 19:28:00,083 - INFO - Trial 707: Test MSE=2.2616796493530273, Test R²=0.6316833240645272
2024-10-31 19:28:00,083 - INFO - ============================================================================================================================================================================================================================================================================================================
2024-10-31 19:28:00,084 - INFO - Trial 707 finished with value: 2.2616796493530273 and parameters: {'hidden_layers': 1, 'hidden_units': 256, 'dropout_rate': 0.7548782057825767, 'learning_rate': 0.003004517469462824, 'weight_decay': 0.0003427422493830737, 'batch_size': 512, 'tree_depth': 11}. Best is trial 601 with value: 2.1809195450374057.
2024-10-31 19:28:46,958 - INFO - Parameters: {'hidden_layers': 1, 'hidden_units': 256, 'dropout_rate': 0.7918991486357073, 'learning_rate': 0.003535665318307694, 'weight_decay': 0.0003174911552078095, 'batch_size': 256, 'tree_depth': 11}
2024-10-31 19:28:46,958 - INFO - Trial 708: Train MSE=1.9089620219809669, Train R²=0.6800648463623864
2024-10-31 19:28:46,958 - INFO - Trial 708: Test MSE=2.2361786535808017, Test R²=0.6337158552237919
2024-10-31 19:28:46,958 - INFO - ============================================================================================================================================================================================================================================================================================================
2024-10-31 19:28:46,959 - INFO - Trial 708 finished with value: 2.2361786535808017 and parameters: {'hidden_layers': 1, 'hidden_units': 256, 'dropout_rate': 0.7918991486357073, 'learning_rate': 0.003535665318307694, 'weight_decay': 0.0003174911552078095, 'batch_size': 256, 'tree_depth': 11}. Best is trial 601 with value: 2.1809195450374057.
2024-10-31 19:29:18,651 - INFO - Parameters: {'hidden_layers': 1, 'hidden_units': 256, 'dropout_rate': 0.780624193652275, 'learning_rate': 0.0009516772865057193, 'weight_decay': 0.00029678449300479847, 'batch_size': 512, 'tree_depth': 12}
2024-10-31 19:29:18,651 - INFO - Trial 709: Train MSE=2.3967391507966176, Train R²=0.6006083978073937
2024-10-31 19:29:18,651 - INFO - Trial 709: Test MSE=2.238612106868199, Test R²=0.6356758305004665
2024-10-31 19:29:18,651 - INFO - ============================================================================================================================================================================================================================================================================================================
2024-10-31 19:29:18,652 - INFO - Trial 709 finished with value: 2.238612106868199 and parameters: {'hidden_layers': 1, 'hidden_units': 256, 'dropout_rate': 0.780624193652275, 'learning_rate': 0.0009516772865057193, 'weight_decay': 0.00029678449300479847, 'batch_size': 512, 'tree_depth': 12}. Best is trial 601 with value: 2.1809195450374057.
2024-10-31 19:29:50,351 - INFO - Parameters: {'hidden_layers': 1, 'hidden_units': 256, 'dropout_rate': 0.799722905036425, 'learning_rate': 0.0015530122741771236, 'weight_decay': 0.0003066341448940099, 'batch_size': 512, 'tree_depth': 11}
2024-10-31 19:29:50,352 - INFO - Trial 710: Train MSE=2.312935995204108, Train R²=0.6151756133352008
2024-10-31 19:29:50,352 - INFO - Trial 710: Test MSE=2.243167076792036, Test R²=0.6350047758647374
2024-10-31 19:29:50,352 - INFO - ============================================================================================================================================================================================================================================================================================================
