2024-10-31 20:57:59,989 - INFO - Trial 843 finished with value: 2.2613760914121355 and parameters: {'hidden_layers': 1, 'hidden_units': 256, 'dropout_rate': 0.750441226147553, 'learning_rate': 0.001985228526544114, 'weight_decay': 0.0001185044377648376, 'batch_size': 512, 'tree_depth': 11}. Best is trial 601 with value: 2.1809195450374057.
2024-10-31 20:58:42,903 - INFO - Parameters: {'hidden_layers': 1, 'hidden_units': 256, 'dropout_rate': 0.7899443717138148, 'learning_rate': 0.00022858738706917786, 'weight_decay': 0.00012751140028309524, 'batch_size': 512, 'tree_depth': 11}
2024-10-31 20:58:42,903 - INFO - Trial 844: Train MSE=4.9233841725758145, Train R²=0.18131079631192343
2024-10-31 20:58:42,904 - INFO - Trial 844: Test MSE=2.2875172070094516, Test R²=0.6278223821095058
2024-10-31 20:58:42,904 - INFO - ============================================================================================================================================================================================================================================================================================================
2024-10-31 20:58:42,905 - INFO - Trial 844 finished with value: 2.2875172070094516 and parameters: {'hidden_layers': 1, 'hidden_units': 256, 'dropout_rate': 0.7899443717138148, 'learning_rate': 0.00022858738706917786, 'weight_decay': 0.00012751140028309524, 'batch_size': 512, 'tree_depth': 11}. Best is trial 601 with value: 2.1809195450374057.
2024-10-31 20:59:26,457 - INFO - Parameters: {'hidden_layers': 1, 'hidden_units': 256, 'dropout_rate': 0.7635847299161856, 'learning_rate': 0.0011637831797737261, 'weight_decay': 0.00018429842586986054, 'batch_size': 512, 'tree_depth': 12}
2024-10-31 20:59:26,457 - INFO - Trial 845: Train MSE=2.115030829395567, Train R²=0.6472871473857335
2024-10-31 20:59:26,458 - INFO - Trial 845: Test MSE=2.2538966791970387, Test R²=0.6330480660711016
2024-10-31 20:59:26,458 - INFO - ============================================================================================================================================================================================================================================================================================================
2024-10-31 20:59:26,459 - INFO - Trial 845 finished with value: 2.2538966791970387 and parameters: {'hidden_layers': 1, 'hidden_units': 256, 'dropout_rate': 0.7635847299161856, 'learning_rate': 0.0011637831797737261, 'weight_decay': 0.00018429842586986054, 'batch_size': 512, 'tree_depth': 12}. Best is trial 601 with value: 2.1809195450374057.
2024-10-31 21:00:11,103 - INFO - Parameters: {'hidden_layers': 1, 'hidden_units': 256, 'dropout_rate': 0.7757887797472894, 'learning_rate': 0.0013109110259679388, 'weight_decay': 0.00028161643447608114, 'batch_size': 512, 'tree_depth': 11}
2024-10-31 21:00:11,103 - INFO - Trial 846: Train MSE=2.1804298630782535, Train R²=0.6374028878552573
2024-10-31 21:00:11,104 - INFO - Trial 846: Test MSE=2.297410777636937, Test R²=0.6259886281830924
2024-10-31 21:00:11,104 - INFO - ============================================================================================================================================================================================================================================================================================================
2024-10-31 21:00:11,105 - INFO - Trial 846 finished with value: 2.297410777636937 and parameters: {'hidden_layers': 1, 'hidden_units': 256, 'dropout_rate': 0.7757887797472894, 'learning_rate': 0.0013109110259679388, 'weight_decay': 0.00028161643447608114, 'batch_size': 512, 'tree_depth': 11}. Best is trial 601 with value: 2.1809195450374057.
2024-10-31 21:00:55,234 - INFO - Parameters: {'hidden_layers': 1, 'hidden_units': 256, 'dropout_rate': 0.7902035596783861, 'learning_rate': 0.0010082719326026531, 'weight_decay': 0.00017719426396986087, 'batch_size': 512, 'tree_depth': 11}
2024-10-31 21:00:55,234 - INFO - Trial 847: Train MSE=2.3993203214236667, Train R²=0.6013964946780886
2024-10-31 21:00:55,234 - INFO - Trial 847: Test MSE=2.227750710078648, Test R²=0.6376020652907235
2024-10-31 21:00:55,234 - INFO - ============================================================================================================================================================================================================================================================================================================
2024-10-31 21:00:55,236 - INFO - Trial 847 finished with value: 2.227750710078648 and parameters: {'hidden_layers': 1, 'hidden_units': 256, 'dropout_rate': 0.7902035596783861, 'learning_rate': 0.0010082719326026531, 'weight_decay': 0.00017719426396986087, 'batch_size': 512, 'tree_depth': 11}. Best is trial 601 with value: 2.1809195450374057.
2024-10-31 21:01:39,306 - INFO - Parameters: {'hidden_layers': 1, 'hidden_units': 256, 'dropout_rate': 0.7846069729542755, 'learning_rate': 0.0013929469098973915, 'weight_decay': 0.0003618335110894736, 'batch_size': 512, 'tree_depth': 12}
2024-10-31 21:01:39,306 - INFO - Trial 848: Train MSE=2.1882455902440205, Train R²=0.6354714035987854
2024-10-31 21:01:39,307 - INFO - Trial 848: Test MSE=2.2452635765075684, Test R²=0.6343994566372463
2024-10-31 21:01:39,307 - INFO - ============================================================================================================================================================================================================================================================================================================
2024-10-31 21:01:39,308 - INFO - Trial 848 finished with value: 2.2452635765075684 and parameters: {'hidden_layers': 1, 'hidden_units': 256, 'dropout_rate': 0.7846069729542755, 'learning_rate': 0.0013929469098973915, 'weight_decay': 0.0003618335110894736, 'batch_size': 512, 'tree_depth': 12}. Best is trial 601 with value: 2.1809195450374057.
2024-10-31 21:02:23,317 - INFO - Parameters: {'hidden_layers': 1, 'hidden_units': 256, 'dropout_rate': 0.7730371789649503, 'learning_rate': 0.0010855806603932506, 'weight_decay': 0.0001381913161573807, 'batch_size': 512, 'tree_depth': 11}
2024-10-31 21:02:23,317 - INFO - Trial 849: Train MSE=2.2464745215007236, Train R²=0.6256903069359916
2024-10-31 21:02:23,317 - INFO - Trial 849: Test MSE=2.217865824699402, Test R²=0.6390650272369385
2024-10-31 21:02:23,317 - INFO - ============================================================================================================================================================================================================================================================================================================
2024-10-31 21:02:23,318 - INFO - Trial 849 finished with value: 2.217865824699402 and parameters: {'hidden_layers': 1, 'hidden_units': 256, 'dropout_rate': 0.7730371789649503, 'learning_rate': 0.0010855806603932506, 'weight_decay': 0.0001381913161573807, 'batch_size': 512, 'tree_depth': 11}. Best is trial 601 with value: 2.1809195450374057.
2024-10-31 21:03:06,875 - INFO - Parameters: {'hidden_layers': 1, 'hidden_units': 256, 'dropout_rate': 0.7902645260829316, 'learning_rate': 0.0012470469870722786, 'weight_decay': 0.0003863037870468841, 'batch_size': 512, 'tree_depth': 10}
2024-10-31 21:03:06,875 - INFO - Trial 850: Train MSE=2.398797162941524, Train R²=0.6003672012260982
2024-10-31 21:03:06,876 - INFO - Trial 850: Test MSE=2.2420478207724437, Test R²=0.6351625578744071
2024-10-31 21:03:06,876 - INFO - ============================================================================================================================================================================================================================================================================================================
2024-10-31 21:03:06,876 - INFO - Trial 850 finished with value: 2.2420478207724437 and parameters: {'hidden_layers': 1, 'hidden_units': 256, 'dropout_rate': 0.7902645260829316, 'learning_rate': 0.0012470469870722786, 'weight_decay': 0.0003863037870468841, 'batch_size': 512, 'tree_depth': 10}. Best is trial 601 with value: 2.1809195450374057.
2024-10-31 21:03:49,990 - INFO - Parameters: {'hidden_layers': 1, 'hidden_units': 256, 'dropout_rate': 0.7108605221585347, 'learning_rate': 0.0014917140554383233, 'weight_decay': 0.0001062426402259186, 'batch_size': 512, 'tree_depth': 12}
2024-10-31 21:03:49,990 - INFO - Trial 851: Train MSE=1.6474595069885254, Train R²=0.7257128315312522
2024-10-31 21:03:49,990 - INFO - Trial 851: Test MSE=2.301147324698312, Test R²=0.6254359228270394
2024-10-31 21:03:49,990 - INFO - ============================================================================================================================================================================================================================================================================================================
2024-10-31 21:03:49,991 - INFO - Trial 851 finished with value: 2.301147324698312 and parameters: {'hidden_layers': 1, 'hidden_units': 256, 'dropout_rate': 0.7108605221585347, 'learning_rate': 0.0014917140554383233, 'weight_decay': 0.0001062426402259186, 'batch_size': 512, 'tree_depth': 12}. Best is trial 601 with value: 2.1809195450374057.
2024-10-31 21:04:26,166 - INFO - Parameters: {'hidden_layers': 1, 'hidden_units': 256, 'dropout_rate': 0.7676639958148926, 'learning_rate': 0.0007831068181590143, 'weight_decay': 0.000991321698474251, 'batch_size': 1024, 'tree_depth': 11}
2024-10-31 21:04:26,167 - INFO - Trial 852: Train MSE=3.1110169206346785, Train R²=0.4835060068539211
2024-10-31 21:04:26,167 - INFO - Trial 852: Test MSE=2.2569549083709717, Test R²=0.63022480905056
2024-10-31 21:04:26,167 - INFO - ============================================================================================================================================================================================================================================================================================================
2024-10-31 21:04:26,168 - INFO - Trial 852 finished with value: 2.2569549083709717 and parameters: {'hidden_layers': 1, 'hidden_units': 256, 'dropout_rate': 0.7676639958148926, 'learning_rate': 0.0007831068181590143, 'weight_decay': 0.000991321698474251, 'batch_size': 1024, 'tree_depth': 11}. Best is trial 601 with value: 2.1809195450374057.
2024-10-31 21:05:10,491 - INFO - Parameters: {'hidden_layers': 1, 'hidden_units': 256, 'dropout_rate': 0.7787180588461291, 'learning_rate': 0.0011685548684492383, 'weight_decay': 0.0003160952444273252, 'batch_size': 512, 'tree_depth': 11}
2024-10-31 21:05:10,491 - INFO - Trial 853: Train MSE=2.2252881739820753, Train R²=0.6305112689733505
2024-10-31 21:05:10,491 - INFO - Trial 853: Test MSE=2.2305215086255754, Test R²=0.6369379588535854
2024-10-31 21:05:10,491 - INFO - ============================================================================================================================================================================================================================================================================================================
2024-10-31 21:05:10,492 - INFO - Trial 853 finished with value: 2.2305215086255754 and parameters: {'hidden_layers': 1, 'hidden_units': 256, 'dropout_rate': 0.7787180588461291, 'learning_rate': 0.0011685548684492383, 'weight_decay': 0.0003160952444273252, 'batch_size': 512, 'tree_depth': 11}. Best is trial 601 with value: 2.1809195450374057.
2024-10-31 21:05:54,756 - INFO - Parameters: {'hidden_layers': 1, 'hidden_units': 256, 'dropout_rate': 0.3726227384430097, 'learning_rate': 0.000957836534237754, 'weight_decay': 0.00014796374635766125, 'batch_size': 512, 'tree_depth': 11}
2024-10-31 21:05:54,757 - INFO - Trial 854: Train MSE=0.6379777640104294, Train R²=0.8936200929539544
2024-10-31 21:05:54,757 - INFO - Trial 854: Test MSE=2.4466285024370467, Test R²=0.6017932721546718
2024-10-31 21:05:54,757 - INFO - ============================================================================================================================================================================================================================================================================================================
2024-10-31 21:05:54,758 - INFO - Trial 854 finished with value: 2.4466285024370467 and parameters: {'hidden_layers': 1, 'hidden_units': 256, 'dropout_rate': 0.3726227384430097, 'learning_rate': 0.000957836534237754, 'weight_decay': 0.00014796374635766125, 'batch_size': 512, 'tree_depth': 11}. Best is trial 601 with value: 2.1809195450374057.
2024-10-31 21:06:28,774 - INFO - Parameters: {'hidden_layers': 1, 'hidden_units': 1024, 'dropout_rate': 0.7846207000783697, 'learning_rate': 0.0003039963874807637, 'weight_decay': 0.00027065419592011536, 'batch_size': 512, 'tree_depth': 12}
2024-10-31 21:06:28,774 - INFO - Trial 855: Train MSE=3.235176886831011, Train R²=0.46161635645798277
2024-10-31 21:06:28,774 - INFO - Trial 855: Test MSE=2.3283704348972867, Test R²=0.621069610118866
2024-10-31 21:06:28,774 - INFO - ============================================================================================================================================================================================================================================================================================================
2024-10-31 21:06:28,775 - INFO - Trial 855 finished with value: 2.3283704348972867 and parameters: {'hidden_layers': 1, 'hidden_units': 1024, 'dropout_rate': 0.7846207000783697, 'learning_rate': 0.0003039963874807637, 'weight_decay': 0.00027065419592011536, 'batch_size': 512, 'tree_depth': 12}. Best is trial 601 with value: 2.1809195450374057.
2024-10-31 21:07:19,535 - INFO - Parameters: {'hidden_layers': 2, 'hidden_units': 256, 'dropout_rate': 0.7924319939653232, 'learning_rate': 0.001069370986110573, 'weight_decay': 0.0006611295105109812, 'batch_size': 256, 'tree_depth': 11}
2024-10-31 21:07:19,535 - INFO - Trial 856: Train MSE=2.297892166035516, Train R²=0.615694774048669
2024-10-31 21:07:19,535 - INFO - Trial 856: Test MSE=2.241341769695282, Test R²=0.633537986448833
2024-10-31 21:07:19,536 - INFO - ============================================================================================================================================================================================================================================================================================================
2024-10-31 21:07:19,537 - INFO - Trial 856 finished with value: 2.241341769695282 and parameters: {'hidden_layers': 2, 'hidden_units': 256, 'dropout_rate': 0.7924319939653232, 'learning_rate': 0.001069370986110573, 'weight_decay': 0.0006611295105109812, 'batch_size': 256, 'tree_depth': 11}. Best is trial 601 with value: 2.1809195450374057.
2024-10-31 21:07:59,797 - INFO - Parameters: {'hidden_layers': 1, 'hidden_units': 256, 'dropout_rate': 0.76093452326502, 'learning_rate': 0.0016468884813366095, 'weight_decay': 0.0003330727965848228, 'batch_size': 512, 'tree_depth': 11}
2024-10-31 21:07:59,797 - INFO - Trial 857: Train MSE=1.9405388576643807, Train R²=0.6770300482000623
2024-10-31 21:07:59,797 - INFO - Trial 857: Test MSE=2.234368392399379, Test R²=0.63643536397389
2024-10-31 21:07:59,798 - INFO - ============================================================================================================================================================================================================================================================================================================
2024-10-31 21:07:59,799 - INFO - Trial 857 finished with value: 2.234368392399379 and parameters: {'hidden_layers': 1, 'hidden_units': 256, 'dropout_rate': 0.76093452326502, 'learning_rate': 0.0016468884813366095, 'weight_decay': 0.0003330727965848228, 'batch_size': 512, 'tree_depth': 11}. Best is trial 601 with value: 2.1809195450374057.
2024-10-31 21:08:44,650 - INFO - Parameters: {'hidden_layers': 1, 'hidden_units': 256, 'dropout_rate': 0.7750009703461755, 'learning_rate': 0.001288253546637992, 'weight_decay': 0.0002911230215994839, 'batch_size': 512, 'tree_depth': 11}
2024-10-31 21:08:44,650 - INFO - Trial 858: Train MSE=2.1313189012663707, Train R²=0.6451805830001831
2024-10-31 21:08:44,650 - INFO - Trial 858: Test MSE=2.2519868101392473, Test R²=0.6335258824484689
2024-10-31 21:08:44,651 - INFO - ============================================================================================================================================================================================================================================================================================================
2024-10-31 21:08:44,652 - INFO - Trial 858 finished with value: 2.2519868101392473 and parameters: {'hidden_layers': 1, 'hidden_units': 256, 'dropout_rate': 0.7750009703461755, 'learning_rate': 0.001288253546637992, 'weight_decay': 0.0002911230215994839, 'batch_size': 512, 'tree_depth': 11}. Best is trial 601 with value: 2.1809195450374057.
2024-10-31 21:09:28,775 - INFO - Parameters: {'hidden_layers': 1, 'hidden_units': 256, 'dropout_rate': 0.7909017385158016, 'learning_rate': 0.0010066715972702075, 'weight_decay': 0.0003076396879033527, 'batch_size': 512, 'tree_depth': 12}
2024-10-31 21:09:28,776 - INFO - Trial 859: Train MSE=2.384009267602648, Train R²=0.601978001849992
2024-10-31 21:09:28,776 - INFO - Trial 859: Test MSE=2.226146391459874, Test R²=0.6376747829573495
2024-10-31 21:09:28,776 - INFO - ============================================================================================================================================================================================================================================================================================================
2024-10-31 21:09:28,777 - INFO - Trial 859 finished with value: 2.226146391459874 and parameters: {'hidden_layers': 1, 'hidden_units': 256, 'dropout_rate': 0.7909017385158016, 'learning_rate': 0.0010066715972702075, 'weight_decay': 0.0003076396879033527, 'batch_size': 512, 'tree_depth': 12}. Best is trial 601 with value: 2.1809195450374057.
2024-10-31 21:10:12,616 - INFO - Parameters: {'hidden_layers': 1, 'hidden_units': 256, 'dropout_rate': 0.7826566241333742, 'learning_rate': 0.0008619729134828457, 'weight_decay': 0.00027447037364574343, 'batch_size': 512, 'tree_depth': 11}
2024-10-31 21:10:12,616 - INFO - Trial 860: Train MSE=2.4563372816358293, Train R²=0.59080799136843
2024-10-31 21:10:12,616 - INFO - Trial 860: Test MSE=2.241877692086356, Test R²=0.634960012776511
2024-10-31 21:10:12,616 - INFO - ============================================================================================================================================================================================================================================================================================================
2024-10-31 21:10:12,617 - INFO - Trial 860 finished with value: 2.241877692086356 and parameters: {'hidden_layers': 1, 'hidden_units': 256, 'dropout_rate': 0.7826566241333742, 'learning_rate': 0.0008619729134828457, 'weight_decay': 0.00027447037364574343, 'batch_size': 512, 'tree_depth': 11}. Best is trial 601 with value: 2.1809195450374057.
2024-10-31 21:10:56,867 - INFO - Parameters: {'hidden_layers': 1, 'hidden_units': 256, 'dropout_rate': 0.7680483581929789, 'learning_rate': 0.0011463658271094563, 'weight_decay': 0.0003761569071993823, 'batch_size': 512, 'tree_depth': 11}
2024-10-31 21:10:56,867 - INFO - Trial 861: Train MSE=2.1338983859334673, Train R²=0.6448292178767068
2024-10-31 21:10:56,867 - INFO - Trial 861: Test MSE=2.292200888906206, Test R²=0.6268942696707589
2024-10-31 21:10:56,867 - INFO - ============================================================================================================================================================================================================================================================================================================
2024-10-31 21:10:56,868 - INFO - Trial 861 finished with value: 2.292200888906206 and parameters: {'hidden_layers': 1, 'hidden_units': 256, 'dropout_rate': 0.7680483581929789, 'learning_rate': 0.0011463658271094563, 'weight_decay': 0.0003761569071993823, 'batch_size': 512, 'tree_depth': 11}. Best is trial 601 with value: 2.1809195450374057.
2024-10-31 21:11:32,512 - INFO - Parameters: {'hidden_layers': 4, 'hidden_units': 256, 'dropout_rate': 0.7998467741925364, 'learning_rate': 0.0014444109938909623, 'weight_decay': 0.00035191981122350066, 'batch_size': 512, 'tree_depth': 12}
2024-10-31 21:11:32,512 - INFO - Trial 862: Train MSE=3.028166106769017, Train R²=0.4957109753574644
2024-10-31 21:11:32,513 - INFO - Trial 862: Test MSE=2.494189500808716, Test R²=0.5941969326564244
2024-10-31 21:11:32,513 - INFO - ============================================================================================================================================================================================================================================================================================================
