2024-10-31 20:04:02,029 - INFO - Trial 767 finished with value: 2.2352531296866283 and parameters: {'hidden_layers': 1, 'hidden_units': 256, 'dropout_rate': 0.7633723894006025, 'learning_rate': 0.0012858124882367337, 'weight_decay': 0.000284973759556075, 'batch_size': 512, 'tree_depth': 12}. Best is trial 601 with value: 2.1809195450374057.
2024-10-31 20:04:34,840 - INFO - Parameters: {'hidden_layers': 1, 'hidden_units': 128, 'dropout_rate': 0.7452477821107685, 'learning_rate': 0.0011264903987036065, 'weight_decay': 0.0002520673297127638, 'batch_size': 512, 'tree_depth': 12}
2024-10-31 20:04:34,840 - INFO - Trial 768: Train MSE=2.4078201396124705, Train R²=0.597993444119181
2024-10-31 20:04:34,840 - INFO - Trial 768: Test MSE=2.260827507291521, Test R²=0.6320066622325352
2024-10-31 20:04:34,840 - INFO - ============================================================================================================================================================================================================================================================================================================
2024-10-31 20:04:34,841 - INFO - Trial 768 finished with value: 2.260827507291521 and parameters: {'hidden_layers': 1, 'hidden_units': 128, 'dropout_rate': 0.7452477821107685, 'learning_rate': 0.0011264903987036065, 'weight_decay': 0.0002520673297127638, 'batch_size': 512, 'tree_depth': 12}. Best is trial 601 with value: 2.1809195450374057.
2024-10-31 20:05:09,393 - INFO - Parameters: {'hidden_layers': 1, 'hidden_units': 256, 'dropout_rate': 0.7792812494195253, 'learning_rate': 0.0014901734585334467, 'weight_decay': 0.0002670533198822101, 'batch_size': 512, 'tree_depth': 12}
2024-10-31 20:05:09,393 - INFO - Trial 769: Train MSE=2.1552640923431943, Train R²=0.641081514103072
2024-10-31 20:05:09,393 - INFO - Trial 769: Test MSE=2.2567737783704485, Test R²=0.6326396891048977
2024-10-31 20:05:09,393 - INFO - ============================================================================================================================================================================================================================================================================================================
2024-10-31 20:05:09,395 - INFO - Trial 769 finished with value: 2.2567737783704485 and parameters: {'hidden_layers': 1, 'hidden_units': 256, 'dropout_rate': 0.7792812494195253, 'learning_rate': 0.0014901734585334467, 'weight_decay': 0.0002670533198822101, 'batch_size': 512, 'tree_depth': 12}. Best is trial 601 with value: 2.1809195450374057.
2024-10-31 20:05:44,065 - INFO - Parameters: {'hidden_layers': 1, 'hidden_units': 256, 'dropout_rate': 0.7834235474926687, 'learning_rate': 0.0009562384710958334, 'weight_decay': 0.000274449456233618, 'batch_size': 512, 'tree_depth': 12}
2024-10-31 20:05:44,065 - INFO - Trial 770: Train MSE=2.4205862283706665, Train R²=0.5969472186905997
2024-10-31 20:05:44,065 - INFO - Trial 770: Test MSE=2.244771787098476, Test R²=0.6346074172428676
2024-10-31 20:05:44,065 - INFO - ============================================================================================================================================================================================================================================================================================================
2024-10-31 20:05:44,066 - INFO - Trial 770 finished with value: 2.244771787098476 and parameters: {'hidden_layers': 1, 'hidden_units': 256, 'dropout_rate': 0.7834235474926687, 'learning_rate': 0.0009562384710958334, 'weight_decay': 0.000274449456233618, 'batch_size': 512, 'tree_depth': 12}. Best is trial 601 with value: 2.1809195450374057.
2024-10-31 20:06:18,828 - INFO - Parameters: {'hidden_layers': 1, 'hidden_units': 256, 'dropout_rate': 0.30742263607601295, 'learning_rate': 0.0012214509461919282, 'weight_decay': 0.00028999113470824155, 'batch_size': 512, 'tree_depth': 12}
2024-10-31 20:06:18,829 - INFO - Trial 771: Train MSE=0.5326571475182261, Train R²=0.9114196811403547
2024-10-31 20:06:18,829 - INFO - Trial 771: Test MSE=2.411764281136649, Test R²=0.6075251953942435
2024-10-31 20:06:18,829 - INFO - ============================================================================================================================================================================================================================================================================================================
2024-10-31 20:06:18,830 - INFO - Trial 771 finished with value: 2.411764281136649 and parameters: {'hidden_layers': 1, 'hidden_units': 256, 'dropout_rate': 0.30742263607601295, 'learning_rate': 0.0012214509461919282, 'weight_decay': 0.00028999113470824155, 'batch_size': 512, 'tree_depth': 12}. Best is trial 601 with value: 2.1809195450374057.
2024-10-31 20:06:53,733 - INFO - Parameters: {'hidden_layers': 1, 'hidden_units': 256, 'dropout_rate': 0.7534901208429786, 'learning_rate': 0.0010906951036481175, 'weight_decay': 0.00022721498497275627, 'batch_size': 512, 'tree_depth': 12}
2024-10-31 20:06:53,734 - INFO - Trial 772: Train MSE=2.0370433713708604, Train R²=0.6615960087094989
2024-10-31 20:06:53,734 - INFO - Trial 772: Test MSE=2.274986301149641, Test R²=0.6297564251082284
2024-10-31 20:06:53,734 - INFO - ============================================================================================================================================================================================================================================================================================================
2024-10-31 20:06:53,735 - INFO - Trial 772 finished with value: 2.274986301149641 and parameters: {'hidden_layers': 1, 'hidden_units': 256, 'dropout_rate': 0.7534901208429786, 'learning_rate': 0.0010906951036481175, 'weight_decay': 0.00022721498497275627, 'batch_size': 512, 'tree_depth': 12}. Best is trial 601 with value: 2.1809195450374057.
2024-10-31 20:07:27,819 - INFO - Parameters: {'hidden_layers': 1, 'hidden_units': 256, 'dropout_rate': 0.771812274320564, 'learning_rate': 0.0025068097015865046, 'weight_decay': 0.00025315606868016685, 'batch_size': 512, 'tree_depth': 12}
2024-10-31 20:07:27,819 - INFO - Trial 773: Train MSE=1.9558081541742598, Train R²=0.6745345784085137
2024-10-31 20:07:27,819 - INFO - Trial 773: Test MSE=2.258002962384905, Test R²=0.6323209149496896
2024-10-31 20:07:27,819 - INFO - ============================================================================================================================================================================================================================================================================================================
2024-10-31 20:07:27,821 - INFO - Trial 773 finished with value: 2.258002962384905 and parameters: {'hidden_layers': 1, 'hidden_units': 256, 'dropout_rate': 0.771812274320564, 'learning_rate': 0.0025068097015865046, 'weight_decay': 0.00025315606868016685, 'batch_size': 512, 'tree_depth': 12}. Best is trial 601 with value: 2.1809195450374057.
2024-10-31 20:08:02,476 - INFO - Parameters: {'hidden_layers': 1, 'hidden_units': 256, 'dropout_rate': 0.7907302743944729, 'learning_rate': 0.0013102770879382915, 'weight_decay': 0.00023822194215134196, 'batch_size': 512, 'tree_depth': 12}
2024-10-31 20:08:02,476 - INFO - Trial 774: Train MSE=2.2905376851558685, Train R²=0.6178368074553353
2024-10-31 20:08:02,476 - INFO - Trial 774: Test MSE=2.2409806081226895, Test R²=0.6352183222770691
2024-10-31 20:08:02,477 - INFO - ============================================================================================================================================================================================================================================================================================================
2024-10-31 20:08:02,478 - INFO - Trial 774 finished with value: 2.2409806081226895 and parameters: {'hidden_layers': 1, 'hidden_units': 256, 'dropout_rate': 0.7907302743944729, 'learning_rate': 0.0013102770879382915, 'weight_decay': 0.00023822194215134196, 'batch_size': 512, 'tree_depth': 12}. Best is trial 601 with value: 2.1809195450374057.
2024-10-31 20:08:33,896 - INFO - Parameters: {'hidden_layers': 1, 'hidden_units': 256, 'dropout_rate': 0.7629375253505644, 'learning_rate': 0.0046809625026460345, 'weight_decay': 0.0002661387844142236, 'batch_size': 512, 'tree_depth': 12}
2024-10-31 20:08:33,896 - INFO - Trial 775: Train MSE=1.816826777798789, Train R²=0.6975212629352298
2024-10-31 20:08:33,896 - INFO - Trial 775: Test MSE=2.2632319246019637, Test R²=0.6312721967697144
2024-10-31 20:08:33,896 - INFO - ============================================================================================================================================================================================================================================================================================================
2024-10-31 20:08:33,897 - INFO - Trial 775 finished with value: 2.2632319246019637 and parameters: {'hidden_layers': 1, 'hidden_units': 256, 'dropout_rate': 0.7629375253505644, 'learning_rate': 0.0046809625026460345, 'weight_decay': 0.0002661387844142236, 'batch_size': 512, 'tree_depth': 12}. Best is trial 601 with value: 2.1809195450374057.
2024-10-31 20:09:10,850 - INFO - Parameters: {'hidden_layers': 1, 'hidden_units': 256, 'dropout_rate': 0.7848035036336877, 'learning_rate': 0.0010402540174451308, 'weight_decay': 0.00029211867341454067, 'batch_size': 512, 'tree_depth': 12}
2024-10-31 20:09:10,850 - INFO - Trial 776: Train MSE=2.3633686814989363, Train R²=0.6067962944507599
2024-10-31 20:09:10,850 - INFO - Trial 776: Test MSE=2.231865950993129, Test R²=0.6367922425270081
2024-10-31 20:09:10,850 - INFO - ============================================================================================================================================================================================================================================================================================================
2024-10-31 20:09:10,852 - INFO - Trial 776 finished with value: 2.231865950993129 and parameters: {'hidden_layers': 1, 'hidden_units': 256, 'dropout_rate': 0.7848035036336877, 'learning_rate': 0.0010402540174451308, 'weight_decay': 0.00029211867341454067, 'batch_size': 512, 'tree_depth': 12}. Best is trial 601 with value: 2.1809195450374057.
2024-10-31 20:09:47,834 - INFO - Parameters: {'hidden_layers': 2, 'hidden_units': 256, 'dropout_rate': 0.773350860456104, 'learning_rate': 0.0036175915189326007, 'weight_decay': 0.0004653995291777493, 'batch_size': 512, 'tree_depth': 12}
2024-10-31 20:09:47,834 - INFO - Trial 777: Train MSE=2.1035965851375034, Train R²=0.6492653169802257
2024-10-31 20:09:47,834 - INFO - Trial 777: Test MSE=2.2491847446986606, Test R²=0.6338342939104352
2024-10-31 20:09:47,835 - INFO - ============================================================================================================================================================================================================================================================================================================
2024-10-31 20:09:47,835 - INFO - Trial 777 finished with value: 2.2491847446986606 and parameters: {'hidden_layers': 2, 'hidden_units': 256, 'dropout_rate': 0.773350860456104, 'learning_rate': 0.0036175915189326007, 'weight_decay': 0.0004653995291777493, 'batch_size': 512, 'tree_depth': 12}. Best is trial 601 with value: 2.1809195450374057.
2024-10-31 20:10:18,766 - INFO - Parameters: {'hidden_layers': 1, 'hidden_units': 256, 'dropout_rate': 0.7927175219887282, 'learning_rate': 0.0009446198659380324, 'weight_decay': 0.0002754975262375854, 'batch_size': 1024, 'tree_depth': 12}
2024-10-31 20:10:18,766 - INFO - Trial 778: Train MSE=3.0667733464922224, Train R²=0.4907349390642984
2024-10-31 20:10:18,766 - INFO - Trial 778: Test MSE=2.2516344785690308, Test R²=0.6309647411108017
2024-10-31 20:10:18,766 - INFO - ============================================================================================================================================================================================================================================================================================================
2024-10-31 20:10:18,767 - INFO - Trial 778 finished with value: 2.2516344785690308 and parameters: {'hidden_layers': 1, 'hidden_units': 256, 'dropout_rate': 0.7927175219887282, 'learning_rate': 0.0009446198659380324, 'weight_decay': 0.0002754975262375854, 'batch_size': 1024, 'tree_depth': 12}. Best is trial 601 with value: 2.1809195450374057.
2024-10-31 20:10:53,778 - INFO - Parameters: {'hidden_layers': 4, 'hidden_units': 256, 'dropout_rate': 0.7836722295079203, 'learning_rate': 0.0016864335169000195, 'weight_decay': 0.00030178047662216375, 'batch_size': 512, 'tree_depth': 12}
2024-10-31 20:10:53,778 - INFO - Trial 779: Train MSE=2.7133465238979886, Train R²=0.5484104646103722
2024-10-31 20:10:53,778 - INFO - Trial 779: Test MSE=2.35097404888698, Test R²=0.6174447025571551
2024-10-31 20:10:53,778 - INFO - ============================================================================================================================================================================================================================================================================================================
2024-10-31 20:10:53,780 - INFO - Trial 779 finished with value: 2.35097404888698 and parameters: {'hidden_layers': 4, 'hidden_units': 256, 'dropout_rate': 0.7836722295079203, 'learning_rate': 0.0016864335169000195, 'weight_decay': 0.00030178047662216375, 'batch_size': 512, 'tree_depth': 12}. Best is trial 601 with value: 2.1809195450374057.
2024-10-31 20:11:27,396 - INFO - Parameters: {'hidden_layers': 1, 'hidden_units': 1024, 'dropout_rate': 0.7248203237998216, 'learning_rate': 0.0012035053908127347, 'weight_decay': 0.00036686842186372506, 'batch_size': 512, 'tree_depth': 12}
2024-10-31 20:11:27,396 - INFO - Trial 780: Train MSE=1.4298288098403387, Train R²=0.7622509471007756
2024-10-31 20:11:27,397 - INFO - Trial 780: Test MSE=2.3138341903686523, Test R²=0.6232017874717712
2024-10-31 20:11:27,397 - INFO - ============================================================================================================================================================================================================================================================================================================
2024-10-31 20:11:27,397 - INFO - Trial 780 finished with value: 2.3138341903686523 and parameters: {'hidden_layers': 1, 'hidden_units': 1024, 'dropout_rate': 0.7248203237998216, 'learning_rate': 0.0012035053908127347, 'weight_decay': 0.00036686842186372506, 'batch_size': 512, 'tree_depth': 12}. Best is trial 601 with value: 2.1809195450374057.
2024-10-31 20:12:18,877 - INFO - Parameters: {'hidden_layers': 1, 'hidden_units': 256, 'dropout_rate': 0.6100949947160326, 'learning_rate': 0.0008792426293312486, 'weight_decay': 0.0002596869096202698, 'batch_size': 256, 'tree_depth': 10}
2024-10-31 20:12:18,877 - INFO - Trial 781: Train MSE=1.2308277764490672, Train R²=0.7928254189235824
2024-10-31 20:12:18,877 - INFO - Trial 781: Test MSE=2.3144757407052174, Test R²=0.6216869822570256
2024-10-31 20:12:18,877 - INFO - ============================================================================================================================================================================================================================================================================================================
2024-10-31 20:12:18,878 - INFO - Trial 781 finished with value: 2.3144757407052174 and parameters: {'hidden_layers': 1, 'hidden_units': 256, 'dropout_rate': 0.6100949947160326, 'learning_rate': 0.0008792426293312486, 'weight_decay': 0.0002596869096202698, 'batch_size': 256, 'tree_depth': 10}. Best is trial 601 with value: 2.1809195450374057.
2024-10-31 20:13:02,115 - INFO - Parameters: {'hidden_layers': 1, 'hidden_units': 256, 'dropout_rate': 0.7759040623495719, 'learning_rate': 0.0019947884455632893, 'weight_decay': 0.00021870015703224238, 'batch_size': 512, 'tree_depth': 12}
2024-10-31 20:13:02,116 - INFO - Trial 782: Train MSE=2.022921566452299, Train R²=0.6631048279149192
2024-10-31 20:13:02,116 - INFO - Trial 782: Test MSE=2.2527060508728027, Test R²=0.6334227238382611
2024-10-31 20:13:02,116 - INFO - ============================================================================================================================================================================================================================================================================================================
2024-10-31 20:13:02,117 - INFO - Trial 782 finished with value: 2.2527060508728027 and parameters: {'hidden_layers': 1, 'hidden_units': 256, 'dropout_rate': 0.7759040623495719, 'learning_rate': 0.0019947884455632893, 'weight_decay': 0.00021870015703224238, 'batch_size': 512, 'tree_depth': 12}. Best is trial 601 with value: 2.1809195450374057.
2024-10-31 20:13:36,078 - INFO - Parameters: {'hidden_layers': 3, 'hidden_units': 256, 'dropout_rate': 0.6491574951021912, 'learning_rate': 0.0013835142466140252, 'weight_decay': 0.00024593605117927684, 'batch_size': 512, 'tree_depth': 12}
2024-10-31 20:13:36,078 - INFO - Trial 783: Train MSE=1.5634565012795585, Train R²=0.739795161145074
2024-10-31 20:13:36,078 - INFO - Trial 783: Test MSE=2.324875593185425, Test R²=0.6213604637554714
2024-10-31 20:13:36,078 - INFO - ============================================================================================================================================================================================================================================================================================================
2024-10-31 20:13:36,080 - INFO - Trial 783 finished with value: 2.324875593185425 and parameters: {'hidden_layers': 3, 'hidden_units': 256, 'dropout_rate': 0.6491574951021912, 'learning_rate': 0.0013835142466140252, 'weight_decay': 0.00024593605117927684, 'batch_size': 512, 'tree_depth': 12}. Best is trial 601 with value: 2.1809195450374057.
2024-10-31 20:14:13,557 - INFO - Parameters: {'hidden_layers': 1, 'hidden_units': 256, 'dropout_rate': 0.7922100089253771, 'learning_rate': 0.001049398593791145, 'weight_decay': 0.0008927809334124462, 'batch_size': 512, 'tree_depth': 11}
2024-10-31 20:14:13,558 - INFO - Trial 784: Train MSE=2.384695734296526, Train R²=0.6038081965276173
2024-10-31 20:14:13,558 - INFO - Trial 784: Test MSE=2.2083802052906583, Test R²=0.6406589320727757
2024-10-31 20:14:13,558 - INFO - ============================================================================================================================================================================================================================================================================================================
2024-10-31 20:14:13,559 - INFO - Trial 784 finished with value: 2.2083802052906583 and parameters: {'hidden_layers': 1, 'hidden_units': 256, 'dropout_rate': 0.7922100089253771, 'learning_rate': 0.001049398593791145, 'weight_decay': 0.0008927809334124462, 'batch_size': 512, 'tree_depth': 11}. Best is trial 601 with value: 2.1809195450374057.
2024-10-31 20:14:58,067 - INFO - Parameters: {'hidden_layers': 1, 'hidden_units': 256, 'dropout_rate': 0.7994125489473705, 'learning_rate': 0.0011527259579959747, 'weight_decay': 0.0009550424826260842, 'batch_size': 512, 'tree_depth': 11}
2024-10-31 20:14:58,067 - INFO - Trial 785: Train MSE=2.4577363984925404, Train R²=0.5902847519942692
2024-10-31 20:14:58,067 - INFO - Trial 785: Test MSE=2.2491069521222795, Test R²=0.6340254374912807
2024-10-31 20:14:58,067 - INFO - ============================================================================================================================================================================================================================================================================================================
2024-10-31 20:14:58,068 - INFO - Trial 785 finished with value: 2.2491069521222795 and parameters: {'hidden_layers': 1, 'hidden_units': 256, 'dropout_rate': 0.7994125489473705, 'learning_rate': 0.0011527259579959747, 'weight_decay': 0.0009550424826260842, 'batch_size': 512, 'tree_depth': 11}. Best is trial 601 with value: 2.1809195450374057.
2024-10-31 20:15:42,455 - INFO - Parameters: {'hidden_layers': 1, 'hidden_units': 256, 'dropout_rate': 0.7911437471067767, 'learning_rate': 0.0010796280629078831, 'weight_decay': 0.00034117084123582483, 'batch_size': 512, 'tree_depth': 11}
2024-10-31 20:15:42,455 - INFO - Trial 786: Train MSE=2.4009922487395152, Train R²=0.5998903257506234
2024-10-31 20:15:42,456 - INFO - Trial 786: Test MSE=2.2374651772635326, Test R²=0.6357110738754272
2024-10-31 20:15:42,456 - INFO - ============================================================================================================================================================================================================================================================================================================
