2024-10-31 21:34:14,179 - INFO - Trial 900 finished with value: 2.2878425972802297 and parameters: {'hidden_layers': 1, 'hidden_units': 256, 'dropout_rate': 0.7354132937929584, 'learning_rate': 0.0011491991927788298, 'weight_decay': 0.00045062052771658277, 'batch_size': 512, 'tree_depth': 12}. Best is trial 601 with value: 2.1809195450374057.
2024-10-31 21:34:47,259 - INFO - Parameters: {'hidden_layers': 1, 'hidden_units': 256, 'dropout_rate': 0.7422945694270333, 'learning_rate': 0.0017715314384835704, 'weight_decay': 0.0002559712159867014, 'batch_size': 512, 'tree_depth': 12}
2024-10-31 21:34:47,259 - INFO - Trial 901: Train MSE=1.7902092507907323, Train R²=0.7022605751241956
2024-10-31 21:34:47,260 - INFO - Trial 901: Test MSE=2.285567113331386, Test R²=0.6279941626957485
2024-10-31 21:34:47,260 - INFO - ============================================================================================================================================================================================================================================================================================================
2024-10-31 21:34:47,261 - INFO - Trial 901 finished with value: 2.285567113331386 and parameters: {'hidden_layers': 1, 'hidden_units': 256, 'dropout_rate': 0.7422945694270333, 'learning_rate': 0.0017715314384835704, 'weight_decay': 0.0002559712159867014, 'batch_size': 512, 'tree_depth': 12}. Best is trial 601 with value: 2.1809195450374057.
2024-10-31 21:35:12,562 - INFO - Parameters: {'hidden_layers': 1, 'hidden_units': 256, 'dropout_rate': 0.7635145347869134, 'learning_rate': 0.0015737584271216288, 'weight_decay': 0.000401121597103573, 'batch_size': 1024, 'tree_depth': 12}
2024-10-31 21:35:12,562 - INFO - Trial 902: Train MSE=2.3327591078622, Train R²=0.6119788459369114
2024-10-31 21:35:12,563 - INFO - Trial 902: Test MSE=2.243110239505768, Test R²=0.63235042989254
2024-10-31 21:35:12,563 - INFO - ============================================================================================================================================================================================================================================================================================================
2024-10-31 21:35:12,564 - INFO - Trial 902 finished with value: 2.243110239505768 and parameters: {'hidden_layers': 1, 'hidden_units': 256, 'dropout_rate': 0.7635145347869134, 'learning_rate': 0.0015737584271216288, 'weight_decay': 0.000401121597103573, 'batch_size': 1024, 'tree_depth': 12}. Best is trial 601 with value: 2.1809195450374057.
2024-10-31 21:35:46,978 - INFO - Parameters: {'hidden_layers': 1, 'hidden_units': 256, 'dropout_rate': 0.6027732883939538, 'learning_rate': 0.0013225083345594464, 'weight_decay': 0.0003792226267928296, 'batch_size': 512, 'tree_depth': 12}
2024-10-31 21:35:46,979 - INFO - Trial 903: Train MSE=1.1154987003122057, Train R²=0.8143272038017001
2024-10-31 21:35:46,979 - INFO - Trial 903: Test MSE=2.3259738513401578, Test R²=0.6212892021451678
2024-10-31 21:35:46,979 - INFO - ============================================================================================================================================================================================================================================================================================================
2024-10-31 21:35:46,980 - INFO - Trial 903 finished with value: 2.3259738513401578 and parameters: {'hidden_layers': 1, 'hidden_units': 256, 'dropout_rate': 0.6027732883939538, 'learning_rate': 0.0013225083345594464, 'weight_decay': 0.0003792226267928296, 'batch_size': 512, 'tree_depth': 12}. Best is trial 601 with value: 2.1809195450374057.
2024-10-31 21:36:25,165 - INFO - Parameters: {'hidden_layers': 1, 'hidden_units': 256, 'dropout_rate': 0.7678736598126091, 'learning_rate': 0.0010147287854037482, 'weight_decay': 0.000461908248518602, 'batch_size': 512, 'tree_depth': 12}
2024-10-31 21:36:25,165 - INFO - Trial 904: Train MSE=2.215364992618561, Train R²=0.6313385346106121
2024-10-31 21:36:25,165 - INFO - Trial 904: Test MSE=2.272224119731358, Test R²=0.6302183440753392
2024-10-31 21:36:25,166 - INFO - ============================================================================================================================================================================================================================================================================================================
2024-10-31 21:36:25,167 - INFO - Trial 904 finished with value: 2.272224119731358 and parameters: {'hidden_layers': 1, 'hidden_units': 256, 'dropout_rate': 0.7678736598126091, 'learning_rate': 0.0010147287854037482, 'weight_decay': 0.000461908248518602, 'batch_size': 512, 'tree_depth': 12}. Best is trial 601 with value: 2.1809195450374057.
2024-10-31 21:37:03,747 - INFO - Parameters: {'hidden_layers': 2, 'hidden_units': 1024, 'dropout_rate': 0.7555489465141332, 'learning_rate': 0.001096705174438556, 'weight_decay': 0.00042033085891534554, 'batch_size': 512, 'tree_depth': 12}
2024-10-31 21:37:03,747 - INFO - Trial 905: Train MSE=1.848608523607254, Train R²=0.6927164601428168
2024-10-31 21:37:03,747 - INFO - Trial 905: Test MSE=2.3189447266714915, Test R²=0.6225772840636117
2024-10-31 21:37:03,747 - INFO - ============================================================================================================================================================================================================================================================================================================
2024-10-31 21:37:03,749 - INFO - Trial 905 finished with value: 2.3189447266714915 and parameters: {'hidden_layers': 2, 'hidden_units': 1024, 'dropout_rate': 0.7555489465141332, 'learning_rate': 0.001096705174438556, 'weight_decay': 0.00042033085891534554, 'batch_size': 512, 'tree_depth': 12}. Best is trial 601 with value: 2.1809195450374057.
2024-10-31 21:37:31,899 - INFO - Parameters: {'hidden_layers': 1, 'hidden_units': 256, 'dropout_rate': 0.7464330331286033, 'learning_rate': 0.007322275354172463, 'weight_decay': 0.00038646362328036404, 'batch_size': 512, 'tree_depth': 12}
2024-10-31 21:37:31,899 - INFO - Trial 906: Train MSE=1.9493762339864458, Train R²=0.6757346178804126
2024-10-31 21:37:31,899 - INFO - Trial 906: Test MSE=2.21737916128976, Test R²=0.6389100551605225
2024-10-31 21:37:31,899 - INFO - ============================================================================================================================================================================================================================================================================================================
2024-10-31 21:37:31,901 - INFO - Trial 906 finished with value: 2.21737916128976 and parameters: {'hidden_layers': 1, 'hidden_units': 256, 'dropout_rate': 0.7464330331286033, 'learning_rate': 0.007322275354172463, 'weight_decay': 0.00038646362328036404, 'batch_size': 512, 'tree_depth': 12}. Best is trial 601 with value: 2.1809195450374057.
2024-10-31 21:38:05,768 - INFO - Parameters: {'hidden_layers': 1, 'hidden_units': 256, 'dropout_rate': 0.7691591184648473, 'learning_rate': 0.0012308422743274898, 'weight_decay': 0.0004010968687999766, 'batch_size': 512, 'tree_depth': 12}
2024-10-31 21:38:05,768 - INFO - Trial 907: Train MSE=2.124133071729115, Train R²=0.6471348362309592
2024-10-31 21:38:05,768 - INFO - Trial 907: Test MSE=2.2337537152426585, Test R²=0.6363711357116699
2024-10-31 21:38:05,768 - INFO - ============================================================================================================================================================================================================================================================================================================
2024-10-31 21:38:05,770 - INFO - Trial 907 finished with value: 2.2337537152426585 and parameters: {'hidden_layers': 1, 'hidden_units': 256, 'dropout_rate': 0.7691591184648473, 'learning_rate': 0.0012308422743274898, 'weight_decay': 0.0004010968687999766, 'batch_size': 512, 'tree_depth': 12}. Best is trial 601 with value: 2.1809195450374057.
2024-10-31 21:38:45,462 - INFO - Parameters: {'hidden_layers': 1, 'hidden_units': 256, 'dropout_rate': 0.7720432848349073, 'learning_rate': 0.0014484317634809462, 'weight_decay': 0.00041334105607236264, 'batch_size': 512, 'tree_depth': 12}
2024-10-31 21:38:45,462 - INFO - Trial 908: Train MSE=2.0779342353343964, Train R²=0.6534584952252251
2024-10-31 21:38:45,462 - INFO - Trial 908: Test MSE=2.247593198503767, Test R²=0.6341141377176557
2024-10-31 21:38:45,462 - INFO - ============================================================================================================================================================================================================================================================================================================
2024-10-31 21:38:45,463 - INFO - Trial 908 finished with value: 2.247593198503767 and parameters: {'hidden_layers': 1, 'hidden_units': 256, 'dropout_rate': 0.7720432848349073, 'learning_rate': 0.0014484317634809462, 'weight_decay': 0.00041334105607236264, 'batch_size': 512, 'tree_depth': 12}. Best is trial 601 with value: 2.1809195450374057.
2024-10-31 21:39:40,882 - INFO - Parameters: {'hidden_layers': 1, 'hidden_units': 256, 'dropout_rate': 0.7776210381095967, 'learning_rate': 0.0013329471065870058, 'weight_decay': 0.0002745069244136111, 'batch_size': 256, 'tree_depth': 12}
2024-10-31 21:39:40,882 - INFO - Trial 909: Train MSE=1.890236279794148, Train R²=0.6837327065212386
2024-10-31 21:39:40,882 - INFO - Trial 909: Test MSE=2.245342697416033, Test R²=0.6330623584134238
2024-10-31 21:39:40,882 - INFO - ============================================================================================================================================================================================================================================================================================================
2024-10-31 21:39:40,884 - INFO - Trial 909 finished with value: 2.245342697416033 and parameters: {'hidden_layers': 1, 'hidden_units': 256, 'dropout_rate': 0.7776210381095967, 'learning_rate': 0.0013329471065870058, 'weight_decay': 0.0002745069244136111, 'batch_size': 256, 'tree_depth': 12}. Best is trial 601 with value: 2.1809195450374057.
2024-10-31 21:40:18,885 - INFO - Parameters: {'hidden_layers': 1, 'hidden_units': 256, 'dropout_rate': 0.425254697161045, 'learning_rate': 0.0009446463959622681, 'weight_decay': 0.0003688912265858921, 'batch_size': 512, 'tree_depth': 12}
2024-10-31 21:40:18,885 - INFO - Trial 910: Train MSE=0.7511406370571682, Train R²=0.8747575687510627
2024-10-31 21:40:18,885 - INFO - Trial 910: Test MSE=2.4105982099260603, Test R²=0.6072458284241813
2024-10-31 21:40:18,885 - INFO - ============================================================================================================================================================================================================================================================================================================
2024-10-31 21:40:18,887 - INFO - Trial 910 finished with value: 2.4105982099260603 and parameters: {'hidden_layers': 1, 'hidden_units': 256, 'dropout_rate': 0.425254697161045, 'learning_rate': 0.0009446463959622681, 'weight_decay': 0.0003688912265858921, 'batch_size': 512, 'tree_depth': 12}. Best is trial 601 with value: 2.1809195450374057.
2024-10-31 21:40:56,422 - INFO - Parameters: {'hidden_layers': 1, 'hidden_units': 256, 'dropout_rate': 0.7611603612847407, 'learning_rate': 0.0011278112214695554, 'weight_decay': 0.0009224532054629991, 'batch_size': 512, 'tree_depth': 8}
2024-10-31 21:40:56,422 - INFO - Trial 911: Train MSE=2.5276681865964616, Train R²=0.5794864531074252
2024-10-31 21:40:56,422 - INFO - Trial 911: Test MSE=2.291987555367606, Test R²=0.6268932819366455
2024-10-31 21:40:56,422 - INFO - ============================================================================================================================================================================================================================================================================================================
2024-10-31 21:40:56,423 - INFO - Trial 911 finished with value: 2.291987555367606 and parameters: {'hidden_layers': 1, 'hidden_units': 256, 'dropout_rate': 0.7611603612847407, 'learning_rate': 0.0011278112214695554, 'weight_decay': 0.0009224532054629991, 'batch_size': 512, 'tree_depth': 8}. Best is trial 601 with value: 2.1809195450374057.
2024-10-31 21:41:34,925 - INFO - Parameters: {'hidden_layers': 1, 'hidden_units': 256, 'dropout_rate': 0.7798706906835347, 'learning_rate': 0.0038036447834644276, 'weight_decay': 0.00024974660022227777, 'batch_size': 512, 'tree_depth': 12}
2024-10-31 21:41:34,925 - INFO - Trial 912: Train MSE=1.952190718480519, Train R²=0.6748421745640891
2024-10-31 21:41:34,925 - INFO - Trial 912: Test MSE=2.289183020591736, Test R²=0.6272735680852618
2024-10-31 21:41:34,926 - INFO - ============================================================================================================================================================================================================================================================================================================
2024-10-31 21:41:34,926 - INFO - Trial 912 finished with value: 2.289183020591736 and parameters: {'hidden_layers': 1, 'hidden_units': 256, 'dropout_rate': 0.7798706906835347, 'learning_rate': 0.0038036447834644276, 'weight_decay': 0.00024974660022227777, 'batch_size': 512, 'tree_depth': 12}. Best is trial 601 with value: 2.1809195450374057.
2024-10-31 21:42:18,056 - INFO - Parameters: {'hidden_layers': 1, 'hidden_units': 512, 'dropout_rate': 0.7691115160089724, 'learning_rate': 0.0010340160077484091, 'weight_decay': 0.0002624211065271652, 'batch_size': 512, 'tree_depth': 12}
2024-10-31 21:42:18,057 - INFO - Trial 913: Train MSE=2.0046090270791734, Train R²=0.6661006403820855
2024-10-31 21:42:18,057 - INFO - Trial 913: Test MSE=2.246411681175232, Test R²=0.6343096664973668
2024-10-31 21:42:18,057 - INFO - ============================================================================================================================================================================================================================================================================================================
2024-10-31 21:42:18,057 - INFO - Trial 913 finished with value: 2.246411681175232 and parameters: {'hidden_layers': 1, 'hidden_units': 512, 'dropout_rate': 0.7691115160089724, 'learning_rate': 0.0010340160077484091, 'weight_decay': 0.0002624211065271652, 'batch_size': 512, 'tree_depth': 12}. Best is trial 601 with value: 2.1809195450374057.
2024-10-31 21:43:50,458 - INFO - Parameters: {'hidden_layers': 1, 'hidden_units': 256, 'dropout_rate': 0.508815640894981, 'learning_rate': 0.0020821068845678086, 'weight_decay': 0.000992873742098226, 'batch_size': 128, 'tree_depth': 12}
2024-10-31 21:43:50,458 - INFO - Trial 914: Train MSE=1.3521566529359137, Train R²=0.7711132349712508
2024-10-31 21:43:50,458 - INFO - Trial 914: Test MSE=2.414038347346442, Test R²=0.5996367718492236
2024-10-31 21:43:50,458 - INFO - ============================================================================================================================================================================================================================================================================================================
2024-10-31 21:43:50,460 - INFO - Trial 914 finished with value: 2.414038347346442 and parameters: {'hidden_layers': 1, 'hidden_units': 256, 'dropout_rate': 0.508815640894981, 'learning_rate': 0.0020821068845678086, 'weight_decay': 0.000992873742098226, 'batch_size': 128, 'tree_depth': 12}. Best is trial 601 with value: 2.1809195450374057.
2024-10-31 21:44:28,904 - INFO - Parameters: {'hidden_layers': 1, 'hidden_units': 256, 'dropout_rate': 0.749608851311991, 'learning_rate': 0.0012429459238741845, 'weight_decay': 0.0002783511202045474, 'batch_size': 512, 'tree_depth': 12}
2024-10-31 21:44:28,904 - INFO - Trial 915: Train MSE=1.9559940184865678, Train R²=0.6736275724002293
2024-10-31 21:44:28,904 - INFO - Trial 915: Test MSE=2.2570297036852156, Test R²=0.6325039182390485
2024-10-31 21:44:28,904 - INFO - ============================================================================================================================================================================================================================================================================================================
2024-10-31 21:44:28,905 - INFO - Trial 915 finished with value: 2.2570297036852156 and parameters: {'hidden_layers': 1, 'hidden_units': 256, 'dropout_rate': 0.749608851311991, 'learning_rate': 0.0012429459238741845, 'weight_decay': 0.0002783511202045474, 'batch_size': 512, 'tree_depth': 12}. Best is trial 601 with value: 2.1809195450374057.
2024-10-31 21:45:08,512 - INFO - Parameters: {'hidden_layers': 1, 'hidden_units': 256, 'dropout_rate': 0.7999582559115407, 'learning_rate': 0.005128215570538928, 'weight_decay': 0.0002896489046023407, 'batch_size': 512, 'tree_depth': 12}
2024-10-31 21:45:08,512 - INFO - Trial 916: Train MSE=2.0968518214566365, Train R²=0.6519035995006561
2024-10-31 21:45:08,512 - INFO - Trial 916: Test MSE=2.2340275389807567, Test R²=0.6364415884017944
2024-10-31 21:45:08,512 - INFO - ============================================================================================================================================================================================================================================================================================================
2024-10-31 21:45:08,513 - INFO - Trial 916 finished with value: 2.2340275389807567 and parameters: {'hidden_layers': 1, 'hidden_units': 256, 'dropout_rate': 0.7999582559115407, 'learning_rate': 0.005128215570538928, 'weight_decay': 0.0002896489046023407, 'batch_size': 512, 'tree_depth': 12}. Best is trial 601 with value: 2.1809195450374057.
2024-10-31 21:45:47,579 - INFO - Parameters: {'hidden_layers': 1, 'hidden_units': 256, 'dropout_rate': 0.7850257598192987, 'learning_rate': 0.0014239377182426354, 'weight_decay': 0.0002679114779538449, 'batch_size': 512, 'tree_depth': 12}
2024-10-31 21:45:47,579 - INFO - Trial 917: Train MSE=2.1460240951606204, Train R²=0.642623211656298
2024-10-31 21:45:47,579 - INFO - Trial 917: Test MSE=2.241972599710737, Test R²=0.6350141848836627
2024-10-31 21:45:47,579 - INFO - ============================================================================================================================================================================================================================================================================================================
2024-10-31 21:45:47,581 - INFO - Trial 917 finished with value: 2.241972599710737 and parameters: {'hidden_layers': 1, 'hidden_units': 256, 'dropout_rate': 0.7850257598192987, 'learning_rate': 0.0014239377182426354, 'weight_decay': 0.0002679114779538449, 'batch_size': 512, 'tree_depth': 12}. Best is trial 601 with value: 2.1809195450374057.
2024-10-31 21:46:24,993 - INFO - Parameters: {'hidden_layers': 1, 'hidden_units': 128, 'dropout_rate': 0.7740776411564889, 'learning_rate': 0.0015873824106232665, 'weight_decay': 0.00025547916252239715, 'batch_size': 512, 'tree_depth': 12}
2024-10-31 21:46:24,994 - INFO - Trial 918: Train MSE=2.525472513266972, Train R²=0.5792499078171593
2024-10-31 21:46:24,994 - INFO - Trial 918: Test MSE=2.249915225165231, Test R²=0.6338340810367039
2024-10-31 21:46:24,994 - INFO - ============================================================================================================================================================================================================================================================================================================
2024-10-31 21:46:24,996 - INFO - Trial 918 finished with value: 2.249915225165231 and parameters: {'hidden_layers': 1, 'hidden_units': 128, 'dropout_rate': 0.7740776411564889, 'learning_rate': 0.0015873824106232665, 'weight_decay': 0.00025547916252239715, 'batch_size': 512, 'tree_depth': 12}. Best is trial 601 with value: 2.1809195450374057.
2024-10-31 21:46:58,624 - INFO - Parameters: {'hidden_layers': 1, 'hidden_units': 256, 'dropout_rate': 0.7841822325980797, 'learning_rate': 0.0011502944228736754, 'weight_decay': 0.0003716397764178745, 'batch_size': 512, 'tree_depth': 9}
2024-10-31 21:46:58,624 - INFO - Trial 919: Train MSE=2.4882509538105557, Train R²=0.5864726603031158
2024-10-31 21:46:58,624 - INFO - Trial 919: Test MSE=2.2310825756617954, Test R²=0.636995792388916
2024-10-31 21:46:58,625 - INFO - ============================================================================================================================================================================================================================================================================================================
