2024-10-31 18:57:15,341 - INFO - Trial 653 finished with value: 2.2491017409733365 and parameters: {'hidden_layers': 1, 'hidden_units': 256, 'dropout_rate': 0.7743886180561326, 'learning_rate': 0.0010893386914852016, 'weight_decay': 0.00023742284281784697, 'batch_size': 512, 'tree_depth': 11}. Best is trial 601 with value: 2.1809195450374057.
2024-10-31 18:57:49,421 - INFO - Parameters: {'hidden_layers': 1, 'hidden_units': 256, 'dropout_rate': 0.789381935736957, 'learning_rate': 0.0028784063772285843, 'weight_decay': 0.0002550831760568612, 'batch_size': 512, 'tree_depth': 11}
2024-10-31 18:57:49,421 - INFO - Trial 654: Train MSE=2.021225929260254, Train R²=0.6635148099490574
2024-10-31 18:57:49,421 - INFO - Trial 654: Test MSE=2.213066714150565, Test R²=0.6396708403314862
2024-10-31 18:57:49,421 - INFO - ============================================================================================================================================================================================================================================================================================================
2024-10-31 18:57:49,423 - INFO - Trial 654 finished with value: 2.213066714150565 and parameters: {'hidden_layers': 1, 'hidden_units': 256, 'dropout_rate': 0.789381935736957, 'learning_rate': 0.0028784063772285843, 'weight_decay': 0.0002550831760568612, 'batch_size': 512, 'tree_depth': 11}. Best is trial 601 with value: 2.1809195450374057.
2024-10-31 18:58:21,248 - INFO - Parameters: {'hidden_layers': 1, 'hidden_units': 256, 'dropout_rate': 0.7831508002009135, 'learning_rate': 0.0013669364136416283, 'weight_decay': 0.00025873845711274365, 'batch_size': 512, 'tree_depth': 11}
2024-10-31 18:58:21,248 - INFO - Trial 655: Train MSE=2.1623338886669705, Train R²=0.6390913469450814
2024-10-31 18:58:21,248 - INFO - Trial 655: Test MSE=2.233297722680228, Test R²=0.636380672454834
2024-10-31 18:58:21,248 - INFO - ============================================================================================================================================================================================================================================================================================================
2024-10-31 18:58:21,249 - INFO - Trial 655 finished with value: 2.233297722680228 and parameters: {'hidden_layers': 1, 'hidden_units': 256, 'dropout_rate': 0.7831508002009135, 'learning_rate': 0.0013669364136416283, 'weight_decay': 0.00025873845711274365, 'batch_size': 512, 'tree_depth': 11}. Best is trial 601 with value: 2.1809195450374057.
2024-10-31 18:58:47,791 - INFO - Parameters: {'hidden_layers': 1, 'hidden_units': 256, 'dropout_rate': 0.7710267180662628, 'learning_rate': 0.0029543766759613454, 'weight_decay': 0.0002491155597825958, 'batch_size': 1024, 'tree_depth': 11}
2024-10-31 18:58:47,791 - INFO - Trial 656: Train MSE=2.0688301580292836, Train R²=0.656253205878394
2024-10-31 18:58:47,792 - INFO - Trial 656: Test MSE=2.2675049901008606, Test R²=0.6281715482473373
2024-10-31 18:58:47,792 - INFO - ============================================================================================================================================================================================================================================================================================================
2024-10-31 18:58:47,793 - INFO - Trial 656 finished with value: 2.2675049901008606 and parameters: {'hidden_layers': 1, 'hidden_units': 256, 'dropout_rate': 0.7710267180662628, 'learning_rate': 0.0029543766759613454, 'weight_decay': 0.0002491155597825958, 'batch_size': 1024, 'tree_depth': 11}. Best is trial 601 with value: 2.1809195450374057.
2024-10-31 18:59:19,747 - INFO - Parameters: {'hidden_layers': 1, 'hidden_units': 256, 'dropout_rate': 0.7909723027797103, 'learning_rate': 0.0030692880214099588, 'weight_decay': 0.0002464702230324702, 'batch_size': 512, 'tree_depth': 10}
2024-10-31 18:59:19,747 - INFO - Trial 657: Train MSE=2.1523702698094502, Train R²=0.6421811474221093
2024-10-31 18:59:19,747 - INFO - Trial 657: Test MSE=2.2583172832216536, Test R²=0.6323531270027161
2024-10-31 18:59:19,747 - INFO - ============================================================================================================================================================================================================================================================================================================
2024-10-31 18:59:19,749 - INFO - Trial 657 finished with value: 2.2583172832216536 and parameters: {'hidden_layers': 1, 'hidden_units': 256, 'dropout_rate': 0.7909723027797103, 'learning_rate': 0.0030692880214099588, 'weight_decay': 0.0002464702230324702, 'batch_size': 512, 'tree_depth': 10}. Best is trial 601 with value: 2.1809195450374057.
2024-10-31 18:59:55,391 - INFO - Parameters: {'hidden_layers': 1, 'hidden_units': 1024, 'dropout_rate': 0.7625420286219718, 'learning_rate': 0.002690481667346376, 'weight_decay': 0.00023422332817683123, 'batch_size': 512, 'tree_depth': 11}
2024-10-31 18:59:55,391 - INFO - Trial 658: Train MSE=1.504901030233928, Train R²=0.7489508560725621
2024-10-31 18:59:55,391 - INFO - Trial 658: Test MSE=2.295192463057382, Test R²=0.6262704730033875
2024-10-31 18:59:55,391 - INFO - ============================================================================================================================================================================================================================================================================================================
2024-10-31 18:59:55,392 - INFO - Trial 658 finished with value: 2.295192463057382 and parameters: {'hidden_layers': 1, 'hidden_units': 1024, 'dropout_rate': 0.7625420286219718, 'learning_rate': 0.002690481667346376, 'weight_decay': 0.00023422332817683123, 'batch_size': 512, 'tree_depth': 11}. Best is trial 601 with value: 2.1809195450374057.
2024-10-31 19:00:27,412 - INFO - Parameters: {'hidden_layers': 1, 'hidden_units': 256, 'dropout_rate': 0.776663136804694, 'learning_rate': 0.0025143675027088737, 'weight_decay': 0.0002614726844808285, 'batch_size': 512, 'tree_depth': 11}
2024-10-31 19:00:27,412 - INFO - Trial 659: Train MSE=1.9644945178713118, Train R²=0.673505282827786
2024-10-31 19:00:27,412 - INFO - Trial 659: Test MSE=2.2435383115495955, Test R²=0.6347945587975639
2024-10-31 19:00:27,412 - INFO - ============================================================================================================================================================================================================================================================================================================
2024-10-31 19:00:27,414 - INFO - Trial 659 finished with value: 2.2435383115495955 and parameters: {'hidden_layers': 1, 'hidden_units': 256, 'dropout_rate': 0.776663136804694, 'learning_rate': 0.0025143675027088737, 'weight_decay': 0.0002614726844808285, 'batch_size': 512, 'tree_depth': 11}. Best is trial 601 with value: 2.1809195450374057.
2024-10-31 19:01:19,193 - INFO - Parameters: {'hidden_layers': 1, 'hidden_units': 256, 'dropout_rate': 0.7907708417997632, 'learning_rate': 0.0034093552964550855, 'weight_decay': 0.00027397022947249397, 'batch_size': 256, 'tree_depth': 11}
2024-10-31 19:01:19,193 - INFO - Trial 660: Train MSE=1.9126598579542977, Train R²=0.6800204004560199
2024-10-31 19:01:19,193 - INFO - Trial 660: Test MSE=2.2527588180133273, Test R²=0.6313061032976423
2024-10-31 19:01:19,193 - INFO - ============================================================================================================================================================================================================================================================================================================
2024-10-31 19:01:19,195 - INFO - Trial 660 finished with value: 2.2527588180133273 and parameters: {'hidden_layers': 1, 'hidden_units': 256, 'dropout_rate': 0.7907708417997632, 'learning_rate': 0.0034093552964550855, 'weight_decay': 0.00027397022947249397, 'batch_size': 256, 'tree_depth': 11}. Best is trial 601 with value: 2.1809195450374057.
2024-10-31 19:01:53,319 - INFO - Parameters: {'hidden_layers': 1, 'hidden_units': 256, 'dropout_rate': 0.7801400620522355, 'learning_rate': 0.0028838782891005385, 'weight_decay': 0.0002515936028867198, 'batch_size': 512, 'tree_depth': 11}
2024-10-31 19:01:53,319 - INFO - Trial 661: Train MSE=2.01039981842041, Train R²=0.6646548722471509
2024-10-31 19:01:53,320 - INFO - Trial 661: Test MSE=2.2900387900216237, Test R²=0.6271377376147679
2024-10-31 19:01:53,320 - INFO - ============================================================================================================================================================================================================================================================================================================
2024-10-31 19:01:53,321 - INFO - Trial 661 finished with value: 2.2900387900216237 and parameters: {'hidden_layers': 1, 'hidden_units': 256, 'dropout_rate': 0.7801400620522355, 'learning_rate': 0.0028838782891005385, 'weight_decay': 0.0002515936028867198, 'batch_size': 512, 'tree_depth': 11}. Best is trial 601 with value: 2.1809195450374057.
2024-10-31 19:02:27,141 - INFO - Parameters: {'hidden_layers': 1, 'hidden_units': 256, 'dropout_rate': 0.7529834832824477, 'learning_rate': 0.002451759248889578, 'weight_decay': 0.00023309474989083407, 'batch_size': 512, 'tree_depth': 11}
2024-10-31 19:02:27,141 - INFO - Trial 662: Train MSE=1.761796589408602, Train R²=0.7057895851986749
2024-10-31 19:02:27,142 - INFO - Trial 662: Test MSE=2.2943196637289867, Test R²=0.6265853473118373
2024-10-31 19:02:27,142 - INFO - ============================================================================================================================================================================================================================================================================================================
2024-10-31 19:02:27,143 - INFO - Trial 662 finished with value: 2.2943196637289867 and parameters: {'hidden_layers': 1, 'hidden_units': 256, 'dropout_rate': 0.7529834832824477, 'learning_rate': 0.002451759248889578, 'weight_decay': 0.00023309474989083407, 'batch_size': 512, 'tree_depth': 11}. Best is trial 601 with value: 2.1809195450374057.
2024-10-31 19:02:58,983 - INFO - Parameters: {'hidden_layers': 1, 'hidden_units': 256, 'dropout_rate': 0.791359507564157, 'learning_rate': 0.0032616473885887353, 'weight_decay': 0.00020975725042951274, 'batch_size': 512, 'tree_depth': 11}
2024-10-31 19:02:58,983 - INFO - Trial 663: Train MSE=2.0177939108439853, Train R²=0.6641517600842884
2024-10-31 19:02:58,984 - INFO - Trial 663: Test MSE=2.26126035622188, Test R²=0.631880351475307
2024-10-31 19:02:58,984 - INFO - ============================================================================================================================================================================================================================================================================================================
2024-10-31 19:02:58,985 - INFO - Trial 663 finished with value: 2.26126035622188 and parameters: {'hidden_layers': 1, 'hidden_units': 256, 'dropout_rate': 0.791359507564157, 'learning_rate': 0.0032616473885887353, 'weight_decay': 0.00020975725042951274, 'batch_size': 512, 'tree_depth': 11}. Best is trial 601 with value: 2.1809195450374057.
2024-10-31 19:03:31,199 - INFO - Parameters: {'hidden_layers': 1, 'hidden_units': 256, 'dropout_rate': 0.7998109757473852, 'learning_rate': 0.0012366326963822176, 'weight_decay': 0.00026113958693086575, 'batch_size': 512, 'tree_depth': 11}
2024-10-31 19:03:31,199 - INFO - Trial 664: Train MSE=2.375282449381692, Train R²=0.604234686919621
2024-10-31 19:03:31,199 - INFO - Trial 664: Test MSE=2.224401201520647, Test R²=0.6381385581833976
2024-10-31 19:03:31,199 - INFO - ============================================================================================================================================================================================================================================================================================================
2024-10-31 19:03:31,201 - INFO - Trial 664 finished with value: 2.224401201520647 and parameters: {'hidden_layers': 1, 'hidden_units': 256, 'dropout_rate': 0.7998109757473852, 'learning_rate': 0.0012366326963822176, 'weight_decay': 0.00026113958693086575, 'batch_size': 512, 'tree_depth': 11}. Best is trial 601 with value: 2.1809195450374057.
2024-10-31 19:04:03,830 - INFO - Parameters: {'hidden_layers': 1, 'hidden_units': 256, 'dropout_rate': 0.7835255677979633, 'learning_rate': 0.002606288357251585, 'weight_decay': 0.00027158542941505367, 'batch_size': 512, 'tree_depth': 11}
2024-10-31 19:04:03,830 - INFO - Trial 665: Train MSE=2.014711639710835, Train R²=0.6650129365069526
2024-10-31 19:04:03,830 - INFO - Trial 665: Test MSE=2.238526667867388, Test R²=0.6355844736099243
2024-10-31 19:04:03,830 - INFO - ============================================================================================================================================================================================================================================================================================================
2024-10-31 19:04:03,832 - INFO - Trial 665 finished with value: 2.238526667867388 and parameters: {'hidden_layers': 1, 'hidden_units': 256, 'dropout_rate': 0.7835255677979633, 'learning_rate': 0.002606288357251585, 'weight_decay': 0.00027158542941505367, 'batch_size': 512, 'tree_depth': 11}. Best is trial 601 with value: 2.1809195450374057.
2024-10-31 19:04:36,726 - INFO - Parameters: {'hidden_layers': 1, 'hidden_units': 256, 'dropout_rate': 0.7688631558253278, 'learning_rate': 0.0023821068963910965, 'weight_decay': 0.00024322893390982665, 'batch_size': 512, 'tree_depth': 11}
2024-10-31 19:04:36,727 - INFO - Trial 666: Train MSE=1.9319231978484563, Train R²=0.679181409733636
2024-10-31 19:04:36,727 - INFO - Trial 666: Test MSE=2.2764591489519392, Test R²=0.6294509427888053
2024-10-31 19:04:36,727 - INFO - ============================================================================================================================================================================================================================================================================================================
2024-10-31 19:04:36,728 - INFO - Trial 666 finished with value: 2.2764591489519392 and parameters: {'hidden_layers': 1, 'hidden_units': 256, 'dropout_rate': 0.7688631558253278, 'learning_rate': 0.0023821068963910965, 'weight_decay': 0.00024322893390982665, 'batch_size': 512, 'tree_depth': 11}. Best is trial 601 with value: 2.1809195450374057.
2024-10-31 19:05:52,543 - INFO - Parameters: {'hidden_layers': 1, 'hidden_units': 256, 'dropout_rate': 0.7997075794177004, 'learning_rate': 0.0024236720469576543, 'weight_decay': 0.00022187032030256552, 'batch_size': 128, 'tree_depth': 11}
2024-10-31 19:05:52,543 - INFO - Trial 667: Train MSE=1.9502843884485108, Train R²=0.6718888570155416
2024-10-31 19:05:52,543 - INFO - Trial 667: Test MSE=2.2254483018602644, Test R²=0.6310949964182717
2024-10-31 19:05:52,543 - INFO - ============================================================================================================================================================================================================================================================================================================
2024-10-31 19:05:52,544 - INFO - Trial 667 finished with value: 2.2254483018602644 and parameters: {'hidden_layers': 1, 'hidden_units': 256, 'dropout_rate': 0.7997075794177004, 'learning_rate': 0.0024236720469576543, 'weight_decay': 0.00022187032030256552, 'batch_size': 128, 'tree_depth': 11}. Best is trial 601 with value: 2.1809195450374057.
2024-10-31 19:06:24,303 - INFO - Parameters: {'hidden_layers': 1, 'hidden_units': 256, 'dropout_rate': 0.5916339586616799, 'learning_rate': 0.0032009032464214715, 'weight_decay': 0.0002650344382792034, 'batch_size': 512, 'tree_depth': 11}
2024-10-31 19:06:24,303 - INFO - Trial 668: Train MSE=1.0857431782143456, Train R²=0.8191136206899371
2024-10-31 19:06:24,303 - INFO - Trial 668: Test MSE=2.364147220339094, Test R²=0.6151640840939113
2024-10-31 19:06:24,303 - INFO - ============================================================================================================================================================================================================================================================================================================
2024-10-31 19:06:24,305 - INFO - Trial 668 finished with value: 2.364147220339094 and parameters: {'hidden_layers': 1, 'hidden_units': 256, 'dropout_rate': 0.5916339586616799, 'learning_rate': 0.0032009032464214715, 'weight_decay': 0.0002650344382792034, 'batch_size': 512, 'tree_depth': 11}. Best is trial 601 with value: 2.1809195450374057.
2024-10-31 19:06:56,126 - INFO - Parameters: {'hidden_layers': 1, 'hidden_units': 128, 'dropout_rate': 0.78221099683701, 'learning_rate': 0.0027886684734420553, 'weight_decay': 0.00028008712731678634, 'batch_size': 512, 'tree_depth': 11}
2024-10-31 19:06:56,126 - INFO - Trial 669: Train MSE=2.4286024400166104, Train R²=0.5959653024162564
2024-10-31 19:06:56,127 - INFO - Trial 669: Test MSE=2.2653931038720265, Test R²=0.6313655206135341
2024-10-31 19:06:56,127 - INFO - ============================================================================================================================================================================================================================================================================================================
2024-10-31 19:06:56,128 - INFO - Trial 669 finished with value: 2.2653931038720265 and parameters: {'hidden_layers': 1, 'hidden_units': 128, 'dropout_rate': 0.78221099683701, 'learning_rate': 0.0027886684734420553, 'weight_decay': 0.00028008712731678634, 'batch_size': 512, 'tree_depth': 11}. Best is trial 601 with value: 2.1809195450374057.
2024-10-31 19:07:28,408 - INFO - Parameters: {'hidden_layers': 1, 'hidden_units': 512, 'dropout_rate': 0.7731887495662219, 'learning_rate': 0.002907429840620128, 'weight_decay': 0.0002461925626147621, 'batch_size': 512, 'tree_depth': 11}
2024-10-31 19:07:28,408 - INFO - Trial 670: Train MSE=1.6919531311307634, Train R²=0.7180681611810412
2024-10-31 19:07:28,409 - INFO - Trial 670: Test MSE=2.277060100010463, Test R²=0.629332891532353
2024-10-31 19:07:28,409 - INFO - ============================================================================================================================================================================================================================================================================================================
2024-10-31 19:07:28,409 - INFO - Trial 670 finished with value: 2.277060100010463 and parameters: {'hidden_layers': 1, 'hidden_units': 512, 'dropout_rate': 0.7731887495662219, 'learning_rate': 0.002907429840620128, 'weight_decay': 0.0002461925626147621, 'batch_size': 512, 'tree_depth': 11}. Best is trial 601 with value: 2.1809195450374057.
2024-10-31 19:08:01,074 - INFO - Parameters: {'hidden_layers': 1, 'hidden_units': 256, 'dropout_rate': 0.791082178972868, 'learning_rate': 0.0014502613852059654, 'weight_decay': 0.00025958555920392866, 'batch_size': 512, 'tree_depth': 11}
2024-10-31 19:08:01,074 - INFO - Trial 671: Train MSE=2.2402224370411465, Train R²=0.6271997626338687
2024-10-31 19:08:01,074 - INFO - Trial 671: Test MSE=2.250044448035104, Test R²=0.633778418813433
2024-10-31 19:08:01,074 - INFO - ============================================================================================================================================================================================================================================================================================================
2024-10-31 19:08:01,076 - INFO - Trial 671 finished with value: 2.250044448035104 and parameters: {'hidden_layers': 1, 'hidden_units': 256, 'dropout_rate': 0.791082178972868, 'learning_rate': 0.0014502613852059654, 'weight_decay': 0.00025958555920392866, 'batch_size': 512, 'tree_depth': 11}. Best is trial 601 with value: 2.1809195450374057.
2024-10-31 19:08:32,264 - INFO - Parameters: {'hidden_layers': 1, 'hidden_units': 256, 'dropout_rate': 0.7604901237824445, 'learning_rate': 0.0013109954473871466, 'weight_decay': 0.00027376497315449955, 'batch_size': 512, 'tree_depth': 10}
2024-10-31 19:08:32,264 - INFO - Trial 672: Train MSE=2.076398206608636, Train R²=0.6537793555430004
2024-10-31 19:08:32,264 - INFO - Trial 672: Test MSE=2.2858582735061646, Test R²=0.6279638750212533
2024-10-31 19:08:32,264 - INFO - ============================================================================================================================================================================================================================================================================================================
