2024-10-31 19:08:32,266 - INFO - Trial 672 finished with value: 2.2858582735061646 and parameters: {'hidden_layers': 1, 'hidden_units': 256, 'dropout_rate': 0.7604901237824445, 'learning_rate': 0.0013109954473871466, 'weight_decay': 0.00027376497315449955, 'batch_size': 512, 'tree_depth': 10}. Best is trial 601 with value: 2.1809195450374057.
2024-10-31 19:09:03,943 - INFO - Parameters: {'hidden_layers': 1, 'hidden_units': 256, 'dropout_rate': 0.7834530412569009, 'learning_rate': 0.0022697944265010765, 'weight_decay': 0.00028922725419524827, 'batch_size': 512, 'tree_depth': 11}
2024-10-31 19:09:03,943 - INFO - Trial 673: Train MSE=2.0666369199752808, Train R²=0.6563577950000763
2024-10-31 19:09:03,943 - INFO - Trial 673: Test MSE=2.2389428274972096, Test R²=0.6354547994477409
2024-10-31 19:09:03,943 - INFO - ============================================================================================================================================================================================================================================================================================================
2024-10-31 19:09:03,944 - INFO - Trial 673 finished with value: 2.2389428274972096 and parameters: {'hidden_layers': 1, 'hidden_units': 256, 'dropout_rate': 0.7834530412569009, 'learning_rate': 0.0022697944265010765, 'weight_decay': 0.00028922725419524827, 'batch_size': 512, 'tree_depth': 11}. Best is trial 601 with value: 2.1809195450374057.
2024-10-31 19:09:35,540 - INFO - Parameters: {'hidden_layers': 1, 'hidden_units': 256, 'dropout_rate': 0.7733492102453402, 'learning_rate': 0.004654243887243277, 'weight_decay': 0.000232288454540227, 'batch_size': 512, 'tree_depth': 11}
2024-10-31 19:09:35,540 - INFO - Trial 674: Train MSE=1.8875193681035722, Train R²=0.6858198919466564
2024-10-31 19:09:35,540 - INFO - Trial 674: Test MSE=2.2402644838605608, Test R²=0.635143348148891
2024-10-31 19:09:35,540 - INFO - ============================================================================================================================================================================================================================================================================================================
2024-10-31 19:09:35,542 - INFO - Trial 674 finished with value: 2.2402644838605608 and parameters: {'hidden_layers': 1, 'hidden_units': 256, 'dropout_rate': 0.7733492102453402, 'learning_rate': 0.004654243887243277, 'weight_decay': 0.000232288454540227, 'batch_size': 512, 'tree_depth': 11}. Best is trial 601 with value: 2.1809195450374057.
2024-10-31 19:10:07,774 - INFO - Parameters: {'hidden_layers': 1, 'hidden_units': 256, 'dropout_rate': 0.7895650263922953, 'learning_rate': 0.0011719823197796756, 'weight_decay': 0.00026949664473228577, 'batch_size': 512, 'tree_depth': 11}
2024-10-31 19:10:07,774 - INFO - Trial 675: Train MSE=2.3283914072172984, Train R²=0.6114167613642556
2024-10-31 19:10:07,774 - INFO - Trial 675: Test MSE=2.2218272345406667, Test R²=0.6383852022034782
2024-10-31 19:10:07,774 - INFO - ============================================================================================================================================================================================================================================================================================================
2024-10-31 19:10:07,776 - INFO - Trial 675 finished with value: 2.2218272345406667 and parameters: {'hidden_layers': 1, 'hidden_units': 256, 'dropout_rate': 0.7895650263922953, 'learning_rate': 0.0011719823197796756, 'weight_decay': 0.00026949664473228577, 'batch_size': 512, 'tree_depth': 11}. Best is trial 601 with value: 2.1809195450374057.
2024-10-31 19:10:39,515 - INFO - Parameters: {'hidden_layers': 2, 'hidden_units': 256, 'dropout_rate': 0.7301319888867857, 'learning_rate': 0.0011258641693359477, 'weight_decay': 0.0002513574607831516, 'batch_size': 512, 'tree_depth': 6}
2024-10-31 19:10:39,516 - INFO - Trial 676: Train MSE=2.990658734525953, Train R²=0.502509953720229
2024-10-31 19:10:39,516 - INFO - Trial 676: Test MSE=2.4398460728781566, Test R²=0.6028435059956142
2024-10-31 19:10:39,516 - INFO - ============================================================================================================================================================================================================================================================================================================
2024-10-31 19:10:39,517 - INFO - Trial 676 finished with value: 2.4398460728781566 and parameters: {'hidden_layers': 2, 'hidden_units': 256, 'dropout_rate': 0.7301319888867857, 'learning_rate': 0.0011258641693359477, 'weight_decay': 0.0002513574607831516, 'batch_size': 512, 'tree_depth': 6}. Best is trial 601 with value: 2.1809195450374057.
2024-10-31 19:11:11,564 - INFO - Parameters: {'hidden_layers': 1, 'hidden_units': 256, 'dropout_rate': 0.7994522110430425, 'learning_rate': 0.006067674527505996, 'weight_decay': 0.0002885872319504593, 'batch_size': 512, 'tree_depth': 11}
2024-10-31 19:11:11,564 - INFO - Trial 677: Train MSE=2.1036496460437775, Train R²=0.6502141973802021
2024-10-31 19:11:11,564 - INFO - Trial 677: Test MSE=2.2456520284925188, Test R²=0.6345344356128148
2024-10-31 19:11:11,564 - INFO - ============================================================================================================================================================================================================================================================================================================
2024-10-31 19:11:11,566 - INFO - Trial 677 finished with value: 2.2456520284925188 and parameters: {'hidden_layers': 1, 'hidden_units': 256, 'dropout_rate': 0.7994522110430425, 'learning_rate': 0.006067674527505996, 'weight_decay': 0.0002885872319504593, 'batch_size': 512, 'tree_depth': 11}. Best is trial 601 with value: 2.1809195450374057.
2024-10-31 19:11:43,117 - INFO - Parameters: {'hidden_layers': 1, 'hidden_units': 256, 'dropout_rate': 0.7796218784337878, 'learning_rate': 0.0038523246458330943, 'weight_decay': 0.00031595181867486545, 'batch_size': 512, 'tree_depth': 11}
2024-10-31 19:11:43,117 - INFO - Trial 678: Train MSE=1.972419125693185, Train R²=0.6710185664040702
2024-10-31 19:11:43,117 - INFO - Trial 678: Test MSE=2.244092736925398, Test R²=0.6347062161990574
2024-10-31 19:11:43,118 - INFO - ============================================================================================================================================================================================================================================================================================================
2024-10-31 19:11:43,119 - INFO - Trial 678 finished with value: 2.244092736925398 and parameters: {'hidden_layers': 1, 'hidden_units': 256, 'dropout_rate': 0.7796218784337878, 'learning_rate': 0.0038523246458330943, 'weight_decay': 0.00031595181867486545, 'batch_size': 512, 'tree_depth': 11}. Best is trial 601 with value: 2.1809195450374057.
2024-10-31 19:12:14,402 - INFO - Parameters: {'hidden_layers': 1, 'hidden_units': 256, 'dropout_rate': 0.7658084995458119, 'learning_rate': 0.0015126138634175093, 'weight_decay': 0.0002378470611606739, 'batch_size': 512, 'tree_depth': 11}
2024-10-31 19:12:14,402 - INFO - Trial 679: Train MSE=1.9293472979749953, Train R²=0.6786935584885734
2024-10-31 19:12:14,402 - INFO - Trial 679: Test MSE=2.2661080360412598, Test R²=0.6312054480825152
2024-10-31 19:12:14,402 - INFO - ============================================================================================================================================================================================================================================================================================================
2024-10-31 19:12:14,404 - INFO - Trial 679 finished with value: 2.2661080360412598 and parameters: {'hidden_layers': 1, 'hidden_units': 256, 'dropout_rate': 0.7658084995458119, 'learning_rate': 0.0015126138634175093, 'weight_decay': 0.0002378470611606739, 'batch_size': 512, 'tree_depth': 11}. Best is trial 601 with value: 2.1809195450374057.
2024-10-31 19:12:46,400 - INFO - Parameters: {'hidden_layers': 1, 'hidden_units': 256, 'dropout_rate': 0.7920097850236145, 'learning_rate': 0.002222925802280843, 'weight_decay': 0.0003008575326915694, 'batch_size': 512, 'tree_depth': 11}
2024-10-31 19:12:46,401 - INFO - Trial 680: Train MSE=2.0886354403836385, Train R²=0.652752697467804
2024-10-31 19:12:46,401 - INFO - Trial 680: Test MSE=2.253768035343715, Test R²=0.6331236107008797
2024-10-31 19:12:46,401 - INFO - ============================================================================================================================================================================================================================================================================================================
2024-10-31 19:12:46,402 - INFO - Trial 680 finished with value: 2.253768035343715 and parameters: {'hidden_layers': 1, 'hidden_units': 256, 'dropout_rate': 0.7920097850236145, 'learning_rate': 0.002222925802280843, 'weight_decay': 0.0003008575326915694, 'batch_size': 512, 'tree_depth': 11}. Best is trial 601 with value: 2.1809195450374057.
2024-10-31 19:13:17,089 - INFO - Parameters: {'hidden_layers': 1, 'hidden_units': 256, 'dropout_rate': 0.5442275073491325, 'learning_rate': 0.0012780236597104608, 'weight_decay': 0.0002791991075918326, 'batch_size': 512, 'tree_depth': 8}
2024-10-31 19:13:17,089 - INFO - Trial 681: Train MSE=1.4113365709781647, Train R²=0.7643542864492961
2024-10-31 19:13:17,089 - INFO - Trial 681: Test MSE=2.4636612960270474, Test R²=0.5990070360047477
2024-10-31 19:13:17,089 - INFO - ============================================================================================================================================================================================================================================================================================================
2024-10-31 19:13:17,090 - INFO - Trial 681 finished with value: 2.4636612960270474 and parameters: {'hidden_layers': 1, 'hidden_units': 256, 'dropout_rate': 0.5442275073491325, 'learning_rate': 0.0012780236597104608, 'weight_decay': 0.0002791991075918326, 'batch_size': 512, 'tree_depth': 8}. Best is trial 601 with value: 2.1809195450374057.
2024-10-31 19:13:47,171 - INFO - Parameters: {'hidden_layers': 1, 'hidden_units': 1024, 'dropout_rate': 0.7997097293179076, 'learning_rate': 0.0008451384775796486, 'weight_decay': 0.0002159249140800115, 'batch_size': 1024, 'tree_depth': 11}
2024-10-31 19:13:47,172 - INFO - Trial 682: Train MSE=2.7267308064869473, Train R²=0.5471871324947902
2024-10-31 19:13:47,172 - INFO - Trial 682: Test MSE=2.403102695941925, Test R²=0.6062916666269302
2024-10-31 19:13:47,172 - INFO - ============================================================================================================================================================================================================================================================================================================
2024-10-31 19:13:47,173 - INFO - Trial 682 finished with value: 2.403102695941925 and parameters: {'hidden_layers': 1, 'hidden_units': 1024, 'dropout_rate': 0.7997097293179076, 'learning_rate': 0.0008451384775796486, 'weight_decay': 0.0002159249140800115, 'batch_size': 1024, 'tree_depth': 11}. Best is trial 601 with value: 2.1809195450374057.
2024-10-31 19:14:19,819 - INFO - Parameters: {'hidden_layers': 1, 'hidden_units': 256, 'dropout_rate': 0.7823220704446734, 'learning_rate': 0.0010498569526876168, 'weight_decay': 0.0007088599682019253, 'batch_size': 512, 'tree_depth': 12}
2024-10-31 19:14:19,819 - INFO - Trial 683: Train MSE=2.345960336072104, Train R²=0.6099253680024829
2024-10-31 19:14:19,820 - INFO - Trial 683: Test MSE=2.257605927331107, Test R²=0.6323582104274205
2024-10-31 19:14:19,820 - INFO - ============================================================================================================================================================================================================================================================================================================
2024-10-31 19:14:19,821 - INFO - Trial 683 finished with value: 2.257605927331107 and parameters: {'hidden_layers': 1, 'hidden_units': 256, 'dropout_rate': 0.7823220704446734, 'learning_rate': 0.0010498569526876168, 'weight_decay': 0.0007088599682019253, 'batch_size': 512, 'tree_depth': 12}. Best is trial 601 with value: 2.1809195450374057.
2024-10-31 19:15:05,923 - INFO - Parameters: {'hidden_layers': 1, 'hidden_units': 256, 'dropout_rate': 0.7466497424575855, 'learning_rate': 0.001401455723073265, 'weight_decay': 0.00033473695796423146, 'batch_size': 256, 'tree_depth': 11}
2024-10-31 19:15:05,923 - INFO - Trial 684: Train MSE=1.704371037227767, Train R²=0.7151580325194767
2024-10-31 19:15:05,923 - INFO - Trial 684: Test MSE=2.2904373662812367, Test R²=0.6255353518894741
2024-10-31 19:15:05,923 - INFO - ============================================================================================================================================================================================================================================================================================================
2024-10-31 19:15:05,924 - INFO - Trial 684 finished with value: 2.2904373662812367 and parameters: {'hidden_layers': 1, 'hidden_units': 256, 'dropout_rate': 0.7466497424575855, 'learning_rate': 0.001401455723073265, 'weight_decay': 0.00033473695796423146, 'batch_size': 256, 'tree_depth': 11}. Best is trial 601 with value: 2.1809195450374057.
2024-10-31 19:15:37,342 - INFO - Parameters: {'hidden_layers': 1, 'hidden_units': 256, 'dropout_rate': 0.799988790042062, 'learning_rate': 0.0009031984156121595, 'weight_decay': 0.0002594772674928253, 'batch_size': 512, 'tree_depth': 11}
2024-10-31 19:15:37,342 - INFO - Trial 685: Train MSE=2.58789039509637, Train R²=0.5693161849464689
2024-10-31 19:15:37,342 - INFO - Trial 685: Test MSE=2.250669479370117, Test R²=0.6337290150778634
2024-10-31 19:15:37,342 - INFO - ============================================================================================================================================================================================================================================================================================================
2024-10-31 19:15:37,344 - INFO - Trial 685 finished with value: 2.250669479370117 and parameters: {'hidden_layers': 1, 'hidden_units': 256, 'dropout_rate': 0.799988790042062, 'learning_rate': 0.0009031984156121595, 'weight_decay': 0.0002594772674928253, 'batch_size': 512, 'tree_depth': 11}. Best is trial 601 with value: 2.1809195450374057.
2024-10-31 19:16:09,076 - INFO - Parameters: {'hidden_layers': 1, 'hidden_units': 256, 'dropout_rate': 0.7761492925731114, 'learning_rate': 0.0026469812677520172, 'weight_decay': 0.0003179157380903244, 'batch_size': 512, 'tree_depth': 12}
2024-10-31 19:16:09,076 - INFO - Trial 686: Train MSE=1.9470712670258112, Train R²=0.6762418895959854
2024-10-31 19:16:09,076 - INFO - Trial 686: Test MSE=2.2743512221745084, Test R²=0.6297486424446106
2024-10-31 19:16:09,076 - INFO - ============================================================================================================================================================================================================================================================================================================
2024-10-31 19:16:09,077 - INFO - Trial 686 finished with value: 2.2743512221745084 and parameters: {'hidden_layers': 1, 'hidden_units': 256, 'dropout_rate': 0.7761492925731114, 'learning_rate': 0.0026469812677520172, 'weight_decay': 0.0003179157380903244, 'batch_size': 512, 'tree_depth': 12}. Best is trial 601 with value: 2.1809195450374057.
2024-10-31 19:16:41,058 - INFO - Parameters: {'hidden_layers': 1, 'hidden_units': 256, 'dropout_rate': 0.7886377540778932, 'learning_rate': 0.001213404507575518, 'weight_decay': 0.0007819418379118813, 'batch_size': 512, 'tree_depth': 11}
2024-10-31 19:16:41,058 - INFO - Trial 687: Train MSE=2.326186554772513, Train R²=0.6134994817631585
2024-10-31 19:16:41,059 - INFO - Trial 687: Test MSE=2.227030328341893, Test R²=0.6375402467591422
2024-10-31 19:16:41,059 - INFO - ============================================================================================================================================================================================================================================================================================================
2024-10-31 19:16:41,060 - INFO - Trial 687 finished with value: 2.227030328341893 and parameters: {'hidden_layers': 1, 'hidden_units': 256, 'dropout_rate': 0.7886377540778932, 'learning_rate': 0.001213404507575518, 'weight_decay': 0.0007819418379118813, 'batch_size': 512, 'tree_depth': 11}. Best is trial 601 with value: 2.1809195450374057.
2024-10-31 19:17:12,870 - INFO - Parameters: {'hidden_layers': 1, 'hidden_units': 256, 'dropout_rate': 0.7695617999356316, 'learning_rate': 0.0011104627836874459, 'weight_decay': 0.0006408282484739249, 'batch_size': 512, 'tree_depth': 11}
2024-10-31 19:17:12,870 - INFO - Trial 688: Train MSE=2.208448269537517, Train R²=0.6324631337608609
2024-10-31 19:17:12,870 - INFO - Trial 688: Test MSE=2.219627857208252, Test R²=0.6387387428964887
2024-10-31 19:17:12,870 - INFO - ============================================================================================================================================================================================================================================================================================================
2024-10-31 19:17:12,872 - INFO - Trial 688 finished with value: 2.219627857208252 and parameters: {'hidden_layers': 1, 'hidden_units': 256, 'dropout_rate': 0.7695617999356316, 'learning_rate': 0.0011104627836874459, 'weight_decay': 0.0006408282484739249, 'batch_size': 512, 'tree_depth': 11}. Best is trial 601 with value: 2.1809195450374057.
2024-10-31 19:17:47,337 - INFO - Parameters: {'hidden_layers': 3, 'hidden_units': 256, 'dropout_rate': 0.7849722772642056, 'learning_rate': 0.0009983722411849869, 'weight_decay': 0.00028994503596674234, 'batch_size': 512, 'tree_depth': 12}
2024-10-31 19:17:47,337 - INFO - Trial 689: Train MSE=2.8507236327443803, Train R²=0.5260420484202248
2024-10-31 19:17:47,338 - INFO - Trial 689: Test MSE=2.294818810054234, Test R²=0.6267018062727792
2024-10-31 19:17:47,338 - INFO - ============================================================================================================================================================================================================================================================================================================
2024-10-31 19:17:47,339 - INFO - Trial 689 finished with value: 2.294818810054234 and parameters: {'hidden_layers': 3, 'hidden_units': 256, 'dropout_rate': 0.7849722772642056, 'learning_rate': 0.0009983722411849869, 'weight_decay': 0.00028994503596674234, 'batch_size': 512, 'tree_depth': 12}. Best is trial 601 with value: 2.1809195450374057.
2024-10-31 19:18:18,743 - INFO - Parameters: {'hidden_layers': 1, 'hidden_units': 256, 'dropout_rate': 0.7571899385988363, 'learning_rate': 0.001274422848024766, 'weight_decay': 0.00027266948104299495, 'batch_size': 512, 'tree_depth': 11}
2024-10-31 19:18:18,743 - INFO - Trial 690: Train MSE=1.9604765347072057, Train R²=0.6745564000947135
2024-10-31 19:18:18,743 - INFO - Trial 690: Test MSE=2.246843303952898, Test R²=0.6341327854565212
2024-10-31 19:18:18,743 - INFO - ============================================================================================================================================================================================================================================================================================================
2024-10-31 19:18:18,745 - INFO - Trial 690 finished with value: 2.246843303952898 and parameters: {'hidden_layers': 1, 'hidden_units': 256, 'dropout_rate': 0.7571899385988363, 'learning_rate': 0.001274422848024766, 'weight_decay': 0.00027266948104299495, 'batch_size': 512, 'tree_depth': 11}. Best is trial 601 with value: 2.1809195450374057.
2024-10-31 19:19:35,093 - INFO - Parameters: {'hidden_layers': 1, 'hidden_units': 512, 'dropout_rate': 0.7894759914899341, 'learning_rate': 0.0015624060328426105, 'weight_decay': 0.00035369310349245075, 'batch_size': 128, 'tree_depth': 11}
2024-10-31 19:19:35,093 - INFO - Trial 691: Train MSE=1.8325719577925546, Train R²=0.6923117456691605
2024-10-31 19:19:35,094 - INFO - Trial 691: Test MSE=2.238205168928419, Test R²=0.6296004078217915
2024-10-31 19:19:35,094 - INFO - ============================================================================================================================================================================================================================================================================================================
