2024-10-31 18:06:46,839 - INFO - Trial 577 finished with value: 2.241988045828683 and parameters: {'hidden_layers': 1, 'hidden_units': 256, 'dropout_rate': 0.7911560161534773, 'learning_rate': 0.0011971011468474187, 'weight_decay': 0.0003279513677298441, 'batch_size': 512, 'tree_depth': 11}. Best is trial 104 with value: 2.1955713714872087.
2024-10-31 18:07:31,249 - INFO - Parameters: {'hidden_layers': 1, 'hidden_units': 256, 'dropout_rate': 0.73720834281614, 'learning_rate': 0.0010893347608979622, 'weight_decay': 0.00036219004153305914, 'batch_size': 512, 'tree_depth': 11}
2024-10-31 18:07:31,249 - INFO - Trial 578: Train MSE=1.9457572613443648, Train R²=0.6752409913710186
2024-10-31 18:07:31,249 - INFO - Trial 578: Test MSE=2.2823966230664934, Test R²=0.628407461302621
2024-10-31 18:07:31,249 - INFO - ============================================================================================================================================================================================================================================================================================================
2024-10-31 18:07:31,250 - INFO - Trial 578 finished with value: 2.2823966230664934 and parameters: {'hidden_layers': 1, 'hidden_units': 256, 'dropout_rate': 0.73720834281614, 'learning_rate': 0.0010893347608979622, 'weight_decay': 0.00036219004153305914, 'batch_size': 512, 'tree_depth': 11}. Best is trial 104 with value: 2.1955713714872087.
2024-10-31 18:08:16,540 - INFO - Parameters: {'hidden_layers': 1, 'hidden_units': 256, 'dropout_rate': 0.7553975704345792, 'learning_rate': 0.0013948816534940759, 'weight_decay': 0.00028541820429916944, 'batch_size': 512, 'tree_depth': 11}
2024-10-31 18:08:16,540 - INFO - Trial 579: Train MSE=1.9824070504733495, Train R²=0.6697593310049602
2024-10-31 18:08:16,540 - INFO - Trial 579: Test MSE=2.2451864991869246, Test R²=0.6346567358289447
2024-10-31 18:08:16,540 - INFO - ============================================================================================================================================================================================================================================================================================================
2024-10-31 18:08:16,541 - INFO - Trial 579 finished with value: 2.2451864991869246 and parameters: {'hidden_layers': 1, 'hidden_units': 256, 'dropout_rate': 0.7553975704345792, 'learning_rate': 0.0013948816534940759, 'weight_decay': 0.00028541820429916944, 'batch_size': 512, 'tree_depth': 11}. Best is trial 104 with value: 2.1955713714872087.
2024-10-31 18:09:01,747 - INFO - Parameters: {'hidden_layers': 1, 'hidden_units': 256, 'dropout_rate': 0.7827785585132434, 'learning_rate': 0.0009532526766626464, 'weight_decay': 0.0003105971332391475, 'batch_size': 512, 'tree_depth': 12}
2024-10-31 18:09:01,747 - INFO - Trial 580: Train MSE=2.3512212889535085, Train R²=0.6082760180745806
2024-10-31 18:09:01,747 - INFO - Trial 580: Test MSE=2.237945454461234, Test R²=0.6357919658933368
2024-10-31 18:09:01,747 - INFO - ============================================================================================================================================================================================================================================================================================================
2024-10-31 18:09:01,749 - INFO - Trial 580 finished with value: 2.237945454461234 and parameters: {'hidden_layers': 1, 'hidden_units': 256, 'dropout_rate': 0.7827785585132434, 'learning_rate': 0.0009532526766626464, 'weight_decay': 0.0003105971332391475, 'batch_size': 512, 'tree_depth': 12}. Best is trial 104 with value: 2.1955713714872087.
2024-10-31 18:09:40,799 - INFO - Parameters: {'hidden_layers': 1, 'hidden_units': 256, 'dropout_rate': 0.47739081591077037, 'learning_rate': 0.001151711931537553, 'weight_decay': 0.00026988466737115445, 'batch_size': 1024, 'tree_depth': 11}
2024-10-31 18:09:40,799 - INFO - Trial 581: Train MSE=1.0188540986606054, Train R²=0.8307243415287563
2024-10-31 18:09:40,799 - INFO - Trial 581: Test MSE=2.4294172525405884, Test R²=0.6014785766601562
2024-10-31 18:09:40,799 - INFO - ============================================================================================================================================================================================================================================================================================================
2024-10-31 18:09:40,800 - INFO - Trial 581 finished with value: 2.4294172525405884 and parameters: {'hidden_layers': 1, 'hidden_units': 256, 'dropout_rate': 0.47739081591077037, 'learning_rate': 0.001151711931537553, 'weight_decay': 0.00026988466737115445, 'batch_size': 1024, 'tree_depth': 11}. Best is trial 104 with value: 2.1955713714872087.
2024-10-31 18:10:25,862 - INFO - Parameters: {'hidden_layers': 1, 'hidden_units': 1024, 'dropout_rate': 0.7752915599301325, 'learning_rate': 0.0007743458810068388, 'weight_decay': 0.0003333107474830474, 'batch_size': 512, 'tree_depth': 10}
2024-10-31 18:10:25,862 - INFO - Trial 582: Train MSE=2.169536679983139, Train R²=0.6388930188758033
2024-10-31 18:10:25,862 - INFO - Trial 582: Test MSE=2.296450104032244, Test R²=0.6262349912098476
2024-10-31 18:10:25,862 - INFO - ============================================================================================================================================================================================================================================================================================================
2024-10-31 18:10:25,863 - INFO - Trial 582 finished with value: 2.296450104032244 and parameters: {'hidden_layers': 1, 'hidden_units': 1024, 'dropout_rate': 0.7752915599301325, 'learning_rate': 0.0007743458810068388, 'weight_decay': 0.0003333107474830474, 'batch_size': 512, 'tree_depth': 10}. Best is trial 104 with value: 2.1955713714872087.
2024-10-31 18:11:10,913 - INFO - Parameters: {'hidden_layers': 1, 'hidden_units': 256, 'dropout_rate': 0.792213475818393, 'learning_rate': 0.0010432136027875467, 'weight_decay': 0.0003183720508923839, 'batch_size': 512, 'tree_depth': 12}
2024-10-31 18:11:10,913 - INFO - Trial 583: Train MSE=2.426455080509186, Train R²=0.5954157667500632
2024-10-31 18:11:10,913 - INFO - Trial 583: Test MSE=2.283325740269252, Test R²=0.6283067975725446
2024-10-31 18:11:10,913 - INFO - ============================================================================================================================================================================================================================================================================================================
2024-10-31 18:11:10,914 - INFO - Trial 583 finished with value: 2.283325740269252 and parameters: {'hidden_layers': 1, 'hidden_units': 256, 'dropout_rate': 0.792213475818393, 'learning_rate': 0.0010432136027875467, 'weight_decay': 0.0003183720508923839, 'batch_size': 512, 'tree_depth': 12}. Best is trial 104 with value: 2.1955713714872087.
2024-10-31 18:12:13,467 - INFO - Parameters: {'hidden_layers': 1, 'hidden_units': 256, 'dropout_rate': 0.3840313280071938, 'learning_rate': 0.004386175997924604, 'weight_decay': 0.00030070700795994655, 'batch_size': 256, 'tree_depth': 11}
2024-10-31 18:12:13,467 - INFO - Trial 584: Train MSE=0.8998254037329129, Train R²=0.8490403922540801
2024-10-31 18:12:13,467 - INFO - Trial 584: Test MSE=2.440871928419386, Test R²=0.6006608349936349
2024-10-31 18:12:13,467 - INFO - ============================================================================================================================================================================================================================================================================================================
2024-10-31 18:12:13,469 - INFO - Trial 584 finished with value: 2.440871928419386 and parameters: {'hidden_layers': 1, 'hidden_units': 256, 'dropout_rate': 0.3840313280071938, 'learning_rate': 0.004386175997924604, 'weight_decay': 0.00030070700795994655, 'batch_size': 256, 'tree_depth': 11}. Best is trial 104 with value: 2.1955713714872087.
2024-10-31 18:12:58,494 - INFO - Parameters: {'hidden_layers': 1, 'hidden_units': 256, 'dropout_rate': 0.766135337162994, 'learning_rate': 0.001317870373531451, 'weight_decay': 0.00039455419255637013, 'batch_size': 512, 'tree_depth': 11}
2024-10-31 18:12:58,494 - INFO - Trial 585: Train MSE=2.0355429691927776, Train R²=0.6615297751767295
2024-10-31 18:12:58,495 - INFO - Trial 585: Test MSE=2.2436990567616055, Test R²=0.6349256719861712
2024-10-31 18:12:58,495 - INFO - ============================================================================================================================================================================================================================================================================================================
2024-10-31 18:12:58,495 - INFO - Trial 585 finished with value: 2.2436990567616055 and parameters: {'hidden_layers': 1, 'hidden_units': 256, 'dropout_rate': 0.766135337162994, 'learning_rate': 0.001317870373531451, 'weight_decay': 0.00039455419255637013, 'batch_size': 512, 'tree_depth': 11}. Best is trial 104 with value: 2.1955713714872087.
2024-10-31 18:13:43,230 - INFO - Parameters: {'hidden_layers': 1, 'hidden_units': 256, 'dropout_rate': 0.7817978529057045, 'learning_rate': 0.0009194759143604826, 'weight_decay': 0.0003431663455114289, 'batch_size': 512, 'tree_depth': 11}
2024-10-31 18:13:43,230 - INFO - Trial 586: Train MSE=2.424310122217451, Train R²=0.5965349908385958
2024-10-31 18:13:43,230 - INFO - Trial 586: Test MSE=2.263793775013515, Test R²=0.6315084440367562
2024-10-31 18:13:43,230 - INFO - ============================================================================================================================================================================================================================================================================================================
2024-10-31 18:13:43,232 - INFO - Trial 586 finished with value: 2.263793775013515 and parameters: {'hidden_layers': 1, 'hidden_units': 256, 'dropout_rate': 0.7817978529057045, 'learning_rate': 0.0009194759143604826, 'weight_decay': 0.0003431663455114289, 'batch_size': 512, 'tree_depth': 11}. Best is trial 104 with value: 2.1955713714872087.
2024-10-31 18:14:28,217 - INFO - Parameters: {'hidden_layers': 1, 'hidden_units': 256, 'dropout_rate': 0.7923762938654145, 'learning_rate': 0.0012195140906419248, 'weight_decay': 0.0002892135664364876, 'batch_size': 512, 'tree_depth': 12}
2024-10-31 18:14:28,217 - INFO - Trial 587: Train MSE=2.3193640879222324, Train R²=0.6145936271974018
2024-10-31 18:14:28,217 - INFO - Trial 587: Test MSE=2.2375276259013583, Test R²=0.6359278048787799
2024-10-31 18:14:28,217 - INFO - ============================================================================================================================================================================================================================================================================================================
2024-10-31 18:14:28,218 - INFO - Trial 587 finished with value: 2.2375276259013583 and parameters: {'hidden_layers': 1, 'hidden_units': 256, 'dropout_rate': 0.7923762938654145, 'learning_rate': 0.0012195140906419248, 'weight_decay': 0.0002892135664364876, 'batch_size': 512, 'tree_depth': 12}. Best is trial 104 with value: 2.1955713714872087.
2024-10-31 18:15:13,978 - INFO - Parameters: {'hidden_layers': 1, 'hidden_units': 256, 'dropout_rate': 0.7725700592573304, 'learning_rate': 0.0014605276243771414, 'weight_decay': 0.0005142239642150235, 'batch_size': 512, 'tree_depth': 12}
2024-10-31 18:15:13,978 - INFO - Trial 588: Train MSE=2.0215003745896474, Train R²=0.6630526248897824
2024-10-31 18:15:13,978 - INFO - Trial 588: Test MSE=2.2222539356776645, Test R²=0.6383338570594788
2024-10-31 18:15:13,978 - INFO - ============================================================================================================================================================================================================================================================================================================
2024-10-31 18:15:13,980 - INFO - Trial 588 finished with value: 2.2222539356776645 and parameters: {'hidden_layers': 1, 'hidden_units': 256, 'dropout_rate': 0.7725700592573304, 'learning_rate': 0.0014605276243771414, 'weight_decay': 0.0005142239642150235, 'batch_size': 512, 'tree_depth': 12}. Best is trial 104 with value: 2.1955713714872087.
2024-10-31 18:15:58,505 - INFO - Parameters: {'hidden_layers': 1, 'hidden_units': 256, 'dropout_rate': 0.799882877846419, 'learning_rate': 0.003111000641529979, 'weight_decay': 0.0002760458099580592, 'batch_size': 512, 'tree_depth': 11}
2024-10-31 18:15:58,505 - INFO - Trial 589: Train MSE=2.1763303918497905, Train R²=0.637731522321701
2024-10-31 18:15:58,505 - INFO - Trial 589: Test MSE=2.200345754623413, Test R²=0.6418396575110299
2024-10-31 18:15:58,505 - INFO - ============================================================================================================================================================================================================================================================================================================
2024-10-31 18:15:58,506 - INFO - Trial 589 finished with value: 2.200345754623413 and parameters: {'hidden_layers': 1, 'hidden_units': 256, 'dropout_rate': 0.799882877846419, 'learning_rate': 0.003111000641529979, 'weight_decay': 0.0002760458099580592, 'batch_size': 512, 'tree_depth': 11}. Best is trial 104 with value: 2.1955713714872087.
2024-10-31 18:16:43,237 - INFO - Parameters: {'hidden_layers': 1, 'hidden_units': 256, 'dropout_rate': 0.7995019829525829, 'learning_rate': 0.0024208206947315294, 'weight_decay': 0.0005979400801085608, 'batch_size': 512, 'tree_depth': 11}
2024-10-31 18:16:43,237 - INFO - Trial 590: Train MSE=2.1712056483541216, Train R²=0.638495494212423
2024-10-31 18:16:43,238 - INFO - Trial 590: Test MSE=2.2323101588657925, Test R²=0.6369176932743618
2024-10-31 18:16:43,238 - INFO - ============================================================================================================================================================================================================================================================================================================
2024-10-31 18:16:43,239 - INFO - Trial 590 finished with value: 2.2323101588657925 and parameters: {'hidden_layers': 1, 'hidden_units': 256, 'dropout_rate': 0.7995019829525829, 'learning_rate': 0.0024208206947315294, 'weight_decay': 0.0005979400801085608, 'batch_size': 512, 'tree_depth': 11}. Best is trial 104 with value: 2.1955713714872087.
2024-10-31 18:18:14,152 - INFO - Parameters: {'hidden_layers': 1, 'hidden_units': 512, 'dropout_rate': 0.41181478840083985, 'learning_rate': 0.009925166305015101, 'weight_decay': 0.0002669543156783382, 'batch_size': 128, 'tree_depth': 11}
2024-10-31 18:18:14,152 - INFO - Trial 591: Train MSE=1.8369106096880776, Train R²=0.692095936941249
2024-10-31 18:18:14,152 - INFO - Trial 591: Test MSE=2.479901147740228, Test R²=0.588969207235745
2024-10-31 18:18:14,152 - INFO - ============================================================================================================================================================================================================================================================================================================
2024-10-31 18:18:14,153 - INFO - Trial 591 finished with value: 2.479901147740228 and parameters: {'hidden_layers': 1, 'hidden_units': 512, 'dropout_rate': 0.41181478840083985, 'learning_rate': 0.009925166305015101, 'weight_decay': 0.0002669543156783382, 'batch_size': 128, 'tree_depth': 11}. Best is trial 104 with value: 2.1955713714872087.
2024-10-31 18:18:51,169 - INFO - Parameters: {'hidden_layers': 1, 'hidden_units': 256, 'dropout_rate': 0.7917922472824587, 'learning_rate': 0.0027728044832096514, 'weight_decay': 0.0002760262314113982, 'batch_size': 512, 'tree_depth': 12}
2024-10-31 18:18:51,169 - INFO - Trial 592: Train MSE=2.0934963864939555, Train R²=0.6523228138685226
2024-10-31 18:18:51,169 - INFO - Trial 592: Test MSE=2.2187067781175887, Test R²=0.6389650361878532
2024-10-31 18:18:51,169 - INFO - ============================================================================================================================================================================================================================================================================================================
2024-10-31 18:18:51,170 - INFO - Trial 592 finished with value: 2.2187067781175887 and parameters: {'hidden_layers': 1, 'hidden_units': 256, 'dropout_rate': 0.7917922472824587, 'learning_rate': 0.0027728044832096514, 'weight_decay': 0.0002760262314113982, 'batch_size': 512, 'tree_depth': 12}. Best is trial 104 with value: 2.1955713714872087.
2024-10-31 18:19:27,734 - INFO - Parameters: {'hidden_layers': 1, 'hidden_units': 256, 'dropout_rate': 0.7921642770799392, 'learning_rate': 0.003637064811979823, 'weight_decay': 0.000258675800438785, 'batch_size': 512, 'tree_depth': 11}
2024-10-31 18:19:27,734 - INFO - Trial 593: Train MSE=2.0218162834644318, Train R²=0.6630703551428658
2024-10-31 18:19:27,734 - INFO - Trial 593: Test MSE=2.2456237248011996, Test R²=0.634320718901498
2024-10-31 18:19:27,734 - INFO - ============================================================================================================================================================================================================================================================================================================
2024-10-31 18:19:27,736 - INFO - Trial 593 finished with value: 2.2456237248011996 and parameters: {'hidden_layers': 1, 'hidden_units': 256, 'dropout_rate': 0.7921642770799392, 'learning_rate': 0.003637064811979823, 'weight_decay': 0.000258675800438785, 'batch_size': 512, 'tree_depth': 11}. Best is trial 104 with value: 2.1955713714872087.
2024-10-31 18:20:05,280 - INFO - Parameters: {'hidden_layers': 1, 'hidden_units': 256, 'dropout_rate': 0.7985690020725857, 'learning_rate': 0.0032217078520770832, 'weight_decay': 0.00024318187007953506, 'batch_size': 512, 'tree_depth': 11}
2024-10-31 18:20:05,280 - INFO - Trial 594: Train MSE=2.0841700732707977, Train R²=0.6528068440301078
2024-10-31 18:20:05,280 - INFO - Trial 594: Test MSE=2.251109208379473, Test R²=0.6338112439428057
2024-10-31 18:20:05,280 - INFO - ============================================================================================================================================================================================================================================================================================================
2024-10-31 18:20:05,281 - INFO - Trial 594 finished with value: 2.251109208379473 and parameters: {'hidden_layers': 1, 'hidden_units': 256, 'dropout_rate': 0.7985690020725857, 'learning_rate': 0.0032217078520770832, 'weight_decay': 0.00024318187007953506, 'batch_size': 512, 'tree_depth': 11}. Best is trial 104 with value: 2.1955713714872087.
2024-10-31 18:20:40,239 - INFO - Parameters: {'hidden_layers': 1, 'hidden_units': 128, 'dropout_rate': 0.7851971702386359, 'learning_rate': 0.0027590400361823023, 'weight_decay': 0.00028021352328491504, 'batch_size': 512, 'tree_depth': 12}
2024-10-31 18:20:40,239 - INFO - Trial 595: Train MSE=2.3459455541202, Train R²=0.6088684499263763
2024-10-31 18:20:40,240 - INFO - Trial 595: Test MSE=2.2409023897988454, Test R²=0.6352508068084717
2024-10-31 18:20:40,240 - INFO - ============================================================================================================================================================================================================================================================================================================
2024-10-31 18:20:40,241 - INFO - Trial 595 finished with value: 2.2409023897988454 and parameters: {'hidden_layers': 1, 'hidden_units': 128, 'dropout_rate': 0.7851971702386359, 'learning_rate': 0.0027590400361823023, 'weight_decay': 0.00028021352328491504, 'batch_size': 512, 'tree_depth': 12}. Best is trial 104 with value: 2.1955713714872087.
2024-10-31 18:21:17,038 - INFO - Parameters: {'hidden_layers': 1, 'hidden_units': 256, 'dropout_rate': 0.784916686536914, 'learning_rate': 0.0030326846790499832, 'weight_decay': 0.0002895287642462334, 'batch_size': 512, 'tree_depth': 11}
2024-10-31 18:21:17,038 - INFO - Trial 596: Train MSE=2.019873789378575, Train R²=0.6643714095864978
2024-10-31 18:21:17,038 - INFO - Trial 596: Test MSE=2.2562453065599715, Test R²=0.6326670220920018
2024-10-31 18:21:17,038 - INFO - ============================================================================================================================================================================================================================================================================================================
