2024-10-31 22:20:20,155 - INFO - Trial 976 finished with value: 2.2283405576433455 and parameters: {'hidden_layers': 1, 'hidden_units': 256, 'dropout_rate': 0.7653600521360104, 'learning_rate': 0.0026934584915628097, 'weight_decay': 0.00041546000173370566, 'batch_size': 512, 'tree_depth': 11}. Best is trial 601 with value: 2.1809195450374057.
2024-10-31 22:20:48,333 - INFO - Parameters: {'hidden_layers': 1, 'hidden_units': 256, 'dropout_rate': 0.7915130461383717, 'learning_rate': 0.0009658828008233668, 'weight_decay': 0.0002797070298851542, 'batch_size': 512, 'tree_depth': 11}
2024-10-31 22:20:48,333 - INFO - Trial 977: Train MSE=2.5244286230632236, Train R²=0.5805516072681972
2024-10-31 22:20:48,333 - INFO - Trial 977: Test MSE=2.2628914628710066, Test R²=0.6317092435700553
2024-10-31 22:20:48,334 - INFO - ============================================================================================================================================================================================================================================================================================================
2024-10-31 22:20:48,335 - INFO - Trial 977 finished with value: 2.2628914628710066 and parameters: {'hidden_layers': 1, 'hidden_units': 256, 'dropout_rate': 0.7915130461383717, 'learning_rate': 0.0009658828008233668, 'weight_decay': 0.0002797070298851542, 'batch_size': 512, 'tree_depth': 11}. Best is trial 601 with value: 2.1809195450374057.
2024-10-31 22:21:17,671 - INFO - Parameters: {'hidden_layers': 1, 'hidden_units': 256, 'dropout_rate': 0.7532724086131726, 'learning_rate': 0.001842387841844752, 'weight_decay': 0.00034532012477240414, 'batch_size': 512, 'tree_depth': 12}
2024-10-31 22:21:17,671 - INFO - Trial 978: Train MSE=1.8597854929310935, Train R²=0.6902436401162829
2024-10-31 22:21:17,671 - INFO - Trial 978: Test MSE=2.2748100417000905, Test R²=0.6295333504676819
2024-10-31 22:21:17,671 - INFO - ============================================================================================================================================================================================================================================================================================================
2024-10-31 22:21:17,673 - INFO - Trial 978 finished with value: 2.2748100417000905 and parameters: {'hidden_layers': 1, 'hidden_units': 256, 'dropout_rate': 0.7532724086131726, 'learning_rate': 0.001842387841844752, 'weight_decay': 0.00034532012477240414, 'batch_size': 512, 'tree_depth': 12}. Best is trial 601 with value: 2.1809195450374057.
2024-10-31 22:21:57,722 - INFO - Parameters: {'hidden_layers': 1, 'hidden_units': 256, 'dropout_rate': 0.7759928620512017, 'learning_rate': 0.0010735666376868592, 'weight_decay': 0.00010521787923436985, 'batch_size': 256, 'tree_depth': 11}
2024-10-31 22:21:57,722 - INFO - Trial 979: Train MSE=1.9306897904191698, Train R²=0.6767039149999619
2024-10-31 22:21:57,722 - INFO - Trial 979: Test MSE=2.233704992703029, Test R²=0.634629773242133
2024-10-31 22:21:57,722 - INFO - ============================================================================================================================================================================================================================================================================================================
2024-10-31 22:21:57,723 - INFO - Trial 979 finished with value: 2.233704992703029 and parameters: {'hidden_layers': 1, 'hidden_units': 256, 'dropout_rate': 0.7759928620512017, 'learning_rate': 0.0010735666376868592, 'weight_decay': 0.00010521787923436985, 'batch_size': 256, 'tree_depth': 11}. Best is trial 601 with value: 2.1809195450374057.
2024-10-31 22:22:26,569 - INFO - Parameters: {'hidden_layers': 1, 'hidden_units': 256, 'dropout_rate': 0.6392265672320889, 'learning_rate': 0.0012159533849202151, 'weight_decay': 0.00026922823531546784, 'batch_size': 512, 'tree_depth': 11}
2024-10-31 22:22:26,569 - INFO - Trial 980: Train MSE=1.346327258007867, Train R²=0.7752141505479813
2024-10-31 22:22:26,569 - INFO - Trial 980: Test MSE=2.334876503263201, Test R²=0.6196872166224888
2024-10-31 22:22:26,569 - INFO - ============================================================================================================================================================================================================================================================================================================
2024-10-31 22:22:26,571 - INFO - Trial 980 finished with value: 2.334876503263201 and parameters: {'hidden_layers': 1, 'hidden_units': 256, 'dropout_rate': 0.6392265672320889, 'learning_rate': 0.0012159533849202151, 'weight_decay': 0.00026922823531546784, 'batch_size': 512, 'tree_depth': 11}. Best is trial 601 with value: 2.1809195450374057.
2024-10-31 22:22:56,446 - INFO - Parameters: {'hidden_layers': 1, 'hidden_units': 1024, 'dropout_rate': 0.7995916511760714, 'learning_rate': 0.0014334367269013128, 'weight_decay': 0.00045236966022822815, 'batch_size': 512, 'tree_depth': 12}
2024-10-31 22:22:56,446 - INFO - Trial 981: Train MSE=1.8533671498298645, Train R²=0.6900359434740884
2024-10-31 22:22:56,446 - INFO - Trial 981: Test MSE=2.307937043053763, Test R²=0.6243241514478411
2024-10-31 22:22:56,446 - INFO - ============================================================================================================================================================================================================================================================================================================
2024-10-31 22:22:56,447 - INFO - Trial 981 finished with value: 2.307937043053763 and parameters: {'hidden_layers': 1, 'hidden_units': 1024, 'dropout_rate': 0.7995916511760714, 'learning_rate': 0.0014334367269013128, 'weight_decay': 0.00045236966022822815, 'batch_size': 512, 'tree_depth': 12}. Best is trial 601 with value: 2.1809195450374057.
2024-10-31 22:23:27,555 - INFO - Parameters: {'hidden_layers': 1, 'hidden_units': 256, 'dropout_rate': 0.7853520126323998, 'learning_rate': 0.0008909887275902666, 'weight_decay': 0.000315885818790254, 'batch_size': 512, 'tree_depth': 10}
2024-10-31 22:23:27,555 - INFO - Trial 982: Train MSE=2.5818016614232744, Train R²=0.5700589439698628
2024-10-31 22:23:27,555 - INFO - Trial 982: Test MSE=2.245649082320077, Test R²=0.6345332520348685
2024-10-31 22:23:27,555 - INFO - ============================================================================================================================================================================================================================================================================================================
2024-10-31 22:23:27,557 - INFO - Trial 982 finished with value: 2.245649082320077 and parameters: {'hidden_layers': 1, 'hidden_units': 256, 'dropout_rate': 0.7853520126323998, 'learning_rate': 0.0008909887275902666, 'weight_decay': 0.000315885818790254, 'batch_size': 512, 'tree_depth': 10}. Best is trial 601 with value: 2.1809195450374057.
2024-10-31 22:23:56,660 - INFO - Parameters: {'hidden_layers': 2, 'hidden_units': 256, 'dropout_rate': 0.7999509996029371, 'learning_rate': 0.0013044246477827445, 'weight_decay': 0.00029400470078281025, 'batch_size': 512, 'tree_depth': 11}
2024-10-31 22:23:56,660 - INFO - Trial 983: Train MSE=2.637211399418967, Train R²=0.5609954978738513
2024-10-31 22:23:56,660 - INFO - Trial 983: Test MSE=2.216203655515398, Test R²=0.6392025862421308
2024-10-31 22:23:56,660 - INFO - ============================================================================================================================================================================================================================================================================================================
2024-10-31 22:23:56,661 - INFO - Trial 983 finished with value: 2.216203655515398 and parameters: {'hidden_layers': 2, 'hidden_units': 256, 'dropout_rate': 0.7999509996029371, 'learning_rate': 0.0013044246477827445, 'weight_decay': 0.00029400470078281025, 'batch_size': 512, 'tree_depth': 11}. Best is trial 601 with value: 2.1809195450374057.
2024-10-31 22:24:24,131 - INFO - Parameters: {'hidden_layers': 1, 'hidden_units': 256, 'dropout_rate': 0.7603670608420866, 'learning_rate': 0.0010464027980846488, 'weight_decay': 0.00025301039847240125, 'batch_size': 512, 'tree_depth': 11}
2024-10-31 22:24:24,131 - INFO - Trial 984: Train MSE=2.112106340272086, Train R²=0.647969684430531
2024-10-31 22:24:24,131 - INFO - Trial 984: Test MSE=2.2487263679504395, Test R²=0.6339348639760699
2024-10-31 22:24:24,131 - INFO - ============================================================================================================================================================================================================================================================================================================
2024-10-31 22:24:24,132 - INFO - Trial 984 finished with value: 2.2487263679504395 and parameters: {'hidden_layers': 1, 'hidden_units': 256, 'dropout_rate': 0.7603670608420866, 'learning_rate': 0.0010464027980846488, 'weight_decay': 0.00025301039847240125, 'batch_size': 512, 'tree_depth': 11}. Best is trial 601 with value: 2.1809195450374057.
2024-10-31 22:24:53,057 - INFO - Parameters: {'hidden_layers': 1, 'hidden_units': 256, 'dropout_rate': 0.7746785620442619, 'learning_rate': 0.0015452321816011383, 'weight_decay': 0.0002802337538099016, 'batch_size': 512, 'tree_depth': 12}
2024-10-31 22:24:53,057 - INFO - Trial 985: Train MSE=2.0777695732457295, Train R²=0.6544520131179264
2024-10-31 22:24:53,057 - INFO - Trial 985: Test MSE=2.20168673992157, Test R²=0.6417153051921299
2024-10-31 22:24:53,057 - INFO - ============================================================================================================================================================================================================================================================================================================
2024-10-31 22:24:53,058 - INFO - Trial 985 finished with value: 2.20168673992157 and parameters: {'hidden_layers': 1, 'hidden_units': 256, 'dropout_rate': 0.7746785620442619, 'learning_rate': 0.0015452321816011383, 'weight_decay': 0.0002802337538099016, 'batch_size': 512, 'tree_depth': 12}. Best is trial 601 with value: 2.1809195450374057.
2024-10-31 22:25:20,734 - INFO - Parameters: {'hidden_layers': 1, 'hidden_units': 256, 'dropout_rate': 0.7826260324073899, 'learning_rate': 0.001764875543332977, 'weight_decay': 0.00027746777439140673, 'batch_size': 512, 'tree_depth': 12}
2024-10-31 22:25:20,734 - INFO - Trial 986: Train MSE=2.119931344475065, Train R²=0.6452347721372332
2024-10-31 22:25:20,734 - INFO - Trial 986: Test MSE=2.2573814562388828, Test R²=0.6325250012534005
2024-10-31 22:25:20,734 - INFO - ============================================================================================================================================================================================================================================================================================================
2024-10-31 22:25:20,735 - INFO - Trial 986 finished with value: 2.2573814562388828 and parameters: {'hidden_layers': 1, 'hidden_units': 256, 'dropout_rate': 0.7826260324073899, 'learning_rate': 0.001764875543332977, 'weight_decay': 0.00027746777439140673, 'batch_size': 512, 'tree_depth': 12}. Best is trial 601 with value: 2.1809195450374057.
2024-10-31 22:26:22,099 - INFO - Parameters: {'hidden_layers': 1, 'hidden_units': 512, 'dropout_rate': 0.7998893180254708, 'learning_rate': 0.001760396381645825, 'weight_decay': 0.0002657059533170834, 'batch_size': 128, 'tree_depth': 11}
2024-10-31 22:26:22,099 - INFO - Trial 987: Train MSE=1.9206512873726231, Train R²=0.6741614198046071
2024-10-31 22:26:22,099 - INFO - Trial 987: Test MSE=2.2533665682588304, Test R²=0.626402708036559
2024-10-31 22:26:22,099 - INFO - ============================================================================================================================================================================================================================================================================================================
2024-10-31 22:26:22,100 - INFO - Trial 987 finished with value: 2.2533665682588304 and parameters: {'hidden_layers': 1, 'hidden_units': 512, 'dropout_rate': 0.7998893180254708, 'learning_rate': 0.001760396381645825, 'weight_decay': 0.0002657059533170834, 'batch_size': 128, 'tree_depth': 11}. Best is trial 601 with value: 2.1809195450374057.
2024-10-31 22:26:49,480 - INFO - Parameters: {'hidden_layers': 1, 'hidden_units': 256, 'dropout_rate': 0.7734999771730364, 'learning_rate': 0.0016122591900689911, 'weight_decay': 0.00028018954308740705, 'batch_size': 512, 'tree_depth': 11}
2024-10-31 22:26:49,480 - INFO - Trial 988: Train MSE=2.013479709625244, Train R²=0.6649806478193828
2024-10-31 22:26:49,480 - INFO - Trial 988: Test MSE=2.2488666602543423, Test R²=0.6339053681918553
2024-10-31 22:26:49,480 - INFO - ============================================================================================================================================================================================================================================================================================================
2024-10-31 22:26:49,481 - INFO - Trial 988 finished with value: 2.2488666602543423 and parameters: {'hidden_layers': 1, 'hidden_units': 256, 'dropout_rate': 0.7734999771730364, 'learning_rate': 0.0016122591900689911, 'weight_decay': 0.00028018954308740705, 'batch_size': 512, 'tree_depth': 11}. Best is trial 601 with value: 2.1809195450374057.
2024-10-31 22:27:17,986 - INFO - Parameters: {'hidden_layers': 1, 'hidden_units': 256, 'dropout_rate': 0.7906978255258972, 'learning_rate': 0.001596860403177774, 'weight_decay': 0.00026856821665245233, 'batch_size': 512, 'tree_depth': 12}
2024-10-31 22:27:17,986 - INFO - Trial 989: Train MSE=2.19711657507079, Train R²=0.6342319441693169
2024-10-31 22:27:17,986 - INFO - Trial 989: Test MSE=2.2170993770871843, Test R²=0.6391538466726031
2024-10-31 22:27:17,986 - INFO - ============================================================================================================================================================================================================================================================================================================
2024-10-31 22:27:17,988 - INFO - Trial 989 finished with value: 2.2170993770871843 and parameters: {'hidden_layers': 1, 'hidden_units': 256, 'dropout_rate': 0.7906978255258972, 'learning_rate': 0.001596860403177774, 'weight_decay': 0.00026856821665245233, 'batch_size': 512, 'tree_depth': 12}. Best is trial 601 with value: 2.1809195450374057.
2024-10-31 22:27:46,833 - INFO - Parameters: {'hidden_layers': 1, 'hidden_units': 128, 'dropout_rate': 0.7450856611491519, 'learning_rate': 0.0020015910883815634, 'weight_decay': 0.0002858749203898508, 'batch_size': 512, 'tree_depth': 11}
2024-10-31 22:27:46,833 - INFO - Trial 990: Train MSE=2.1973068714141846, Train R²=0.6321726569107601
2024-10-31 22:27:46,833 - INFO - Trial 990: Test MSE=2.3180953093937466, Test R²=0.6225569929395404
2024-10-31 22:27:46,834 - INFO - ============================================================================================================================================================================================================================================================================================================
2024-10-31 22:27:46,835 - INFO - Trial 990 finished with value: 2.3180953093937466 and parameters: {'hidden_layers': 1, 'hidden_units': 128, 'dropout_rate': 0.7450856611491519, 'learning_rate': 0.0020015910883815634, 'weight_decay': 0.0002858749203898508, 'batch_size': 512, 'tree_depth': 11}. Best is trial 601 with value: 2.1809195450374057.
2024-10-31 22:28:16,817 - INFO - Parameters: {'hidden_layers': 1, 'hidden_units': 256, 'dropout_rate': 0.3507572058113141, 'learning_rate': 0.0019119983410369843, 'weight_decay': 0.00014739928706716633, 'batch_size': 512, 'tree_depth': 11}
2024-10-31 22:28:16,817 - INFO - Trial 991: Train MSE=0.5201010193143573, Train R²=0.9134776570967266
2024-10-31 22:28:16,817 - INFO - Trial 991: Test MSE=2.4401256697518483, Test R²=0.6025229522160122
2024-10-31 22:28:16,817 - INFO - ============================================================================================================================================================================================================================================================================================================
2024-10-31 22:28:16,819 - INFO - Trial 991 finished with value: 2.4401256697518483 and parameters: {'hidden_layers': 1, 'hidden_units': 256, 'dropout_rate': 0.3507572058113141, 'learning_rate': 0.0019119983410369843, 'weight_decay': 0.00014739928706716633, 'batch_size': 512, 'tree_depth': 11}. Best is trial 601 with value: 2.1809195450374057.
2024-10-31 22:28:46,377 - INFO - Parameters: {'hidden_layers': 1, 'hidden_units': 256, 'dropout_rate': 0.765872253287371, 'learning_rate': 0.001525056161922213, 'weight_decay': 0.0002505854467500221, 'batch_size': 512, 'tree_depth': 11}
2024-10-31 22:28:46,377 - INFO - Trial 992: Train MSE=2.0123485582215443, Train R²=0.6650603775467191
2024-10-31 22:28:46,377 - INFO - Trial 992: Test MSE=2.2495025907244, Test R²=0.6337905355862209
2024-10-31 22:28:46,377 - INFO - ============================================================================================================================================================================================================================================================================================================
2024-10-31 22:28:46,378 - INFO - Trial 992 finished with value: 2.2495025907244 and parameters: {'hidden_layers': 1, 'hidden_units': 256, 'dropout_rate': 0.765872253287371, 'learning_rate': 0.001525056161922213, 'weight_decay': 0.0002505854467500221, 'batch_size': 512, 'tree_depth': 11}. Best is trial 601 with value: 2.1809195450374057.
2024-10-31 22:29:13,948 - INFO - Parameters: {'hidden_layers': 1, 'hidden_units': 256, 'dropout_rate': 0.7794007300974958, 'learning_rate': 0.003988203388459522, 'weight_decay': 0.0002949596241477805, 'batch_size': 512, 'tree_depth': 12}
2024-10-31 22:29:13,948 - INFO - Trial 993: Train MSE=1.9497667806489127, Train R²=0.6748942711523601
2024-10-31 22:29:13,948 - INFO - Trial 993: Test MSE=2.229491284915379, Test R²=0.6370961325509208
2024-10-31 22:29:13,948 - INFO - ============================================================================================================================================================================================================================================================================================================
2024-10-31 22:29:13,950 - INFO - Trial 993 finished with value: 2.229491284915379 and parameters: {'hidden_layers': 1, 'hidden_units': 256, 'dropout_rate': 0.7794007300974958, 'learning_rate': 0.003988203388459522, 'weight_decay': 0.0002949596241477805, 'batch_size': 512, 'tree_depth': 12}. Best is trial 601 with value: 2.1809195450374057.
2024-10-31 22:29:42,173 - INFO - Parameters: {'hidden_layers': 1, 'hidden_units': 256, 'dropout_rate': 0.7914333365917562, 'learning_rate': 0.0015048142949633417, 'weight_decay': 0.0002605247390238081, 'batch_size': 512, 'tree_depth': 11}
2024-10-31 22:29:42,173 - INFO - Trial 994: Train MSE=2.2089732757636478, Train R²=0.6327094222818103
2024-10-31 22:29:42,173 - INFO - Trial 994: Test MSE=2.2792329617909024, Test R²=0.6291871326310294
2024-10-31 22:29:42,173 - INFO - ============================================================================================================================================================================================================================================================================================================
2024-10-31 22:29:42,175 - INFO - Trial 994 finished with value: 2.2792329617909024 and parameters: {'hidden_layers': 1, 'hidden_units': 256, 'dropout_rate': 0.7914333365917562, 'learning_rate': 0.0015048142949633417, 'weight_decay': 0.0002605247390238081, 'batch_size': 512, 'tree_depth': 11}. Best is trial 601 with value: 2.1809195450374057.
2024-10-31 22:30:11,873 - INFO - Parameters: {'hidden_layers': 1, 'hidden_units': 256, 'dropout_rate': 0.7848400864571772, 'learning_rate': 0.0017118097658753348, 'weight_decay': 0.0002747855628452236, 'batch_size': 512, 'tree_depth': 12}
2024-10-31 22:30:11,873 - INFO - Trial 995: Train MSE=2.1277159111840382, Train R²=0.6455651691981724
2024-10-31 22:30:11,873 - INFO - Trial 995: Test MSE=2.288766247885568, Test R²=0.6274631704602923
2024-10-31 22:30:11,873 - INFO - ============================================================================================================================================================================================================================================================================================================
